[0.006s] Invoking command in '/home/hayden/ROS2_demo/turtlebot3_ws/build/turtlebot3_gazebo': CMAKE_PREFIX_PATH=${CMAKE_PREFIX_PATH}:/home/hayden/ROS2_demo/firstROS2_ws/install/my_python_pkg:/opt/ros/humble /usr/bin/cmake --build /home/hayden/ROS2_demo/turtlebot3_ws/build/turtlebot3_gazebo -- -j28 -l28
[0.043s] [ 12%] [32mBuilding CXX object CMakeFiles/obstacle1.dir/models/turtlebot3_dqn_world/obstacle_plugin/obstacle1.cc.o[0m
[0.043s] [ 25%] [32mBuilding CXX object CMakeFiles/obstacles.dir/models/turtlebot3_dqn_world/obstacle_plugin/obstacles.cc.o[0m
[0.043s] [ 37%] [32mBuilding CXX object CMakeFiles/obstacle2.dir/models/turtlebot3_dqn_world/obstacle_plugin/obstacle2.cc.o[0m
[0.043s] [ 50%] [32mBuilding CXX object CMakeFiles/turtlebot3_drive.dir/src/turtlebot3_drive.cpp.o[0m
[5.110s] [ 62%] [32m[1mLinking CXX shared library libobstacles.so[0m
[5.113s] [ 75%] [32m[1mLinking CXX shared library libobstacle1.so[0m
[5.134s] [ 87%] [32m[1mLinking CXX shared library libobstacle2.so[0m
[5.227s] [ 87%] Built target obstacle1
[5.232s] [ 87%] Built target obstacles
[5.249s] [ 87%] Built target obstacle2
[5.257s] [100%] [32m[1mLinking CXX executable turtlebot3_drive[0m
[5.517s] [100%] Built target turtlebot3_drive
[5.525s] Invoked command in '/home/hayden/ROS2_demo/turtlebot3_ws/build/turtlebot3_gazebo' returned '0': CMAKE_PREFIX_PATH=${CMAKE_PREFIX_PATH}:/home/hayden/ROS2_demo/firstROS2_ws/install/my_python_pkg:/opt/ros/humble /usr/bin/cmake --build /home/hayden/ROS2_demo/turtlebot3_ws/build/turtlebot3_gazebo -- -j28 -l28
[5.603s] Invoking command in '/home/hayden/ROS2_demo/turtlebot3_ws/build/turtlebot3_gazebo': CMAKE_PREFIX_PATH=${CMAKE_PREFIX_PATH}:/home/hayden/ROS2_demo/firstROS2_ws/install/my_python_pkg:/opt/ros/humble /usr/bin/cmake --install /home/hayden/ROS2_demo/turtlebot3_ws/build/turtlebot3_gazebo
[5.615s] -- Install configuration: ""
[5.615s] -- Installing: /home/hayden/ROS2_demo/turtlebot3_ws/install/turtlebot3_gazebo/lib/turtlebot3_gazebo/turtlebot3_drive
[5.622s] -- Set runtime path of "/home/hayden/ROS2_demo/turtlebot3_ws/install/turtlebot3_gazebo/lib/turtlebot3_gazebo/turtlebot3_drive" to ""
[5.622s] -- Installing: /home/hayden/ROS2_demo/turtlebot3_ws/install/turtlebot3_gazebo/share/turtlebot3_gazebo//launch
[5.622s] -- Installing: /home/hayden/ROS2_demo/turtlebot3_ws/install/turtlebot3_gazebo/share/turtlebot3_gazebo//launch/turtlebot3_house.launch.py
[5.622s] -- Installing: /home/hayden/ROS2_demo/turtlebot3_ws/install/turtlebot3_gazebo/share/turtlebot3_gazebo//launch/turtlebot3_dqn_stage1.launch.py
[5.622s] -- Installing: /home/hayden/ROS2_demo/turtlebot3_ws/install/turtlebot3_gazebo/share/turtlebot3_gazebo//launch/robot_state_publisher.launch.py
[5.622s] -- Installing: /home/hayden/ROS2_demo/turtlebot3_ws/install/turtlebot3_gazebo/share/turtlebot3_gazebo//launch/turtlebot3_world.launch.py
[5.622s] -- Installing: /home/hayden/ROS2_demo/turtlebot3_ws/install/turtlebot3_gazebo/share/turtlebot3_gazebo//launch/turtlebot3_dqn_stage3.launch.py
[5.623s] -- Installing: /home/hayden/ROS2_demo/turtlebot3_ws/install/turtlebot3_gazebo/share/turtlebot3_gazebo//launch/turtlebot3_dqn_stage2.launch.py
[5.623s] -- Installing: /home/hayden/ROS2_demo/turtlebot3_ws/install/turtlebot3_gazebo/share/turtlebot3_gazebo//launch/spawn_turtlebot3.launch.py
[5.623s] -- Installing: /home/hayden/ROS2_demo/turtlebot3_ws/install/turtlebot3_gazebo/share/turtlebot3_gazebo//launch/turtlebot3_test_room.launch.py
[5.623s] -- Installing: /home/hayden/ROS2_demo/turtlebot3_ws/install/turtlebot3_gazebo/share/turtlebot3_gazebo//launch/turtlebot3_dqn_stage4.launch.py
[5.623s] -- Installing: /home/hayden/ROS2_demo/turtlebot3_ws/install/turtlebot3_gazebo/share/turtlebot3_gazebo//launch/empty_world.launch.py
[5.623s] -- Installing: /home/hayden/ROS2_demo/turtlebot3_ws/install/turtlebot3_gazebo/share/turtlebot3_gazebo//models
[5.623s] -- Installing: /home/hayden/ROS2_demo/turtlebot3_ws/install/turtlebot3_gazebo/share/turtlebot3_gazebo//models/turtlebot3_world
[5.623s] -- Installing: /home/hayden/ROS2_demo/turtlebot3_ws/install/turtlebot3_gazebo/share/turtlebot3_gazebo//models/turtlebot3_world/model-1_4.sdf
[5.623s] -- Installing: /home/hayden/ROS2_demo/turtlebot3_ws/install/turtlebot3_gazebo/share/turtlebot3_gazebo//models/turtlebot3_world/meshes
[5.623s] -- Installing: /home/hayden/ROS2_demo/turtlebot3_ws/install/turtlebot3_gazebo/share/turtlebot3_gazebo//models/turtlebot3_world/meshes/wall.dae
[5.623s] -- Installing: /home/hayden/ROS2_demo/turtlebot3_ws/install/turtlebot3_gazebo/share/turtlebot3_gazebo//models/turtlebot3_world/meshes/hexagon.dae
[5.623s] -- Installing: /home/hayden/ROS2_demo/turtlebot3_ws/install/turtlebot3_gazebo/share/turtlebot3_gazebo//models/turtlebot3_world/model.sdf
[5.624s] -- Installing: /home/hayden/ROS2_demo/turtlebot3_ws/install/turtlebot3_gazebo/share/turtlebot3_gazebo//models/turtlebot3_world/model.config
[5.624s] -- Installing: /home/hayden/ROS2_demo/turtlebot3_ws/install/turtlebot3_gazebo/share/turtlebot3_gazebo//models/turtlebot3_waffle
[5.624s] -- Installing: /home/hayden/ROS2_demo/turtlebot3_ws/install/turtlebot3_gazebo/share/turtlebot3_gazebo//models/turtlebot3_waffle/model-1_4.sdf
[5.624s] -- Installing: /home/hayden/ROS2_demo/turtlebot3_ws/install/turtlebot3_gazebo/share/turtlebot3_gazebo//models/turtlebot3_waffle/model.sdf
[5.624s] -- Installing: /home/hayden/ROS2_demo/turtlebot3_ws/install/turtlebot3_gazebo/share/turtlebot3_gazebo//models/turtlebot3_waffle/model.config
[5.624s] -- Installing: /home/hayden/ROS2_demo/turtlebot3_ws/install/turtlebot3_gazebo/share/turtlebot3_gazebo//models/turtlebot3_house
[5.624s] -- Installing: /home/hayden/ROS2_demo/turtlebot3_ws/install/turtlebot3_gazebo/share/turtlebot3_gazebo//models/turtlebot3_house/model.sdf
[5.624s] -- Installing: /home/hayden/ROS2_demo/turtlebot3_ws/install/turtlebot3_gazebo/share/turtlebot3_gazebo//models/turtlebot3_house/model.config
[5.624s] -- Installing: /home/hayden/ROS2_demo/turtlebot3_ws/install/turtlebot3_gazebo/share/turtlebot3_gazebo//models/turtlebot3_dqn_world
[5.624s] -- Installing: /home/hayden/ROS2_demo/turtlebot3_ws/install/turtlebot3_gazebo/share/turtlebot3_gazebo//models/turtlebot3_dqn_world/obstacle_plugin
[5.624s] -- Installing: /home/hayden/ROS2_demo/turtlebot3_ws/install/turtlebot3_gazebo/share/turtlebot3_gazebo//models/turtlebot3_dqn_world/obstacle_plugin/obstacles.cc
[5.624s] -- Installing: /home/hayden/ROS2_demo/turtlebot3_ws/install/turtlebot3_gazebo/share/turtlebot3_gazebo//models/turtlebot3_dqn_world/obstacle_plugin/obstacle1.cc
[5.625s] -- Installing: /home/hayden/ROS2_demo/turtlebot3_ws/install/turtlebot3_gazebo/share/turtlebot3_gazebo//models/turtlebot3_dqn_world/obstacle_plugin/CMakeLists.txt
[5.625s] -- Installing: /home/hayden/ROS2_demo/turtlebot3_ws/install/turtlebot3_gazebo/share/turtlebot3_gazebo//models/turtlebot3_dqn_world/obstacle_plugin/obstacle2.cc
[5.625s] -- Installing: /home/hayden/ROS2_demo/turtlebot3_ws/install/turtlebot3_gazebo/share/turtlebot3_gazebo//models/turtlebot3_dqn_world/model.sdf
[5.625s] -- Installing: /home/hayden/ROS2_demo/turtlebot3_ws/install/turtlebot3_gazebo/share/turtlebot3_gazebo//models/turtlebot3_dqn_world/goal_box
[5.625s] -- Installing: /home/hayden/ROS2_demo/turtlebot3_ws/install/turtlebot3_gazebo/share/turtlebot3_gazebo//models/turtlebot3_dqn_world/goal_box/model.sdf
[5.625s] -- Installing: /home/hayden/ROS2_demo/turtlebot3_ws/install/turtlebot3_gazebo/share/turtlebot3_gazebo//models/turtlebot3_dqn_world/goal_box/model.config
[5.625s] -- Installing: /home/hayden/ROS2_demo/turtlebot3_ws/install/turtlebot3_gazebo/share/turtlebot3_gazebo//models/turtlebot3_dqn_world/obstacle2
[5.625s] -- Installing: /home/hayden/ROS2_demo/turtlebot3_ws/install/turtlebot3_gazebo/share/turtlebot3_gazebo//models/turtlebot3_dqn_world/obstacle2/model.sdf
[5.625s] -- Installing: /home/hayden/ROS2_demo/turtlebot3_ws/install/turtlebot3_gazebo/share/turtlebot3_gazebo//models/turtlebot3_dqn_world/obstacle2/model.config
[5.625s] -- Installing: /home/hayden/ROS2_demo/turtlebot3_ws/install/turtlebot3_gazebo/share/turtlebot3_gazebo//models/turtlebot3_dqn_world/obstacles
[5.625s] -- Installing: /home/hayden/ROS2_demo/turtlebot3_ws/install/turtlebot3_gazebo/share/turtlebot3_gazebo//models/turtlebot3_dqn_world/obstacles/model.sdf
[5.625s] -- Installing: /home/hayden/ROS2_demo/turtlebot3_ws/install/turtlebot3_gazebo/share/turtlebot3_gazebo//models/turtlebot3_dqn_world/obstacles/model.config
[5.625s] -- Installing: /home/hayden/ROS2_demo/turtlebot3_ws/install/turtlebot3_gazebo/share/turtlebot3_gazebo//models/turtlebot3_dqn_world/inner_walls
[5.626s] -- Installing: /home/hayden/ROS2_demo/turtlebot3_ws/install/turtlebot3_gazebo/share/turtlebot3_gazebo//models/turtlebot3_dqn_world/inner_walls/model.sdf
[5.626s] -- Installing: /home/hayden/ROS2_demo/turtlebot3_ws/install/turtlebot3_gazebo/share/turtlebot3_gazebo//models/turtlebot3_dqn_world/inner_walls/model.config
[5.626s] -- Installing: /home/hayden/ROS2_demo/turtlebot3_ws/install/turtlebot3_gazebo/share/turtlebot3_gazebo//models/turtlebot3_dqn_world/obstacle1
[5.626s] -- Installing: /home/hayden/ROS2_demo/turtlebot3_ws/install/turtlebot3_gazebo/share/turtlebot3_gazebo//models/turtlebot3_dqn_world/obstacle1/model.sdf
[5.626s] -- Installing: /home/hayden/ROS2_demo/turtlebot3_ws/install/turtlebot3_gazebo/share/turtlebot3_gazebo//models/turtlebot3_dqn_world/obstacle1/model.config
[5.626s] -- Installing: /home/hayden/ROS2_demo/turtlebot3_ws/install/turtlebot3_gazebo/share/turtlebot3_gazebo//models/turtlebot3_dqn_world/model.config
[5.626s] -- Installing: /home/hayden/ROS2_demo/turtlebot3_ws/install/turtlebot3_gazebo/share/turtlebot3_gazebo//models/turtlebot3_common
[5.626s] -- Installing: /home/hayden/ROS2_demo/turtlebot3_ws/install/turtlebot3_gazebo/share/turtlebot3_gazebo//models/turtlebot3_common/meshes
[5.626s] -- Installing: /home/hayden/ROS2_demo/turtlebot3_ws/install/turtlebot3_gazebo/share/turtlebot3_gazebo//models/turtlebot3_common/meshes/waffle_pi_base.dae
[5.626s] -- Installing: /home/hayden/ROS2_demo/turtlebot3_ws/install/turtlebot3_gazebo/share/turtlebot3_gazebo//models/turtlebot3_common/meshes/tire.dae
[5.626s] -- Installing: /home/hayden/ROS2_demo/turtlebot3_ws/install/turtlebot3_gazebo/share/turtlebot3_gazebo//models/turtlebot3_common/meshes/waffle_base.dae
[5.626s] -- Installing: /home/hayden/ROS2_demo/turtlebot3_ws/install/turtlebot3_gazebo/share/turtlebot3_gazebo//models/turtlebot3_common/meshes/burger_base.dae
[5.626s] -- Installing: /home/hayden/ROS2_demo/turtlebot3_ws/install/turtlebot3_gazebo/share/turtlebot3_gazebo//models/turtlebot3_common/meshes/r200.dae
[5.626s] -- Installing: /home/hayden/ROS2_demo/turtlebot3_ws/install/turtlebot3_gazebo/share/turtlebot3_gazebo//models/turtlebot3_common/meshes/lds.dae
[5.626s] -- Installing: /home/hayden/ROS2_demo/turtlebot3_ws/install/turtlebot3_gazebo/share/turtlebot3_gazebo//models/turtlebot3_common/model.config
[5.626s] -- Installing: /home/hayden/ROS2_demo/turtlebot3_ws/install/turtlebot3_gazebo/share/turtlebot3_gazebo//models/turtlebot3_burger
[5.627s] -- Installing: /home/hayden/ROS2_demo/turtlebot3_ws/install/turtlebot3_gazebo/share/turtlebot3_gazebo//models/turtlebot3_burger/model-1_4.sdf
[5.627s] -- Installing: /home/hayden/ROS2_demo/turtlebot3_ws/install/turtlebot3_gazebo/share/turtlebot3_gazebo//models/turtlebot3_burger/model.sdf
[5.627s] -- Installing: /home/hayden/ROS2_demo/turtlebot3_ws/install/turtlebot3_gazebo/share/turtlebot3_gazebo//models/turtlebot3_burger/model.config
[5.627s] -- Installing: /home/hayden/ROS2_demo/turtlebot3_ws/install/turtlebot3_gazebo/share/turtlebot3_gazebo//models/turtlebot3_waffle_pi
[5.627s] -- Installing: /home/hayden/ROS2_demo/turtlebot3_ws/install/turtlebot3_gazebo/share/turtlebot3_gazebo//models/turtlebot3_waffle_pi/model.sdf
[5.627s] -- Installing: /home/hayden/ROS2_demo/turtlebot3_ws/install/turtlebot3_gazebo/share/turtlebot3_gazebo//models/turtlebot3_waffle_pi/model-1_4_.sdf
[5.627s] -- Installing: /home/hayden/ROS2_demo/turtlebot3_ws/install/turtlebot3_gazebo/share/turtlebot3_gazebo//models/turtlebot3_waffle_pi/model.config
[5.627s] -- Installing: /home/hayden/ROS2_demo/turtlebot3_ws/install/turtlebot3_gazebo/share/turtlebot3_gazebo//rviz
[5.627s] -- Installing: /home/hayden/ROS2_demo/turtlebot3_ws/install/turtlebot3_gazebo/share/turtlebot3_gazebo//rviz/tb3_gazebo.rviz
[5.627s] -- Installing: /home/hayden/ROS2_demo/turtlebot3_ws/install/turtlebot3_gazebo/share/turtlebot3_gazebo//urdf
[5.627s] -- Installing: /home/hayden/ROS2_demo/turtlebot3_ws/install/turtlebot3_gazebo/share/turtlebot3_gazebo//urdf/turtlebot3_burger.urdf
[5.627s] -- Installing: /home/hayden/ROS2_demo/turtlebot3_ws/install/turtlebot3_gazebo/share/turtlebot3_gazebo//urdf/common_properties.urdf
[5.627s] -- Installing: /home/hayden/ROS2_demo/turtlebot3_ws/install/turtlebot3_gazebo/share/turtlebot3_gazebo//urdf/turtlebot3_waffle_pi.urdf
[5.627s] -- Installing: /home/hayden/ROS2_demo/turtlebot3_ws/install/turtlebot3_gazebo/share/turtlebot3_gazebo//urdf/turtlebot3_waffle.urdf
[5.627s] -- Installing: /home/hayden/ROS2_demo/turtlebot3_ws/install/turtlebot3_gazebo/share/turtlebot3_gazebo//worlds
[5.627s] -- Installing: /home/hayden/ROS2_demo/turtlebot3_ws/install/turtlebot3_gazebo/share/turtlebot3_gazebo//worlds/turtlebot3_world.world
[5.628s] -- Installing: /home/hayden/ROS2_demo/turtlebot3_ws/install/turtlebot3_gazebo/share/turtlebot3_gazebo//worlds/test_room.world
[5.628s] -- Installing: /home/hayden/ROS2_demo/turtlebot3_ws/install/turtlebot3_gazebo/share/turtlebot3_gazebo//worlds/empty_world.world
[5.628s] -- Installing: /home/hayden/ROS2_demo/turtlebot3_ws/install/turtlebot3_gazebo/share/turtlebot3_gazebo//worlds/turtlebot3_dqn_stage4.world
[5.628s] -- Installing: /home/hayden/ROS2_demo/turtlebot3_ws/install/turtlebot3_gazebo/share/turtlebot3_gazebo//worlds/turtlebot3_dqn_stage2.world
[5.628s] -- Installing: /home/hayden/ROS2_demo/turtlebot3_ws/install/turtlebot3_gazebo/share/turtlebot3_gazebo//worlds/turtlebot3_house.world
[5.628s] -- Installing: /home/hayden/ROS2_demo/turtlebot3_ws/install/turtlebot3_gazebo/share/turtlebot3_gazebo//worlds/turtlebot3_dqn_stage3.world
[5.628s] -- Installing: /home/hayden/ROS2_demo/turtlebot3_ws/install/turtlebot3_gazebo/share/turtlebot3_gazebo//worlds/turtlebot3_dqn_stage1.world
[5.628s] -- Installing: /home/hayden/ROS2_demo/turtlebot3_ws/install/turtlebot3_gazebo/include/
[5.628s] -- Installing: /home/hayden/ROS2_demo/turtlebot3_ws/install/turtlebot3_gazebo/include//turtlebot3_gazebo
[5.628s] -- Installing: /home/hayden/ROS2_demo/turtlebot3_ws/install/turtlebot3_gazebo/include//turtlebot3_gazebo/turtlebot3_drive.hpp
[5.628s] -- Installing: /home/hayden/ROS2_demo/turtlebot3_ws/install/turtlebot3_gazebo/share/ament_index/resource_index/package_run_dependencies/turtlebot3_gazebo
[5.628s] -- Installing: /home/hayden/ROS2_demo/turtlebot3_ws/install/turtlebot3_gazebo/share/ament_index/resource_index/parent_prefix_path/turtlebot3_gazebo
[5.628s] -- Installing: /home/hayden/ROS2_demo/turtlebot3_ws/install/turtlebot3_gazebo/share/turtlebot3_gazebo/environment/ament_prefix_path.sh
[5.628s] -- Installing: /home/hayden/ROS2_demo/turtlebot3_ws/install/turtlebot3_gazebo/share/turtlebot3_gazebo/environment/ament_prefix_path.dsv
[5.628s] -- Installing: /home/hayden/ROS2_demo/turtlebot3_ws/install/turtlebot3_gazebo/share/turtlebot3_gazebo/environment/path.sh
[5.629s] -- Installing: /home/hayden/ROS2_demo/turtlebot3_ws/install/turtlebot3_gazebo/share/turtlebot3_gazebo/environment/path.dsv
[5.629s] -- Installing: /home/hayden/ROS2_demo/turtlebot3_ws/install/turtlebot3_gazebo/share/turtlebot3_gazebo/local_setup.bash
[5.629s] -- Installing: /home/hayden/ROS2_demo/turtlebot3_ws/install/turtlebot3_gazebo/share/turtlebot3_gazebo/local_setup.sh
[5.629s] -- Installing: /home/hayden/ROS2_demo/turtlebot3_ws/install/turtlebot3_gazebo/share/turtlebot3_gazebo/local_setup.zsh
[5.629s] -- Installing: /home/hayden/ROS2_demo/turtlebot3_ws/install/turtlebot3_gazebo/share/turtlebot3_gazebo/local_setup.dsv
[5.629s] -- Installing: /home/hayden/ROS2_demo/turtlebot3_ws/install/turtlebot3_gazebo/share/turtlebot3_gazebo/package.dsv
[5.629s] -- Installing: /home/hayden/ROS2_demo/turtlebot3_ws/install/turtlebot3_gazebo/share/ament_index/resource_index/packages/turtlebot3_gazebo
[5.629s] -- Installing: /home/hayden/ROS2_demo/turtlebot3_ws/install/turtlebot3_gazebo/share/turtlebot3_gazebo/cmake/ament_cmake_export_include_directories-extras.cmake
[5.629s] -- Installing: /home/hayden/ROS2_demo/turtlebot3_ws/install/turtlebot3_gazebo/share/turtlebot3_gazebo/cmake/ament_cmake_export_dependencies-extras.cmake
[5.629s] -- Installing: /home/hayden/ROS2_demo/turtlebot3_ws/install/turtlebot3_gazebo/share/turtlebot3_gazebo/cmake/turtlebot3_gazeboConfig.cmake
[5.629s] -- Installing: /home/hayden/ROS2_demo/turtlebot3_ws/install/turtlebot3_gazebo/share/turtlebot3_gazebo/cmake/turtlebot3_gazeboConfig-version.cmake
[5.629s] -- Installing: /home/hayden/ROS2_demo/turtlebot3_ws/install/turtlebot3_gazebo/share/turtlebot3_gazebo/package.xml
[5.631s] Invoked command in '/home/hayden/ROS2_demo/turtlebot3_ws/build/turtlebot3_gazebo' returned '0': CMAKE_PREFIX_PATH=${CMAKE_PREFIX_PATH}:/home/hayden/ROS2_demo/firstROS2_ws/install/my_python_pkg:/opt/ros/humble /usr/bin/cmake --install /home/hayden/ROS2_demo/turtlebot3_ws/build/turtlebot3_gazebo
