[0.010s] Invoking command in '/home/hayden/ROS2_demo/sim_ws/build/my_robot_bringup': AMENT_PREFIX_PATH=/home/hayden/ROS2_demo/sim_ws/install/my_robot_description:${AMENT_PREFIX_PATH} CMAKE_PREFIX_PATH=/home/hayden/ROS2_demo/sim_ws/install/my_robot_description:/home/hayden/ROS2_demo/firstROS2_ws/install/my_robot_bringup:/home/hayden/ROS2_demo/firstROS2_ws/install/my_cpp_pkg:/home/hayden/ROS2_demo/firstROS2_ws/install/my_interfaces:/home/hayden/ROS2_demo/firstROS2_ws/install/my_python_pkg:/opt/ros/humble /usr/bin/cmake /home/hayden/ROS2_demo/sim_ws/src/my_robot_bringup -DCMAKE_INSTALL_PREFIX=/home/hayden/ROS2_demo/sim_ws/install/my_robot_bringup
[0.577s] -- The C compiler identification is GNU 11.4.0
[0.972s] -- The CXX compiler identification is GNU 11.4.0
[1.004s] -- Detecting C compiler ABI info
[1.189s] -- Detecting C compiler ABI info - done
[1.196s] -- Check for working C compiler: /usr/bin/cc - skipped
[1.196s] -- Detecting C compile features
[1.225s] -- Detecting C compile features - done
[1.230s] -- Detecting CXX compiler ABI info
[1.359s] -- Detecting CXX compiler ABI info - done
[1.367s] -- Check for working CXX compiler: /usr/bin/c++ - skipped
[1.367s] -- Detecting CXX compile features
[1.367s] -- Detecting CXX compile features - done
[1.443s] -- Found ament_cmake: 1.3.9 (/opt/ros/humble/share/ament_cmake/cmake)
[1.614s] -- Found Python3: /usr/bin/python3 (found version "3.10.12") found components: Interpreter 
[1.802s] -- Configuring done
[1.806s] -- Generating done
[1.807s] -- Build files have been written to: /home/hayden/ROS2_demo/sim_ws/build/my_robot_bringup
[1.813s] Invoked command in '/home/hayden/ROS2_demo/sim_ws/build/my_robot_bringup' returned '0': AMENT_PREFIX_PATH=/home/hayden/ROS2_demo/sim_ws/install/my_robot_description:${AMENT_PREFIX_PATH} CMAKE_PREFIX_PATH=/home/hayden/ROS2_demo/sim_ws/install/my_robot_description:/home/hayden/ROS2_demo/firstROS2_ws/install/my_robot_bringup:/home/hayden/ROS2_demo/firstROS2_ws/install/my_cpp_pkg:/home/hayden/ROS2_demo/firstROS2_ws/install/my_interfaces:/home/hayden/ROS2_demo/firstROS2_ws/install/my_python_pkg:/opt/ros/humble /usr/bin/cmake /home/hayden/ROS2_demo/sim_ws/src/my_robot_bringup -DCMAKE_INSTALL_PREFIX=/home/hayden/ROS2_demo/sim_ws/install/my_robot_bringup
[1.813s] Invoking command in '/home/hayden/ROS2_demo/sim_ws/build/my_robot_bringup': AMENT_PREFIX_PATH=/home/hayden/ROS2_demo/sim_ws/install/my_robot_description:${AMENT_PREFIX_PATH} CMAKE_PREFIX_PATH=/home/hayden/ROS2_demo/sim_ws/install/my_robot_description:/home/hayden/ROS2_demo/firstROS2_ws/install/my_robot_bringup:/home/hayden/ROS2_demo/firstROS2_ws/install/my_cpp_pkg:/home/hayden/ROS2_demo/firstROS2_ws/install/my_interfaces:/home/hayden/ROS2_demo/firstROS2_ws/install/my_python_pkg:/opt/ros/humble /usr/bin/cmake --build /home/hayden/ROS2_demo/sim_ws/build/my_robot_bringup -- -j2 -l2
[1.859s] Invoked command in '/home/hayden/ROS2_demo/sim_ws/build/my_robot_bringup' returned '0': AMENT_PREFIX_PATH=/home/hayden/ROS2_demo/sim_ws/install/my_robot_description:${AMENT_PREFIX_PATH} CMAKE_PREFIX_PATH=/home/hayden/ROS2_demo/sim_ws/install/my_robot_description:/home/hayden/ROS2_demo/firstROS2_ws/install/my_robot_bringup:/home/hayden/ROS2_demo/firstROS2_ws/install/my_cpp_pkg:/home/hayden/ROS2_demo/firstROS2_ws/install/my_interfaces:/home/hayden/ROS2_demo/firstROS2_ws/install/my_python_pkg:/opt/ros/humble /usr/bin/cmake --build /home/hayden/ROS2_demo/sim_ws/build/my_robot_bringup -- -j2 -l2
[1.888s] Invoking command in '/home/hayden/ROS2_demo/sim_ws/build/my_robot_bringup': AMENT_PREFIX_PATH=/home/hayden/ROS2_demo/sim_ws/install/my_robot_description:${AMENT_PREFIX_PATH} CMAKE_PREFIX_PATH=/home/hayden/ROS2_demo/sim_ws/install/my_robot_description:/home/hayden/ROS2_demo/firstROS2_ws/install/my_robot_bringup:/home/hayden/ROS2_demo/firstROS2_ws/install/my_cpp_pkg:/home/hayden/ROS2_demo/firstROS2_ws/install/my_interfaces:/home/hayden/ROS2_demo/firstROS2_ws/install/my_python_pkg:/opt/ros/humble /usr/bin/cmake --install /home/hayden/ROS2_demo/sim_ws/build/my_robot_bringup
[1.897s] -- Install configuration: ""
[1.897s] -- Installing: /home/hayden/ROS2_demo/sim_ws/install/my_robot_bringup/share/my_robot_bringup/launch
[1.897s] -- Installing: /home/hayden/ROS2_demo/sim_ws/install/my_robot_bringup/share/my_robot_bringup/launch/my_robot_gazebo.launch.xml
[1.897s] -- Installing: /home/hayden/ROS2_demo/sim_ws/install/my_robot_bringup/share/ament_index/resource_index/package_run_dependencies/my_robot_bringup
[1.898s] -- Installing: /home/hayden/ROS2_demo/sim_ws/install/my_robot_bringup/share/ament_index/resource_index/parent_prefix_path/my_robot_bringup
[1.898s] -- Installing: /home/hayden/ROS2_demo/sim_ws/install/my_robot_bringup/share/my_robot_bringup/environment/ament_prefix_path.sh
[1.898s] -- Installing: /home/hayden/ROS2_demo/sim_ws/install/my_robot_bringup/share/my_robot_bringup/environment/ament_prefix_path.dsv
[1.898s] -- Installing: /home/hayden/ROS2_demo/sim_ws/install/my_robot_bringup/share/my_robot_bringup/environment/path.sh
[1.899s] -- Installing: /home/hayden/ROS2_demo/sim_ws/install/my_robot_bringup/share/my_robot_bringup/environment/path.dsv
[1.899s] -- Installing: /home/hayden/ROS2_demo/sim_ws/install/my_robot_bringup/share/my_robot_bringup/local_setup.bash
[1.899s] -- Installing: /home/hayden/ROS2_demo/sim_ws/install/my_robot_bringup/share/my_robot_bringup/local_setup.sh
[1.899s] -- Installing: /home/hayden/ROS2_demo/sim_ws/install/my_robot_bringup/share/my_robot_bringup/local_setup.zsh
[1.899s] -- Installing: /home/hayden/ROS2_demo/sim_ws/install/my_robot_bringup/share/my_robot_bringup/local_setup.dsv
[1.900s] -- Installing: /home/hayden/ROS2_demo/sim_ws/install/my_robot_bringup/share/my_robot_bringup/package.dsv
[1.900s] -- Installing: /home/hayden/ROS2_demo/sim_ws/install/my_robot_bringup/share/ament_index/resource_index/packages/my_robot_bringup
[1.900s] -- Installing: /home/hayden/ROS2_demo/sim_ws/install/my_robot_bringup/share/my_robot_bringup/cmake/my_robot_bringupConfig.cmake
[1.900s] -- Installing: /home/hayden/ROS2_demo/sim_ws/install/my_robot_bringup/share/my_robot_bringup/cmake/my_robot_bringupConfig-version.cmake
[1.901s] -- Installing: /home/hayden/ROS2_demo/sim_ws/install/my_robot_bringup/share/my_robot_bringup/package.xml
[1.903s] Invoked command in '/home/hayden/ROS2_demo/sim_ws/build/my_robot_bringup' returned '0': AMENT_PREFIX_PATH=/home/hayden/ROS2_demo/sim_ws/install/my_robot_description:${AMENT_PREFIX_PATH} CMAKE_PREFIX_PATH=/home/hayden/ROS2_demo/sim_ws/install/my_robot_description:/home/hayden/ROS2_demo/firstROS2_ws/install/my_robot_bringup:/home/hayden/ROS2_demo/firstROS2_ws/install/my_cpp_pkg:/home/hayden/ROS2_demo/firstROS2_ws/install/my_interfaces:/home/hayden/ROS2_demo/firstROS2_ws/install/my_python_pkg:/opt/ros/humble /usr/bin/cmake --install /home/hayden/ROS2_demo/sim_ws/build/my_robot_bringup
