[0.057s] Invoking command in '/home/hayden/ROS2_demo/firstROS2_ws/build/my_robot_bringup': AMENT_PREFIX_PATH=/home/hayden/ROS2_demo/firstROS2_ws/install/my_python_pkg:/home/hayden/ROS2_demo/firstROS2_ws/install/my_robot_bringup:/home/hayden/ROS2_demo/firstROS2_ws/install/my_interfaces:/home/hayden/ROS2_demo/firstROS2_ws/install/my_cpp_pkg:/opt/ros/humble CMAKE_PREFIX_PATH=/home/hayden/ROS2_demo/firstROS2_ws/install/my_cpp_pkg:/home/hayden/ROS2_demo/firstROS2_ws/install/my_interfaces:/home/hayden/ROS2_demo/firstROS2_ws/install/my_robot_bringup:/home/hayden/ROS2_demo/firstROS2_ws/install/my_python_pkg:/opt/ros/humble /usr/bin/cmake --build /home/hayden/ROS2_demo/firstROS2_ws/build/my_robot_bringup -- -j6 -l6
[0.117s] Invoked command in '/home/hayden/ROS2_demo/firstROS2_ws/build/my_robot_bringup' returned '0': AMENT_PREFIX_PATH=/home/hayden/ROS2_demo/firstROS2_ws/install/my_python_pkg:/home/hayden/ROS2_demo/firstROS2_ws/install/my_robot_bringup:/home/hayden/ROS2_demo/firstROS2_ws/install/my_interfaces:/home/hayden/ROS2_demo/firstROS2_ws/install/my_cpp_pkg:/opt/ros/humble CMAKE_PREFIX_PATH=/home/hayden/ROS2_demo/firstROS2_ws/install/my_cpp_pkg:/home/hayden/ROS2_demo/firstROS2_ws/install/my_interfaces:/home/hayden/ROS2_demo/firstROS2_ws/install/my_robot_bringup:/home/hayden/ROS2_demo/firstROS2_ws/install/my_python_pkg:/opt/ros/humble /usr/bin/cmake --build /home/hayden/ROS2_demo/firstROS2_ws/build/my_robot_bringup -- -j6 -l6
[0.207s] Invoking command in '/home/hayden/ROS2_demo/firstROS2_ws/build/my_robot_bringup': AMENT_PREFIX_PATH=/home/hayden/ROS2_demo/firstROS2_ws/install/my_python_pkg:/home/hayden/ROS2_demo/firstROS2_ws/install/my_robot_bringup:/home/hayden/ROS2_demo/firstROS2_ws/install/my_interfaces:/home/hayden/ROS2_demo/firstROS2_ws/install/my_cpp_pkg:/opt/ros/humble CMAKE_PREFIX_PATH=/home/hayden/ROS2_demo/firstROS2_ws/install/my_cpp_pkg:/home/hayden/ROS2_demo/firstROS2_ws/install/my_interfaces:/home/hayden/ROS2_demo/firstROS2_ws/install/my_robot_bringup:/home/hayden/ROS2_demo/firstROS2_ws/install/my_python_pkg:/opt/ros/humble /usr/bin/cmake --install /home/hayden/ROS2_demo/firstROS2_ws/build/my_robot_bringup
[0.225s] -- Install configuration: ""
[0.225s] -- Up-to-date: /home/hayden/ROS2_demo/firstROS2_ws/install/my_robot_bringup/share/my_robot_bringup/launch
[0.226s] -- Up-to-date: /home/hayden/ROS2_demo/firstROS2_ws/install/my_robot_bringup/share/my_robot_bringup/launch/test_app.launch.py
[0.226s] -- Up-to-date: /home/hayden/ROS2_demo/firstROS2_ws/install/my_robot_bringup/share/ament_index/resource_index/package_run_dependencies/my_robot_bringup
[0.226s] -- Up-to-date: /home/hayden/ROS2_demo/firstROS2_ws/install/my_robot_bringup/share/ament_index/resource_index/parent_prefix_path/my_robot_bringup
[0.226s] -- Up-to-date: /home/hayden/ROS2_demo/firstROS2_ws/install/my_robot_bringup/share/my_robot_bringup/environment/ament_prefix_path.sh
[0.226s] -- Up-to-date: /home/hayden/ROS2_demo/firstROS2_ws/install/my_robot_bringup/share/my_robot_bringup/environment/ament_prefix_path.dsv
[0.226s] -- Up-to-date: /home/hayden/ROS2_demo/firstROS2_ws/install/my_robot_bringup/share/my_robot_bringup/environment/path.sh
[0.227s] -- Up-to-date: /home/hayden/ROS2_demo/firstROS2_ws/install/my_robot_bringup/share/my_robot_bringup/environment/path.dsv
[0.227s] -- Up-to-date: /home/hayden/ROS2_demo/firstROS2_ws/install/my_robot_bringup/share/my_robot_bringup/local_setup.bash
[0.227s] -- Up-to-date: /home/hayden/ROS2_demo/firstROS2_ws/install/my_robot_bringup/share/my_robot_bringup/local_setup.sh
[0.228s] -- Up-to-date: /home/hayden/ROS2_demo/firstROS2_ws/install/my_robot_bringup/share/my_robot_bringup/local_setup.zsh
[0.228s] -- Up-to-date: /home/hayden/ROS2_demo/firstROS2_ws/install/my_robot_bringup/share/my_robot_bringup/local_setup.dsv
[0.228s] -- Installing: /home/hayden/ROS2_demo/firstROS2_ws/install/my_robot_bringup/share/my_robot_bringup/package.dsv
[0.228s] -- Up-to-date: /home/hayden/ROS2_demo/firstROS2_ws/install/my_robot_bringup/share/ament_index/resource_index/packages/my_robot_bringup
[0.234s] -- Up-to-date: /home/hayden/ROS2_demo/firstROS2_ws/install/my_robot_bringup/share/my_robot_bringup/cmake/my_robot_bringupConfig.cmake
[0.235s] -- Up-to-date: /home/hayden/ROS2_demo/firstROS2_ws/install/my_robot_bringup/share/my_robot_bringup/cmake/my_robot_bringupConfig-version.cmake
[0.237s] -- Up-to-date: /home/hayden/ROS2_demo/firstROS2_ws/install/my_robot_bringup/share/my_robot_bringup/package.xml
[0.238s] Invoked command in '/home/hayden/ROS2_demo/firstROS2_ws/build/my_robot_bringup' returned '0': AMENT_PREFIX_PATH=/home/hayden/ROS2_demo/firstROS2_ws/install/my_python_pkg:/home/hayden/ROS2_demo/firstROS2_ws/install/my_robot_bringup:/home/hayden/ROS2_demo/firstROS2_ws/install/my_interfaces:/home/hayden/ROS2_demo/firstROS2_ws/install/my_cpp_pkg:/opt/ros/humble CMAKE_PREFIX_PATH=/home/hayden/ROS2_demo/firstROS2_ws/install/my_cpp_pkg:/home/hayden/ROS2_demo/firstROS2_ws/install/my_interfaces:/home/hayden/ROS2_demo/firstROS2_ws/install/my_robot_bringup:/home/hayden/ROS2_demo/firstROS2_ws/install/my_python_pkg:/opt/ros/humble /usr/bin/cmake --install /home/hayden/ROS2_demo/firstROS2_ws/build/my_robot_bringup
