[0.020s] Invoking command in '/home/hayden/ROS2_demo/turtlebot3_ws/build/turtlebot3_simulations': AMENT_PREFIX_PATH=/home/hayden/ROS2_demo/turtlebot3_ws/install/turtlebot3_gazebo:/home/hayden/ROS2_demo/turtlebot3_ws/install/turtlebot3_fake_node:${AMENT_PREFIX_PATH} CMAKE_PREFIX_PATH=/home/hayden/ROS2_demo/turtlebot3_ws/install/turtlebot3_gazebo:/home/hayden/ROS2_demo/turtlebot3_ws/install/turtlebot3_fake_node:/home/hayden/ROS2_demo/sim_ws/install/my_robot_bringup:/home/hayden/ROS2_demo/sim_ws/install/my_robot_description:/home/hayden/ROS2_demo/firstROS2_ws/install/my_robot_bringup:/home/hayden/ROS2_demo/firstROS2_ws/install/my_cpp_pkg:/home/hayden/ROS2_demo/firstROS2_ws/install/my_interfaces:/home/hayden/ROS2_demo/firstROS2_ws/install/my_python_pkg:/opt/ros/humble /usr/bin/cmake /home/hayden/ROS2_demo/turtlebot3_ws/src/turtlebot3_simulations -DCMAKE_INSTALL_PREFIX=/home/hayden/ROS2_demo/turtlebot3_ws/install/turtlebot3_simulations
[0.124s] -- The C compiler identification is GNU 11.4.0
[0.205s] -- The CXX compiler identification is GNU 11.4.0
[0.217s] -- Detecting C compiler ABI info
[0.335s] -- Detecting C compiler ABI info - done
[0.343s] -- Check for working C compiler: /usr/bin/cc - skipped
[0.344s] -- Detecting C compile features
[0.344s] -- Detecting C compile features - done
[0.349s] -- Detecting CXX compiler ABI info
[0.492s] -- Detecting CXX compiler ABI info - done
[0.495s] -- Check for working CXX compiler: /usr/bin/c++ - skipped
[0.495s] -- Detecting CXX compile features
[0.495s] -- Detecting CXX compile features - done
[0.497s] -- Found ament_cmake: 1.3.10 (/opt/ros/humble/share/ament_cmake/cmake)
[0.628s] -- Found Python3: /usr/bin/python3 (found version "3.10.12") found components: Interpreter 
[0.735s] -- Configuring done
[0.736s] -- Generating done
[0.736s] -- Build files have been written to: /home/hayden/ROS2_demo/turtlebot3_ws/build/turtlebot3_simulations
[0.739s] Invoked command in '/home/hayden/ROS2_demo/turtlebot3_ws/build/turtlebot3_simulations' returned '0': AMENT_PREFIX_PATH=/home/hayden/ROS2_demo/turtlebot3_ws/install/turtlebot3_gazebo:/home/hayden/ROS2_demo/turtlebot3_ws/install/turtlebot3_fake_node:${AMENT_PREFIX_PATH} CMAKE_PREFIX_PATH=/home/hayden/ROS2_demo/turtlebot3_ws/install/turtlebot3_gazebo:/home/hayden/ROS2_demo/turtlebot3_ws/install/turtlebot3_fake_node:/home/hayden/ROS2_demo/sim_ws/install/my_robot_bringup:/home/hayden/ROS2_demo/sim_ws/install/my_robot_description:/home/hayden/ROS2_demo/firstROS2_ws/install/my_robot_bringup:/home/hayden/ROS2_demo/firstROS2_ws/install/my_cpp_pkg:/home/hayden/ROS2_demo/firstROS2_ws/install/my_interfaces:/home/hayden/ROS2_demo/firstROS2_ws/install/my_python_pkg:/opt/ros/humble /usr/bin/cmake /home/hayden/ROS2_demo/turtlebot3_ws/src/turtlebot3_simulations -DCMAKE_INSTALL_PREFIX=/home/hayden/ROS2_demo/turtlebot3_ws/install/turtlebot3_simulations
[0.740s] Invoking command in '/home/hayden/ROS2_demo/turtlebot3_ws/build/turtlebot3_simulations': AMENT_PREFIX_PATH=/home/hayden/ROS2_demo/turtlebot3_ws/install/turtlebot3_gazebo:/home/hayden/ROS2_demo/turtlebot3_ws/install/turtlebot3_fake_node:${AMENT_PREFIX_PATH} CMAKE_PREFIX_PATH=/home/hayden/ROS2_demo/turtlebot3_ws/install/turtlebot3_gazebo:/home/hayden/ROS2_demo/turtlebot3_ws/install/turtlebot3_fake_node:/home/hayden/ROS2_demo/sim_ws/install/my_robot_bringup:/home/hayden/ROS2_demo/sim_ws/install/my_robot_description:/home/hayden/ROS2_demo/firstROS2_ws/install/my_robot_bringup:/home/hayden/ROS2_demo/firstROS2_ws/install/my_cpp_pkg:/home/hayden/ROS2_demo/firstROS2_ws/install/my_interfaces:/home/hayden/ROS2_demo/firstROS2_ws/install/my_python_pkg:/opt/ros/humble /usr/bin/cmake --build /home/hayden/ROS2_demo/turtlebot3_ws/build/turtlebot3_simulations -- -j28 -l28
[0.798s] Invoked command in '/home/hayden/ROS2_demo/turtlebot3_ws/build/turtlebot3_simulations' returned '0': AMENT_PREFIX_PATH=/home/hayden/ROS2_demo/turtlebot3_ws/install/turtlebot3_gazebo:/home/hayden/ROS2_demo/turtlebot3_ws/install/turtlebot3_fake_node:${AMENT_PREFIX_PATH} CMAKE_PREFIX_PATH=/home/hayden/ROS2_demo/turtlebot3_ws/install/turtlebot3_gazebo:/home/hayden/ROS2_demo/turtlebot3_ws/install/turtlebot3_fake_node:/home/hayden/ROS2_demo/sim_ws/install/my_robot_bringup:/home/hayden/ROS2_demo/sim_ws/install/my_robot_description:/home/hayden/ROS2_demo/firstROS2_ws/install/my_robot_bringup:/home/hayden/ROS2_demo/firstROS2_ws/install/my_cpp_pkg:/home/hayden/ROS2_demo/firstROS2_ws/install/my_interfaces:/home/hayden/ROS2_demo/firstROS2_ws/install/my_python_pkg:/opt/ros/humble /usr/bin/cmake --build /home/hayden/ROS2_demo/turtlebot3_ws/build/turtlebot3_simulations -- -j28 -l28
[0.855s] Invoking command in '/home/hayden/ROS2_demo/turtlebot3_ws/build/turtlebot3_simulations': AMENT_PREFIX_PATH=/home/hayden/ROS2_demo/turtlebot3_ws/install/turtlebot3_gazebo:/home/hayden/ROS2_demo/turtlebot3_ws/install/turtlebot3_fake_node:${AMENT_PREFIX_PATH} CMAKE_PREFIX_PATH=/home/hayden/ROS2_demo/turtlebot3_ws/install/turtlebot3_gazebo:/home/hayden/ROS2_demo/turtlebot3_ws/install/turtlebot3_fake_node:/home/hayden/ROS2_demo/sim_ws/install/my_robot_bringup:/home/hayden/ROS2_demo/sim_ws/install/my_robot_description:/home/hayden/ROS2_demo/firstROS2_ws/install/my_robot_bringup:/home/hayden/ROS2_demo/firstROS2_ws/install/my_cpp_pkg:/home/hayden/ROS2_demo/firstROS2_ws/install/my_interfaces:/home/hayden/ROS2_demo/firstROS2_ws/install/my_python_pkg:/opt/ros/humble /usr/bin/cmake --install /home/hayden/ROS2_demo/turtlebot3_ws/build/turtlebot3_simulations
[0.872s] -- Install configuration: ""
[0.872s] -- Installing: /home/hayden/ROS2_demo/turtlebot3_ws/install/turtlebot3_simulations/share/ament_index/resource_index/package_run_dependencies/turtlebot3_simulations
[0.872s] -- Installing: /home/hayden/ROS2_demo/turtlebot3_ws/install/turtlebot3_simulations/share/ament_index/resource_index/parent_prefix_path/turtlebot3_simulations
[0.872s] -- Installing: /home/hayden/ROS2_demo/turtlebot3_ws/install/turtlebot3_simulations/share/turtlebot3_simulations/environment/ament_prefix_path.sh
[0.872s] -- Installing: /home/hayden/ROS2_demo/turtlebot3_ws/install/turtlebot3_simulations/share/turtlebot3_simulations/environment/ament_prefix_path.dsv
[0.872s] -- Installing: /home/hayden/ROS2_demo/turtlebot3_ws/install/turtlebot3_simulations/share/turtlebot3_simulations/environment/path.sh
[0.872s] -- Installing: /home/hayden/ROS2_demo/turtlebot3_ws/install/turtlebot3_simulations/share/turtlebot3_simulations/environment/path.dsv
[0.872s] -- Installing: /home/hayden/ROS2_demo/turtlebot3_ws/install/turtlebot3_simulations/share/turtlebot3_simulations/local_setup.bash
[0.872s] -- Installing: /home/hayden/ROS2_demo/turtlebot3_ws/install/turtlebot3_simulations/share/turtlebot3_simulations/local_setup.sh
[0.872s] -- Installing: /home/hayden/ROS2_demo/turtlebot3_ws/install/turtlebot3_simulations/share/turtlebot3_simulations/local_setup.zsh
[0.872s] -- Installing: /home/hayden/ROS2_demo/turtlebot3_ws/install/turtlebot3_simulations/share/turtlebot3_simulations/local_setup.dsv
[0.872s] -- Installing: /home/hayden/ROS2_demo/turtlebot3_ws/install/turtlebot3_simulations/share/turtlebot3_simulations/package.dsv
[0.872s] -- Installing: /home/hayden/ROS2_demo/turtlebot3_ws/install/turtlebot3_simulations/share/ament_index/resource_index/packages/turtlebot3_simulations
[0.873s] -- Installing: /home/hayden/ROS2_demo/turtlebot3_ws/install/turtlebot3_simulations/share/turtlebot3_simulations/cmake/turtlebot3_simulationsConfig.cmake
[0.873s] -- Installing: /home/hayden/ROS2_demo/turtlebot3_ws/install/turtlebot3_simulations/share/turtlebot3_simulations/cmake/turtlebot3_simulationsConfig-version.cmake
[0.873s] -- Installing: /home/hayden/ROS2_demo/turtlebot3_ws/install/turtlebot3_simulations/share/turtlebot3_simulations/package.xml
[0.874s] Invoked command in '/home/hayden/ROS2_demo/turtlebot3_ws/build/turtlebot3_simulations' returned '0': AMENT_PREFIX_PATH=/home/hayden/ROS2_demo/turtlebot3_ws/install/turtlebot3_gazebo:/home/hayden/ROS2_demo/turtlebot3_ws/install/turtlebot3_fake_node:${AMENT_PREFIX_PATH} CMAKE_PREFIX_PATH=/home/hayden/ROS2_demo/turtlebot3_ws/install/turtlebot3_gazebo:/home/hayden/ROS2_demo/turtlebot3_ws/install/turtlebot3_fake_node:/home/hayden/ROS2_demo/sim_ws/install/my_robot_bringup:/home/hayden/ROS2_demo/sim_ws/install/my_robot_description:/home/hayden/ROS2_demo/firstROS2_ws/install/my_robot_bringup:/home/hayden/ROS2_demo/firstROS2_ws/install/my_cpp_pkg:/home/hayden/ROS2_demo/firstROS2_ws/install/my_interfaces:/home/hayden/ROS2_demo/firstROS2_ws/install/my_python_pkg:/opt/ros/humble /usr/bin/cmake --install /home/hayden/ROS2_demo/turtlebot3_ws/build/turtlebot3_simulations
