[0.005s] Invoking command in '/home/hayden/ROS2_demo/turtlebot3_ws/build/turtlebot3_simulations': CMAKE_PREFIX_PATH=/home/hayden/ROS2_demo/turtlebot3_ws/install/turtlebot3_gazebo:/home/hayden/ROS2_demo/turtlebot3_ws/install/turtlebot3_fake_node:/home/hayden/ROS2_demo/turtlebot3_ws/install/turtlebot3_simulations:/home/hayden/ROS2_demo/sim_ws/install/my_robot_bringup:/home/hayden/ROS2_demo/sim_ws/install/my_robot_description:/home/hayden/ROS2_demo/firstROS2_ws/install/my_robot_bringup:/home/hayden/ROS2_demo/firstROS2_ws/install/my_cpp_pkg:/home/hayden/ROS2_demo/firstROS2_ws/install/my_interfaces:/home/hayden/ROS2_demo/firstROS2_ws/install/my_python_pkg:/opt/ros/humble /usr/bin/cmake --build /home/hayden/ROS2_demo/turtlebot3_ws/build/turtlebot3_simulations -- -j28 -l28
[0.030s] Invoked command in '/home/hayden/ROS2_demo/turtlebot3_ws/build/turtlebot3_simulations' returned '0': CMAKE_PREFIX_PATH=/home/hayden/ROS2_demo/turtlebot3_ws/install/turtlebot3_gazebo:/home/hayden/ROS2_demo/turtlebot3_ws/install/turtlebot3_fake_node:/home/hayden/ROS2_demo/turtlebot3_ws/install/turtlebot3_simulations:/home/hayden/ROS2_demo/sim_ws/install/my_robot_bringup:/home/hayden/ROS2_demo/sim_ws/install/my_robot_description:/home/hayden/ROS2_demo/firstROS2_ws/install/my_robot_bringup:/home/hayden/ROS2_demo/firstROS2_ws/install/my_cpp_pkg:/home/hayden/ROS2_demo/firstROS2_ws/install/my_interfaces:/home/hayden/ROS2_demo/firstROS2_ws/install/my_python_pkg:/opt/ros/humble /usr/bin/cmake --build /home/hayden/ROS2_demo/turtlebot3_ws/build/turtlebot3_simulations -- -j28 -l28
[0.085s] Invoking command in '/home/hayden/ROS2_demo/turtlebot3_ws/build/turtlebot3_simulations': CMAKE_PREFIX_PATH=/home/hayden/ROS2_demo/turtlebot3_ws/install/turtlebot3_gazebo:/home/hayden/ROS2_demo/turtlebot3_ws/install/turtlebot3_fake_node:/home/hayden/ROS2_demo/turtlebot3_ws/install/turtlebot3_simulations:/home/hayden/ROS2_demo/sim_ws/install/my_robot_bringup:/home/hayden/ROS2_demo/sim_ws/install/my_robot_description:/home/hayden/ROS2_demo/firstROS2_ws/install/my_robot_bringup:/home/hayden/ROS2_demo/firstROS2_ws/install/my_cpp_pkg:/home/hayden/ROS2_demo/firstROS2_ws/install/my_interfaces:/home/hayden/ROS2_demo/firstROS2_ws/install/my_python_pkg:/opt/ros/humble /usr/bin/cmake --install /home/hayden/ROS2_demo/turtlebot3_ws/build/turtlebot3_simulations
[0.102s] -- Install configuration: ""
[0.102s] -- Up-to-date: /home/hayden/ROS2_demo/turtlebot3_ws/install/turtlebot3_simulations/share/ament_index/resource_index/package_run_dependencies/turtlebot3_simulations
[0.102s] -- Up-to-date: /home/hayden/ROS2_demo/turtlebot3_ws/install/turtlebot3_simulations/share/ament_index/resource_index/parent_prefix_path/turtlebot3_simulations
[0.102s] -- Up-to-date: /home/hayden/ROS2_demo/turtlebot3_ws/install/turtlebot3_simulations/share/turtlebot3_simulations/environment/ament_prefix_path.sh
[0.103s] -- Up-to-date: /home/hayden/ROS2_demo/turtlebot3_ws/install/turtlebot3_simulations/share/turtlebot3_simulations/environment/ament_prefix_path.dsv
[0.103s] -- Up-to-date: /home/hayden/ROS2_demo/turtlebot3_ws/install/turtlebot3_simulations/share/turtlebot3_simulations/environment/path.sh
[0.103s] -- Up-to-date: /home/hayden/ROS2_demo/turtlebot3_ws/install/turtlebot3_simulations/share/turtlebot3_simulations/environment/path.dsv
[0.103s] -- Up-to-date: /home/hayden/ROS2_demo/turtlebot3_ws/install/turtlebot3_simulations/share/turtlebot3_simulations/local_setup.bash
[0.103s] -- Up-to-date: /home/hayden/ROS2_demo/turtlebot3_ws/install/turtlebot3_simulations/share/turtlebot3_simulations/local_setup.sh
[0.103s] -- Up-to-date: /home/hayden/ROS2_demo/turtlebot3_ws/install/turtlebot3_simulations/share/turtlebot3_simulations/local_setup.zsh
[0.103s] -- Up-to-date: /home/hayden/ROS2_demo/turtlebot3_ws/install/turtlebot3_simulations/share/turtlebot3_simulations/local_setup.dsv
[0.104s] -- Installing: /home/hayden/ROS2_demo/turtlebot3_ws/install/turtlebot3_simulations/share/turtlebot3_simulations/package.dsv
[0.104s] -- Up-to-date: /home/hayden/ROS2_demo/turtlebot3_ws/install/turtlebot3_simulations/share/ament_index/resource_index/packages/turtlebot3_simulations
[0.104s] -- Up-to-date: /home/hayden/ROS2_demo/turtlebot3_ws/install/turtlebot3_simulations/share/turtlebot3_simulations/cmake/turtlebot3_simulationsConfig.cmake
[0.104s] -- Up-to-date: /home/hayden/ROS2_demo/turtlebot3_ws/install/turtlebot3_simulations/share/turtlebot3_simulations/cmake/turtlebot3_simulationsConfig-version.cmake
[0.104s] -- Up-to-date: /home/hayden/ROS2_demo/turtlebot3_ws/install/turtlebot3_simulations/share/turtlebot3_simulations/package.xml
[0.108s] Invoked command in '/home/hayden/ROS2_demo/turtlebot3_ws/build/turtlebot3_simulations' returned '0': CMAKE_PREFIX_PATH=/home/hayden/ROS2_demo/turtlebot3_ws/install/turtlebot3_gazebo:/home/hayden/ROS2_demo/turtlebot3_ws/install/turtlebot3_fake_node:/home/hayden/ROS2_demo/turtlebot3_ws/install/turtlebot3_simulations:/home/hayden/ROS2_demo/sim_ws/install/my_robot_bringup:/home/hayden/ROS2_demo/sim_ws/install/my_robot_description:/home/hayden/ROS2_demo/firstROS2_ws/install/my_robot_bringup:/home/hayden/ROS2_demo/firstROS2_ws/install/my_cpp_pkg:/home/hayden/ROS2_demo/firstROS2_ws/install/my_interfaces:/home/hayden/ROS2_demo/firstROS2_ws/install/my_python_pkg:/opt/ros/humble /usr/bin/cmake --install /home/hayden/ROS2_demo/turtlebot3_ws/build/turtlebot3_simulations
