[0.007s] Invoking command in '/home/hayden/ROS2_demo/turtlebot3_ws/build/turtlebot3_fake_node': CMAKE_PREFIX_PATH=${CMAKE_PREFIX_PATH}:/home/hayden/ROS2_demo/firstROS2_ws/install/my_python_pkg:/opt/ros/humble /usr/bin/cmake /home/hayden/ROS2_demo/turtlebot3_ws/src/turtlebot3_fake_node -DCMAKE_INSTALL_PREFIX=/home/hayden/ROS2_demo/turtlebot3_ws/install/turtlebot3_fake_node
[0.083s] -- The C compiler identification is GNU 11.4.0
[0.172s] -- The CXX compiler identification is GNU 11.4.0
[0.178s] -- Detecting C compiler ABI info
[0.253s] -- Detecting C compiler ABI info - done
[0.256s] -- Check for working C compiler: /usr/bin/cc - skipped
[0.256s] -- Detecting C compile features
[0.256s] -- Detecting C compile features - done
[0.258s] -- Detecting CXX compiler ABI info
[0.327s] -- Detecting CXX compiler ABI info - done
[0.333s] -- Check for working CXX compiler: /usr/bin/c++ - skipped
[0.333s] -- Detecting CXX compile features
[0.333s] -- Detecting CXX compile features - done
[0.336s] -- Found ament_cmake: 1.3.10 (/opt/ros/humble/share/ament_cmake/cmake)
[0.424s] -- Found Python3: /usr/bin/python3 (found version "3.10.12") found components: Interpreter 
[0.474s] -- Found geometry_msgs: 4.2.4 (/opt/ros/humble/share/geometry_msgs/cmake)
[0.497s] -- Found rosidl_generator_c: 3.1.5 (/opt/ros/humble/share/rosidl_generator_c/cmake)
[0.499s] -- Found rosidl_adapter: 3.1.5 (/opt/ros/humble/share/rosidl_adapter/cmake)
[0.504s] -- Found rosidl_generator_cpp: 3.1.5 (/opt/ros/humble/share/rosidl_generator_cpp/cmake)
[0.511s] -- Using all available rosidl_typesupport_c: rosidl_typesupport_fastrtps_c;rosidl_typesupport_introspection_c
[0.519s] -- Using all available rosidl_typesupport_cpp: rosidl_typesupport_fastrtps_cpp;rosidl_typesupport_introspection_cpp
[0.550s] -- Found nav_msgs: 4.2.4 (/opt/ros/humble/share/nav_msgs/cmake)
[0.564s] -- Found rclcpp: 16.0.10 (/opt/ros/humble/share/rclcpp/cmake)
[0.585s] -- Found rmw_implementation_cmake: 6.1.2 (/opt/ros/humble/share/rmw_implementation_cmake/cmake)
[0.587s] -- Found rmw_fastrtps_cpp: 6.2.7 (/opt/ros/humble/share/rmw_fastrtps_cpp/cmake)
[0.654s] -- Found OpenSSL: /usr/lib/x86_64-linux-gnu/libcrypto.so (found version "3.0.2")  
[0.681s] -- Found FastRTPS: /opt/ros/humble/include  
[0.719s] -- Using RMW implementation 'rmw_fastrtps_cpp' as default
[0.729s] -- Looking for pthread.h
[0.797s] -- Looking for pthread.h - found
[0.797s] -- Performing Test CMAKE_HAVE_LIBC_PTHREAD
[0.870s] -- Performing Test CMAKE_HAVE_LIBC_PTHREAD - Success
[0.870s] -- Found Threads: TRUE  
[0.891s] -- Found sensor_msgs: 4.2.4 (/opt/ros/humble/share/sensor_msgs/cmake)
[0.901s] -- Found tf2: 0.25.7 (/opt/ros/humble/share/tf2/cmake)
[0.906s] -- Found tf2_msgs: 0.25.7 (/opt/ros/humble/share/tf2_msgs/cmake)
[0.933s] [31mCMake Error at CMakeLists.txt:25 (find_package):
[0.933s]   By not providing "Findturtlebot3_msgs.cmake" in CMAKE_MODULE_PATH this
[0.933s]   project has asked CMake to find a package configuration file provided by
[0.933s]   "turtlebot3_msgs", but CMake did not find one.
[0.933s] 
[0.933s]   Could not find a package configuration file provided by "turtlebot3_msgs"
[0.933s]   with any of the following names:
[0.933s] 
[0.933s]     turtlebot3_msgsConfig.cmake
[0.933s]     turtlebot3_msgs-config.cmake
[0.933s] 
[0.933s]   Add the installation prefix of "turtlebot3_msgs" to CMAKE_PREFIX_PATH or
[0.933s]   set "turtlebot3_msgs_DIR" to a directory containing one of the above files.
[0.934s]   If "turtlebot3_msgs" provides a separate development package or SDK, be
[0.934s]   sure it has been installed.
[0.934s] 
[0.934s] [0m
[0.934s] -- Configuring incomplete, errors occurred!
[0.934s] See also "/home/hayden/ROS2_demo/turtlebot3_ws/build/turtlebot3_fake_node/CMakeFiles/CMakeOutput.log".
[0.939s] Invoked command in '/home/hayden/ROS2_demo/turtlebot3_ws/build/turtlebot3_fake_node' returned '1': CMAKE_PREFIX_PATH=${CMAKE_PREFIX_PATH}:/home/hayden/ROS2_demo/firstROS2_ws/install/my_python_pkg:/opt/ros/humble /usr/bin/cmake /home/hayden/ROS2_demo/turtlebot3_ws/src/turtlebot3_fake_node -DCMAKE_INSTALL_PREFIX=/home/hayden/ROS2_demo/turtlebot3_ws/install/turtlebot3_fake_node
