[0.117s] DEBUG:colcon:Command line arguments: ['/usr/bin/colcon', 'build', '--packages-select', 'my_cpp_pkg']
[0.118s] DEBUG:colcon:Parsed command line arguments: Namespace(log_base=None, log_level=None, verb_name='build', build_base='build', install_base='install', merge_install=False, symlink_install=False, test_result_base=None, continue_on_error=False, executor='parallel', parallel_workers=6, event_handlers=None, ignore_user_meta=False, metas=['./colcon.meta'], base_paths=['.'], packages_ignore=None, packages_ignore_regex=None, paths=None, packages_up_to=None, packages_up_to_regex=None, packages_above=None, packages_above_and_dependencies=None, packages_above_depth=None, packages_select_by_dep=None, packages_skip_by_dep=None, packages_skip_up_to=None, packages_select_build_failed=False, packages_skip_build_finished=False, packages_select_test_failures=False, packages_skip_test_passed=False, packages_select=['my_cpp_pkg'], packages_skip=None, packages_select_regex=None, packages_skip_regex=None, packages_start=None, packages_end=None, allow_overriding=[], cmake_args=None, cmake_target=None, cmake_target_skip_unavailable=False, cmake_clean_cache=False, cmake_clean_first=False, cmake_force_configure=False, ament_cmake_args=None, catkin_cmake_args=None, catkin_skip_building_tests=False, mixin_files=None, mixin=None, verb_parser=<colcon_mixin.mixin.mixin_argument.MixinArgumentDecorator object at 0x736a8dbe1ab0>, verb_extension=<colcon_core.verb.build.BuildVerb object at 0x736a8dcd2230>, main=<bound method BuildVerb.main of <colcon_core.verb.build.BuildVerb object at 0x736a8dcd2230>>, mixin_verb=('build',))
[0.292s] Level 1:colcon.colcon_core.package_discovery:discover_packages(colcon_meta) check parameters
[0.292s] Level 1:colcon.colcon_core.package_discovery:discover_packages(recursive) check parameters
[0.292s] Level 1:colcon.colcon_core.package_discovery:discover_packages(ignore) check parameters
[0.292s] Level 1:colcon.colcon_core.package_discovery:discover_packages(path) check parameters
[0.292s] Level 1:colcon.colcon_core.package_discovery:discover_packages(colcon_meta) discover
[0.292s] Level 1:colcon.colcon_core.package_discovery:discover_packages(recursive) discover
[0.292s] INFO:colcon.colcon_core.package_discovery:Crawling recursively for packages in '/home/hayden/ROS2_demo/firstROS2_ws'
[0.292s] Level 1:colcon.colcon_core.package_identification:_identify(.) by extensions ['ignore', 'ignore_ament_install']
[0.293s] Level 1:colcon.colcon_core.package_identification:_identify(.) by extension 'ignore'
[0.293s] Level 1:colcon.colcon_core.package_identification:_identify(.) by extension 'ignore_ament_install'
[0.293s] Level 1:colcon.colcon_core.package_identification:_identify(.) by extensions ['colcon_pkg']
[0.293s] Level 1:colcon.colcon_core.package_identification:_identify(.) by extension 'colcon_pkg'
[0.293s] Level 1:colcon.colcon_core.package_identification:_identify(.) by extensions ['colcon_meta']
[0.293s] Level 1:colcon.colcon_core.package_identification:_identify(.) by extension 'colcon_meta'
[0.293s] Level 1:colcon.colcon_core.package_identification:_identify(.) by extensions ['ros']
[0.293s] Level 1:colcon.colcon_core.package_identification:_identify(.) by extension 'ros'
[0.318s] Level 1:colcon.colcon_core.package_identification:_identify(.) by extensions ['cmake', 'python']
[0.318s] Level 1:colcon.colcon_core.package_identification:_identify(.) by extension 'cmake'
[0.318s] Level 1:colcon.colcon_core.package_identification:_identify(.) by extension 'python'
[0.318s] Level 1:colcon.colcon_core.package_identification:_identify(.) by extensions ['python_setup_py']
[0.318s] Level 1:colcon.colcon_core.package_identification:_identify(.) by extension 'python_setup_py'
[0.318s] Level 1:colcon.colcon_core.package_identification:_identify(build) by extensions ['ignore', 'ignore_ament_install']
[0.318s] Level 1:colcon.colcon_core.package_identification:_identify(build) by extension 'ignore'
[0.318s] Level 1:colcon.colcon_core.package_identification:_identify(build) ignored
[0.318s] Level 1:colcon.colcon_core.package_identification:_identify(install) by extensions ['ignore', 'ignore_ament_install']
[0.318s] Level 1:colcon.colcon_core.package_identification:_identify(install) by extension 'ignore'
[0.318s] Level 1:colcon.colcon_core.package_identification:_identify(install) ignored
[0.319s] Level 1:colcon.colcon_core.package_identification:_identify(log) by extensions ['ignore', 'ignore_ament_install']
[0.319s] Level 1:colcon.colcon_core.package_identification:_identify(log) by extension 'ignore'
[0.319s] Level 1:colcon.colcon_core.package_identification:_identify(log) ignored
[0.319s] Level 1:colcon.colcon_core.package_identification:_identify(src) by extensions ['ignore', 'ignore_ament_install']
[0.319s] Level 1:colcon.colcon_core.package_identification:_identify(src) by extension 'ignore'
[0.319s] Level 1:colcon.colcon_core.package_identification:_identify(src) by extension 'ignore_ament_install'
[0.319s] Level 1:colcon.colcon_core.package_identification:_identify(src) by extensions ['colcon_pkg']
[0.319s] Level 1:colcon.colcon_core.package_identification:_identify(src) by extension 'colcon_pkg'
[0.319s] Level 1:colcon.colcon_core.package_identification:_identify(src) by extensions ['colcon_meta']
[0.319s] Level 1:colcon.colcon_core.package_identification:_identify(src) by extension 'colcon_meta'
[0.319s] Level 1:colcon.colcon_core.package_identification:_identify(src) by extensions ['ros']
[0.319s] Level 1:colcon.colcon_core.package_identification:_identify(src) by extension 'ros'
[0.319s] Level 1:colcon.colcon_core.package_identification:_identify(src) by extensions ['cmake', 'python']
[0.319s] Level 1:colcon.colcon_core.package_identification:_identify(src) by extension 'cmake'
[0.319s] Level 1:colcon.colcon_core.package_identification:_identify(src) by extension 'python'
[0.319s] Level 1:colcon.colcon_core.package_identification:_identify(src) by extensions ['python_setup_py']
[0.319s] Level 1:colcon.colcon_core.package_identification:_identify(src) by extension 'python_setup_py'
[0.319s] Level 1:colcon.colcon_core.package_identification:_identify(src/my_cpp_pkg) by extensions ['ignore', 'ignore_ament_install']
[0.320s] Level 1:colcon.colcon_core.package_identification:_identify(src/my_cpp_pkg) by extension 'ignore'
[0.320s] Level 1:colcon.colcon_core.package_identification:_identify(src/my_cpp_pkg) by extension 'ignore_ament_install'
[0.320s] Level 1:colcon.colcon_core.package_identification:_identify(src/my_cpp_pkg) by extensions ['colcon_pkg']
[0.320s] Level 1:colcon.colcon_core.package_identification:_identify(src/my_cpp_pkg) by extension 'colcon_pkg'
[0.320s] Level 1:colcon.colcon_core.package_identification:_identify(src/my_cpp_pkg) by extensions ['colcon_meta']
[0.320s] Level 1:colcon.colcon_core.package_identification:_identify(src/my_cpp_pkg) by extension 'colcon_meta'
[0.320s] Level 1:colcon.colcon_core.package_identification:_identify(src/my_cpp_pkg) by extensions ['ros']
[0.320s] Level 1:colcon.colcon_core.package_identification:_identify(src/my_cpp_pkg) by extension 'ros'
[0.323s] DEBUG:colcon.colcon_core.package_identification:Package 'src/my_cpp_pkg' with type 'ros.ament_cmake' and name 'my_cpp_pkg'
[0.324s] Level 1:colcon.colcon_core.package_identification:_identify(src/my_python_pkg) by extensions ['ignore', 'ignore_ament_install']
[0.324s] Level 1:colcon.colcon_core.package_identification:_identify(src/my_python_pkg) by extension 'ignore'
[0.324s] Level 1:colcon.colcon_core.package_identification:_identify(src/my_python_pkg) by extension 'ignore_ament_install'
[0.324s] Level 1:colcon.colcon_core.package_identification:_identify(src/my_python_pkg) by extensions ['colcon_pkg']
[0.324s] Level 1:colcon.colcon_core.package_identification:_identify(src/my_python_pkg) by extension 'colcon_pkg'
[0.324s] Level 1:colcon.colcon_core.package_identification:_identify(src/my_python_pkg) by extensions ['colcon_meta']
[0.324s] Level 1:colcon.colcon_core.package_identification:_identify(src/my_python_pkg) by extension 'colcon_meta'
[0.324s] Level 1:colcon.colcon_core.package_identification:_identify(src/my_python_pkg) by extensions ['ros']
[0.324s] Level 1:colcon.colcon_core.package_identification:_identify(src/my_python_pkg) by extension 'ros'
[0.325s] DEBUG:colcon.colcon_core.package_identification:Package 'src/my_python_pkg' with type 'ros.ament_python' and name 'my_python_pkg'
[0.325s] Level 1:colcon.colcon_core.package_discovery:discover_packages(recursive) using defaults
[0.325s] Level 1:colcon.colcon_core.package_discovery:discover_packages(ignore) discover
[0.325s] Level 1:colcon.colcon_core.package_discovery:discover_packages(ignore) using defaults
[0.325s] Level 1:colcon.colcon_core.package_discovery:discover_packages(path) discover
[0.325s] Level 1:colcon.colcon_core.package_discovery:discover_packages(path) using defaults
[0.346s] INFO:colcon.colcon_core.package_selection:Skipping not selected package 'my_python_pkg' in 'src/my_python_pkg'
[0.347s] Level 1:colcon.colcon_core.package_discovery:discover_packages(prefix_path) check parameters
[0.347s] Level 1:colcon.colcon_core.package_discovery:discover_packages(prefix_path) discover
[0.349s] DEBUG:colcon.colcon_installed_package_information.package_discovery:Found 2 installed packages in /home/hayden/ROS2_demo/firstROS2_ws/install
[0.350s] DEBUG:colcon.colcon_installed_package_information.package_discovery:Found 270 installed packages in /opt/ros/humble
[0.364s] Level 1:colcon.colcon_core.package_discovery:discover_packages(prefix_path) using defaults
[0.403s] Level 5:colcon.colcon_core.verb:set package 'my_cpp_pkg' build argument 'cmake_args' from command line to 'None'
[0.403s] Level 5:colcon.colcon_core.verb:set package 'my_cpp_pkg' build argument 'cmake_target' from command line to 'None'
[0.403s] Level 5:colcon.colcon_core.verb:set package 'my_cpp_pkg' build argument 'cmake_target_skip_unavailable' from command line to 'False'
[0.403s] Level 5:colcon.colcon_core.verb:set package 'my_cpp_pkg' build argument 'cmake_clean_cache' from command line to 'False'
[0.403s] Level 5:colcon.colcon_core.verb:set package 'my_cpp_pkg' build argument 'cmake_clean_first' from command line to 'False'
[0.403s] Level 5:colcon.colcon_core.verb:set package 'my_cpp_pkg' build argument 'cmake_force_configure' from command line to 'False'
[0.403s] Level 5:colcon.colcon_core.verb:set package 'my_cpp_pkg' build argument 'ament_cmake_args' from command line to 'None'
[0.403s] Level 5:colcon.colcon_core.verb:set package 'my_cpp_pkg' build argument 'catkin_cmake_args' from command line to 'None'
[0.403s] Level 5:colcon.colcon_core.verb:set package 'my_cpp_pkg' build argument 'catkin_skip_building_tests' from command line to 'False'
[0.404s] DEBUG:colcon.colcon_core.verb:Building package 'my_cpp_pkg' with the following arguments: {'ament_cmake_args': None, 'build_base': '/home/hayden/ROS2_demo/firstROS2_ws/build/my_cpp_pkg', 'catkin_cmake_args': None, 'catkin_skip_building_tests': False, 'cmake_args': None, 'cmake_clean_cache': False, 'cmake_clean_first': False, 'cmake_force_configure': False, 'cmake_target': None, 'cmake_target_skip_unavailable': False, 'install_base': '/home/hayden/ROS2_demo/firstROS2_ws/install/my_cpp_pkg', 'merge_install': False, 'path': '/home/hayden/ROS2_demo/firstROS2_ws/src/my_cpp_pkg', 'symlink_install': False, 'test_result_base': None}
[0.404s] INFO:colcon.colcon_core.executor:Executing jobs using 'parallel' executor
[0.405s] DEBUG:colcon.colcon_parallel_executor.executor.parallel:run_until_complete
[0.405s] INFO:colcon.colcon_ros.task.ament_cmake.build:Building ROS package in '/home/hayden/ROS2_demo/firstROS2_ws/src/my_cpp_pkg' with build type 'ament_cmake'
[0.406s] INFO:colcon.colcon_cmake.task.cmake.build:Building CMake package in '/home/hayden/ROS2_demo/firstROS2_ws/src/my_cpp_pkg'
[0.409s] INFO:colcon.colcon_core.plugin_system:Skipping extension 'colcon_core.shell.bat': Not used on non-Windows systems
[0.409s] INFO:colcon.colcon_core.shell:Skip shell extension 'powershell' for command environment: Not usable outside of PowerShell
[0.409s] DEBUG:colcon.colcon_core.shell:Skip shell extension 'dsv' for command environment
[0.425s] DEBUG:colcon.colcon_core.event_handler.log_command:Invoking command in '/home/hayden/ROS2_demo/firstROS2_ws/build/my_cpp_pkg': CMAKE_PREFIX_PATH=${CMAKE_PREFIX_PATH}:/home/hayden/ROS2_demo/firstROS2_ws/install/my_python_pkg:/opt/ros/humble /usr/bin/cmake --build /home/hayden/ROS2_demo/firstROS2_ws/build/my_cpp_pkg -- -j6 -l6
[8.330s] DEBUG:colcon.colcon_core.event_handler.log_command:Invoked command in '/home/hayden/ROS2_demo/firstROS2_ws/build/my_cpp_pkg' returned '0': CMAKE_PREFIX_PATH=${CMAKE_PREFIX_PATH}:/home/hayden/ROS2_demo/firstROS2_ws/install/my_python_pkg:/opt/ros/humble /usr/bin/cmake --build /home/hayden/ROS2_demo/firstROS2_ws/build/my_cpp_pkg -- -j6 -l6
[8.475s] DEBUG:colcon.colcon_core.event_handler.log_command:Invoking command in '/home/hayden/ROS2_demo/firstROS2_ws/build/my_cpp_pkg': CMAKE_PREFIX_PATH=${CMAKE_PREFIX_PATH}:/home/hayden/ROS2_demo/firstROS2_ws/install/my_python_pkg:/opt/ros/humble /usr/bin/cmake --install /home/hayden/ROS2_demo/firstROS2_ws/build/my_cpp_pkg
[8.509s] Level 1:colcon.colcon_core.environment:create_environment_scripts_only(my_cpp_pkg)
[8.509s] DEBUG:colcon.colcon_core.event_handler.log_command:Invoked command in '/home/hayden/ROS2_demo/firstROS2_ws/build/my_cpp_pkg' returned '0': CMAKE_PREFIX_PATH=${CMAKE_PREFIX_PATH}:/home/hayden/ROS2_demo/firstROS2_ws/install/my_python_pkg:/opt/ros/humble /usr/bin/cmake --install /home/hayden/ROS2_demo/firstROS2_ws/build/my_cpp_pkg
[8.512s] Level 1:colcon.colcon_core.environment:checking '/home/hayden/ROS2_demo/firstROS2_ws/install/my_cpp_pkg' for CMake module files
[8.512s] Level 1:colcon.colcon_core.environment:checking '/home/hayden/ROS2_demo/firstROS2_ws/install/my_cpp_pkg' for CMake config files
[8.513s] Level 1:colcon.colcon_core.shell:create_environment_hook('my_cpp_pkg', 'cmake_prefix_path')
[8.513s] INFO:colcon.colcon_core.shell:Creating environment hook '/home/hayden/ROS2_demo/firstROS2_ws/install/my_cpp_pkg/share/my_cpp_pkg/hook/cmake_prefix_path.ps1'
[8.514s] INFO:colcon.colcon_core.shell:Creating environment descriptor '/home/hayden/ROS2_demo/firstROS2_ws/install/my_cpp_pkg/share/my_cpp_pkg/hook/cmake_prefix_path.dsv'
[8.515s] INFO:colcon.colcon_core.shell:Creating environment hook '/home/hayden/ROS2_demo/firstROS2_ws/install/my_cpp_pkg/share/my_cpp_pkg/hook/cmake_prefix_path.sh'
[8.516s] Level 1:colcon.colcon_core.environment:checking '/home/hayden/ROS2_demo/firstROS2_ws/install/my_cpp_pkg/lib'
[8.517s] Level 1:colcon.colcon_core.environment:checking '/home/hayden/ROS2_demo/firstROS2_ws/install/my_cpp_pkg/bin'
[8.517s] Level 1:colcon.colcon_core.environment:checking '/home/hayden/ROS2_demo/firstROS2_ws/install/my_cpp_pkg/lib/pkgconfig/my_cpp_pkg.pc'
[8.517s] Level 1:colcon.colcon_core.environment:checking '/home/hayden/ROS2_demo/firstROS2_ws/install/my_cpp_pkg/lib/python3.10/site-packages'
[8.517s] Level 1:colcon.colcon_core.environment:checking '/home/hayden/ROS2_demo/firstROS2_ws/install/my_cpp_pkg/bin'
[8.517s] INFO:colcon.colcon_core.shell:Creating package script '/home/hayden/ROS2_demo/firstROS2_ws/install/my_cpp_pkg/share/my_cpp_pkg/package.ps1'
[8.519s] INFO:colcon.colcon_core.shell:Creating package descriptor '/home/hayden/ROS2_demo/firstROS2_ws/install/my_cpp_pkg/share/my_cpp_pkg/package.dsv'
[8.520s] INFO:colcon.colcon_core.shell:Creating package script '/home/hayden/ROS2_demo/firstROS2_ws/install/my_cpp_pkg/share/my_cpp_pkg/package.sh'
[8.521s] INFO:colcon.colcon_core.shell:Creating package script '/home/hayden/ROS2_demo/firstROS2_ws/install/my_cpp_pkg/share/my_cpp_pkg/package.bash'
[8.522s] INFO:colcon.colcon_core.shell:Creating package script '/home/hayden/ROS2_demo/firstROS2_ws/install/my_cpp_pkg/share/my_cpp_pkg/package.zsh'
[8.523s] Level 1:colcon.colcon_core.environment:create_file_with_runtime_dependencies(/home/hayden/ROS2_demo/firstROS2_ws/install/my_cpp_pkg/share/colcon-core/packages/my_cpp_pkg)
[8.650s] Level 1:colcon.colcon_core.environment:create_environment_scripts_only(my_cpp_pkg)
[8.651s] Level 1:colcon.colcon_core.environment:checking '/home/hayden/ROS2_demo/firstROS2_ws/install/my_cpp_pkg' for CMake module files
[8.652s] Level 1:colcon.colcon_core.environment:checking '/home/hayden/ROS2_demo/firstROS2_ws/install/my_cpp_pkg' for CMake config files
[8.652s] Level 1:colcon.colcon_core.shell:create_environment_hook('my_cpp_pkg', 'cmake_prefix_path')
[8.653s] INFO:colcon.colcon_core.shell:Creating environment hook '/home/hayden/ROS2_demo/firstROS2_ws/install/my_cpp_pkg/share/my_cpp_pkg/hook/cmake_prefix_path.ps1'
[8.653s] INFO:colcon.colcon_core.shell:Creating environment descriptor '/home/hayden/ROS2_demo/firstROS2_ws/install/my_cpp_pkg/share/my_cpp_pkg/hook/cmake_prefix_path.dsv'
[8.654s] INFO:colcon.colcon_core.shell:Creating environment hook '/home/hayden/ROS2_demo/firstROS2_ws/install/my_cpp_pkg/share/my_cpp_pkg/hook/cmake_prefix_path.sh'
[8.656s] Level 1:colcon.colcon_core.environment:checking '/home/hayden/ROS2_demo/firstROS2_ws/install/my_cpp_pkg/lib'
[8.656s] Level 1:colcon.colcon_core.environment:checking '/home/hayden/ROS2_demo/firstROS2_ws/install/my_cpp_pkg/bin'
[8.656s] Level 1:colcon.colcon_core.environment:checking '/home/hayden/ROS2_demo/firstROS2_ws/install/my_cpp_pkg/lib/pkgconfig/my_cpp_pkg.pc'
[8.656s] Level 1:colcon.colcon_core.environment:checking '/home/hayden/ROS2_demo/firstROS2_ws/install/my_cpp_pkg/lib/python3.10/site-packages'
[8.656s] Level 1:colcon.colcon_core.environment:checking '/home/hayden/ROS2_demo/firstROS2_ws/install/my_cpp_pkg/bin'
[8.656s] INFO:colcon.colcon_core.shell:Creating package script '/home/hayden/ROS2_demo/firstROS2_ws/install/my_cpp_pkg/share/my_cpp_pkg/package.ps1'
[8.657s] INFO:colcon.colcon_core.shell:Creating package descriptor '/home/hayden/ROS2_demo/firstROS2_ws/install/my_cpp_pkg/share/my_cpp_pkg/package.dsv'
[8.659s] INFO:colcon.colcon_core.shell:Creating package script '/home/hayden/ROS2_demo/firstROS2_ws/install/my_cpp_pkg/share/my_cpp_pkg/package.sh'
[8.660s] INFO:colcon.colcon_core.shell:Creating package script '/home/hayden/ROS2_demo/firstROS2_ws/install/my_cpp_pkg/share/my_cpp_pkg/package.bash'
[8.661s] INFO:colcon.colcon_core.shell:Creating package script '/home/hayden/ROS2_demo/firstROS2_ws/install/my_cpp_pkg/share/my_cpp_pkg/package.zsh'
[8.662s] Level 1:colcon.colcon_core.environment:create_file_with_runtime_dependencies(/home/hayden/ROS2_demo/firstROS2_ws/install/my_cpp_pkg/share/colcon-core/packages/my_cpp_pkg)
[8.663s] DEBUG:colcon.colcon_parallel_executor.executor.parallel:closing loop
[8.663s] DEBUG:colcon.colcon_parallel_executor.executor.parallel:loop closed
[8.663s] DEBUG:colcon.colcon_parallel_executor.executor.parallel:run_until_complete finished with '0'
[8.663s] DEBUG:colcon.colcon_core.event_reactor:joining thread
[8.671s] INFO:colcon.colcon_core.plugin_system:Skipping extension 'colcon_notification.desktop_notification.terminal_notifier': Not used on non-Darwin systems
[8.671s] INFO:colcon.colcon_core.plugin_system:Skipping extension 'colcon_notification.desktop_notification.win32': Not used on non-Windows systems
[8.671s] INFO:colcon.colcon_notification.desktop_notification:Sending desktop notification using 'notify2'
[8.695s] DEBUG:colcon.colcon_core.event_reactor:joined thread
[8.695s] INFO:colcon.colcon_core.shell:Creating prefix script '/home/hayden/ROS2_demo/firstROS2_ws/install/local_setup.ps1'
[8.701s] INFO:colcon.colcon_core.shell:Creating prefix util module '/home/hayden/ROS2_demo/firstROS2_ws/install/_local_setup_util_ps1.py'
[8.703s] INFO:colcon.colcon_core.shell:Creating prefix chain script '/home/hayden/ROS2_demo/firstROS2_ws/install/setup.ps1'
[8.705s] INFO:colcon.colcon_core.shell:Creating prefix script '/home/hayden/ROS2_demo/firstROS2_ws/install/local_setup.sh'
[8.705s] INFO:colcon.colcon_core.shell:Creating prefix util module '/home/hayden/ROS2_demo/firstROS2_ws/install/_local_setup_util_sh.py'
[8.706s] INFO:colcon.colcon_core.shell:Creating prefix chain script '/home/hayden/ROS2_demo/firstROS2_ws/install/setup.sh'
[8.708s] INFO:colcon.colcon_core.shell:Creating prefix script '/home/hayden/ROS2_demo/firstROS2_ws/install/local_setup.bash'
[8.709s] INFO:colcon.colcon_core.shell:Creating prefix chain script '/home/hayden/ROS2_demo/firstROS2_ws/install/setup.bash'
[8.710s] INFO:colcon.colcon_core.shell:Creating prefix script '/home/hayden/ROS2_demo/firstROS2_ws/install/local_setup.zsh'
[8.711s] INFO:colcon.colcon_core.shell:Creating prefix chain script '/home/hayden/ROS2_demo/firstROS2_ws/install/setup.zsh'
