[0.160s] DEBUG:colcon:Command line arguments: ['/usr/bin/colcon', 'build', '--packages-select', 'my_cpp_pkg']
[0.160s] DEBUG:colcon:Parsed command line arguments: Namespace(log_base=None, log_level=None, verb_name='build', build_base='build', install_base='install', merge_install=False, symlink_install=False, test_result_base=None, continue_on_error=False, executor='parallel', parallel_workers=6, event_handlers=None, ignore_user_meta=False, metas=['./colcon.meta'], base_paths=['.'], packages_ignore=None, packages_ignore_regex=None, paths=None, packages_up_to=None, packages_up_to_regex=None, packages_above=None, packages_above_and_dependencies=None, packages_above_depth=None, packages_select_by_dep=None, packages_skip_by_dep=None, packages_skip_up_to=None, packages_select_build_failed=False, packages_skip_build_finished=False, packages_select_test_failures=False, packages_skip_test_passed=False, packages_select=['my_cpp_pkg'], packages_skip=None, packages_select_regex=None, packages_skip_regex=None, packages_start=None, packages_end=None, allow_overriding=[], cmake_args=None, cmake_target=None, cmake_target_skip_unavailable=False, cmake_clean_cache=False, cmake_clean_first=False, cmake_force_configure=False, ament_cmake_args=None, catkin_cmake_args=None, catkin_skip_building_tests=False, mixin_files=None, mixin=None, verb_parser=<colcon_mixin.mixin.mixin_argument.MixinArgumentDecorator object at 0x798d26309ab0>, verb_extension=<colcon_core.verb.build.BuildVerb object at 0x798d263fa230>, main=<bound method BuildVerb.main of <colcon_core.verb.build.BuildVerb object at 0x798d263fa230>>, mixin_verb=('build',))
[0.428s] Level 1:colcon.colcon_core.package_discovery:discover_packages(colcon_meta) check parameters
[0.429s] Level 1:colcon.colcon_core.package_discovery:discover_packages(recursive) check parameters
[0.429s] Level 1:colcon.colcon_core.package_discovery:discover_packages(ignore) check parameters
[0.429s] Level 1:colcon.colcon_core.package_discovery:discover_packages(path) check parameters
[0.429s] Level 1:colcon.colcon_core.package_discovery:discover_packages(colcon_meta) discover
[0.429s] Level 1:colcon.colcon_core.package_discovery:discover_packages(recursive) discover
[0.429s] INFO:colcon.colcon_core.package_discovery:Crawling recursively for packages in '/home/hayden/ROS2_demo/firstROS2_ws'
[0.429s] Level 1:colcon.colcon_core.package_identification:_identify(.) by extensions ['ignore', 'ignore_ament_install']
[0.429s] Level 1:colcon.colcon_core.package_identification:_identify(.) by extension 'ignore'
[0.429s] Level 1:colcon.colcon_core.package_identification:_identify(.) by extension 'ignore_ament_install'
[0.429s] Level 1:colcon.colcon_core.package_identification:_identify(.) by extensions ['colcon_pkg']
[0.429s] Level 1:colcon.colcon_core.package_identification:_identify(.) by extension 'colcon_pkg'
[0.430s] Level 1:colcon.colcon_core.package_identification:_identify(.) by extensions ['colcon_meta']
[0.430s] Level 1:colcon.colcon_core.package_identification:_identify(.) by extension 'colcon_meta'
[0.430s] Level 1:colcon.colcon_core.package_identification:_identify(.) by extensions ['ros']
[0.430s] Level 1:colcon.colcon_core.package_identification:_identify(.) by extension 'ros'
[0.444s] Level 1:colcon.colcon_core.package_identification:_identify(.) by extensions ['cmake', 'python']
[0.444s] Level 1:colcon.colcon_core.package_identification:_identify(.) by extension 'cmake'
[0.444s] Level 1:colcon.colcon_core.package_identification:_identify(.) by extension 'python'
[0.444s] Level 1:colcon.colcon_core.package_identification:_identify(.) by extensions ['python_setup_py']
[0.444s] Level 1:colcon.colcon_core.package_identification:_identify(.) by extension 'python_setup_py'
[0.444s] Level 1:colcon.colcon_core.package_identification:_identify(build) by extensions ['ignore', 'ignore_ament_install']
[0.444s] Level 1:colcon.colcon_core.package_identification:_identify(build) by extension 'ignore'
[0.444s] Level 1:colcon.colcon_core.package_identification:_identify(build) ignored
[0.444s] Level 1:colcon.colcon_core.package_identification:_identify(install) by extensions ['ignore', 'ignore_ament_install']
[0.444s] Level 1:colcon.colcon_core.package_identification:_identify(install) by extension 'ignore'
[0.445s] Level 1:colcon.colcon_core.package_identification:_identify(install) ignored
[0.445s] Level 1:colcon.colcon_core.package_identification:_identify(log) by extensions ['ignore', 'ignore_ament_install']
[0.445s] Level 1:colcon.colcon_core.package_identification:_identify(log) by extension 'ignore'
[0.445s] Level 1:colcon.colcon_core.package_identification:_identify(log) ignored
[0.445s] Level 1:colcon.colcon_core.package_identification:_identify(src) by extensions ['ignore', 'ignore_ament_install']
[0.445s] Level 1:colcon.colcon_core.package_identification:_identify(src) by extension 'ignore'
[0.445s] Level 1:colcon.colcon_core.package_identification:_identify(src) by extension 'ignore_ament_install'
[0.445s] Level 1:colcon.colcon_core.package_identification:_identify(src) by extensions ['colcon_pkg']
[0.445s] Level 1:colcon.colcon_core.package_identification:_identify(src) by extension 'colcon_pkg'
[0.445s] Level 1:colcon.colcon_core.package_identification:_identify(src) by extensions ['colcon_meta']
[0.445s] Level 1:colcon.colcon_core.package_identification:_identify(src) by extension 'colcon_meta'
[0.446s] Level 1:colcon.colcon_core.package_identification:_identify(src) by extensions ['ros']
[0.446s] Level 1:colcon.colcon_core.package_identification:_identify(src) by extension 'ros'
[0.446s] Level 1:colcon.colcon_core.package_identification:_identify(src) by extensions ['cmake', 'python']
[0.446s] Level 1:colcon.colcon_core.package_identification:_identify(src) by extension 'cmake'
[0.446s] Level 1:colcon.colcon_core.package_identification:_identify(src) by extension 'python'
[0.446s] Level 1:colcon.colcon_core.package_identification:_identify(src) by extensions ['python_setup_py']
[0.446s] Level 1:colcon.colcon_core.package_identification:_identify(src) by extension 'python_setup_py'
[0.446s] Level 1:colcon.colcon_core.package_identification:_identify(src/my_cpp_pkg) by extensions ['ignore', 'ignore_ament_install']
[0.446s] Level 1:colcon.colcon_core.package_identification:_identify(src/my_cpp_pkg) by extension 'ignore'
[0.446s] Level 1:colcon.colcon_core.package_identification:_identify(src/my_cpp_pkg) by extension 'ignore_ament_install'
[0.446s] Level 1:colcon.colcon_core.package_identification:_identify(src/my_cpp_pkg) by extensions ['colcon_pkg']
[0.446s] Level 1:colcon.colcon_core.package_identification:_identify(src/my_cpp_pkg) by extension 'colcon_pkg'
[0.446s] Level 1:colcon.colcon_core.package_identification:_identify(src/my_cpp_pkg) by extensions ['colcon_meta']
[0.446s] Level 1:colcon.colcon_core.package_identification:_identify(src/my_cpp_pkg) by extension 'colcon_meta'
[0.446s] Level 1:colcon.colcon_core.package_identification:_identify(src/my_cpp_pkg) by extensions ['ros']
[0.446s] Level 1:colcon.colcon_core.package_identification:_identify(src/my_cpp_pkg) by extension 'ros'
[0.450s] DEBUG:colcon.colcon_core.package_identification:Package 'src/my_cpp_pkg' with type 'ros.ament_cmake' and name 'my_cpp_pkg'
[0.450s] Level 1:colcon.colcon_core.package_identification:_identify(src/my_python_pkg) by extensions ['ignore', 'ignore_ament_install']
[0.450s] Level 1:colcon.colcon_core.package_identification:_identify(src/my_python_pkg) by extension 'ignore'
[0.450s] Level 1:colcon.colcon_core.package_identification:_identify(src/my_python_pkg) by extension 'ignore_ament_install'
[0.450s] Level 1:colcon.colcon_core.package_identification:_identify(src/my_python_pkg) by extensions ['colcon_pkg']
[0.450s] Level 1:colcon.colcon_core.package_identification:_identify(src/my_python_pkg) by extension 'colcon_pkg'
[0.450s] Level 1:colcon.colcon_core.package_identification:_identify(src/my_python_pkg) by extensions ['colcon_meta']
[0.450s] Level 1:colcon.colcon_core.package_identification:_identify(src/my_python_pkg) by extension 'colcon_meta'
[0.451s] Level 1:colcon.colcon_core.package_identification:_identify(src/my_python_pkg) by extensions ['ros']
[0.451s] Level 1:colcon.colcon_core.package_identification:_identify(src/my_python_pkg) by extension 'ros'
[0.451s] DEBUG:colcon.colcon_core.package_identification:Package 'src/my_python_pkg' with type 'ros.ament_python' and name 'my_python_pkg'
[0.451s] Level 1:colcon.colcon_core.package_discovery:discover_packages(recursive) using defaults
[0.451s] Level 1:colcon.colcon_core.package_discovery:discover_packages(ignore) discover
[0.451s] Level 1:colcon.colcon_core.package_discovery:discover_packages(ignore) using defaults
[0.451s] Level 1:colcon.colcon_core.package_discovery:discover_packages(path) discover
[0.452s] Level 1:colcon.colcon_core.package_discovery:discover_packages(path) using defaults
[0.485s] INFO:colcon.colcon_core.package_selection:Skipping not selected package 'my_python_pkg' in 'src/my_python_pkg'
[0.485s] Level 1:colcon.colcon_core.package_discovery:discover_packages(prefix_path) check parameters
[0.485s] Level 1:colcon.colcon_core.package_discovery:discover_packages(prefix_path) discover
[0.488s] DEBUG:colcon.colcon_installed_package_information.package_discovery:Found 2 installed packages in /home/hayden/ROS2_demo/firstROS2_ws/install
[0.493s] DEBUG:colcon.colcon_installed_package_information.package_discovery:Found 270 installed packages in /opt/ros/humble
[0.514s] Level 1:colcon.colcon_core.package_discovery:discover_packages(prefix_path) using defaults
[0.560s] Level 5:colcon.colcon_core.verb:set package 'my_cpp_pkg' build argument 'cmake_args' from command line to 'None'
[0.560s] Level 5:colcon.colcon_core.verb:set package 'my_cpp_pkg' build argument 'cmake_target' from command line to 'None'
[0.560s] Level 5:colcon.colcon_core.verb:set package 'my_cpp_pkg' build argument 'cmake_target_skip_unavailable' from command line to 'False'
[0.560s] Level 5:colcon.colcon_core.verb:set package 'my_cpp_pkg' build argument 'cmake_clean_cache' from command line to 'False'
[0.560s] Level 5:colcon.colcon_core.verb:set package 'my_cpp_pkg' build argument 'cmake_clean_first' from command line to 'False'
[0.560s] Level 5:colcon.colcon_core.verb:set package 'my_cpp_pkg' build argument 'cmake_force_configure' from command line to 'False'
[0.560s] Level 5:colcon.colcon_core.verb:set package 'my_cpp_pkg' build argument 'ament_cmake_args' from command line to 'None'
[0.560s] Level 5:colcon.colcon_core.verb:set package 'my_cpp_pkg' build argument 'catkin_cmake_args' from command line to 'None'
[0.560s] Level 5:colcon.colcon_core.verb:set package 'my_cpp_pkg' build argument 'catkin_skip_building_tests' from command line to 'False'
[0.561s] DEBUG:colcon.colcon_core.verb:Building package 'my_cpp_pkg' with the following arguments: {'ament_cmake_args': None, 'build_base': '/home/hayden/ROS2_demo/firstROS2_ws/build/my_cpp_pkg', 'catkin_cmake_args': None, 'catkin_skip_building_tests': False, 'cmake_args': None, 'cmake_clean_cache': False, 'cmake_clean_first': False, 'cmake_force_configure': False, 'cmake_target': None, 'cmake_target_skip_unavailable': False, 'install_base': '/home/hayden/ROS2_demo/firstROS2_ws/install/my_cpp_pkg', 'merge_install': False, 'path': '/home/hayden/ROS2_demo/firstROS2_ws/src/my_cpp_pkg', 'symlink_install': False, 'test_result_base': None}
[0.561s] INFO:colcon.colcon_core.executor:Executing jobs using 'parallel' executor
[0.564s] DEBUG:colcon.colcon_parallel_executor.executor.parallel:run_until_complete
[0.565s] INFO:colcon.colcon_ros.task.ament_cmake.build:Building ROS package in '/home/hayden/ROS2_demo/firstROS2_ws/src/my_cpp_pkg' with build type 'ament_cmake'
[0.566s] INFO:colcon.colcon_cmake.task.cmake.build:Building CMake package in '/home/hayden/ROS2_demo/firstROS2_ws/src/my_cpp_pkg'
[0.570s] INFO:colcon.colcon_core.plugin_system:Skipping extension 'colcon_core.shell.bat': Not used on non-Windows systems
[0.571s] INFO:colcon.colcon_core.shell:Skip shell extension 'powershell' for command environment: Not usable outside of PowerShell
[0.571s] DEBUG:colcon.colcon_core.shell:Skip shell extension 'dsv' for command environment
[0.610s] DEBUG:colcon.colcon_core.event_handler.log_command:Invoking command in '/home/hayden/ROS2_demo/firstROS2_ws/build/my_cpp_pkg': CMAKE_PREFIX_PATH=${CMAKE_PREFIX_PATH}:/home/hayden/ROS2_demo/firstROS2_ws/install/my_python_pkg:/opt/ros/humble /usr/bin/cmake --build /home/hayden/ROS2_demo/firstROS2_ws/build/my_cpp_pkg -- -j6 -l6
[4.706s] DEBUG:colcon.colcon_core.event_handler.log_command:Invoked command in '/home/hayden/ROS2_demo/firstROS2_ws/build/my_cpp_pkg' returned '0': CMAKE_PREFIX_PATH=${CMAKE_PREFIX_PATH}:/home/hayden/ROS2_demo/firstROS2_ws/install/my_python_pkg:/opt/ros/humble /usr/bin/cmake --build /home/hayden/ROS2_demo/firstROS2_ws/build/my_cpp_pkg -- -j6 -l6
[4.878s] DEBUG:colcon.colcon_core.event_handler.log_command:Invoking command in '/home/hayden/ROS2_demo/firstROS2_ws/build/my_cpp_pkg': CMAKE_PREFIX_PATH=${CMAKE_PREFIX_PATH}:/home/hayden/ROS2_demo/firstROS2_ws/install/my_python_pkg:/opt/ros/humble /usr/bin/cmake --install /home/hayden/ROS2_demo/firstROS2_ws/build/my_cpp_pkg
[4.899s] Level 1:colcon.colcon_core.environment:create_environment_scripts_only(my_cpp_pkg)
[4.901s] DEBUG:colcon.colcon_core.event_handler.log_command:Invoked command in '/home/hayden/ROS2_demo/firstROS2_ws/build/my_cpp_pkg' returned '0': CMAKE_PREFIX_PATH=${CMAKE_PREFIX_PATH}:/home/hayden/ROS2_demo/firstROS2_ws/install/my_python_pkg:/opt/ros/humble /usr/bin/cmake --install /home/hayden/ROS2_demo/firstROS2_ws/build/my_cpp_pkg
[4.903s] Level 1:colcon.colcon_core.environment:checking '/home/hayden/ROS2_demo/firstROS2_ws/install/my_cpp_pkg' for CMake module files
[4.904s] Level 1:colcon.colcon_core.environment:checking '/home/hayden/ROS2_demo/firstROS2_ws/install/my_cpp_pkg' for CMake config files
[4.905s] Level 1:colcon.colcon_core.shell:create_environment_hook('my_cpp_pkg', 'cmake_prefix_path')
[4.905s] INFO:colcon.colcon_core.shell:Creating environment hook '/home/hayden/ROS2_demo/firstROS2_ws/install/my_cpp_pkg/share/my_cpp_pkg/hook/cmake_prefix_path.ps1'
[4.906s] INFO:colcon.colcon_core.shell:Creating environment descriptor '/home/hayden/ROS2_demo/firstROS2_ws/install/my_cpp_pkg/share/my_cpp_pkg/hook/cmake_prefix_path.dsv'
[4.907s] INFO:colcon.colcon_core.shell:Creating environment hook '/home/hayden/ROS2_demo/firstROS2_ws/install/my_cpp_pkg/share/my_cpp_pkg/hook/cmake_prefix_path.sh'
[4.909s] Level 1:colcon.colcon_core.environment:checking '/home/hayden/ROS2_demo/firstROS2_ws/install/my_cpp_pkg/lib'
[4.909s] Level 1:colcon.colcon_core.environment:checking '/home/hayden/ROS2_demo/firstROS2_ws/install/my_cpp_pkg/bin'
[4.909s] Level 1:colcon.colcon_core.environment:checking '/home/hayden/ROS2_demo/firstROS2_ws/install/my_cpp_pkg/lib/pkgconfig/my_cpp_pkg.pc'
[4.909s] Level 1:colcon.colcon_core.environment:checking '/home/hayden/ROS2_demo/firstROS2_ws/install/my_cpp_pkg/lib/python3.10/site-packages'
[4.910s] Level 1:colcon.colcon_core.environment:checking '/home/hayden/ROS2_demo/firstROS2_ws/install/my_cpp_pkg/bin'
[4.910s] INFO:colcon.colcon_core.shell:Creating package script '/home/hayden/ROS2_demo/firstROS2_ws/install/my_cpp_pkg/share/my_cpp_pkg/package.ps1'
[4.911s] INFO:colcon.colcon_core.shell:Creating package descriptor '/home/hayden/ROS2_demo/firstROS2_ws/install/my_cpp_pkg/share/my_cpp_pkg/package.dsv'
[4.912s] INFO:colcon.colcon_core.shell:Creating package script '/home/hayden/ROS2_demo/firstROS2_ws/install/my_cpp_pkg/share/my_cpp_pkg/package.sh'
[4.914s] INFO:colcon.colcon_core.shell:Creating package script '/home/hayden/ROS2_demo/firstROS2_ws/install/my_cpp_pkg/share/my_cpp_pkg/package.bash'
[4.915s] INFO:colcon.colcon_core.shell:Creating package script '/home/hayden/ROS2_demo/firstROS2_ws/install/my_cpp_pkg/share/my_cpp_pkg/package.zsh'
[4.916s] Level 1:colcon.colcon_core.environment:create_file_with_runtime_dependencies(/home/hayden/ROS2_demo/firstROS2_ws/install/my_cpp_pkg/share/colcon-core/packages/my_cpp_pkg)
[5.065s] Level 1:colcon.colcon_core.environment:create_environment_scripts_only(my_cpp_pkg)
[5.065s] Level 1:colcon.colcon_core.environment:checking '/home/hayden/ROS2_demo/firstROS2_ws/install/my_cpp_pkg' for CMake module files
[5.065s] Level 1:colcon.colcon_core.environment:checking '/home/hayden/ROS2_demo/firstROS2_ws/install/my_cpp_pkg' for CMake config files
[5.066s] Level 1:colcon.colcon_core.shell:create_environment_hook('my_cpp_pkg', 'cmake_prefix_path')
[5.066s] INFO:colcon.colcon_core.shell:Creating environment hook '/home/hayden/ROS2_demo/firstROS2_ws/install/my_cpp_pkg/share/my_cpp_pkg/hook/cmake_prefix_path.ps1'
[5.071s] INFO:colcon.colcon_core.shell:Creating environment descriptor '/home/hayden/ROS2_demo/firstROS2_ws/install/my_cpp_pkg/share/my_cpp_pkg/hook/cmake_prefix_path.dsv'
[5.072s] INFO:colcon.colcon_core.shell:Creating environment hook '/home/hayden/ROS2_demo/firstROS2_ws/install/my_cpp_pkg/share/my_cpp_pkg/hook/cmake_prefix_path.sh'
[5.073s] Level 1:colcon.colcon_core.environment:checking '/home/hayden/ROS2_demo/firstROS2_ws/install/my_cpp_pkg/lib'
[5.073s] Level 1:colcon.colcon_core.environment:checking '/home/hayden/ROS2_demo/firstROS2_ws/install/my_cpp_pkg/bin'
[5.073s] Level 1:colcon.colcon_core.environment:checking '/home/hayden/ROS2_demo/firstROS2_ws/install/my_cpp_pkg/lib/pkgconfig/my_cpp_pkg.pc'
[5.074s] Level 1:colcon.colcon_core.environment:checking '/home/hayden/ROS2_demo/firstROS2_ws/install/my_cpp_pkg/lib/python3.10/site-packages'
[5.074s] Level 1:colcon.colcon_core.environment:checking '/home/hayden/ROS2_demo/firstROS2_ws/install/my_cpp_pkg/bin'
[5.074s] INFO:colcon.colcon_core.shell:Creating package script '/home/hayden/ROS2_demo/firstROS2_ws/install/my_cpp_pkg/share/my_cpp_pkg/package.ps1'
[5.075s] INFO:colcon.colcon_core.shell:Creating package descriptor '/home/hayden/ROS2_demo/firstROS2_ws/install/my_cpp_pkg/share/my_cpp_pkg/package.dsv'
[5.076s] INFO:colcon.colcon_core.shell:Creating package script '/home/hayden/ROS2_demo/firstROS2_ws/install/my_cpp_pkg/share/my_cpp_pkg/package.sh'
[5.077s] INFO:colcon.colcon_core.shell:Creating package script '/home/hayden/ROS2_demo/firstROS2_ws/install/my_cpp_pkg/share/my_cpp_pkg/package.bash'
[5.083s] INFO:colcon.colcon_core.shell:Creating package script '/home/hayden/ROS2_demo/firstROS2_ws/install/my_cpp_pkg/share/my_cpp_pkg/package.zsh'
[5.084s] Level 1:colcon.colcon_core.environment:create_file_with_runtime_dependencies(/home/hayden/ROS2_demo/firstROS2_ws/install/my_cpp_pkg/share/colcon-core/packages/my_cpp_pkg)
[5.085s] DEBUG:colcon.colcon_parallel_executor.executor.parallel:closing loop
[5.087s] DEBUG:colcon.colcon_parallel_executor.executor.parallel:loop closed
[5.087s] DEBUG:colcon.colcon_parallel_executor.executor.parallel:run_until_complete finished with '0'
[5.088s] DEBUG:colcon.colcon_core.event_reactor:joining thread
[5.095s] INFO:colcon.colcon_core.plugin_system:Skipping extension 'colcon_notification.desktop_notification.terminal_notifier': Not used on non-Darwin systems
[5.095s] INFO:colcon.colcon_core.plugin_system:Skipping extension 'colcon_notification.desktop_notification.win32': Not used on non-Windows systems
[5.095s] INFO:colcon.colcon_notification.desktop_notification:Sending desktop notification using 'notify2'
[5.120s] DEBUG:colcon.colcon_core.event_reactor:joined thread
[5.120s] INFO:colcon.colcon_core.shell:Creating prefix script '/home/hayden/ROS2_demo/firstROS2_ws/install/local_setup.ps1'
[5.122s] INFO:colcon.colcon_core.shell:Creating prefix util module '/home/hayden/ROS2_demo/firstROS2_ws/install/_local_setup_util_ps1.py'
[5.123s] INFO:colcon.colcon_core.shell:Creating prefix chain script '/home/hayden/ROS2_demo/firstROS2_ws/install/setup.ps1'
[5.124s] INFO:colcon.colcon_core.shell:Creating prefix script '/home/hayden/ROS2_demo/firstROS2_ws/install/local_setup.sh'
[5.128s] INFO:colcon.colcon_core.shell:Creating prefix util module '/home/hayden/ROS2_demo/firstROS2_ws/install/_local_setup_util_sh.py'
[5.129s] INFO:colcon.colcon_core.shell:Creating prefix chain script '/home/hayden/ROS2_demo/firstROS2_ws/install/setup.sh'
[5.131s] INFO:colcon.colcon_core.shell:Creating prefix script '/home/hayden/ROS2_demo/firstROS2_ws/install/local_setup.bash'
[5.132s] INFO:colcon.colcon_core.shell:Creating prefix chain script '/home/hayden/ROS2_demo/firstROS2_ws/install/setup.bash'
[5.143s] INFO:colcon.colcon_core.shell:Creating prefix script '/home/hayden/ROS2_demo/firstROS2_ws/install/local_setup.zsh'
[5.144s] INFO:colcon.colcon_core.shell:Creating prefix chain script '/home/hayden/ROS2_demo/firstROS2_ws/install/setup.zsh'
