[0.007s] Invoking command in '/home/hayden/ROS2_demo/turtlebot3_ws/src/build/turtlebot3_fake_node': CMAKE_PREFIX_PATH=${CMAKE_PREFIX_PATH}:/home/hayden/ROS2_demo/firstROS2_ws/install/my_python_pkg:/opt/ros/humble /usr/bin/cmake /home/hayden/ROS2_demo/turtlebot3_ws/src/turtlebot3_fake_node -DCMAKE_INSTALL_PREFIX=/home/hayden/ROS2_demo/turtlebot3_ws/src/install/turtlebot3_fake_node
[0.013s] -- Found ament_cmake: 1.3.10 (/opt/ros/humble/share/ament_cmake/cmake)
[0.091s] -- Found geometry_msgs: 4.2.4 (/opt/ros/humble/share/geometry_msgs/cmake)
[0.105s] -- Found rosidl_generator_c: 3.1.5 (/opt/ros/humble/share/rosidl_generator_c/cmake)
[0.106s] -- Found rosidl_adapter: 3.1.5 (/opt/ros/humble/share/rosidl_adapter/cmake)
[0.109s] -- Found rosidl_generator_cpp: 3.1.5 (/opt/ros/humble/share/rosidl_generator_cpp/cmake)
[0.113s] -- Using all available rosidl_typesupport_c: rosidl_typesupport_fastrtps_c;rosidl_typesupport_introspection_c
[0.120s] -- Using all available rosidl_typesupport_cpp: rosidl_typesupport_fastrtps_cpp;rosidl_typesupport_introspection_cpp
[0.136s] -- Found nav_msgs: 4.2.4 (/opt/ros/humble/share/nav_msgs/cmake)
[0.143s] -- Found rclcpp: 16.0.10 (/opt/ros/humble/share/rclcpp/cmake)
[0.157s] -- Found rmw_implementation_cmake: 6.1.2 (/opt/ros/humble/share/rmw_implementation_cmake/cmake)
[0.157s] -- Found rmw_fastrtps_cpp: 6.2.7 (/opt/ros/humble/share/rmw_fastrtps_cpp/cmake)
[0.216s] -- Using RMW implementation 'rmw_fastrtps_cpp' as default
[0.234s] -- Found sensor_msgs: 4.2.4 (/opt/ros/humble/share/sensor_msgs/cmake)
[0.241s] -- Found tf2: 0.25.8 (/opt/ros/humble/share/tf2/cmake)
[0.243s] -- Found tf2_msgs: 0.25.8 (/opt/ros/humble/share/tf2_msgs/cmake)
[0.266s] -- Configuring incomplete, errors occurred!
[0.267s] See also "/home/hayden/ROS2_demo/turtlebot3_ws/src/build/turtlebot3_fake_node/CMakeFiles/CMakeOutput.log".
[0.267s] [31mCMake Error at CMakeLists.txt:25 (find_package):
[0.267s]   By not providing "Findturtlebot3_msgs.cmake" in CMAKE_MODULE_PATH this
[0.267s]   project has asked CMake to find a package configuration file provided by
[0.267s]   "turtlebot3_msgs", but CMake did not find one.
[0.267s] 
[0.267s]   Could not find a package configuration file provided by "turtlebot3_msgs"
[0.267s]   with any of the following names:
[0.267s] 
[0.267s]     turtlebot3_msgsConfig.cmake
[0.267s]     turtlebot3_msgs-config.cmake
[0.267s] 
[0.267s]   Add the installation prefix of "turtlebot3_msgs" to CMAKE_PREFIX_PATH or
[0.267s]   set "turtlebot3_msgs_DIR" to a directory containing one of the above files.
[0.267s]   If "turtlebot3_msgs" provides a separate development package or SDK, be
[0.267s]   sure it has been installed.
[0.267s] 
[0.267s] [0m
[0.271s] Invoked command in '/home/hayden/ROS2_demo/turtlebot3_ws/src/build/turtlebot3_fake_node' returned '1': CMAKE_PREFIX_PATH=${CMAKE_PREFIX_PATH}:/home/hayden/ROS2_demo/firstROS2_ws/install/my_python_pkg:/opt/ros/humble /usr/bin/cmake /home/hayden/ROS2_demo/turtlebot3_ws/src/turtlebot3_fake_node -DCMAKE_INSTALL_PREFIX=/home/hayden/ROS2_demo/turtlebot3_ws/src/install/turtlebot3_fake_node
