[0.111s] DEBUG:colcon:Command line arguments: ['/usr/bin/colcon', 'build']
[0.111s] DEBUG:colcon:Parsed command line arguments: Namespace(log_base=None, log_level=None, verb_name='build', build_base='build', install_base='install', merge_install=False, symlink_install=False, test_result_base=None, continue_on_error=False, executor='parallel', parallel_workers=2, event_handlers=None, ignore_user_meta=False, metas=['./colcon.meta'], base_paths=['.'], packages_ignore=None, packages_ignore_regex=None, paths=None, packages_up_to=None, packages_up_to_regex=None, packages_above=None, packages_above_and_dependencies=None, packages_above_depth=None, packages_select_by_dep=None, packages_skip_by_dep=None, packages_skip_up_to=None, packages_select_build_failed=False, packages_skip_build_finished=False, packages_select_test_failures=False, packages_skip_test_passed=False, packages_select=None, packages_skip=None, packages_select_regex=None, packages_skip_regex=None, packages_start=None, packages_end=None, allow_overriding=[], cmake_args=None, cmake_target=None, cmake_target_skip_unavailable=False, cmake_clean_cache=False, cmake_clean_first=False, cmake_force_configure=False, ament_cmake_args=None, catkin_cmake_args=None, catkin_skip_building_tests=False, mixin_files=None, mixin=None, verb_parser=<colcon_mixin.mixin.mixin_argument.MixinArgumentDecorator object at 0x7b02990424d0>, verb_extension=<colcon_core.verb.build.BuildVerb object at 0x7b0299041ed0>, main=<bound method BuildVerb.main of <colcon_core.verb.build.BuildVerb object at 0x7b0299041ed0>>, mixin_verb=('build',))
[0.359s] Level 1:colcon.colcon_core.package_discovery:discover_packages(colcon_meta) check parameters
[0.359s] Level 1:colcon.colcon_core.package_discovery:discover_packages(recursive) check parameters
[0.359s] Level 1:colcon.colcon_core.package_discovery:discover_packages(ignore) check parameters
[0.359s] Level 1:colcon.colcon_core.package_discovery:discover_packages(path) check parameters
[0.359s] Level 1:colcon.colcon_core.package_discovery:discover_packages(colcon_meta) discover
[0.359s] Level 1:colcon.colcon_core.package_discovery:discover_packages(recursive) discover
[0.359s] INFO:colcon.colcon_core.package_discovery:Crawling recursively for packages in '/home/hayden/ROS2_demo/sim_ws'
[0.359s] Level 1:colcon.colcon_core.package_identification:_identify(.) by extensions ['ignore', 'ignore_ament_install']
[0.360s] Level 1:colcon.colcon_core.package_identification:_identify(.) by extension 'ignore'
[0.360s] Level 1:colcon.colcon_core.package_identification:_identify(.) by extension 'ignore_ament_install'
[0.360s] Level 1:colcon.colcon_core.package_identification:_identify(.) by extensions ['colcon_pkg']
[0.360s] Level 1:colcon.colcon_core.package_identification:_identify(.) by extension 'colcon_pkg'
[0.360s] Level 1:colcon.colcon_core.package_identification:_identify(.) by extensions ['colcon_meta']
[0.360s] Level 1:colcon.colcon_core.package_identification:_identify(.) by extension 'colcon_meta'
[0.360s] Level 1:colcon.colcon_core.package_identification:_identify(.) by extensions ['ros']
[0.360s] Level 1:colcon.colcon_core.package_identification:_identify(.) by extension 'ros'
[0.371s] Level 1:colcon.colcon_core.package_identification:_identify(.) by extensions ['cmake', 'python']
[0.371s] Level 1:colcon.colcon_core.package_identification:_identify(.) by extension 'cmake'
[0.371s] Level 1:colcon.colcon_core.package_identification:_identify(.) by extension 'python'
[0.371s] Level 1:colcon.colcon_core.package_identification:_identify(.) by extensions ['python_setup_py']
[0.371s] Level 1:colcon.colcon_core.package_identification:_identify(.) by extension 'python_setup_py'
[0.372s] Level 1:colcon.colcon_core.package_identification:_identify(build) by extensions ['ignore', 'ignore_ament_install']
[0.372s] Level 1:colcon.colcon_core.package_identification:_identify(build) by extension 'ignore'
[0.372s] Level 1:colcon.colcon_core.package_identification:_identify(build) ignored
[0.372s] Level 1:colcon.colcon_core.package_identification:_identify(install) by extensions ['ignore', 'ignore_ament_install']
[0.372s] Level 1:colcon.colcon_core.package_identification:_identify(install) by extension 'ignore'
[0.372s] Level 1:colcon.colcon_core.package_identification:_identify(install) ignored
[0.372s] Level 1:colcon.colcon_core.package_identification:_identify(log) by extensions ['ignore', 'ignore_ament_install']
[0.372s] Level 1:colcon.colcon_core.package_identification:_identify(log) by extension 'ignore'
[0.372s] Level 1:colcon.colcon_core.package_identification:_identify(log) ignored
[0.373s] Level 1:colcon.colcon_core.package_identification:_identify(src) by extensions ['ignore', 'ignore_ament_install']
[0.373s] Level 1:colcon.colcon_core.package_identification:_identify(src) by extension 'ignore'
[0.373s] Level 1:colcon.colcon_core.package_identification:_identify(src) by extension 'ignore_ament_install'
[0.373s] Level 1:colcon.colcon_core.package_identification:_identify(src) by extensions ['colcon_pkg']
[0.373s] Level 1:colcon.colcon_core.package_identification:_identify(src) by extension 'colcon_pkg'
[0.373s] Level 1:colcon.colcon_core.package_identification:_identify(src) by extensions ['colcon_meta']
[0.373s] Level 1:colcon.colcon_core.package_identification:_identify(src) by extension 'colcon_meta'
[0.373s] Level 1:colcon.colcon_core.package_identification:_identify(src) by extensions ['ros']
[0.373s] Level 1:colcon.colcon_core.package_identification:_identify(src) by extension 'ros'
[0.373s] Level 1:colcon.colcon_core.package_identification:_identify(src) by extensions ['cmake', 'python']
[0.373s] Level 1:colcon.colcon_core.package_identification:_identify(src) by extension 'cmake'
[0.373s] Level 1:colcon.colcon_core.package_identification:_identify(src) by extension 'python'
[0.373s] Level 1:colcon.colcon_core.package_identification:_identify(src) by extensions ['python_setup_py']
[0.373s] Level 1:colcon.colcon_core.package_identification:_identify(src) by extension 'python_setup_py'
[0.373s] Level 1:colcon.colcon_core.package_identification:_identify(src/my_robot_bringup) by extensions ['ignore', 'ignore_ament_install']
[0.373s] Level 1:colcon.colcon_core.package_identification:_identify(src/my_robot_bringup) by extension 'ignore'
[0.373s] Level 1:colcon.colcon_core.package_identification:_identify(src/my_robot_bringup) by extension 'ignore_ament_install'
[0.374s] Level 1:colcon.colcon_core.package_identification:_identify(src/my_robot_bringup) by extensions ['colcon_pkg']
[0.374s] Level 1:colcon.colcon_core.package_identification:_identify(src/my_robot_bringup) by extension 'colcon_pkg'
[0.374s] Level 1:colcon.colcon_core.package_identification:_identify(src/my_robot_bringup) by extensions ['colcon_meta']
[0.374s] Level 1:colcon.colcon_core.package_identification:_identify(src/my_robot_bringup) by extension 'colcon_meta'
[0.374s] Level 1:colcon.colcon_core.package_identification:_identify(src/my_robot_bringup) by extensions ['ros']
[0.374s] Level 1:colcon.colcon_core.package_identification:_identify(src/my_robot_bringup) by extension 'ros'
[0.376s] DEBUG:colcon.colcon_core.package_identification:Package 'src/my_robot_bringup' with type 'ros.ament_cmake' and name 'my_robot_bringup'
[0.377s] Level 1:colcon.colcon_core.package_identification:_identify(src/my_robot_description) by extensions ['ignore', 'ignore_ament_install']
[0.377s] Level 1:colcon.colcon_core.package_identification:_identify(src/my_robot_description) by extension 'ignore'
[0.377s] Level 1:colcon.colcon_core.package_identification:_identify(src/my_robot_description) by extension 'ignore_ament_install'
[0.377s] Level 1:colcon.colcon_core.package_identification:_identify(src/my_robot_description) by extensions ['colcon_pkg']
[0.377s] Level 1:colcon.colcon_core.package_identification:_identify(src/my_robot_description) by extension 'colcon_pkg'
[0.377s] Level 1:colcon.colcon_core.package_identification:_identify(src/my_robot_description) by extensions ['colcon_meta']
[0.377s] Level 1:colcon.colcon_core.package_identification:_identify(src/my_robot_description) by extension 'colcon_meta'
[0.377s] Level 1:colcon.colcon_core.package_identification:_identify(src/my_robot_description) by extensions ['ros']
[0.377s] Level 1:colcon.colcon_core.package_identification:_identify(src/my_robot_description) by extension 'ros'
[0.378s] DEBUG:colcon.colcon_core.package_identification:Package 'src/my_robot_description' with type 'ros.ament_cmake' and name 'my_robot_description'
[0.378s] Level 1:colcon.colcon_core.package_discovery:discover_packages(recursive) using defaults
[0.378s] Level 1:colcon.colcon_core.package_discovery:discover_packages(ignore) discover
[0.378s] Level 1:colcon.colcon_core.package_discovery:discover_packages(ignore) using defaults
[0.378s] Level 1:colcon.colcon_core.package_discovery:discover_packages(path) discover
[0.378s] Level 1:colcon.colcon_core.package_discovery:discover_packages(path) using defaults
[0.407s] Level 1:colcon.colcon_core.package_discovery:discover_packages(prefix_path) check parameters
[0.408s] Level 1:colcon.colcon_core.package_discovery:discover_packages(prefix_path) discover
[0.409s] DEBUG:colcon.colcon_installed_package_information.package_discovery:Found 2 installed packages in /home/hayden/ROS2_demo/sim_ws/install
[0.410s] DEBUG:colcon.colcon_installed_package_information.package_discovery:Found 4 installed packages in /home/hayden/ROS2_demo/firstROS2_ws/install
[0.412s] DEBUG:colcon.colcon_installed_package_information.package_discovery:Found 320 installed packages in /opt/ros/humble
[0.413s] Level 1:colcon.colcon_core.package_discovery:discover_packages(prefix_path) using defaults
[0.454s] Level 5:colcon.colcon_core.verb:set package 'my_robot_description' build argument 'cmake_args' from command line to 'None'
[0.454s] Level 5:colcon.colcon_core.verb:set package 'my_robot_description' build argument 'cmake_target' from command line to 'None'
[0.454s] Level 5:colcon.colcon_core.verb:set package 'my_robot_description' build argument 'cmake_target_skip_unavailable' from command line to 'False'
[0.454s] Level 5:colcon.colcon_core.verb:set package 'my_robot_description' build argument 'cmake_clean_cache' from command line to 'False'
[0.454s] Level 5:colcon.colcon_core.verb:set package 'my_robot_description' build argument 'cmake_clean_first' from command line to 'False'
[0.454s] Level 5:colcon.colcon_core.verb:set package 'my_robot_description' build argument 'cmake_force_configure' from command line to 'False'
[0.454s] Level 5:colcon.colcon_core.verb:set package 'my_robot_description' build argument 'ament_cmake_args' from command line to 'None'
[0.454s] Level 5:colcon.colcon_core.verb:set package 'my_robot_description' build argument 'catkin_cmake_args' from command line to 'None'
[0.454s] Level 5:colcon.colcon_core.verb:set package 'my_robot_description' build argument 'catkin_skip_building_tests' from command line to 'False'
[0.454s] DEBUG:colcon.colcon_core.verb:Building package 'my_robot_description' with the following arguments: {'ament_cmake_args': None, 'build_base': '/home/hayden/ROS2_demo/sim_ws/build/my_robot_description', 'catkin_cmake_args': None, 'catkin_skip_building_tests': False, 'cmake_args': None, 'cmake_clean_cache': False, 'cmake_clean_first': False, 'cmake_force_configure': False, 'cmake_target': None, 'cmake_target_skip_unavailable': False, 'install_base': '/home/hayden/ROS2_demo/sim_ws/install/my_robot_description', 'merge_install': False, 'path': '/home/hayden/ROS2_demo/sim_ws/src/my_robot_description', 'symlink_install': False, 'test_result_base': None}
[0.455s] Level 5:colcon.colcon_core.verb:set package 'my_robot_bringup' build argument 'cmake_args' from command line to 'None'
[0.455s] Level 5:colcon.colcon_core.verb:set package 'my_robot_bringup' build argument 'cmake_target' from command line to 'None'
[0.455s] Level 5:colcon.colcon_core.verb:set package 'my_robot_bringup' build argument 'cmake_target_skip_unavailable' from command line to 'False'
[0.455s] Level 5:colcon.colcon_core.verb:set package 'my_robot_bringup' build argument 'cmake_clean_cache' from command line to 'False'
[0.455s] Level 5:colcon.colcon_core.verb:set package 'my_robot_bringup' build argument 'cmake_clean_first' from command line to 'False'
[0.455s] Level 5:colcon.colcon_core.verb:set package 'my_robot_bringup' build argument 'cmake_force_configure' from command line to 'False'
[0.455s] Level 5:colcon.colcon_core.verb:set package 'my_robot_bringup' build argument 'ament_cmake_args' from command line to 'None'
[0.455s] Level 5:colcon.colcon_core.verb:set package 'my_robot_bringup' build argument 'catkin_cmake_args' from command line to 'None'
[0.455s] Level 5:colcon.colcon_core.verb:set package 'my_robot_bringup' build argument 'catkin_skip_building_tests' from command line to 'False'
[0.455s] DEBUG:colcon.colcon_core.verb:Building package 'my_robot_bringup' with the following arguments: {'ament_cmake_args': None, 'build_base': '/home/hayden/ROS2_demo/sim_ws/build/my_robot_bringup', 'catkin_cmake_args': None, 'catkin_skip_building_tests': False, 'cmake_args': None, 'cmake_clean_cache': False, 'cmake_clean_first': False, 'cmake_force_configure': False, 'cmake_target': None, 'cmake_target_skip_unavailable': False, 'install_base': '/home/hayden/ROS2_demo/sim_ws/install/my_robot_bringup', 'merge_install': False, 'path': '/home/hayden/ROS2_demo/sim_ws/src/my_robot_bringup', 'symlink_install': False, 'test_result_base': None}
[0.455s] INFO:colcon.colcon_core.executor:Executing jobs using 'parallel' executor
[0.456s] DEBUG:colcon.colcon_parallel_executor.executor.parallel:run_until_complete
[0.457s] INFO:colcon.colcon_ros.task.ament_cmake.build:Building ROS package in '/home/hayden/ROS2_demo/sim_ws/src/my_robot_description' with build type 'ament_cmake'
[0.457s] INFO:colcon.colcon_cmake.task.cmake.build:Building CMake package in '/home/hayden/ROS2_demo/sim_ws/src/my_robot_description'
[0.500s] INFO:colcon.colcon_core.plugin_system:Skipping extension 'colcon_core.shell.bat': Not used on non-Windows systems
[0.500s] INFO:colcon.colcon_core.shell:Skip shell extension 'powershell' for command environment: Not usable outside of PowerShell
[0.500s] DEBUG:colcon.colcon_core.shell:Skip shell extension 'dsv' for command environment
[0.548s] DEBUG:colcon.colcon_core.event_handler.log_command:Invoking command in '/home/hayden/ROS2_demo/sim_ws/build/my_robot_description': CMAKE_PREFIX_PATH=${CMAKE_PREFIX_PATH}:/home/hayden/ROS2_demo/firstROS2_ws/install/my_python_pkg:/opt/ros/humble /usr/bin/cmake /home/hayden/ROS2_demo/sim_ws/src/my_robot_description -DCMAKE_INSTALL_PREFIX=/home/hayden/ROS2_demo/sim_ws/install/my_robot_description
[1.607s] DEBUG:colcon.colcon_core.event_handler.log_command:Invoked command in '/home/hayden/ROS2_demo/sim_ws/build/my_robot_description' returned '0': CMAKE_PREFIX_PATH=${CMAKE_PREFIX_PATH}:/home/hayden/ROS2_demo/firstROS2_ws/install/my_python_pkg:/opt/ros/humble /usr/bin/cmake /home/hayden/ROS2_demo/sim_ws/src/my_robot_description -DCMAKE_INSTALL_PREFIX=/home/hayden/ROS2_demo/sim_ws/install/my_robot_description
[1.607s] DEBUG:colcon.colcon_core.event_handler.log_command:Invoking command in '/home/hayden/ROS2_demo/sim_ws/build/my_robot_description': CMAKE_PREFIX_PATH=${CMAKE_PREFIX_PATH}:/home/hayden/ROS2_demo/firstROS2_ws/install/my_python_pkg:/opt/ros/humble /usr/bin/cmake --build /home/hayden/ROS2_demo/sim_ws/build/my_robot_description -- -j2 -l2
[1.689s] DEBUG:colcon.colcon_core.event_handler.log_command:Invoked command in '/home/hayden/ROS2_demo/sim_ws/build/my_robot_description' returned '0': CMAKE_PREFIX_PATH=${CMAKE_PREFIX_PATH}:/home/hayden/ROS2_demo/firstROS2_ws/install/my_python_pkg:/opt/ros/humble /usr/bin/cmake --build /home/hayden/ROS2_demo/sim_ws/build/my_robot_description -- -j2 -l2
[1.726s] DEBUG:colcon.colcon_core.event_handler.log_command:Invoking command in '/home/hayden/ROS2_demo/sim_ws/build/my_robot_description': CMAKE_PREFIX_PATH=${CMAKE_PREFIX_PATH}:/home/hayden/ROS2_demo/firstROS2_ws/install/my_python_pkg:/opt/ros/humble /usr/bin/cmake --install /home/hayden/ROS2_demo/sim_ws/build/my_robot_description
[1.752s] Level 1:colcon.colcon_core.environment:create_environment_scripts_only(my_robot_description)
[1.753s] DEBUG:colcon.colcon_core.event_handler.log_command:Invoked command in '/home/hayden/ROS2_demo/sim_ws/build/my_robot_description' returned '0': CMAKE_PREFIX_PATH=${CMAKE_PREFIX_PATH}:/home/hayden/ROS2_demo/firstROS2_ws/install/my_python_pkg:/opt/ros/humble /usr/bin/cmake --install /home/hayden/ROS2_demo/sim_ws/build/my_robot_description
[1.815s] Level 1:colcon.colcon_core.environment:checking '/home/hayden/ROS2_demo/sim_ws/install/my_robot_description' for CMake module files
[1.816s] Level 1:colcon.colcon_core.environment:checking '/home/hayden/ROS2_demo/sim_ws/install/my_robot_description' for CMake config files
[1.816s] Level 1:colcon.colcon_core.shell:create_environment_hook('my_robot_description', 'cmake_prefix_path')
[1.816s] INFO:colcon.colcon_core.shell:Creating environment hook '/home/hayden/ROS2_demo/sim_ws/install/my_robot_description/share/my_robot_description/hook/cmake_prefix_path.ps1'
[1.835s] INFO:colcon.colcon_core.shell:Creating environment descriptor '/home/hayden/ROS2_demo/sim_ws/install/my_robot_description/share/my_robot_description/hook/cmake_prefix_path.dsv'
[1.843s] INFO:colcon.colcon_core.shell:Creating environment hook '/home/hayden/ROS2_demo/sim_ws/install/my_robot_description/share/my_robot_description/hook/cmake_prefix_path.sh'
[1.844s] Level 1:colcon.colcon_core.environment:checking '/home/hayden/ROS2_demo/sim_ws/install/my_robot_description/bin'
[1.844s] Level 1:colcon.colcon_core.environment:checking '/home/hayden/ROS2_demo/sim_ws/install/my_robot_description/lib/pkgconfig/my_robot_description.pc'
[1.844s] Level 1:colcon.colcon_core.environment:checking '/home/hayden/ROS2_demo/sim_ws/install/my_robot_description/lib/python3.10/site-packages'
[1.845s] Level 1:colcon.colcon_core.environment:checking '/home/hayden/ROS2_demo/sim_ws/install/my_robot_description/bin'
[1.845s] INFO:colcon.colcon_core.shell:Creating package script '/home/hayden/ROS2_demo/sim_ws/install/my_robot_description/share/my_robot_description/package.ps1'
[1.851s] INFO:colcon.colcon_core.shell:Creating package descriptor '/home/hayden/ROS2_demo/sim_ws/install/my_robot_description/share/my_robot_description/package.dsv'
[1.853s] INFO:colcon.colcon_core.shell:Creating package script '/home/hayden/ROS2_demo/sim_ws/install/my_robot_description/share/my_robot_description/package.sh'
[1.854s] INFO:colcon.colcon_core.shell:Creating package script '/home/hayden/ROS2_demo/sim_ws/install/my_robot_description/share/my_robot_description/package.bash'
[1.855s] INFO:colcon.colcon_core.shell:Creating package script '/home/hayden/ROS2_demo/sim_ws/install/my_robot_description/share/my_robot_description/package.zsh'
[1.856s] Level 1:colcon.colcon_core.environment:create_file_with_runtime_dependencies(/home/hayden/ROS2_demo/sim_ws/install/my_robot_description/share/colcon-core/packages/my_robot_description)
[1.886s] Level 1:colcon.colcon_core.environment:create_environment_scripts_only(my_robot_description)
[1.886s] Level 1:colcon.colcon_core.environment:checking '/home/hayden/ROS2_demo/sim_ws/install/my_robot_description' for CMake module files
[1.887s] Level 1:colcon.colcon_core.environment:checking '/home/hayden/ROS2_demo/sim_ws/install/my_robot_description' for CMake config files
[1.887s] Level 1:colcon.colcon_core.shell:create_environment_hook('my_robot_description', 'cmake_prefix_path')
[1.887s] INFO:colcon.colcon_core.shell:Creating environment hook '/home/hayden/ROS2_demo/sim_ws/install/my_robot_description/share/my_robot_description/hook/cmake_prefix_path.ps1'
[1.888s] INFO:colcon.colcon_core.shell:Creating environment descriptor '/home/hayden/ROS2_demo/sim_ws/install/my_robot_description/share/my_robot_description/hook/cmake_prefix_path.dsv'
[1.888s] INFO:colcon.colcon_core.shell:Creating environment hook '/home/hayden/ROS2_demo/sim_ws/install/my_robot_description/share/my_robot_description/hook/cmake_prefix_path.sh'
[1.889s] Level 1:colcon.colcon_core.environment:checking '/home/hayden/ROS2_demo/sim_ws/install/my_robot_description/bin'
[1.889s] Level 1:colcon.colcon_core.environment:checking '/home/hayden/ROS2_demo/sim_ws/install/my_robot_description/lib/pkgconfig/my_robot_description.pc'
[1.889s] Level 1:colcon.colcon_core.environment:checking '/home/hayden/ROS2_demo/sim_ws/install/my_robot_description/lib/python3.10/site-packages'
[1.889s] Level 1:colcon.colcon_core.environment:checking '/home/hayden/ROS2_demo/sim_ws/install/my_robot_description/bin'
[1.889s] INFO:colcon.colcon_core.shell:Creating package script '/home/hayden/ROS2_demo/sim_ws/install/my_robot_description/share/my_robot_description/package.ps1'
[1.890s] INFO:colcon.colcon_core.shell:Creating package descriptor '/home/hayden/ROS2_demo/sim_ws/install/my_robot_description/share/my_robot_description/package.dsv'
[1.891s] INFO:colcon.colcon_core.shell:Creating package script '/home/hayden/ROS2_demo/sim_ws/install/my_robot_description/share/my_robot_description/package.sh'
[1.891s] INFO:colcon.colcon_core.shell:Creating package script '/home/hayden/ROS2_demo/sim_ws/install/my_robot_description/share/my_robot_description/package.bash'
[1.892s] INFO:colcon.colcon_core.shell:Creating package script '/home/hayden/ROS2_demo/sim_ws/install/my_robot_description/share/my_robot_description/package.zsh'
[1.892s] Level 1:colcon.colcon_core.environment:create_file_with_runtime_dependencies(/home/hayden/ROS2_demo/sim_ws/install/my_robot_description/share/colcon-core/packages/my_robot_description)
[1.893s] INFO:colcon.colcon_ros.task.ament_cmake.build:Building ROS package in '/home/hayden/ROS2_demo/sim_ws/src/my_robot_bringup' with build type 'ament_cmake'
[1.893s] INFO:colcon.colcon_cmake.task.cmake.build:Building CMake package in '/home/hayden/ROS2_demo/sim_ws/src/my_robot_bringup'
[1.894s] INFO:colcon.colcon_core.shell:Skip shell extension 'powershell' for command environment: Not usable outside of PowerShell
[1.894s] DEBUG:colcon.colcon_core.shell:Skip shell extension 'dsv' for command environment
[1.906s] DEBUG:colcon.colcon_core.event_handler.log_command:Invoking command in '/home/hayden/ROS2_demo/sim_ws/build/my_robot_bringup': CMAKE_PREFIX_PATH=/home/hayden/ROS2_demo/sim_ws/install/my_robot_description:/home/hayden/ROS2_demo/sim_ws/install/my_robot_bringup:/home/hayden/ROS2_demo/firstROS2_ws/install/my_robot_bringup:/home/hayden/ROS2_demo/firstROS2_ws/install/my_cpp_pkg:/home/hayden/ROS2_demo/firstROS2_ws/install/my_interfaces:/home/hayden/ROS2_demo/firstROS2_ws/install/my_python_pkg:/opt/ros/humble /usr/bin/cmake /home/hayden/ROS2_demo/sim_ws/src/my_robot_bringup -DCMAKE_INSTALL_PREFIX=/home/hayden/ROS2_demo/sim_ws/install/my_robot_bringup
[2.244s] DEBUG:colcon.colcon_core.event_handler.log_command:Invoked command in '/home/hayden/ROS2_demo/sim_ws/build/my_robot_bringup' returned '0': CMAKE_PREFIX_PATH=/home/hayden/ROS2_demo/sim_ws/install/my_robot_description:/home/hayden/ROS2_demo/sim_ws/install/my_robot_bringup:/home/hayden/ROS2_demo/firstROS2_ws/install/my_robot_bringup:/home/hayden/ROS2_demo/firstROS2_ws/install/my_cpp_pkg:/home/hayden/ROS2_demo/firstROS2_ws/install/my_interfaces:/home/hayden/ROS2_demo/firstROS2_ws/install/my_python_pkg:/opt/ros/humble /usr/bin/cmake /home/hayden/ROS2_demo/sim_ws/src/my_robot_bringup -DCMAKE_INSTALL_PREFIX=/home/hayden/ROS2_demo/sim_ws/install/my_robot_bringup
[2.245s] DEBUG:colcon.colcon_core.event_handler.log_command:Invoking command in '/home/hayden/ROS2_demo/sim_ws/build/my_robot_bringup': CMAKE_PREFIX_PATH=/home/hayden/ROS2_demo/sim_ws/install/my_robot_description:/home/hayden/ROS2_demo/sim_ws/install/my_robot_bringup:/home/hayden/ROS2_demo/firstROS2_ws/install/my_robot_bringup:/home/hayden/ROS2_demo/firstROS2_ws/install/my_cpp_pkg:/home/hayden/ROS2_demo/firstROS2_ws/install/my_interfaces:/home/hayden/ROS2_demo/firstROS2_ws/install/my_python_pkg:/opt/ros/humble /usr/bin/cmake --build /home/hayden/ROS2_demo/sim_ws/build/my_robot_bringup -- -j2 -l2
[2.291s] DEBUG:colcon.colcon_core.event_handler.log_command:Invoked command in '/home/hayden/ROS2_demo/sim_ws/build/my_robot_bringup' returned '0': CMAKE_PREFIX_PATH=/home/hayden/ROS2_demo/sim_ws/install/my_robot_description:/home/hayden/ROS2_demo/sim_ws/install/my_robot_bringup:/home/hayden/ROS2_demo/firstROS2_ws/install/my_robot_bringup:/home/hayden/ROS2_demo/firstROS2_ws/install/my_cpp_pkg:/home/hayden/ROS2_demo/firstROS2_ws/install/my_interfaces:/home/hayden/ROS2_demo/firstROS2_ws/install/my_python_pkg:/opt/ros/humble /usr/bin/cmake --build /home/hayden/ROS2_demo/sim_ws/build/my_robot_bringup -- -j2 -l2
[2.319s] DEBUG:colcon.colcon_core.event_handler.log_command:Invoking command in '/home/hayden/ROS2_demo/sim_ws/build/my_robot_bringup': CMAKE_PREFIX_PATH=/home/hayden/ROS2_demo/sim_ws/install/my_robot_description:/home/hayden/ROS2_demo/sim_ws/install/my_robot_bringup:/home/hayden/ROS2_demo/firstROS2_ws/install/my_robot_bringup:/home/hayden/ROS2_demo/firstROS2_ws/install/my_cpp_pkg:/home/hayden/ROS2_demo/firstROS2_ws/install/my_interfaces:/home/hayden/ROS2_demo/firstROS2_ws/install/my_python_pkg:/opt/ros/humble /usr/bin/cmake --install /home/hayden/ROS2_demo/sim_ws/build/my_robot_bringup
[2.348s] Level 1:colcon.colcon_core.environment:create_environment_scripts_only(my_robot_bringup)
[2.349s] Level 1:colcon.colcon_core.environment:checking '/home/hayden/ROS2_demo/sim_ws/install/my_robot_bringup' for CMake module files
[2.350s] Level 1:colcon.colcon_core.environment:checking '/home/hayden/ROS2_demo/sim_ws/install/my_robot_bringup' for CMake config files
[2.349s] DEBUG:colcon.colcon_core.event_handler.log_command:Invoked command in '/home/hayden/ROS2_demo/sim_ws/build/my_robot_bringup' returned '0': CMAKE_PREFIX_PATH=/home/hayden/ROS2_demo/sim_ws/install/my_robot_description:/home/hayden/ROS2_demo/sim_ws/install/my_robot_bringup:/home/hayden/ROS2_demo/firstROS2_ws/install/my_robot_bringup:/home/hayden/ROS2_demo/firstROS2_ws/install/my_cpp_pkg:/home/hayden/ROS2_demo/firstROS2_ws/install/my_interfaces:/home/hayden/ROS2_demo/firstROS2_ws/install/my_python_pkg:/opt/ros/humble /usr/bin/cmake --install /home/hayden/ROS2_demo/sim_ws/build/my_robot_bringup
[2.350s] Level 1:colcon.colcon_core.shell:create_environment_hook('my_robot_bringup', 'cmake_prefix_path')
[2.351s] INFO:colcon.colcon_core.shell:Creating environment hook '/home/hayden/ROS2_demo/sim_ws/install/my_robot_bringup/share/my_robot_bringup/hook/cmake_prefix_path.ps1'
[2.351s] INFO:colcon.colcon_core.shell:Creating environment descriptor '/home/hayden/ROS2_demo/sim_ws/install/my_robot_bringup/share/my_robot_bringup/hook/cmake_prefix_path.dsv'
[2.352s] INFO:colcon.colcon_core.shell:Creating environment hook '/home/hayden/ROS2_demo/sim_ws/install/my_robot_bringup/share/my_robot_bringup/hook/cmake_prefix_path.sh'
[2.352s] Level 1:colcon.colcon_core.environment:checking '/home/hayden/ROS2_demo/sim_ws/install/my_robot_bringup/bin'
[2.353s] Level 1:colcon.colcon_core.environment:checking '/home/hayden/ROS2_demo/sim_ws/install/my_robot_bringup/lib/pkgconfig/my_robot_bringup.pc'
[2.353s] Level 1:colcon.colcon_core.environment:checking '/home/hayden/ROS2_demo/sim_ws/install/my_robot_bringup/lib/python3.10/site-packages'
[2.353s] Level 1:colcon.colcon_core.environment:checking '/home/hayden/ROS2_demo/sim_ws/install/my_robot_bringup/bin'
[2.353s] INFO:colcon.colcon_core.shell:Creating package script '/home/hayden/ROS2_demo/sim_ws/install/my_robot_bringup/share/my_robot_bringup/package.ps1'
[2.354s] INFO:colcon.colcon_core.shell:Creating package descriptor '/home/hayden/ROS2_demo/sim_ws/install/my_robot_bringup/share/my_robot_bringup/package.dsv'
[2.354s] INFO:colcon.colcon_core.shell:Creating package script '/home/hayden/ROS2_demo/sim_ws/install/my_robot_bringup/share/my_robot_bringup/package.sh'
[2.355s] INFO:colcon.colcon_core.shell:Creating package script '/home/hayden/ROS2_demo/sim_ws/install/my_robot_bringup/share/my_robot_bringup/package.bash'
[2.355s] INFO:colcon.colcon_core.shell:Creating package script '/home/hayden/ROS2_demo/sim_ws/install/my_robot_bringup/share/my_robot_bringup/package.zsh'
[2.356s] Level 1:colcon.colcon_core.environment:create_file_with_runtime_dependencies(/home/hayden/ROS2_demo/sim_ws/install/my_robot_bringup/share/colcon-core/packages/my_robot_bringup)
[2.385s] Level 1:colcon.colcon_core.environment:create_environment_scripts_only(my_robot_bringup)
[2.386s] Level 1:colcon.colcon_core.environment:checking '/home/hayden/ROS2_demo/sim_ws/install/my_robot_bringup' for CMake module files
[2.386s] Level 1:colcon.colcon_core.environment:checking '/home/hayden/ROS2_demo/sim_ws/install/my_robot_bringup' for CMake config files
[2.386s] Level 1:colcon.colcon_core.shell:create_environment_hook('my_robot_bringup', 'cmake_prefix_path')
[2.387s] INFO:colcon.colcon_core.shell:Creating environment hook '/home/hayden/ROS2_demo/sim_ws/install/my_robot_bringup/share/my_robot_bringup/hook/cmake_prefix_path.ps1'
[2.387s] INFO:colcon.colcon_core.shell:Creating environment descriptor '/home/hayden/ROS2_demo/sim_ws/install/my_robot_bringup/share/my_robot_bringup/hook/cmake_prefix_path.dsv'
[2.388s] INFO:colcon.colcon_core.shell:Creating environment hook '/home/hayden/ROS2_demo/sim_ws/install/my_robot_bringup/share/my_robot_bringup/hook/cmake_prefix_path.sh'
[2.388s] Level 1:colcon.colcon_core.environment:checking '/home/hayden/ROS2_demo/sim_ws/install/my_robot_bringup/bin'
[2.388s] Level 1:colcon.colcon_core.environment:checking '/home/hayden/ROS2_demo/sim_ws/install/my_robot_bringup/lib/pkgconfig/my_robot_bringup.pc'
[2.389s] Level 1:colcon.colcon_core.environment:checking '/home/hayden/ROS2_demo/sim_ws/install/my_robot_bringup/lib/python3.10/site-packages'
[2.389s] Level 1:colcon.colcon_core.environment:checking '/home/hayden/ROS2_demo/sim_ws/install/my_robot_bringup/bin'
[2.389s] INFO:colcon.colcon_core.shell:Creating package script '/home/hayden/ROS2_demo/sim_ws/install/my_robot_bringup/share/my_robot_bringup/package.ps1'
[2.390s] INFO:colcon.colcon_core.shell:Creating package descriptor '/home/hayden/ROS2_demo/sim_ws/install/my_robot_bringup/share/my_robot_bringup/package.dsv'
[2.391s] INFO:colcon.colcon_core.shell:Creating package script '/home/hayden/ROS2_demo/sim_ws/install/my_robot_bringup/share/my_robot_bringup/package.sh'
[2.391s] INFO:colcon.colcon_core.shell:Creating package script '/home/hayden/ROS2_demo/sim_ws/install/my_robot_bringup/share/my_robot_bringup/package.bash'
[2.392s] INFO:colcon.colcon_core.shell:Creating package script '/home/hayden/ROS2_demo/sim_ws/install/my_robot_bringup/share/my_robot_bringup/package.zsh'
[2.393s] Level 1:colcon.colcon_core.environment:create_file_with_runtime_dependencies(/home/hayden/ROS2_demo/sim_ws/install/my_robot_bringup/share/colcon-core/packages/my_robot_bringup)
[2.394s] DEBUG:colcon.colcon_parallel_executor.executor.parallel:closing loop
[2.394s] DEBUG:colcon.colcon_parallel_executor.executor.parallel:loop closed
[2.394s] DEBUG:colcon.colcon_parallel_executor.executor.parallel:run_until_complete finished with '0'
[2.394s] DEBUG:colcon.colcon_core.event_reactor:joining thread
[2.401s] INFO:colcon.colcon_core.plugin_system:Skipping extension 'colcon_notification.desktop_notification.terminal_notifier': Not used on non-Darwin systems
[2.401s] INFO:colcon.colcon_core.plugin_system:Skipping extension 'colcon_notification.desktop_notification.win32': Not used on non-Windows systems
[2.401s] INFO:colcon.colcon_notification.desktop_notification:Sending desktop notification using 'notify2'
[2.418s] DEBUG:colcon.colcon_core.event_reactor:joined thread
[2.419s] INFO:colcon.colcon_core.shell:Creating prefix script '/home/hayden/ROS2_demo/sim_ws/install/local_setup.ps1'
[2.443s] INFO:colcon.colcon_core.shell:Creating prefix util module '/home/hayden/ROS2_demo/sim_ws/install/_local_setup_util_ps1.py'
[2.449s] INFO:colcon.colcon_core.shell:Creating prefix chain script '/home/hayden/ROS2_demo/sim_ws/install/setup.ps1'
[2.464s] INFO:colcon.colcon_core.shell:Creating prefix script '/home/hayden/ROS2_demo/sim_ws/install/local_setup.sh'
[2.485s] INFO:colcon.colcon_core.shell:Creating prefix util module '/home/hayden/ROS2_demo/sim_ws/install/_local_setup_util_sh.py'
[2.486s] INFO:colcon.colcon_core.shell:Creating prefix chain script '/home/hayden/ROS2_demo/sim_ws/install/setup.sh'
[2.489s] INFO:colcon.colcon_core.shell:Creating prefix script '/home/hayden/ROS2_demo/sim_ws/install/local_setup.bash'
[2.491s] INFO:colcon.colcon_core.shell:Creating prefix chain script '/home/hayden/ROS2_demo/sim_ws/install/setup.bash'
[2.492s] INFO:colcon.colcon_core.shell:Creating prefix script '/home/hayden/ROS2_demo/sim_ws/install/local_setup.zsh'
[2.497s] INFO:colcon.colcon_core.shell:Creating prefix chain script '/home/hayden/ROS2_demo/sim_ws/install/setup.zsh'
