[0.010s] Invoking command in '/home/hayden/ROS2_demo/sim_ws/build/my_robot_bringup': CMAKE_PREFIX_PATH=/home/hayden/ROS2_demo/sim_ws/install/my_robot_description:/home/hayden/ROS2_demo/sim_ws/install/my_robot_bringup:/home/hayden/ROS2_demo/firstROS2_ws/install/my_robot_bringup:/home/hayden/ROS2_demo/firstROS2_ws/install/my_cpp_pkg:/home/hayden/ROS2_demo/firstROS2_ws/install/my_interfaces:/home/hayden/ROS2_demo/firstROS2_ws/install/my_python_pkg:/opt/ros/humble /usr/bin/cmake --build /home/hayden/ROS2_demo/sim_ws/build/my_robot_bringup -- -j2 -l2
[0.064s] Invoked command in '/home/hayden/ROS2_demo/sim_ws/build/my_robot_bringup' returned '0': CMAKE_PREFIX_PATH=/home/hayden/ROS2_demo/sim_ws/install/my_robot_description:/home/hayden/ROS2_demo/sim_ws/install/my_robot_bringup:/home/hayden/ROS2_demo/firstROS2_ws/install/my_robot_bringup:/home/hayden/ROS2_demo/firstROS2_ws/install/my_cpp_pkg:/home/hayden/ROS2_demo/firstROS2_ws/install/my_interfaces:/home/hayden/ROS2_demo/firstROS2_ws/install/my_python_pkg:/opt/ros/humble /usr/bin/cmake --build /home/hayden/ROS2_demo/sim_ws/build/my_robot_bringup -- -j2 -l2
[0.096s] Invoking command in '/home/hayden/ROS2_demo/sim_ws/build/my_robot_bringup': CMAKE_PREFIX_PATH=/home/hayden/ROS2_demo/sim_ws/install/my_robot_description:/home/hayden/ROS2_demo/sim_ws/install/my_robot_bringup:/home/hayden/ROS2_demo/firstROS2_ws/install/my_robot_bringup:/home/hayden/ROS2_demo/firstROS2_ws/install/my_cpp_pkg:/home/hayden/ROS2_demo/firstROS2_ws/install/my_interfaces:/home/hayden/ROS2_demo/firstROS2_ws/install/my_python_pkg:/opt/ros/humble /usr/bin/cmake --install /home/hayden/ROS2_demo/sim_ws/build/my_robot_bringup
[0.106s] -- Install configuration: ""
[0.106s] -- Up-to-date: /home/hayden/ROS2_demo/sim_ws/install/my_robot_bringup/share/my_robot_bringup/launch
[0.106s] -- Installing: /home/hayden/ROS2_demo/sim_ws/install/my_robot_bringup/share/my_robot_bringup/launch/my_robot_gazebo.launch.xml
[0.107s] -- Up-to-date: /home/hayden/ROS2_demo/sim_ws/install/my_robot_bringup/share/ament_index/resource_index/package_run_dependencies/my_robot_bringup
[0.107s] -- Up-to-date: /home/hayden/ROS2_demo/sim_ws/install/my_robot_bringup/share/ament_index/resource_index/parent_prefix_path/my_robot_bringup
[0.107s] -- Up-to-date: /home/hayden/ROS2_demo/sim_ws/install/my_robot_bringup/share/my_robot_bringup/environment/ament_prefix_path.sh
[0.107s] -- Up-to-date: /home/hayden/ROS2_demo/sim_ws/install/my_robot_bringup/share/my_robot_bringup/environment/ament_prefix_path.dsv
[0.107s] -- Up-to-date: /home/hayden/ROS2_demo/sim_ws/install/my_robot_bringup/share/my_robot_bringup/environment/path.sh
[0.107s] -- Up-to-date: /home/hayden/ROS2_demo/sim_ws/install/my_robot_bringup/share/my_robot_bringup/environment/path.dsv
[0.107s] -- Up-to-date: /home/hayden/ROS2_demo/sim_ws/install/my_robot_bringup/share/my_robot_bringup/local_setup.bash
[0.107s] -- Up-to-date: /home/hayden/ROS2_demo/sim_ws/install/my_robot_bringup/share/my_robot_bringup/local_setup.sh
[0.107s] -- Up-to-date: /home/hayden/ROS2_demo/sim_ws/install/my_robot_bringup/share/my_robot_bringup/local_setup.zsh
[0.107s] -- Up-to-date: /home/hayden/ROS2_demo/sim_ws/install/my_robot_bringup/share/my_robot_bringup/local_setup.dsv
[0.107s] -- Up-to-date: /home/hayden/ROS2_demo/sim_ws/install/my_robot_bringup/share/my_robot_bringup/package.dsv
[0.108s] -- Up-to-date: /home/hayden/ROS2_demo/sim_ws/install/my_robot_bringup/share/ament_index/resource_index/packages/my_robot_bringup
[0.108s] -- Up-to-date: /home/hayden/ROS2_demo/sim_ws/install/my_robot_bringup/share/my_robot_bringup/cmake/my_robot_bringupConfig.cmake
[0.108s] -- Up-to-date: /home/hayden/ROS2_demo/sim_ws/install/my_robot_bringup/share/my_robot_bringup/cmake/my_robot_bringupConfig-version.cmake
[0.108s] -- Up-to-date: /home/hayden/ROS2_demo/sim_ws/install/my_robot_bringup/share/my_robot_bringup/package.xml
[0.110s] Invoked command in '/home/hayden/ROS2_demo/sim_ws/build/my_robot_bringup' returned '0': CMAKE_PREFIX_PATH=/home/hayden/ROS2_demo/sim_ws/install/my_robot_description:/home/hayden/ROS2_demo/sim_ws/install/my_robot_bringup:/home/hayden/ROS2_demo/firstROS2_ws/install/my_robot_bringup:/home/hayden/ROS2_demo/firstROS2_ws/install/my_cpp_pkg:/home/hayden/ROS2_demo/firstROS2_ws/install/my_interfaces:/home/hayden/ROS2_demo/firstROS2_ws/install/my_python_pkg:/opt/ros/humble /usr/bin/cmake --install /home/hayden/ROS2_demo/sim_ws/build/my_robot_bringup
