[0.015s] Invoking command in '/home/hayden/ROS2_demo/firstROS2_ws/build/my_interfaces': CMAKE_PREFIX_PATH=${CMAKE_PREFIX_PATH}:/home/hayden/ROS2_demo/firstROS2_ws/install/my_python_pkg:/opt/ros/humble /usr/bin/cmake --build /home/hayden/ROS2_demo/firstROS2_ws/build/my_interfaces -- -j6 -l6
[0.044s] [33mCMake Warning (dev) at CMakeLists.txt:13:
[0.045s]   Syntax Warning in cmake code at column 27
[0.045s] 
[0.045s]   Argument not separated from preceding token by whitespace.
[0.045s] This warning is for project developers.  Use -Wno-dev to suppress it.
[0.045s] [0m
[0.049s] -- Found ament_cmake: 1.3.8 (/opt/ros/humble/share/ament_cmake/cmake)
[0.199s] -- Found rosidl_default_generators: 1.2.0 (/opt/ros/humble/share/rosidl_default_generators/cmake)
[0.201s] -- Using all available rosidl_typesupport_c: rosidl_typesupport_fastrtps_c;rosidl_typesupport_introspection_c
[0.208s] -- Found rosidl_adapter: 3.1.5 (/opt/ros/humble/share/rosidl_adapter/cmake)
[0.248s] -- Using all available rosidl_typesupport_cpp: rosidl_typesupport_fastrtps_cpp;rosidl_typesupport_introspection_cpp
[0.277s] [31mCMake Error at /opt/ros/humble/share/rosidl_cmake/cmake/rosidl_generate_interfaces.cmake:93 (message):
[0.277s]   rosidl_generate_interfaces() the passed file ',' doesn't exist relative to
[0.277s]   the CMAKE_CURRENT_SOURCE_DIR
[0.277s]   '/home/hayden/ROS2_demo/firstROS2_ws/src/my_interfaces'
[0.278s] Call Stack (most recent call first):
[0.278s]   CMakeLists.txt:12 (rosidl_generate_interfaces)
[0.278s] 
[0.278s] [0m
[0.278s] -- Configuring incomplete, errors occurred!
[0.278s] See also "/home/hayden/ROS2_demo/firstROS2_ws/build/my_interfaces/CMakeFiles/CMakeOutput.log".
[0.282s] gmake: *** [Makefile:747: cmake_check_build_system] Error 1
[0.285s] Invoked command in '/home/hayden/ROS2_demo/firstROS2_ws/build/my_interfaces' returned '2': CMAKE_PREFIX_PATH=${CMAKE_PREFIX_PATH}:/home/hayden/ROS2_demo/firstROS2_ws/install/my_python_pkg:/opt/ros/humble /usr/bin/cmake --build /home/hayden/ROS2_demo/firstROS2_ws/build/my_interfaces -- -j6 -l6
