[0.736s] Invoking command in '/home/hayden/ROS2_demo/firstROS2_ws/src/my_python_pkg': PYTHONPATH=/home/hayden/ROS2_demo/firstROS2_ws/build/my_python_pkg/prefix_override:/home/hayden/ROS2_demo/firstROS2_ws/install/my_python_pkg/lib/python3.10/site-packages:${PYTHONPATH} /usr/bin/python3 -W ignore:setup.py install is deprecated setup.py egg_info --egg-base ../../build/my_python_pkg build --build-base /home/hayden/ROS2_demo/firstROS2_ws/build/my_python_pkg/build install --record /home/hayden/ROS2_demo/firstROS2_ws/build/my_python_pkg/install.log --single-version-externally-managed install_data
[0.998s] running egg_info
[1.001s] writing ../../build/my_python_pkg/my_python_pkg.egg-info/PKG-INFO
[1.001s] writing dependency_links to ../../build/my_python_pkg/my_python_pkg.egg-info/dependency_links.txt
[1.001s] writing entry points to ../../build/my_python_pkg/my_python_pkg.egg-info/entry_points.txt
[1.001s] writing requirements to ../../build/my_python_pkg/my_python_pkg.egg-info/requires.txt
[1.001s] writing top-level names to ../../build/my_python_pkg/my_python_pkg.egg-info/top_level.txt
[1.003s] reading manifest file '../../build/my_python_pkg/my_python_pkg.egg-info/SOURCES.txt'
[1.005s] writing manifest file '../../build/my_python_pkg/my_python_pkg.egg-info/SOURCES.txt'
[1.005s] running build
[1.005s] running build_py
[1.005s] copying my_python_pkg/py_publisher.py -> /home/hayden/ROS2_demo/firstROS2_ws/build/my_python_pkg/build/lib/my_python_pkg
[1.005s] copying my_python_pkg/first_py_node.py -> /home/hayden/ROS2_demo/firstROS2_ws/build/my_python_pkg/build/lib/my_python_pkg
[1.006s] running install
[1.006s] running install_lib
[1.007s] copying /home/hayden/ROS2_demo/firstROS2_ws/build/my_python_pkg/build/lib/my_python_pkg/py_publisher.py -> /home/hayden/ROS2_demo/firstROS2_ws/install/my_python_pkg/lib/python3.10/site-packages/my_python_pkg
[1.008s] copying /home/hayden/ROS2_demo/firstROS2_ws/build/my_python_pkg/build/lib/my_python_pkg/first_py_node.py -> /home/hayden/ROS2_demo/firstROS2_ws/install/my_python_pkg/lib/python3.10/site-packages/my_python_pkg
[1.014s] byte-compiling /home/hayden/ROS2_demo/firstROS2_ws/install/my_python_pkg/lib/python3.10/site-packages/my_python_pkg/py_publisher.py to py_publisher.cpython-310.pyc
[1.015s] byte-compiling /home/hayden/ROS2_demo/firstROS2_ws/install/my_python_pkg/lib/python3.10/site-packages/my_python_pkg/first_py_node.py to first_py_node.cpython-310.pyc
[1.015s] running install_data
[1.016s] running install_egg_info
[1.017s] removing '/home/hayden/ROS2_demo/firstROS2_ws/install/my_python_pkg/lib/python3.10/site-packages/my_python_pkg-0.0.0-py3.10.egg-info' (and everything under it)
[1.018s] Copying ../../build/my_python_pkg/my_python_pkg.egg-info to /home/hayden/ROS2_demo/firstROS2_ws/install/my_python_pkg/lib/python3.10/site-packages/my_python_pkg-0.0.0-py3.10.egg-info
[1.019s] running install_scripts
[1.045s] Installing py_client1 script to /home/hayden/ROS2_demo/firstROS2_ws/install/my_python_pkg/lib/my_python_pkg
[1.045s] Installing py_hardware_publisher1 script to /home/hayden/ROS2_demo/firstROS2_ws/install/my_python_pkg/lib/my_python_pkg
[1.046s] Installing py_node1 script to /home/hayden/ROS2_demo/firstROS2_ws/install/my_python_pkg/lib/my_python_pkg
[1.046s] Installing py_oop_client1 script to /home/hayden/ROS2_demo/firstROS2_ws/install/my_python_pkg/lib/my_python_pkg
[1.046s] Installing py_publisher1 script to /home/hayden/ROS2_demo/firstROS2_ws/install/my_python_pkg/lib/my_python_pkg
[1.046s] Installing py_server1 script to /home/hayden/ROS2_demo/firstROS2_ws/install/my_python_pkg/lib/my_python_pkg
[1.046s] Installing py_subscriber1 script to /home/hayden/ROS2_demo/firstROS2_ws/install/my_python_pkg/lib/my_python_pkg
[1.046s] writing list of installed files to '/home/hayden/ROS2_demo/firstROS2_ws/build/my_python_pkg/install.log'
[1.074s] Invoked command in '/home/hayden/ROS2_demo/firstROS2_ws/src/my_python_pkg' returned '0': PYTHONPATH=/home/hayden/ROS2_demo/firstROS2_ws/build/my_python_pkg/prefix_override:/home/hayden/ROS2_demo/firstROS2_ws/install/my_python_pkg/lib/python3.10/site-packages:${PYTHONPATH} /usr/bin/python3 -W ignore:setup.py install is deprecated setup.py egg_info --egg-base ../../build/my_python_pkg build --build-base /home/hayden/ROS2_demo/firstROS2_ws/build/my_python_pkg/build install --record /home/hayden/ROS2_demo/firstROS2_ws/build/my_python_pkg/install.log --single-version-externally-managed install_data
