[0.005s] Invoking command in '/home/hayden/ROS2_demo/turtlebot3_ws/build/turtlebot3_gazebo': CMAKE_PREFIX_PATH=${CMAKE_PREFIX_PATH}:/home/hayden/ROS2_demo/firstROS2_ws/install/my_python_pkg:/opt/ros/humble /usr/bin/cmake /home/hayden/ROS2_demo/turtlebot3_ws/src/turtlebot3_gazebo -DCMAKE_INSTALL_PREFIX=/home/hayden/ROS2_demo/turtlebot3_ws/install/turtlebot3_gazebo
[0.078s] -- The C compiler identification is GNU 11.4.0
[0.169s] -- The CXX compiler identification is GNU 11.4.0
[0.175s] -- Detecting C compiler ABI info
[0.250s] -- Detecting C compiler ABI info - done
[0.253s] -- Check for working C compiler: /usr/bin/cc - skipped
[0.253s] -- Detecting C compile features
[0.253s] -- Detecting C compile features - done
[0.255s] -- Detecting CXX compiler ABI info
[0.325s] -- Detecting CXX compiler ABI info - done
[0.331s] -- Check for working CXX compiler: /usr/bin/c++ - skipped
[0.331s] -- Detecting CXX compile features
[0.331s] -- Detecting CXX compile features - done
[0.333s] -- Found ament_cmake: 1.3.10 (/opt/ros/humble/share/ament_cmake/cmake)
[0.425s] -- Found Python3: /usr/bin/python3 (found version "3.10.12") found components: Interpreter 
[0.479s] [33mCMake Warning (dev) at /usr/share/cmake-3.22/Modules/FindPackageHandleStandardArgs.cmake:438 (message):
[0.479s]   The package name passed to `find_package_handle_standard_args` (PkgConfig)
[0.479s]   does not match the name of the calling package (gazebo).  This can lead to
[0.479s]   problems in calling code that expects `find_package` result variables
[0.479s]   (e.g., `_FOUND`) to follow a certain pattern.
[0.479s] Call Stack (most recent call first):
[0.479s]   /usr/share/cmake-3.22/Modules/FindPkgConfig.cmake:99 (find_package_handle_standard_args)
[0.479s]   /usr/lib/x86_64-linux-gnu/cmake/gazebo/gazebo-config.cmake:72 (include)
[0.479s]   CMakeLists.txt:23 (find_package)
[0.479s] This warning is for project developers.  Use -Wno-dev to suppress it.
[0.479s] [0m
[0.479s] -- Found PkgConfig: /usr/bin/pkg-config (found version "0.29.2") 
[0.482s] -- Checking for module 'bullet>=2.82'
[0.490s] --   Found bullet, version 3.05
[0.559s] -- Found fcl: /usr/include (found suitable version "0.7.0", minimum required is "0.5.0") 
[0.589s] -- Found assimp: /usr/include (found version "5.2.0") 
[0.604s] -- Found DART: /usr/include (Required is at least version "6.6") found components: dart 
[0.763s] -- Found Boost: /usr/lib/x86_64-linux-gnu/cmake/Boost-1.74.0/BoostConfig.cmake (found suitable version "1.74.0", minimum required is "1.40.0") found components: thread system filesystem program_options regex iostreams date_time 
[0.776s] -- Found Protobuf: /usr/lib/x86_64-linux-gnu/libprotobuf.so (found version "3.12.4") 
[0.778s] -- Looking for ignition-math6 -- found version 6.15.1
[0.783s] -- Searching for dependencies of ignition-math6
[0.784s] -- Looking for OGRE...
[0.784s] -- OGRE_PREFIX_WATCH changed.
[0.788s] -- Checking for module 'OGRE'
[0.799s] --   Found OGRE, version 1.9.0
[0.842s] -- Found Ogre Ghadamon (1.9.0)
[0.851s] -- Found OGRE: optimized;/usr/lib/x86_64-linux-gnu/libOgreMain.so;debug;/usr/lib/x86_64-linux-gnu/libOgreMain.so
[0.856s] -- Looking for OGRE_Paging...
[0.859s] -- Found OGRE_Paging: optimized;/usr/lib/x86_64-linux-gnu/libOgrePaging.so;debug;/usr/lib/x86_64-linux-gnu/libOgrePaging.so
[0.859s] -- Looking for OGRE_Terrain...
[0.862s] -- Found OGRE_Terrain: optimized;/usr/lib/x86_64-linux-gnu/libOgreTerrain.so;debug;/usr/lib/x86_64-linux-gnu/libOgreTerrain.so
[0.862s] -- Looking for OGRE_Property...
[0.865s] -- Found OGRE_Property: optimized;/usr/lib/x86_64-linux-gnu/libOgreProperty.so;debug;/usr/lib/x86_64-linux-gnu/libOgreProperty.so
[0.865s] -- Looking for OGRE_RTShaderSystem...
[0.868s] -- Found OGRE_RTShaderSystem: optimized;/usr/lib/x86_64-linux-gnu/libOgreRTShaderSystem.so;debug;/usr/lib/x86_64-linux-gnu/libOgreRTShaderSystem.so
[0.868s] -- Looking for OGRE_Volume...
[0.871s] -- Found OGRE_Volume: optimized;/usr/lib/x86_64-linux-gnu/libOgreVolume.so;debug;/usr/lib/x86_64-linux-gnu/libOgreVolume.so
[0.871s] -- Looking for OGRE_Overlay...
[0.873s] -- Found OGRE_Overlay: optimized;/usr/lib/x86_64-linux-gnu/libOgreOverlay.so;debug;/usr/lib/x86_64-linux-gnu/libOgreOverlay.so
[0.926s] -- Looking for ignition-math6 -- found version 6.15.1
[0.928s] -- Looking for ignition-transport8 -- found version 8.2.1
[0.928s] -- Searching for dependencies of ignition-transport8
[0.938s] -- Found Protobuf: /usr/lib/x86_64-linux-gnu/libprotobuf.so (found suitable version "3.12.4", minimum required is "3") 
[0.943s] -- Config-file not installed for ZeroMQ -- checking for pkg-config
[0.946s] -- Checking for module 'libzmq >= 4'
[0.959s] --   Found libzmq , version 4.3.4
[1.018s] -- Found ZeroMQ: TRUE (Required is at least version "4") 
[1.029s] -- Checking for module 'uuid'
[1.055s] --   Found uuid, version 2.37.2
[1.134s] -- Found UUID: TRUE  
[1.141s] -- Looking for ignition-msgs5 -- found version 5.8.1
[1.142s] -- Searching for dependencies of ignition-msgs5
[1.175s] -- Looking for ignition-math6 -- found version 6.15.1
[1.180s] -- Checking for module 'tinyxml2'
[1.207s] --   Found tinyxml2, version 9.0.0
[1.282s] -- Looking for ignition-msgs5 -- found version 5.8.1
[1.286s] -- Looking for ignition-common3 -- found version 3.14.0
[1.286s] -- Searching for dependencies of ignition-common3
[1.287s] -- Looking for dlfcn.h - found
[1.287s] -- Looking for libdl - found
[1.289s] -- Found DL: TRUE  
[1.299s] -- Found tinyobjloader: /usr/lib/x86_64-linux-gnu/cmake/tinyobjloader/tinyobjloader-config.cmake (found version "2.0.0") 
[1.300s] -- Searching for <ignition-common3> component [graphics]
[1.301s] -- Looking for ignition-common3-graphics -- found version 3.14.0
[1.301s] -- Searching for dependencies of ignition-common3-graphics
[1.301s] -- Looking for ignition-math6 -- found version 6.15.1
[1.303s] -- Looking for ignition-fuel_tools4 -- found version 4.4.0
[1.303s] -- Searching for dependencies of ignition-fuel_tools4
[1.451s] -- Found CURL: /usr/lib/x86_64-linux-gnu/libcurl.so (found version "7.81.0")  
[1.467s] -- Checking for module 'jsoncpp'
[1.492s] --   Found jsoncpp, version 1.9.5
[1.570s] -- Found JSONCPP: TRUE  
[1.576s] -- Checking for module 'libzip'
[1.605s] --   Found libzip, version 1.7.3
[1.692s] -- Found ZIP: TRUE  
[1.693s] -- Looking for ignition-common3 -- found version 3.14.0
[1.694s] -- Looking for ignition-math6 -- found version 6.15.1
[1.695s] -- Looking for ignition-msgs5 -- found version 5.8.1
[1.719s] -- Found gazebo_ros_pkgs: 3.7.0 (/opt/ros/humble/share/gazebo_ros_pkgs/cmake)
[1.727s] -- Found geometry_msgs: 4.2.4 (/opt/ros/humble/share/geometry_msgs/cmake)
[1.785s] -- Found rosidl_generator_c: 3.1.5 (/opt/ros/humble/share/rosidl_generator_c/cmake)
[1.787s] -- Found rosidl_adapter: 3.1.5 (/opt/ros/humble/share/rosidl_adapter/cmake)
[1.792s] -- Found rosidl_generator_cpp: 3.1.5 (/opt/ros/humble/share/rosidl_generator_cpp/cmake)
[1.798s] -- Using all available rosidl_typesupport_c: rosidl_typesupport_fastrtps_c;rosidl_typesupport_introspection_c
[1.805s] -- Using all available rosidl_typesupport_cpp: rosidl_typesupport_fastrtps_cpp;rosidl_typesupport_introspection_cpp
[1.824s] -- Found nav_msgs: 4.2.4 (/opt/ros/humble/share/nav_msgs/cmake)
[1.831s] -- Found rclcpp: 16.0.10 (/opt/ros/humble/share/rclcpp/cmake)
[1.849s] -- Found rmw_implementation_cmake: 6.1.2 (/opt/ros/humble/share/rmw_implementation_cmake/cmake)
[1.850s] -- Found rmw_fastrtps_cpp: 6.2.7 (/opt/ros/humble/share/rmw_fastrtps_cpp/cmake)
[1.909s] -- Found OpenSSL: /usr/lib/x86_64-linux-gnu/libcrypto.so (found version "3.0.2")  
[1.941s] -- Found FastRTPS: /opt/ros/humble/include  
[1.981s] -- Using RMW implementation 'rmw_fastrtps_cpp' as default
[1.992s] -- Found Threads: TRUE  
[2.017s] -- Found sensor_msgs: 4.2.4 (/opt/ros/humble/share/sensor_msgs/cmake)
[2.026s] -- Found tf2: 0.25.7 (/opt/ros/humble/share/tf2/cmake)
[2.076s] -- Configuring done
[2.089s] -- Generating done
[2.090s] -- Build files have been written to: /home/hayden/ROS2_demo/turtlebot3_ws/build/turtlebot3_gazebo
