[0.010s] Invoking command in '/home/hayden/ROS2_demo/sim_ws/build/my_robot_bringup': CMAKE_PREFIX_PATH=/home/hayden/ROS2_demo/sim_ws/install/my_robot_description:/home/hayden/ROS2_demo/sim_ws/install/my_robot_bringup:/home/hayden/ROS2_demo/firstROS2_ws/install/my_robot_bringup:/home/hayden/ROS2_demo/firstROS2_ws/install/my_cpp_pkg:/home/hayden/ROS2_demo/firstROS2_ws/install/my_interfaces:/home/hayden/ROS2_demo/firstROS2_ws/install/my_python_pkg:/opt/ros/humble /usr/bin/cmake /home/hayden/ROS2_demo/sim_ws/src/my_robot_bringup -DAMENT_CMAKE_SYMLINK_INSTALL=1 -DCMAKE_INSTALL_PREFIX=/home/hayden/ROS2_demo/sim_ws/install/my_robot_bringup
[0.026s] -- Found ament_cmake: 1.3.9 (/opt/ros/humble/share/ament_cmake/cmake)
[0.149s] -- Override CMake install command with custom implementation using symlinks instead of copying resources
[0.226s] -- Configuring done
[0.229s] -- Generating done
[0.230s] -- Build files have been written to: /home/hayden/ROS2_demo/sim_ws/build/my_robot_bringup
[0.233s] Invoked command in '/home/hayden/ROS2_demo/sim_ws/build/my_robot_bringup' returned '0': CMAKE_PREFIX_PATH=/home/hayden/ROS2_demo/sim_ws/install/my_robot_description:/home/hayden/ROS2_demo/sim_ws/install/my_robot_bringup:/home/hayden/ROS2_demo/firstROS2_ws/install/my_robot_bringup:/home/hayden/ROS2_demo/firstROS2_ws/install/my_cpp_pkg:/home/hayden/ROS2_demo/firstROS2_ws/install/my_interfaces:/home/hayden/ROS2_demo/firstROS2_ws/install/my_python_pkg:/opt/ros/humble /usr/bin/cmake /home/hayden/ROS2_demo/sim_ws/src/my_robot_bringup -DAMENT_CMAKE_SYMLINK_INSTALL=1 -DCMAKE_INSTALL_PREFIX=/home/hayden/ROS2_demo/sim_ws/install/my_robot_bringup
[0.234s] Invoking command in '/home/hayden/ROS2_demo/sim_ws/build/my_robot_bringup': CMAKE_PREFIX_PATH=/home/hayden/ROS2_demo/sim_ws/install/my_robot_description:/home/hayden/ROS2_demo/sim_ws/install/my_robot_bringup:/home/hayden/ROS2_demo/firstROS2_ws/install/my_robot_bringup:/home/hayden/ROS2_demo/firstROS2_ws/install/my_cpp_pkg:/home/hayden/ROS2_demo/firstROS2_ws/install/my_interfaces:/home/hayden/ROS2_demo/firstROS2_ws/install/my_python_pkg:/opt/ros/humble /usr/bin/cmake --build /home/hayden/ROS2_demo/sim_ws/build/my_robot_bringup -- -j2 -l2
[0.282s] Invoked command in '/home/hayden/ROS2_demo/sim_ws/build/my_robot_bringup' returned '0': CMAKE_PREFIX_PATH=/home/hayden/ROS2_demo/sim_ws/install/my_robot_description:/home/hayden/ROS2_demo/sim_ws/install/my_robot_bringup:/home/hayden/ROS2_demo/firstROS2_ws/install/my_robot_bringup:/home/hayden/ROS2_demo/firstROS2_ws/install/my_cpp_pkg:/home/hayden/ROS2_demo/firstROS2_ws/install/my_interfaces:/home/hayden/ROS2_demo/firstROS2_ws/install/my_python_pkg:/opt/ros/humble /usr/bin/cmake --build /home/hayden/ROS2_demo/sim_ws/build/my_robot_bringup -- -j2 -l2
[0.311s] Invoking command in '/home/hayden/ROS2_demo/sim_ws/build/my_robot_bringup': CMAKE_PREFIX_PATH=/home/hayden/ROS2_demo/sim_ws/install/my_robot_description:/home/hayden/ROS2_demo/sim_ws/install/my_robot_bringup:/home/hayden/ROS2_demo/firstROS2_ws/install/my_robot_bringup:/home/hayden/ROS2_demo/firstROS2_ws/install/my_cpp_pkg:/home/hayden/ROS2_demo/firstROS2_ws/install/my_interfaces:/home/hayden/ROS2_demo/firstROS2_ws/install/my_python_pkg:/opt/ros/humble /usr/bin/cmake --install /home/hayden/ROS2_demo/sim_ws/build/my_robot_bringup
[0.321s] -- Install configuration: ""
[0.321s] -- Execute custom install script
[0.322s] -- Symlinking: /home/hayden/ROS2_demo/sim_ws/install/my_robot_bringup/share/my_robot_bringup/launch/my_robot_gazebo.launch.xml
[0.333s] -- Symlinking: /home/hayden/ROS2_demo/sim_ws/install/my_robot_bringup/share/my_robot_bringup/rviz/urdf_config.rviz
[0.345s] -- Symlinking: /home/hayden/ROS2_demo/sim_ws/install/my_robot_bringup/share/ament_index/resource_index/package_run_dependencies/my_robot_bringup
[0.356s] -- Symlinking: /home/hayden/ROS2_demo/sim_ws/install/my_robot_bringup/share/ament_index/resource_index/parent_prefix_path/my_robot_bringup
[0.367s] -- Symlinking: /home/hayden/ROS2_demo/sim_ws/install/my_robot_bringup/share/my_robot_bringup/environment/ament_prefix_path.sh
[0.378s] -- Symlinking: /home/hayden/ROS2_demo/sim_ws/install/my_robot_bringup/share/my_robot_bringup/environment/ament_prefix_path.dsv
[0.389s] -- Symlinking: /home/hayden/ROS2_demo/sim_ws/install/my_robot_bringup/share/my_robot_bringup/environment/path.sh
[0.400s] -- Symlinking: /home/hayden/ROS2_demo/sim_ws/install/my_robot_bringup/share/my_robot_bringup/environment/path.dsv
[0.412s] -- Symlinking: /home/hayden/ROS2_demo/sim_ws/install/my_robot_bringup/share/my_robot_bringup/local_setup.bash
[0.423s] -- Symlinking: /home/hayden/ROS2_demo/sim_ws/install/my_robot_bringup/share/my_robot_bringup/local_setup.sh
[0.434s] -- Symlinking: /home/hayden/ROS2_demo/sim_ws/install/my_robot_bringup/share/my_robot_bringup/local_setup.zsh
[0.446s] -- Symlinking: /home/hayden/ROS2_demo/sim_ws/install/my_robot_bringup/share/my_robot_bringup/local_setup.dsv
[0.457s] -- Symlinking: /home/hayden/ROS2_demo/sim_ws/install/my_robot_bringup/share/my_robot_bringup/package.dsv
[0.468s] -- Symlinking: /home/hayden/ROS2_demo/sim_ws/install/my_robot_bringup/share/ament_index/resource_index/packages/my_robot_bringup
[0.479s] -- Symlinking: /home/hayden/ROS2_demo/sim_ws/install/my_robot_bringup/share/my_robot_bringup/cmake/my_robot_bringupConfig.cmake
[0.490s] -- Symlinking: /home/hayden/ROS2_demo/sim_ws/install/my_robot_bringup/share/my_robot_bringup/cmake/my_robot_bringupConfig-version.cmake
[0.501s] -- Symlinking: /home/hayden/ROS2_demo/sim_ws/install/my_robot_bringup/share/my_robot_bringup/package.xml
[0.515s] Invoked command in '/home/hayden/ROS2_demo/sim_ws/build/my_robot_bringup' returned '0': CMAKE_PREFIX_PATH=/home/hayden/ROS2_demo/sim_ws/install/my_robot_description:/home/hayden/ROS2_demo/sim_ws/install/my_robot_bringup:/home/hayden/ROS2_demo/firstROS2_ws/install/my_robot_bringup:/home/hayden/ROS2_demo/firstROS2_ws/install/my_cpp_pkg:/home/hayden/ROS2_demo/firstROS2_ws/install/my_interfaces:/home/hayden/ROS2_demo/firstROS2_ws/install/my_python_pkg:/opt/ros/humble /usr/bin/cmake --install /home/hayden/ROS2_demo/sim_ws/build/my_robot_bringup
