[0.716s] DEBUG:colcon:Command line arguments: ['/usr/bin/colcon', 'build']
[0.716s] DEBUG:colcon:Parsed command line arguments: Namespace(log_base=None, log_level=None, verb_name='build', build_base='build', install_base='install', merge_install=False, symlink_install=False, test_result_base=None, continue_on_error=False, executor='parallel', parallel_workers=6, event_handlers=None, ignore_user_meta=False, metas=['./colcon.meta'], base_paths=['.'], packages_ignore=None, packages_ignore_regex=None, paths=None, packages_up_to=None, packages_up_to_regex=None, packages_above=None, packages_above_and_dependencies=None, packages_above_depth=None, packages_select_by_dep=None, packages_skip_by_dep=None, packages_skip_up_to=None, packages_select_build_failed=False, packages_skip_build_finished=False, packages_select_test_failures=False, packages_skip_test_passed=False, packages_select=None, packages_skip=None, packages_select_regex=None, packages_skip_regex=None, packages_start=None, packages_end=None, allow_overriding=[], cmake_args=None, cmake_target=None, cmake_target_skip_unavailable=False, cmake_clean_cache=False, cmake_clean_first=False, cmake_force_configure=False, ament_cmake_args=None, catkin_cmake_args=None, catkin_skip_building_tests=False, mixin_files=None, mixin=None, verb_parser=<colcon_mixin.mixin.mixin_argument.MixinArgumentDecorator object at 0x7b984e0e28f0>, verb_extension=<colcon_core.verb.build.BuildVerb object at 0x7b984e1caec0>, main=<bound method BuildVerb.main of <colcon_core.verb.build.BuildVerb object at 0x7b984e1caec0>>, mixin_verb=('build',))
[5.426s] Level 1:colcon.colcon_core.package_discovery:discover_packages(colcon_meta) check parameters
[5.426s] Level 1:colcon.colcon_core.package_discovery:discover_packages(recursive) check parameters
[5.426s] Level 1:colcon.colcon_core.package_discovery:discover_packages(ignore) check parameters
[5.426s] Level 1:colcon.colcon_core.package_discovery:discover_packages(path) check parameters
[5.426s] Level 1:colcon.colcon_core.package_discovery:discover_packages(colcon_meta) discover
[5.426s] Level 1:colcon.colcon_core.package_discovery:discover_packages(recursive) discover
[5.426s] INFO:colcon.colcon_core.package_discovery:Crawling recursively for packages in '/home/hayden/ROS2_demo/sim_ws'
[5.426s] Level 1:colcon.colcon_core.package_identification:_identify(.) by extensions ['ignore', 'ignore_ament_install']
[5.427s] Level 1:colcon.colcon_core.package_identification:_identify(.) by extension 'ignore'
[5.427s] Level 1:colcon.colcon_core.package_identification:_identify(.) by extension 'ignore_ament_install'
[5.427s] Level 1:colcon.colcon_core.package_identification:_identify(.) by extensions ['colcon_pkg']
[5.427s] Level 1:colcon.colcon_core.package_identification:_identify(.) by extension 'colcon_pkg'
[5.427s] Level 1:colcon.colcon_core.package_identification:_identify(.) by extensions ['colcon_meta']
[5.427s] Level 1:colcon.colcon_core.package_identification:_identify(.) by extension 'colcon_meta'
[5.427s] Level 1:colcon.colcon_core.package_identification:_identify(.) by extensions ['ros']
[5.427s] Level 1:colcon.colcon_core.package_identification:_identify(.) by extension 'ros'
[5.440s] Level 1:colcon.colcon_core.package_identification:_identify(.) by extensions ['cmake', 'python']
[5.440s] Level 1:colcon.colcon_core.package_identification:_identify(.) by extension 'cmake'
[5.441s] Level 1:colcon.colcon_core.package_identification:_identify(.) by extension 'python'
[5.441s] Level 1:colcon.colcon_core.package_identification:_identify(.) by extensions ['python_setup_py']
[5.441s] Level 1:colcon.colcon_core.package_identification:_identify(.) by extension 'python_setup_py'
[5.441s] Level 1:colcon.colcon_core.package_identification:_identify(build) by extensions ['ignore', 'ignore_ament_install']
[5.441s] Level 1:colcon.colcon_core.package_identification:_identify(build) by extension 'ignore'
[5.441s] Level 1:colcon.colcon_core.package_identification:_identify(build) ignored
[5.441s] Level 1:colcon.colcon_core.package_identification:_identify(install) by extensions ['ignore', 'ignore_ament_install']
[5.441s] Level 1:colcon.colcon_core.package_identification:_identify(install) by extension 'ignore'
[5.441s] Level 1:colcon.colcon_core.package_identification:_identify(install) ignored
[5.441s] Level 1:colcon.colcon_core.package_identification:_identify(log) by extensions ['ignore', 'ignore_ament_install']
[5.441s] Level 1:colcon.colcon_core.package_identification:_identify(log) by extension 'ignore'
[5.441s] Level 1:colcon.colcon_core.package_identification:_identify(log) ignored
[5.441s] Level 1:colcon.colcon_core.package_identification:_identify(src) by extensions ['ignore', 'ignore_ament_install']
[5.442s] Level 1:colcon.colcon_core.package_identification:_identify(src) by extension 'ignore'
[5.442s] Level 1:colcon.colcon_core.package_identification:_identify(src) by extension 'ignore_ament_install'
[5.442s] Level 1:colcon.colcon_core.package_identification:_identify(src) by extensions ['colcon_pkg']
[5.442s] Level 1:colcon.colcon_core.package_identification:_identify(src) by extension 'colcon_pkg'
[5.442s] Level 1:colcon.colcon_core.package_identification:_identify(src) by extensions ['colcon_meta']
[5.442s] Level 1:colcon.colcon_core.package_identification:_identify(src) by extension 'colcon_meta'
[5.442s] Level 1:colcon.colcon_core.package_identification:_identify(src) by extensions ['ros']
[5.442s] Level 1:colcon.colcon_core.package_identification:_identify(src) by extension 'ros'
[5.442s] Level 1:colcon.colcon_core.package_identification:_identify(src) by extensions ['cmake', 'python']
[5.442s] Level 1:colcon.colcon_core.package_identification:_identify(src) by extension 'cmake'
[5.442s] Level 1:colcon.colcon_core.package_identification:_identify(src) by extension 'python'
[5.442s] Level 1:colcon.colcon_core.package_identification:_identify(src) by extensions ['python_setup_py']
[5.442s] Level 1:colcon.colcon_core.package_identification:_identify(src) by extension 'python_setup_py'
[5.442s] Level 1:colcon.colcon_core.package_discovery:discover_packages(recursive) using defaults
[5.442s] Level 1:colcon.colcon_core.package_discovery:discover_packages(ignore) discover
[5.442s] Level 1:colcon.colcon_core.package_discovery:discover_packages(ignore) using defaults
[5.442s] Level 1:colcon.colcon_core.package_discovery:discover_packages(path) discover
[5.442s] Level 1:colcon.colcon_core.package_discovery:discover_packages(path) using defaults
[5.754s] Level 1:colcon.colcon_core.package_discovery:discover_packages(prefix_path) check parameters
[5.754s] Level 1:colcon.colcon_core.package_discovery:discover_packages(prefix_path) discover
[5.780s] DEBUG:colcon.colcon_installed_package_information.package_discovery:Found 4 installed packages in /home/hayden/ROS2_demo/firstROS2_ws/install
[5.783s] DEBUG:colcon.colcon_installed_package_information.package_discovery:Found 320 installed packages in /opt/ros/humble
[5.800s] Level 1:colcon.colcon_core.package_discovery:discover_packages(prefix_path) using defaults
[5.948s] INFO:colcon.colcon_core.executor:Executing jobs using 'parallel' executor
[5.950s] DEBUG:colcon.colcon_parallel_executor.executor.parallel:run_until_complete
[5.950s] DEBUG:colcon.colcon_parallel_executor.executor.parallel:closing loop
[5.950s] DEBUG:colcon.colcon_parallel_executor.executor.parallel:loop closed
[5.950s] DEBUG:colcon.colcon_parallel_executor.executor.parallel:run_until_complete finished with '0'
[5.950s] DEBUG:colcon.colcon_core.event_reactor:joining thread
[6.016s] INFO:colcon.colcon_core.plugin_system:Skipping extension 'colcon_notification.desktop_notification.terminal_notifier': Not used on non-Darwin systems
[6.016s] INFO:colcon.colcon_core.plugin_system:Skipping extension 'colcon_notification.desktop_notification.win32': Not used on non-Windows systems
[6.016s] INFO:colcon.colcon_notification.desktop_notification:Sending desktop notification using 'notify2'
[6.049s] DEBUG:colcon.colcon_core.event_reactor:joined thread
[6.139s] INFO:colcon.colcon_core.plugin_system:Skipping extension 'colcon_core.shell.bat': Not used on non-Windows systems
[6.139s] INFO:colcon.colcon_core.shell:Creating prefix script '/home/hayden/ROS2_demo/sim_ws/install/local_setup.ps1'
[6.158s] INFO:colcon.colcon_core.shell:Creating prefix util module '/home/hayden/ROS2_demo/sim_ws/install/_local_setup_util_ps1.py'
[6.178s] INFO:colcon.colcon_core.shell:Creating prefix chain script '/home/hayden/ROS2_demo/sim_ws/install/setup.ps1'
[6.180s] INFO:colcon.colcon_core.shell:Creating prefix script '/home/hayden/ROS2_demo/sim_ws/install/local_setup.sh'
[6.189s] INFO:colcon.colcon_core.shell:Creating prefix util module '/home/hayden/ROS2_demo/sim_ws/install/_local_setup_util_sh.py'
[6.190s] INFO:colcon.colcon_core.shell:Creating prefix chain script '/home/hayden/ROS2_demo/sim_ws/install/setup.sh'
[6.192s] INFO:colcon.colcon_core.shell:Creating prefix script '/home/hayden/ROS2_demo/sim_ws/install/local_setup.bash'
[6.213s] INFO:colcon.colcon_core.shell:Creating prefix chain script '/home/hayden/ROS2_demo/sim_ws/install/setup.bash'
[6.216s] INFO:colcon.colcon_core.shell:Creating prefix script '/home/hayden/ROS2_demo/sim_ws/install/local_setup.zsh'
[6.225s] INFO:colcon.colcon_core.shell:Creating prefix chain script '/home/hayden/ROS2_demo/sim_ws/install/setup.zsh'
