[0.022s] Invoking command in '/home/hayden/ROS2_demo/firstROS2_ws/build/my_cpp_pkg': CMAKE_PREFIX_PATH=${CMAKE_PREFIX_PATH}:/home/hayden/ROS2_demo/firstROS2_ws/install/my_python_pkg:/opt/ros/humble /usr/bin/cmake --build /home/hayden/ROS2_demo/firstROS2_ws/build/my_cpp_pkg -- -j6 -l6
[0.064s] -- Found ament_cmake: 1.3.8 (/opt/ros/humble/share/ament_cmake/cmake)
[0.218s] -- Found rclcpp: 16.0.8 (/opt/ros/humble/share/rclcpp/cmake)
[0.256s] -- Found rosidl_generator_c: 3.1.5 (/opt/ros/humble/share/rosidl_generator_c/cmake)
[0.259s] -- Found rosidl_adapter: 3.1.5 (/opt/ros/humble/share/rosidl_adapter/cmake)
[0.265s] -- Found rosidl_generator_cpp: 3.1.5 (/opt/ros/humble/share/rosidl_generator_cpp/cmake)
[0.277s] -- Using all available rosidl_typesupport_c: rosidl_typesupport_fastrtps_c;rosidl_typesupport_introspection_c
[0.297s] -- Using all available rosidl_typesupport_cpp: rosidl_typesupport_fastrtps_cpp;rosidl_typesupport_introspection_cpp
[0.370s] -- Found rmw_implementation_cmake: 6.1.1 (/opt/ros/humble/share/rmw_implementation_cmake/cmake)
[0.371s] -- Found rmw_fastrtps_cpp: 6.2.6 (/opt/ros/humble/share/rmw_fastrtps_cpp/cmake)
[0.498s] -- Using RMW implementation 'rmw_fastrtps_cpp' as default
[0.687s] -- Found example_interfaces: 0.9.3 (/opt/ros/humble/share/example_interfaces/cmake)
[0.857s] -- Found ament_lint_auto: 0.12.10 (/opt/ros/humble/share/ament_lint_auto/cmake)
[0.940s] -- Added test 'cppcheck' to perform static code analysis on C / C++ code
[0.941s] -- Configured cppcheck include dirs: 
[0.941s] -- Configured cppcheck exclude dirs and/or files: 
[0.942s] -- Added test 'lint_cmake' to check CMake code style
[0.943s] -- Added test 'uncrustify' to check C / C++ code style
[0.943s] -- Configured uncrustify additional arguments: 
[0.944s] -- Added test 'xmllint' to check XML markup files
[0.945s] -- Configuring done
[0.985s] -- Generating done
[0.993s] -- Build files have been written to: /home/hayden/ROS2_demo/firstROS2_ws/build/my_cpp_pkg
[1.033s] [35m[1mConsolidate compiler generated dependencies of target cpp_publisher1[0m
[1.033s] [35m[1mConsolidate compiler generated dependencies of target cpp_node1[0m
[1.033s] [35m[1mConsolidate compiler generated dependencies of target cpp_subscriber1[0m
[1.047s] [35m[1mConsolidate compiler generated dependencies of target cpp_server1[0m
[1.051s] [35m[1mConsolidate compiler generated dependencies of target cpp_client1[0m
[1.069s] [  8%] [32mBuilding CXX object CMakeFiles/cpp_oop_client1.dir/src/cpp_oop_client.cpp.o[0m
[1.074s] [ 25%] Built target cpp_publisher1
[1.083s] [ 58%] Built target cpp_subscriber1
[1.083s] [ 58%] Built target cpp_client1
[1.086s] [ 75%] Built target cpp_node1
[1.090s] [ 91%] Built target cpp_server1
[3.821s] In file included from [01m[K/opt/ros/humble/include/rclcpp/rclcpp/logging.hpp:24[m[K,
[3.822s]                  from [01m[K/opt/ros/humble/include/rclcpp/rclcpp/client.hpp:40[m[K,
[3.822s]                  from [01m[K/opt/ros/humble/include/rclcpp/rclcpp/callback_group.hpp:24[m[K,
[3.822s]                  from [01m[K/opt/ros/humble/include/rclcpp/rclcpp/any_executable.hpp:20[m[K,
[3.822s]                  from [01m[K/opt/ros/humble/include/rclcpp/rclcpp/memory_strategy.hpp:25[m[K,
[3.822s]                  from [01m[K/opt/ros/humble/include/rclcpp/rclcpp/memory_strategies.hpp:18[m[K,
[3.822s]                  from [01m[K/opt/ros/humble/include/rclcpp/rclcpp/executor_options.hpp:20[m[K,
[3.822s]                  from [01m[K/opt/ros/humble/include/rclcpp/rclcpp/executor.hpp:37[m[K,
[3.822s]                  from [01m[K/opt/ros/humble/include/rclcpp/rclcpp/executors/multi_threaded_executor.hpp:25[m[K,
[3.822s]                  from [01m[K/opt/ros/humble/include/rclcpp/rclcpp/executors.hpp:21[m[K,
[3.822s]                  from [01m[K/opt/ros/humble/include/rclcpp/rclcpp/rclcpp.hpp:155[m[K,
[3.822s]                  from [01m[K/home/hayden/ROS2_demo/firstROS2_ws/src/my_cpp_pkg/src/cpp_oop_client.cpp:5[m[K:
[3.822s] [01m[K/home/hayden/ROS2_demo/firstROS2_ws/src/my_cpp_pkg/src/cpp_oop_client.cpp:[m[K In member function ‘[01m[Kvoid AddTwoIntsClientNode::callAddTwoIntsService(int, int)[m[K’:
[3.822s] [01m[K/home/hayden/ROS2_demo/firstROS2_ws/src/my_cpp_pkg/src/cpp_oop_client.cpp:43:45:[m[K [01;35m[Kwarning: [m[Kformat ‘[01m[K%ld[m[K’ expects argument of type ‘[01m[Klong int[m[K’, but argument 5 has type ‘[01m[Kint[m[K’ [[01;35m[K]8;;https://gcc.gnu.org/onlinedocs/gcc/Warning-Options.html#index-Wformat=-Wformat=]8;;[m[K]
[3.822s]    43 |             RCLCPP_INFO(this->get_logger(), [01;35m[K"%ld + %ld = %ld"[m[K, [32m[Ka[m[K, b, response->sum);
[3.822s]       |                                             [01;35m[K^~~~~~~~~~~~~~~~~[m[K  [32m[K~[m[K
[3.822s]       |                                                                [32m[K|[m[K
[3.823s]       |                                                                [32m[Kint[m[K
[3.823s] [01m[K/home/hayden/ROS2_demo/firstROS2_ws/src/my_cpp_pkg/src/cpp_oop_client.cpp:43:48:[m[K [01;36m[Knote: [m[Kformat string is defined here
[3.823s]    43 |             RCLCPP_INFO(this->get_logger(), "[01;36m[K%ld[m[K + %ld = %ld", a, b, response->sum);
[3.823s]       |                                              [01;36m[K~~^[m[K
[3.823s]       |                                                [01;36m[K|[m[K
[3.823s]       |                                                [01;36m[Klong int[m[K
[3.823s]       |                                              [32m[K%d[m[K
[3.823s] In file included from [01m[K/opt/ros/humble/include/rclcpp/rclcpp/logging.hpp:24[m[K,
[3.823s]                  from [01m[K/opt/ros/humble/include/rclcpp/rclcpp/client.hpp:40[m[K,
[3.823s]                  from [01m[K/opt/ros/humble/include/rclcpp/rclcpp/callback_group.hpp:24[m[K,
[3.823s]                  from [01m[K/opt/ros/humble/include/rclcpp/rclcpp/any_executable.hpp:20[m[K,
[3.823s]                  from [01m[K/opt/ros/humble/include/rclcpp/rclcpp/memory_strategy.hpp:25[m[K,
[3.823s]                  from [01m[K/opt/ros/humble/include/rclcpp/rclcpp/memory_strategies.hpp:18[m[K,
[3.823s]                  from [01m[K/opt/ros/humble/include/rclcpp/rclcpp/executor_options.hpp:20[m[K,
[3.823s]                  from [01m[K/opt/ros/humble/include/rclcpp/rclcpp/executor.hpp:37[m[K,
[3.823s]                  from [01m[K/opt/ros/humble/include/rclcpp/rclcpp/executors/multi_threaded_executor.hpp:25[m[K,
[3.823s]                  from [01m[K/opt/ros/humble/include/rclcpp/rclcpp/executors.hpp:21[m[K,
[3.823s]                  from [01m[K/opt/ros/humble/include/rclcpp/rclcpp/rclcpp.hpp:155[m[K,
[3.823s]                  from [01m[K/home/hayden/ROS2_demo/firstROS2_ws/src/my_cpp_pkg/src/cpp_oop_client.cpp:5[m[K:
[3.824s] [01m[K/home/hayden/ROS2_demo/firstROS2_ws/src/my_cpp_pkg/src/cpp_oop_client.cpp:43:45:[m[K [01;35m[Kwarning: [m[Kformat ‘[01m[K%ld[m[K’ expects argument of type ‘[01m[Klong int[m[K’, but argument 6 has type ‘[01m[Kint[m[K’ [[01;35m[K]8;;https://gcc.gnu.org/onlinedocs/gcc/Warning-Options.html#index-Wformat=-Wformat=]8;;[m[K]
[3.824s]    43 |             RCLCPP_INFO(this->get_logger(), [01;35m[K"%ld + %ld = %ld"[m[K, a, [32m[Kb[m[K, response->sum);
[3.824s]       |                                             [01;35m[K^~~~~~~~~~~~~~~~~[m[K     [32m[K~[m[K
[3.824s]       |                                                                   [32m[K|[m[K
[3.824s]       |                                                                   [32m[Kint[m[K
[3.824s] [01m[K/home/hayden/ROS2_demo/firstROS2_ws/src/my_cpp_pkg/src/cpp_oop_client.cpp:43:54:[m[K [01;36m[Knote: [m[Kformat string is defined here
[3.825s]    43 |             RCLCPP_INFO(this->get_logger(), "%ld + [01;36m[K%ld[m[K = %ld", a, b, response->sum);
[3.825s]       |                                                    [01;36m[K~~^[m[K
[3.825s]       |                                                      [01;36m[K|[m[K
[3.825s]       |                                                      [01;36m[Klong int[m[K
[3.825s]       |                                                    [32m[K%d[m[K
[5.194s] [100%] [32m[1mLinking CXX executable cpp_oop_client1[0m
[5.408s] [100%] Built target cpp_oop_client1
[5.436s] Invoked command in '/home/hayden/ROS2_demo/firstROS2_ws/build/my_cpp_pkg' returned '0': CMAKE_PREFIX_PATH=${CMAKE_PREFIX_PATH}:/home/hayden/ROS2_demo/firstROS2_ws/install/my_python_pkg:/opt/ros/humble /usr/bin/cmake --build /home/hayden/ROS2_demo/firstROS2_ws/build/my_cpp_pkg -- -j6 -l6
[5.612s] Invoking command in '/home/hayden/ROS2_demo/firstROS2_ws/build/my_cpp_pkg': CMAKE_PREFIX_PATH=${CMAKE_PREFIX_PATH}:/home/hayden/ROS2_demo/firstROS2_ws/install/my_python_pkg:/opt/ros/humble /usr/bin/cmake --install /home/hayden/ROS2_demo/firstROS2_ws/build/my_cpp_pkg
[5.623s] -- Install configuration: ""
[5.623s] -- Up-to-date: /home/hayden/ROS2_demo/firstROS2_ws/install/my_cpp_pkg/lib/my_cpp_pkg/cpp_node1
[5.623s] -- Up-to-date: /home/hayden/ROS2_demo/firstROS2_ws/install/my_cpp_pkg/lib/my_cpp_pkg/cpp_publisher1
[5.623s] -- Up-to-date: /home/hayden/ROS2_demo/firstROS2_ws/install/my_cpp_pkg/lib/my_cpp_pkg/cpp_subscriber1
[5.624s] -- Up-to-date: /home/hayden/ROS2_demo/firstROS2_ws/install/my_cpp_pkg/lib/my_cpp_pkg/cpp_server1
[5.624s] -- Up-to-date: /home/hayden/ROS2_demo/firstROS2_ws/install/my_cpp_pkg/lib/my_cpp_pkg/cpp_client1
[5.625s] -- Installing: /home/hayden/ROS2_demo/firstROS2_ws/install/my_cpp_pkg/lib/my_cpp_pkg/cpp_oop_client1
[5.626s] -- Set runtime path of "/home/hayden/ROS2_demo/firstROS2_ws/install/my_cpp_pkg/lib/my_cpp_pkg/cpp_oop_client1" to ""
[5.627s] -- Up-to-date: /home/hayden/ROS2_demo/firstROS2_ws/install/my_cpp_pkg/share/ament_index/resource_index/package_run_dependencies/my_cpp_pkg
[5.627s] -- Up-to-date: /home/hayden/ROS2_demo/firstROS2_ws/install/my_cpp_pkg/share/ament_index/resource_index/parent_prefix_path/my_cpp_pkg
[5.627s] -- Up-to-date: /home/hayden/ROS2_demo/firstROS2_ws/install/my_cpp_pkg/share/my_cpp_pkg/environment/ament_prefix_path.sh
[5.627s] -- Installing: /home/hayden/ROS2_demo/firstROS2_ws/install/my_cpp_pkg/share/my_cpp_pkg/environment/ament_prefix_path.dsv
[5.627s] -- Up-to-date: /home/hayden/ROS2_demo/firstROS2_ws/install/my_cpp_pkg/share/my_cpp_pkg/environment/path.sh
[5.628s] -- Installing: /home/hayden/ROS2_demo/firstROS2_ws/install/my_cpp_pkg/share/my_cpp_pkg/environment/path.dsv
[5.628s] -- Up-to-date: /home/hayden/ROS2_demo/firstROS2_ws/install/my_cpp_pkg/share/my_cpp_pkg/local_setup.bash
[5.628s] -- Up-to-date: /home/hayden/ROS2_demo/firstROS2_ws/install/my_cpp_pkg/share/my_cpp_pkg/local_setup.sh
[5.628s] -- Up-to-date: /home/hayden/ROS2_demo/firstROS2_ws/install/my_cpp_pkg/share/my_cpp_pkg/local_setup.zsh
[5.628s] -- Installing: /home/hayden/ROS2_demo/firstROS2_ws/install/my_cpp_pkg/share/my_cpp_pkg/local_setup.dsv
[5.628s] -- Installing: /home/hayden/ROS2_demo/firstROS2_ws/install/my_cpp_pkg/share/my_cpp_pkg/package.dsv
[5.628s] -- Up-to-date: /home/hayden/ROS2_demo/firstROS2_ws/install/my_cpp_pkg/share/ament_index/resource_index/packages/my_cpp_pkg
[5.628s] -- Up-to-date: /home/hayden/ROS2_demo/firstROS2_ws/install/my_cpp_pkg/share/my_cpp_pkg/cmake/my_cpp_pkgConfig.cmake
[5.628s] -- Up-to-date: /home/hayden/ROS2_demo/firstROS2_ws/install/my_cpp_pkg/share/my_cpp_pkg/cmake/my_cpp_pkgConfig-version.cmake
[5.628s] -- Up-to-date: /home/hayden/ROS2_demo/firstROS2_ws/install/my_cpp_pkg/share/my_cpp_pkg/package.xml
[5.632s] Invoked command in '/home/hayden/ROS2_demo/firstROS2_ws/build/my_cpp_pkg' returned '0': CMAKE_PREFIX_PATH=${CMAKE_PREFIX_PATH}:/home/hayden/ROS2_demo/firstROS2_ws/install/my_python_pkg:/opt/ros/humble /usr/bin/cmake --install /home/hayden/ROS2_demo/firstROS2_ws/build/my_cpp_pkg
