[0.114s] DEBUG:colcon:Command line arguments: ['/usr/bin/colcon', 'build', '--symlink-install']
[0.115s] DEBUG:colcon:Parsed command line arguments: Namespace(log_base=None, log_level=None, verb_name='build', build_base='build', install_base='install', merge_install=False, symlink_install=True, test_result_base=None, continue_on_error=False, executor='parallel', parallel_workers=2, event_handlers=None, ignore_user_meta=False, metas=['./colcon.meta'], base_paths=['.'], packages_ignore=None, packages_ignore_regex=None, paths=None, packages_up_to=None, packages_up_to_regex=None, packages_above=None, packages_above_and_dependencies=None, packages_above_depth=None, packages_select_by_dep=None, packages_skip_by_dep=None, packages_skip_up_to=None, packages_select_build_failed=False, packages_skip_build_finished=False, packages_select_test_failures=False, packages_skip_test_passed=False, packages_select=None, packages_skip=None, packages_select_regex=None, packages_skip_regex=None, packages_start=None, packages_end=None, allow_overriding=[], cmake_args=None, cmake_target=None, cmake_target_skip_unavailable=False, cmake_clean_cache=False, cmake_clean_first=False, cmake_force_configure=False, ament_cmake_args=None, catkin_cmake_args=None, catkin_skip_building_tests=False, mixin_files=None, mixin=None, verb_parser=<colcon_mixin.mixin.mixin_argument.MixinArgumentDecorator object at 0x70525aa324d0>, verb_extension=<colcon_core.verb.build.BuildVerb object at 0x70525aa31ed0>, main=<bound method BuildVerb.main of <colcon_core.verb.build.BuildVerb object at 0x70525aa31ed0>>, mixin_verb=('build',))
[0.290s] Level 1:colcon.colcon_core.package_discovery:discover_packages(colcon_meta) check parameters
[0.290s] Level 1:colcon.colcon_core.package_discovery:discover_packages(recursive) check parameters
[0.290s] Level 1:colcon.colcon_core.package_discovery:discover_packages(ignore) check parameters
[0.290s] Level 1:colcon.colcon_core.package_discovery:discover_packages(path) check parameters
[0.290s] Level 1:colcon.colcon_core.package_discovery:discover_packages(colcon_meta) discover
[0.290s] Level 1:colcon.colcon_core.package_discovery:discover_packages(recursive) discover
[0.290s] INFO:colcon.colcon_core.package_discovery:Crawling recursively for packages in '/home/hayden/ROS2_demo/sim_ws'
[0.290s] Level 1:colcon.colcon_core.package_identification:_identify(.) by extensions ['ignore', 'ignore_ament_install']
[0.290s] Level 1:colcon.colcon_core.package_identification:_identify(.) by extension 'ignore'
[0.290s] Level 1:colcon.colcon_core.package_identification:_identify(.) by extension 'ignore_ament_install'
[0.290s] Level 1:colcon.colcon_core.package_identification:_identify(.) by extensions ['colcon_pkg']
[0.290s] Level 1:colcon.colcon_core.package_identification:_identify(.) by extension 'colcon_pkg'
[0.290s] Level 1:colcon.colcon_core.package_identification:_identify(.) by extensions ['colcon_meta']
[0.290s] Level 1:colcon.colcon_core.package_identification:_identify(.) by extension 'colcon_meta'
[0.291s] Level 1:colcon.colcon_core.package_identification:_identify(.) by extensions ['ros']
[0.291s] Level 1:colcon.colcon_core.package_identification:_identify(.) by extension 'ros'
[0.302s] Level 1:colcon.colcon_core.package_identification:_identify(.) by extensions ['cmake', 'python']
[0.302s] Level 1:colcon.colcon_core.package_identification:_identify(.) by extension 'cmake'
[0.302s] Level 1:colcon.colcon_core.package_identification:_identify(.) by extension 'python'
[0.302s] Level 1:colcon.colcon_core.package_identification:_identify(.) by extensions ['python_setup_py']
[0.302s] Level 1:colcon.colcon_core.package_identification:_identify(.) by extension 'python_setup_py'
[0.302s] Level 1:colcon.colcon_core.package_identification:_identify(build) by extensions ['ignore', 'ignore_ament_install']
[0.302s] Level 1:colcon.colcon_core.package_identification:_identify(build) by extension 'ignore'
[0.302s] Level 1:colcon.colcon_core.package_identification:_identify(build) ignored
[0.302s] Level 1:colcon.colcon_core.package_identification:_identify(install) by extensions ['ignore', 'ignore_ament_install']
[0.302s] Level 1:colcon.colcon_core.package_identification:_identify(install) by extension 'ignore'
[0.302s] Level 1:colcon.colcon_core.package_identification:_identify(install) ignored
[0.303s] Level 1:colcon.colcon_core.package_identification:_identify(log) by extensions ['ignore', 'ignore_ament_install']
[0.303s] Level 1:colcon.colcon_core.package_identification:_identify(log) by extension 'ignore'
[0.303s] Level 1:colcon.colcon_core.package_identification:_identify(log) ignored
[0.303s] Level 1:colcon.colcon_core.package_identification:_identify(src) by extensions ['ignore', 'ignore_ament_install']
[0.303s] Level 1:colcon.colcon_core.package_identification:_identify(src) by extension 'ignore'
[0.303s] Level 1:colcon.colcon_core.package_identification:_identify(src) by extension 'ignore_ament_install'
[0.303s] Level 1:colcon.colcon_core.package_identification:_identify(src) by extensions ['colcon_pkg']
[0.303s] Level 1:colcon.colcon_core.package_identification:_identify(src) by extension 'colcon_pkg'
[0.303s] Level 1:colcon.colcon_core.package_identification:_identify(src) by extensions ['colcon_meta']
[0.303s] Level 1:colcon.colcon_core.package_identification:_identify(src) by extension 'colcon_meta'
[0.303s] Level 1:colcon.colcon_core.package_identification:_identify(src) by extensions ['ros']
[0.303s] Level 1:colcon.colcon_core.package_identification:_identify(src) by extension 'ros'
[0.303s] Level 1:colcon.colcon_core.package_identification:_identify(src) by extensions ['cmake', 'python']
[0.303s] Level 1:colcon.colcon_core.package_identification:_identify(src) by extension 'cmake'
[0.303s] Level 1:colcon.colcon_core.package_identification:_identify(src) by extension 'python'
[0.303s] Level 1:colcon.colcon_core.package_identification:_identify(src) by extensions ['python_setup_py']
[0.303s] Level 1:colcon.colcon_core.package_identification:_identify(src) by extension 'python_setup_py'
[0.303s] Level 1:colcon.colcon_core.package_identification:_identify(src/my_robot_bringup) by extensions ['ignore', 'ignore_ament_install']
[0.304s] Level 1:colcon.colcon_core.package_identification:_identify(src/my_robot_bringup) by extension 'ignore'
[0.304s] Level 1:colcon.colcon_core.package_identification:_identify(src/my_robot_bringup) by extension 'ignore_ament_install'
[0.304s] Level 1:colcon.colcon_core.package_identification:_identify(src/my_robot_bringup) by extensions ['colcon_pkg']
[0.304s] Level 1:colcon.colcon_core.package_identification:_identify(src/my_robot_bringup) by extension 'colcon_pkg'
[0.304s] Level 1:colcon.colcon_core.package_identification:_identify(src/my_robot_bringup) by extensions ['colcon_meta']
[0.304s] Level 1:colcon.colcon_core.package_identification:_identify(src/my_robot_bringup) by extension 'colcon_meta'
[0.304s] Level 1:colcon.colcon_core.package_identification:_identify(src/my_robot_bringup) by extensions ['ros']
[0.304s] Level 1:colcon.colcon_core.package_identification:_identify(src/my_robot_bringup) by extension 'ros'
[0.306s] DEBUG:colcon.colcon_core.package_identification:Package 'src/my_robot_bringup' with type 'ros.ament_cmake' and name 'my_robot_bringup'
[0.306s] Level 1:colcon.colcon_core.package_identification:_identify(src/my_robot_description) by extensions ['ignore', 'ignore_ament_install']
[0.307s] Level 1:colcon.colcon_core.package_identification:_identify(src/my_robot_description) by extension 'ignore'
[0.307s] Level 1:colcon.colcon_core.package_identification:_identify(src/my_robot_description) by extension 'ignore_ament_install'
[0.307s] Level 1:colcon.colcon_core.package_identification:_identify(src/my_robot_description) by extensions ['colcon_pkg']
[0.307s] Level 1:colcon.colcon_core.package_identification:_identify(src/my_robot_description) by extension 'colcon_pkg'
[0.307s] Level 1:colcon.colcon_core.package_identification:_identify(src/my_robot_description) by extensions ['colcon_meta']
[0.307s] Level 1:colcon.colcon_core.package_identification:_identify(src/my_robot_description) by extension 'colcon_meta'
[0.307s] Level 1:colcon.colcon_core.package_identification:_identify(src/my_robot_description) by extensions ['ros']
[0.307s] Level 1:colcon.colcon_core.package_identification:_identify(src/my_robot_description) by extension 'ros'
[0.307s] DEBUG:colcon.colcon_core.package_identification:Package 'src/my_robot_description' with type 'ros.ament_cmake' and name 'my_robot_description'
[0.307s] Level 1:colcon.colcon_core.package_discovery:discover_packages(recursive) using defaults
[0.308s] Level 1:colcon.colcon_core.package_discovery:discover_packages(ignore) discover
[0.308s] Level 1:colcon.colcon_core.package_discovery:discover_packages(ignore) using defaults
[0.308s] Level 1:colcon.colcon_core.package_discovery:discover_packages(path) discover
[0.308s] Level 1:colcon.colcon_core.package_discovery:discover_packages(path) using defaults
[0.337s] Level 1:colcon.colcon_core.package_discovery:discover_packages(prefix_path) check parameters
[0.337s] Level 1:colcon.colcon_core.package_discovery:discover_packages(prefix_path) discover
[0.339s] DEBUG:colcon.colcon_installed_package_information.package_discovery:Found 2 installed packages in /home/hayden/ROS2_demo/sim_ws/install
[0.340s] DEBUG:colcon.colcon_installed_package_information.package_discovery:Found 4 installed packages in /home/hayden/ROS2_demo/firstROS2_ws/install
[0.341s] DEBUG:colcon.colcon_installed_package_information.package_discovery:Found 320 installed packages in /opt/ros/humble
[0.343s] Level 1:colcon.colcon_core.package_discovery:discover_packages(prefix_path) using defaults
[0.386s] Level 5:colcon.colcon_core.verb:set package 'my_robot_description' build argument 'cmake_args' from command line to 'None'
[0.386s] Level 5:colcon.colcon_core.verb:set package 'my_robot_description' build argument 'cmake_target' from command line to 'None'
[0.386s] Level 5:colcon.colcon_core.verb:set package 'my_robot_description' build argument 'cmake_target_skip_unavailable' from command line to 'False'
[0.386s] Level 5:colcon.colcon_core.verb:set package 'my_robot_description' build argument 'cmake_clean_cache' from command line to 'False'
[0.386s] Level 5:colcon.colcon_core.verb:set package 'my_robot_description' build argument 'cmake_clean_first' from command line to 'False'
[0.386s] Level 5:colcon.colcon_core.verb:set package 'my_robot_description' build argument 'cmake_force_configure' from command line to 'False'
[0.386s] Level 5:colcon.colcon_core.verb:set package 'my_robot_description' build argument 'ament_cmake_args' from command line to 'None'
[0.386s] Level 5:colcon.colcon_core.verb:set package 'my_robot_description' build argument 'catkin_cmake_args' from command line to 'None'
[0.386s] Level 5:colcon.colcon_core.verb:set package 'my_robot_description' build argument 'catkin_skip_building_tests' from command line to 'False'
[0.386s] DEBUG:colcon.colcon_core.verb:Building package 'my_robot_description' with the following arguments: {'ament_cmake_args': None, 'build_base': '/home/hayden/ROS2_demo/sim_ws/build/my_robot_description', 'catkin_cmake_args': None, 'catkin_skip_building_tests': False, 'cmake_args': None, 'cmake_clean_cache': False, 'cmake_clean_first': False, 'cmake_force_configure': False, 'cmake_target': None, 'cmake_target_skip_unavailable': False, 'install_base': '/home/hayden/ROS2_demo/sim_ws/install/my_robot_description', 'merge_install': False, 'path': '/home/hayden/ROS2_demo/sim_ws/src/my_robot_description', 'symlink_install': True, 'test_result_base': None}
[0.386s] Level 5:colcon.colcon_core.verb:set package 'my_robot_bringup' build argument 'cmake_args' from command line to 'None'
[0.386s] Level 5:colcon.colcon_core.verb:set package 'my_robot_bringup' build argument 'cmake_target' from command line to 'None'
[0.386s] Level 5:colcon.colcon_core.verb:set package 'my_robot_bringup' build argument 'cmake_target_skip_unavailable' from command line to 'False'
[0.387s] Level 5:colcon.colcon_core.verb:set package 'my_robot_bringup' build argument 'cmake_clean_cache' from command line to 'False'
[0.387s] Level 5:colcon.colcon_core.verb:set package 'my_robot_bringup' build argument 'cmake_clean_first' from command line to 'False'
[0.387s] Level 5:colcon.colcon_core.verb:set package 'my_robot_bringup' build argument 'cmake_force_configure' from command line to 'False'
[0.387s] Level 5:colcon.colcon_core.verb:set package 'my_robot_bringup' build argument 'ament_cmake_args' from command line to 'None'
[0.387s] Level 5:colcon.colcon_core.verb:set package 'my_robot_bringup' build argument 'catkin_cmake_args' from command line to 'None'
[0.387s] Level 5:colcon.colcon_core.verb:set package 'my_robot_bringup' build argument 'catkin_skip_building_tests' from command line to 'False'
[0.387s] DEBUG:colcon.colcon_core.verb:Building package 'my_robot_bringup' with the following arguments: {'ament_cmake_args': None, 'build_base': '/home/hayden/ROS2_demo/sim_ws/build/my_robot_bringup', 'catkin_cmake_args': None, 'catkin_skip_building_tests': False, 'cmake_args': None, 'cmake_clean_cache': False, 'cmake_clean_first': False, 'cmake_force_configure': False, 'cmake_target': None, 'cmake_target_skip_unavailable': False, 'install_base': '/home/hayden/ROS2_demo/sim_ws/install/my_robot_bringup', 'merge_install': False, 'path': '/home/hayden/ROS2_demo/sim_ws/src/my_robot_bringup', 'symlink_install': True, 'test_result_base': None}
[0.387s] INFO:colcon.colcon_core.executor:Executing jobs using 'parallel' executor
[0.388s] DEBUG:colcon.colcon_parallel_executor.executor.parallel:run_until_complete
[0.388s] INFO:colcon.colcon_ros.task.ament_cmake.build:Building ROS package in '/home/hayden/ROS2_demo/sim_ws/src/my_robot_description' with build type 'ament_cmake'
[0.388s] INFO:colcon.colcon_cmake.task.cmake.build:Building CMake package in '/home/hayden/ROS2_demo/sim_ws/src/my_robot_description'
[0.391s] INFO:colcon.colcon_core.plugin_system:Skipping extension 'colcon_core.shell.bat': Not used on non-Windows systems
[0.391s] INFO:colcon.colcon_core.shell:Skip shell extension 'powershell' for command environment: Not usable outside of PowerShell
[0.391s] DEBUG:colcon.colcon_core.shell:Skip shell extension 'dsv' for command environment
[0.400s] DEBUG:colcon.colcon_core.event_handler.log_command:Invoking command in '/home/hayden/ROS2_demo/sim_ws/build/my_robot_description': CMAKE_PREFIX_PATH=${CMAKE_PREFIX_PATH}:/home/hayden/ROS2_demo/firstROS2_ws/install/my_python_pkg:/opt/ros/humble /usr/bin/cmake /home/hayden/ROS2_demo/sim_ws/src/my_robot_description -DAMENT_CMAKE_SYMLINK_INSTALL=1 -DCMAKE_INSTALL_PREFIX=/home/hayden/ROS2_demo/sim_ws/install/my_robot_description
[0.932s] DEBUG:colcon.colcon_core.event_handler.log_command:Invoked command in '/home/hayden/ROS2_demo/sim_ws/build/my_robot_description' returned '0': CMAKE_PREFIX_PATH=${CMAKE_PREFIX_PATH}:/home/hayden/ROS2_demo/firstROS2_ws/install/my_python_pkg:/opt/ros/humble /usr/bin/cmake /home/hayden/ROS2_demo/sim_ws/src/my_robot_description -DAMENT_CMAKE_SYMLINK_INSTALL=1 -DCMAKE_INSTALL_PREFIX=/home/hayden/ROS2_demo/sim_ws/install/my_robot_description
[0.934s] DEBUG:colcon.colcon_core.event_handler.log_command:Invoking command in '/home/hayden/ROS2_demo/sim_ws/build/my_robot_description': CMAKE_PREFIX_PATH=${CMAKE_PREFIX_PATH}:/home/hayden/ROS2_demo/firstROS2_ws/install/my_python_pkg:/opt/ros/humble /usr/bin/cmake --build /home/hayden/ROS2_demo/sim_ws/build/my_robot_description -- -j2 -l2
[0.981s] DEBUG:colcon.colcon_core.event_handler.log_command:Invoked command in '/home/hayden/ROS2_demo/sim_ws/build/my_robot_description' returned '0': CMAKE_PREFIX_PATH=${CMAKE_PREFIX_PATH}:/home/hayden/ROS2_demo/firstROS2_ws/install/my_python_pkg:/opt/ros/humble /usr/bin/cmake --build /home/hayden/ROS2_demo/sim_ws/build/my_robot_description -- -j2 -l2
[1.022s] DEBUG:colcon.colcon_core.event_handler.log_command:Invoking command in '/home/hayden/ROS2_demo/sim_ws/build/my_robot_description': CMAKE_PREFIX_PATH=${CMAKE_PREFIX_PATH}:/home/hayden/ROS2_demo/firstROS2_ws/install/my_python_pkg:/opt/ros/humble /usr/bin/cmake --install /home/hayden/ROS2_demo/sim_ws/build/my_robot_description
[1.280s] Level 1:colcon.colcon_core.environment:create_environment_scripts_only(my_robot_description)
[1.280s] DEBUG:colcon.colcon_core.event_handler.log_command:Invoked command in '/home/hayden/ROS2_demo/sim_ws/build/my_robot_description' returned '0': CMAKE_PREFIX_PATH=${CMAKE_PREFIX_PATH}:/home/hayden/ROS2_demo/firstROS2_ws/install/my_python_pkg:/opt/ros/humble /usr/bin/cmake --install /home/hayden/ROS2_demo/sim_ws/build/my_robot_description
[1.282s] Level 1:colcon.colcon_core.environment:checking '/home/hayden/ROS2_demo/sim_ws/install/my_robot_description' for CMake module files
[1.283s] Level 1:colcon.colcon_core.environment:checking '/home/hayden/ROS2_demo/sim_ws/install/my_robot_description' for CMake config files
[1.283s] Level 1:colcon.colcon_core.shell:create_environment_hook('my_robot_description', 'cmake_prefix_path')
[1.283s] INFO:colcon.colcon_core.shell:Creating environment hook '/home/hayden/ROS2_demo/sim_ws/install/my_robot_description/share/my_robot_description/hook/cmake_prefix_path.ps1'
[1.284s] INFO:colcon.colcon_core.shell:Creating environment descriptor '/home/hayden/ROS2_demo/sim_ws/install/my_robot_description/share/my_robot_description/hook/cmake_prefix_path.dsv'
[1.285s] INFO:colcon.colcon_core.shell:Creating environment hook '/home/hayden/ROS2_demo/sim_ws/install/my_robot_description/share/my_robot_description/hook/cmake_prefix_path.sh'
[1.286s] Level 1:colcon.colcon_core.environment:checking '/home/hayden/ROS2_demo/sim_ws/install/my_robot_description/bin'
[1.286s] Level 1:colcon.colcon_core.environment:checking '/home/hayden/ROS2_demo/sim_ws/install/my_robot_description/lib/pkgconfig/my_robot_description.pc'
[1.286s] Level 1:colcon.colcon_core.environment:checking '/home/hayden/ROS2_demo/sim_ws/install/my_robot_description/lib/python3.10/site-packages'
[1.286s] Level 1:colcon.colcon_core.environment:checking '/home/hayden/ROS2_demo/sim_ws/install/my_robot_description/bin'
[1.287s] INFO:colcon.colcon_core.shell:Creating package script '/home/hayden/ROS2_demo/sim_ws/install/my_robot_description/share/my_robot_description/package.ps1'
[1.287s] INFO:colcon.colcon_core.shell:Creating package descriptor '/home/hayden/ROS2_demo/sim_ws/install/my_robot_description/share/my_robot_description/package.dsv'
[1.288s] INFO:colcon.colcon_core.shell:Creating package script '/home/hayden/ROS2_demo/sim_ws/install/my_robot_description/share/my_robot_description/package.sh'
[1.289s] INFO:colcon.colcon_core.shell:Creating package script '/home/hayden/ROS2_demo/sim_ws/install/my_robot_description/share/my_robot_description/package.bash'
[1.289s] INFO:colcon.colcon_core.shell:Creating package script '/home/hayden/ROS2_demo/sim_ws/install/my_robot_description/share/my_robot_description/package.zsh'
[1.290s] Level 1:colcon.colcon_core.environment:create_file_with_runtime_dependencies(/home/hayden/ROS2_demo/sim_ws/install/my_robot_description/share/colcon-core/packages/my_robot_description)
[1.317s] Level 1:colcon.colcon_core.environment:create_environment_scripts_only(my_robot_description)
[1.318s] Level 1:colcon.colcon_core.environment:checking '/home/hayden/ROS2_demo/sim_ws/install/my_robot_description' for CMake module files
[1.319s] Level 1:colcon.colcon_core.environment:checking '/home/hayden/ROS2_demo/sim_ws/install/my_robot_description' for CMake config files
[1.319s] Level 1:colcon.colcon_core.shell:create_environment_hook('my_robot_description', 'cmake_prefix_path')
[1.320s] INFO:colcon.colcon_core.shell:Creating environment hook '/home/hayden/ROS2_demo/sim_ws/install/my_robot_description/share/my_robot_description/hook/cmake_prefix_path.ps1'
[1.321s] INFO:colcon.colcon_core.shell:Creating environment descriptor '/home/hayden/ROS2_demo/sim_ws/install/my_robot_description/share/my_robot_description/hook/cmake_prefix_path.dsv'
[1.321s] INFO:colcon.colcon_core.shell:Creating environment hook '/home/hayden/ROS2_demo/sim_ws/install/my_robot_description/share/my_robot_description/hook/cmake_prefix_path.sh'
[1.322s] Level 1:colcon.colcon_core.environment:checking '/home/hayden/ROS2_demo/sim_ws/install/my_robot_description/bin'
[1.322s] Level 1:colcon.colcon_core.environment:checking '/home/hayden/ROS2_demo/sim_ws/install/my_robot_description/lib/pkgconfig/my_robot_description.pc'
[1.322s] Level 1:colcon.colcon_core.environment:checking '/home/hayden/ROS2_demo/sim_ws/install/my_robot_description/lib/python3.10/site-packages'
[1.323s] Level 1:colcon.colcon_core.environment:checking '/home/hayden/ROS2_demo/sim_ws/install/my_robot_description/bin'
[1.323s] INFO:colcon.colcon_core.shell:Creating package script '/home/hayden/ROS2_demo/sim_ws/install/my_robot_description/share/my_robot_description/package.ps1'
[1.323s] INFO:colcon.colcon_core.shell:Creating package descriptor '/home/hayden/ROS2_demo/sim_ws/install/my_robot_description/share/my_robot_description/package.dsv'
[1.324s] INFO:colcon.colcon_core.shell:Creating package script '/home/hayden/ROS2_demo/sim_ws/install/my_robot_description/share/my_robot_description/package.sh'
[1.324s] INFO:colcon.colcon_core.shell:Creating package script '/home/hayden/ROS2_demo/sim_ws/install/my_robot_description/share/my_robot_description/package.bash'
[1.325s] INFO:colcon.colcon_core.shell:Creating package script '/home/hayden/ROS2_demo/sim_ws/install/my_robot_description/share/my_robot_description/package.zsh'
[1.325s] Level 1:colcon.colcon_core.environment:create_file_with_runtime_dependencies(/home/hayden/ROS2_demo/sim_ws/install/my_robot_description/share/colcon-core/packages/my_robot_description)
[1.326s] INFO:colcon.colcon_ros.task.ament_cmake.build:Building ROS package in '/home/hayden/ROS2_demo/sim_ws/src/my_robot_bringup' with build type 'ament_cmake'
[1.326s] INFO:colcon.colcon_cmake.task.cmake.build:Building CMake package in '/home/hayden/ROS2_demo/sim_ws/src/my_robot_bringup'
[1.326s] INFO:colcon.colcon_core.shell:Skip shell extension 'powershell' for command environment: Not usable outside of PowerShell
[1.326s] DEBUG:colcon.colcon_core.shell:Skip shell extension 'dsv' for command environment
[1.337s] DEBUG:colcon.colcon_core.event_handler.log_command:Invoking command in '/home/hayden/ROS2_demo/sim_ws/build/my_robot_bringup': CMAKE_PREFIX_PATH=/home/hayden/ROS2_demo/sim_ws/install/my_robot_description:/home/hayden/ROS2_demo/sim_ws/install/my_robot_bringup:/home/hayden/ROS2_demo/firstROS2_ws/install/my_robot_bringup:/home/hayden/ROS2_demo/firstROS2_ws/install/my_cpp_pkg:/home/hayden/ROS2_demo/firstROS2_ws/install/my_interfaces:/home/hayden/ROS2_demo/firstROS2_ws/install/my_python_pkg:/opt/ros/humble /usr/bin/cmake /home/hayden/ROS2_demo/sim_ws/src/my_robot_bringup -DAMENT_CMAKE_SYMLINK_INSTALL=1 -DCMAKE_INSTALL_PREFIX=/home/hayden/ROS2_demo/sim_ws/install/my_robot_bringup
[1.560s] DEBUG:colcon.colcon_core.event_handler.log_command:Invoked command in '/home/hayden/ROS2_demo/sim_ws/build/my_robot_bringup' returned '0': CMAKE_PREFIX_PATH=/home/hayden/ROS2_demo/sim_ws/install/my_robot_description:/home/hayden/ROS2_demo/sim_ws/install/my_robot_bringup:/home/hayden/ROS2_demo/firstROS2_ws/install/my_robot_bringup:/home/hayden/ROS2_demo/firstROS2_ws/install/my_cpp_pkg:/home/hayden/ROS2_demo/firstROS2_ws/install/my_interfaces:/home/hayden/ROS2_demo/firstROS2_ws/install/my_python_pkg:/opt/ros/humble /usr/bin/cmake /home/hayden/ROS2_demo/sim_ws/src/my_robot_bringup -DAMENT_CMAKE_SYMLINK_INSTALL=1 -DCMAKE_INSTALL_PREFIX=/home/hayden/ROS2_demo/sim_ws/install/my_robot_bringup
[1.561s] DEBUG:colcon.colcon_core.event_handler.log_command:Invoking command in '/home/hayden/ROS2_demo/sim_ws/build/my_robot_bringup': CMAKE_PREFIX_PATH=/home/hayden/ROS2_demo/sim_ws/install/my_robot_description:/home/hayden/ROS2_demo/sim_ws/install/my_robot_bringup:/home/hayden/ROS2_demo/firstROS2_ws/install/my_robot_bringup:/home/hayden/ROS2_demo/firstROS2_ws/install/my_cpp_pkg:/home/hayden/ROS2_demo/firstROS2_ws/install/my_interfaces:/home/hayden/ROS2_demo/firstROS2_ws/install/my_python_pkg:/opt/ros/humble /usr/bin/cmake --build /home/hayden/ROS2_demo/sim_ws/build/my_robot_bringup -- -j2 -l2
[1.610s] DEBUG:colcon.colcon_core.event_handler.log_command:Invoked command in '/home/hayden/ROS2_demo/sim_ws/build/my_robot_bringup' returned '0': CMAKE_PREFIX_PATH=/home/hayden/ROS2_demo/sim_ws/install/my_robot_description:/home/hayden/ROS2_demo/sim_ws/install/my_robot_bringup:/home/hayden/ROS2_demo/firstROS2_ws/install/my_robot_bringup:/home/hayden/ROS2_demo/firstROS2_ws/install/my_cpp_pkg:/home/hayden/ROS2_demo/firstROS2_ws/install/my_interfaces:/home/hayden/ROS2_demo/firstROS2_ws/install/my_python_pkg:/opt/ros/humble /usr/bin/cmake --build /home/hayden/ROS2_demo/sim_ws/build/my_robot_bringup -- -j2 -l2
[1.638s] DEBUG:colcon.colcon_core.event_handler.log_command:Invoking command in '/home/hayden/ROS2_demo/sim_ws/build/my_robot_bringup': CMAKE_PREFIX_PATH=/home/hayden/ROS2_demo/sim_ws/install/my_robot_description:/home/hayden/ROS2_demo/sim_ws/install/my_robot_bringup:/home/hayden/ROS2_demo/firstROS2_ws/install/my_robot_bringup:/home/hayden/ROS2_demo/firstROS2_ws/install/my_cpp_pkg:/home/hayden/ROS2_demo/firstROS2_ws/install/my_interfaces:/home/hayden/ROS2_demo/firstROS2_ws/install/my_python_pkg:/opt/ros/humble /usr/bin/cmake --install /home/hayden/ROS2_demo/sim_ws/build/my_robot_bringup
[1.842s] Level 1:colcon.colcon_core.environment:create_environment_scripts_only(my_robot_bringup)
[1.842s] DEBUG:colcon.colcon_core.event_handler.log_command:Invoked command in '/home/hayden/ROS2_demo/sim_ws/build/my_robot_bringup' returned '0': CMAKE_PREFIX_PATH=/home/hayden/ROS2_demo/sim_ws/install/my_robot_description:/home/hayden/ROS2_demo/sim_ws/install/my_robot_bringup:/home/hayden/ROS2_demo/firstROS2_ws/install/my_robot_bringup:/home/hayden/ROS2_demo/firstROS2_ws/install/my_cpp_pkg:/home/hayden/ROS2_demo/firstROS2_ws/install/my_interfaces:/home/hayden/ROS2_demo/firstROS2_ws/install/my_python_pkg:/opt/ros/humble /usr/bin/cmake --install /home/hayden/ROS2_demo/sim_ws/build/my_robot_bringup
[1.843s] Level 1:colcon.colcon_core.environment:checking '/home/hayden/ROS2_demo/sim_ws/install/my_robot_bringup' for CMake module files
[1.843s] Level 1:colcon.colcon_core.environment:checking '/home/hayden/ROS2_demo/sim_ws/install/my_robot_bringup' for CMake config files
[1.844s] Level 1:colcon.colcon_core.shell:create_environment_hook('my_robot_bringup', 'cmake_prefix_path')
[1.844s] INFO:colcon.colcon_core.shell:Creating environment hook '/home/hayden/ROS2_demo/sim_ws/install/my_robot_bringup/share/my_robot_bringup/hook/cmake_prefix_path.ps1'
[1.844s] INFO:colcon.colcon_core.shell:Creating environment descriptor '/home/hayden/ROS2_demo/sim_ws/install/my_robot_bringup/share/my_robot_bringup/hook/cmake_prefix_path.dsv'
[1.845s] INFO:colcon.colcon_core.shell:Creating environment hook '/home/hayden/ROS2_demo/sim_ws/install/my_robot_bringup/share/my_robot_bringup/hook/cmake_prefix_path.sh'
[1.845s] Level 1:colcon.colcon_core.environment:checking '/home/hayden/ROS2_demo/sim_ws/install/my_robot_bringup/bin'
[1.845s] Level 1:colcon.colcon_core.environment:checking '/home/hayden/ROS2_demo/sim_ws/install/my_robot_bringup/lib/pkgconfig/my_robot_bringup.pc'
[1.846s] Level 1:colcon.colcon_core.environment:checking '/home/hayden/ROS2_demo/sim_ws/install/my_robot_bringup/lib/python3.10/site-packages'
[1.846s] Level 1:colcon.colcon_core.environment:checking '/home/hayden/ROS2_demo/sim_ws/install/my_robot_bringup/bin'
[1.846s] INFO:colcon.colcon_core.shell:Creating package script '/home/hayden/ROS2_demo/sim_ws/install/my_robot_bringup/share/my_robot_bringup/package.ps1'
[1.847s] INFO:colcon.colcon_core.shell:Creating package descriptor '/home/hayden/ROS2_demo/sim_ws/install/my_robot_bringup/share/my_robot_bringup/package.dsv'
[1.847s] INFO:colcon.colcon_core.shell:Creating package script '/home/hayden/ROS2_demo/sim_ws/install/my_robot_bringup/share/my_robot_bringup/package.sh'
[1.847s] INFO:colcon.colcon_core.shell:Creating package script '/home/hayden/ROS2_demo/sim_ws/install/my_robot_bringup/share/my_robot_bringup/package.bash'
[1.848s] INFO:colcon.colcon_core.shell:Creating package script '/home/hayden/ROS2_demo/sim_ws/install/my_robot_bringup/share/my_robot_bringup/package.zsh'
[1.848s] Level 1:colcon.colcon_core.environment:create_file_with_runtime_dependencies(/home/hayden/ROS2_demo/sim_ws/install/my_robot_bringup/share/colcon-core/packages/my_robot_bringup)
[1.875s] Level 1:colcon.colcon_core.environment:create_environment_scripts_only(my_robot_bringup)
[1.876s] Level 1:colcon.colcon_core.environment:checking '/home/hayden/ROS2_demo/sim_ws/install/my_robot_bringup' for CMake module files
[1.876s] Level 1:colcon.colcon_core.environment:checking '/home/hayden/ROS2_demo/sim_ws/install/my_robot_bringup' for CMake config files
[1.876s] Level 1:colcon.colcon_core.shell:create_environment_hook('my_robot_bringup', 'cmake_prefix_path')
[1.876s] INFO:colcon.colcon_core.shell:Creating environment hook '/home/hayden/ROS2_demo/sim_ws/install/my_robot_bringup/share/my_robot_bringup/hook/cmake_prefix_path.ps1'
[1.877s] INFO:colcon.colcon_core.shell:Creating environment descriptor '/home/hayden/ROS2_demo/sim_ws/install/my_robot_bringup/share/my_robot_bringup/hook/cmake_prefix_path.dsv'
[1.877s] INFO:colcon.colcon_core.shell:Creating environment hook '/home/hayden/ROS2_demo/sim_ws/install/my_robot_bringup/share/my_robot_bringup/hook/cmake_prefix_path.sh'
[1.878s] Level 1:colcon.colcon_core.environment:checking '/home/hayden/ROS2_demo/sim_ws/install/my_robot_bringup/bin'
[1.878s] Level 1:colcon.colcon_core.environment:checking '/home/hayden/ROS2_demo/sim_ws/install/my_robot_bringup/lib/pkgconfig/my_robot_bringup.pc'
[1.878s] Level 1:colcon.colcon_core.environment:checking '/home/hayden/ROS2_demo/sim_ws/install/my_robot_bringup/lib/python3.10/site-packages'
[1.879s] Level 1:colcon.colcon_core.environment:checking '/home/hayden/ROS2_demo/sim_ws/install/my_robot_bringup/bin'
[1.879s] INFO:colcon.colcon_core.shell:Creating package script '/home/hayden/ROS2_demo/sim_ws/install/my_robot_bringup/share/my_robot_bringup/package.ps1'
[1.879s] INFO:colcon.colcon_core.shell:Creating package descriptor '/home/hayden/ROS2_demo/sim_ws/install/my_robot_bringup/share/my_robot_bringup/package.dsv'
[1.880s] INFO:colcon.colcon_core.shell:Creating package script '/home/hayden/ROS2_demo/sim_ws/install/my_robot_bringup/share/my_robot_bringup/package.sh'
[1.880s] INFO:colcon.colcon_core.shell:Creating package script '/home/hayden/ROS2_demo/sim_ws/install/my_robot_bringup/share/my_robot_bringup/package.bash'
[1.881s] INFO:colcon.colcon_core.shell:Creating package script '/home/hayden/ROS2_demo/sim_ws/install/my_robot_bringup/share/my_robot_bringup/package.zsh'
[1.881s] Level 1:colcon.colcon_core.environment:create_file_with_runtime_dependencies(/home/hayden/ROS2_demo/sim_ws/install/my_robot_bringup/share/colcon-core/packages/my_robot_bringup)
[1.882s] DEBUG:colcon.colcon_parallel_executor.executor.parallel:closing loop
[1.882s] DEBUG:colcon.colcon_parallel_executor.executor.parallel:loop closed
[1.882s] DEBUG:colcon.colcon_parallel_executor.executor.parallel:run_until_complete finished with '0'
[1.882s] DEBUG:colcon.colcon_core.event_reactor:joining thread
[1.888s] INFO:colcon.colcon_core.plugin_system:Skipping extension 'colcon_notification.desktop_notification.terminal_notifier': Not used on non-Darwin systems
[1.888s] INFO:colcon.colcon_core.plugin_system:Skipping extension 'colcon_notification.desktop_notification.win32': Not used on non-Windows systems
[1.888s] INFO:colcon.colcon_notification.desktop_notification:Sending desktop notification using 'notify2'
[1.900s] DEBUG:colcon.colcon_core.event_reactor:joined thread
[1.901s] INFO:colcon.colcon_core.shell:Creating prefix script '/home/hayden/ROS2_demo/sim_ws/install/local_setup.ps1'
[1.902s] INFO:colcon.colcon_core.shell:Creating prefix util module '/home/hayden/ROS2_demo/sim_ws/install/_local_setup_util_ps1.py'
[1.903s] INFO:colcon.colcon_core.shell:Creating prefix chain script '/home/hayden/ROS2_demo/sim_ws/install/setup.ps1'
[1.905s] INFO:colcon.colcon_core.shell:Creating prefix script '/home/hayden/ROS2_demo/sim_ws/install/local_setup.sh'
[1.905s] INFO:colcon.colcon_core.shell:Creating prefix util module '/home/hayden/ROS2_demo/sim_ws/install/_local_setup_util_sh.py'
[1.906s] INFO:colcon.colcon_core.shell:Creating prefix chain script '/home/hayden/ROS2_demo/sim_ws/install/setup.sh'
[1.907s] INFO:colcon.colcon_core.shell:Creating prefix script '/home/hayden/ROS2_demo/sim_ws/install/local_setup.bash'
[1.908s] INFO:colcon.colcon_core.shell:Creating prefix chain script '/home/hayden/ROS2_demo/sim_ws/install/setup.bash'
[1.909s] INFO:colcon.colcon_core.shell:Creating prefix script '/home/hayden/ROS2_demo/sim_ws/install/local_setup.zsh'
[1.910s] INFO:colcon.colcon_core.shell:Creating prefix chain script '/home/hayden/ROS2_demo/sim_ws/install/setup.zsh'
