[0.071s] Invoking command in '/home/hayden/ROS2_demo/firstROS2_ws/build/my_cpp_pkg': CMAKE_PREFIX_PATH=${CMAKE_PREFIX_PATH}:/home/hayden/ROS2_demo/firstROS2_ws/install/my_python_pkg:/opt/ros/humble /usr/bin/cmake --build /home/hayden/ROS2_demo/firstROS2_ws/build/my_cpp_pkg -- -j6 -l6
[0.974s] -- Found ament_cmake: 1.3.8 (/opt/ros/humble/share/ament_cmake/cmake)
[1.532s] -- Found rclcpp: 16.0.8 (/opt/ros/humble/share/rclcpp/cmake)
[1.770s] -- Found rosidl_generator_c: 3.1.5 (/opt/ros/humble/share/rosidl_generator_c/cmake)
[1.790s] -- Found rosidl_adapter: 3.1.5 (/opt/ros/humble/share/rosidl_adapter/cmake)
[1.826s] -- Found rosidl_generator_cpp: 3.1.5 (/opt/ros/humble/share/rosidl_generator_cpp/cmake)
[1.872s] -- Using all available rosidl_typesupport_c: rosidl_typesupport_fastrtps_c;rosidl_typesupport_introspection_c
[2.159s] -- Using all available rosidl_typesupport_cpp: rosidl_typesupport_fastrtps_cpp;rosidl_typesupport_introspection_cpp
[2.387s] -- Found rmw_implementation_cmake: 6.1.1 (/opt/ros/humble/share/rmw_implementation_cmake/cmake)
[2.434s] -- Found rmw_fastrtps_cpp: 6.2.6 (/opt/ros/humble/share/rmw_fastrtps_cpp/cmake)
[2.780s] -- Using RMW implementation 'rmw_fastrtps_cpp' as default
[3.237s] -- Found ament_lint_auto: 0.12.10 (/opt/ros/humble/share/ament_lint_auto/cmake)
[3.448s] -- Added test 'cppcheck' to perform static code analysis on C / C++ code
[3.448s] -- Configured cppcheck include dirs: 
[3.448s] -- Configured cppcheck exclude dirs and/or files: 
[3.464s] -- Added test 'lint_cmake' to check CMake code style
[3.467s] -- Added test 'uncrustify' to check C / C++ code style
[3.467s] -- Configured uncrustify additional arguments: 
[3.468s] -- Added test 'xmllint' to check XML markup files
[3.475s] -- Configuring done
[3.480s] [31mCMake Error at CMakeLists.txt:27 (add_executable):
[3.480s]   Cannot find source file:
[3.480s] 
[3.480s]     src/my_first_node.cpp
[3.480s] 
[3.480s]   Tried extensions .c .C .c++ .cc .cpp .cxx .cu .mpp .m .M .mm .ixx .cppm .h
[3.480s]   .hh .h++ .hm .hpp .hxx .in .txx .f .F .for .f77 .f90 .f95 .f03 .hip .ispc
[3.480s] 
[3.480s] [0m
[3.496s] [31mCMake Error at CMakeLists.txt:27 (add_executable):
[3.496s]   No SOURCES given to target: cpp_node1
[3.496s] 
[3.496s] [0m
[3.496s] [0mCMake Generate step failed.  Build files cannot be regenerated correctly.[0m
[3.510s] gmake: *** [Makefile:226: cmake_check_build_system] Error 1
[3.515s] Invoked command in '/home/hayden/ROS2_demo/firstROS2_ws/build/my_cpp_pkg' returned '2': CMAKE_PREFIX_PATH=${CMAKE_PREFIX_PATH}:/home/hayden/ROS2_demo/firstROS2_ws/install/my_python_pkg:/opt/ros/humble /usr/bin/cmake --build /home/hayden/ROS2_demo/firstROS2_ws/build/my_cpp_pkg -- -j6 -l6
