[0.076s] Invoking command in '/home/hayden/ROS2_demo/firstROS2_ws/build/my_cpp_pkg': CMAKE_PREFIX_PATH=${CMAKE_PREFIX_PATH}:/home/hayden/ROS2_demo/firstROS2_ws/install/my_python_pkg:/opt/ros/humble /usr/bin/cmake --build /home/hayden/ROS2_demo/firstROS2_ws/build/my_cpp_pkg -- -j6 -l6
[0.920s] -- Found ament_cmake: 1.3.8 (/opt/ros/humble/share/ament_cmake/cmake)
[1.464s] -- Found rclcpp: 16.0.8 (/opt/ros/humble/share/rclcpp/cmake)
[1.712s] -- Found rosidl_generator_c: 3.1.5 (/opt/ros/humble/share/rosidl_generator_c/cmake)
[1.728s] -- Found rosidl_adapter: 3.1.5 (/opt/ros/humble/share/rosidl_adapter/cmake)
[1.757s] -- Found rosidl_generator_cpp: 3.1.5 (/opt/ros/humble/share/rosidl_generator_cpp/cmake)
[1.810s] -- Using all available rosidl_typesupport_c: rosidl_typesupport_fastrtps_c;rosidl_typesupport_introspection_c
[1.916s] -- Using all available rosidl_typesupport_cpp: rosidl_typesupport_fastrtps_cpp;rosidl_typesupport_introspection_cpp
[2.104s] -- Found rmw_implementation_cmake: 6.1.1 (/opt/ros/humble/share/rmw_implementation_cmake/cmake)
[2.131s] -- Found rmw_fastrtps_cpp: 6.2.6 (/opt/ros/humble/share/rmw_fastrtps_cpp/cmake)
[2.469s] -- Using RMW implementation 'rmw_fastrtps_cpp' as default
[3.037s] -- Found example_interfaces: 0.9.3 (/opt/ros/humble/share/example_interfaces/cmake)
[3.303s] -- Found ament_lint_auto: 0.12.10 (/opt/ros/humble/share/ament_lint_auto/cmake)
[3.550s] -- Added test 'cppcheck' to perform static code analysis on C / C++ code
[3.551s] -- Configured cppcheck include dirs: 
[3.551s] -- Configured cppcheck exclude dirs and/or files: 
[3.553s] -- Added test 'lint_cmake' to check CMake code style
[3.556s] -- Added test 'uncrustify' to check C / C++ code style
[3.556s] -- Configured uncrustify additional arguments: 
[3.557s] -- Added test 'xmllint' to check XML markup files
[3.569s] -- Configuring done
[3.789s] -- Generating done
[3.798s] -- Build files have been written to: /home/hayden/ROS2_demo/firstROS2_ws/build/my_cpp_pkg
[3.861s] [ 25%] [32mBuilding CXX object CMakeFiles/cpp_publisher1.dir/src/cpp_publisher.cpp.o[0m
[3.863s] [35m[1mConsolidate compiler generated dependencies of target cpp_node1[0m
[3.912s] [ 75%] Built target cpp_node1
[9.893s] [100%] [32m[1mLinking CXX executable cpp_publisher1[0m
[11.516s] [100%] Built target cpp_publisher1
[11.533s] Invoked command in '/home/hayden/ROS2_demo/firstROS2_ws/build/my_cpp_pkg' returned '0': CMAKE_PREFIX_PATH=${CMAKE_PREFIX_PATH}:/home/hayden/ROS2_demo/firstROS2_ws/install/my_python_pkg:/opt/ros/humble /usr/bin/cmake --build /home/hayden/ROS2_demo/firstROS2_ws/build/my_cpp_pkg -- -j6 -l6
[11.645s] Invoking command in '/home/hayden/ROS2_demo/firstROS2_ws/build/my_cpp_pkg': CMAKE_PREFIX_PATH=${CMAKE_PREFIX_PATH}:/home/hayden/ROS2_demo/firstROS2_ws/install/my_python_pkg:/opt/ros/humble /usr/bin/cmake --install /home/hayden/ROS2_demo/firstROS2_ws/build/my_cpp_pkg
[11.663s] -- Install configuration: ""
[11.720s] -- Up-to-date: /home/hayden/ROS2_demo/firstROS2_ws/install/my_cpp_pkg/lib/my_cpp_pkg/cpp_node1
[11.720s] -- Installing: /home/hayden/ROS2_demo/firstROS2_ws/install/my_cpp_pkg/lib/my_cpp_pkg/cpp_publisher1
[11.722s] -- Set runtime path of "/home/hayden/ROS2_demo/firstROS2_ws/install/my_cpp_pkg/lib/my_cpp_pkg/cpp_publisher1" to ""
[11.722s] -- Installing: /home/hayden/ROS2_demo/firstROS2_ws/install/my_cpp_pkg/share/ament_index/resource_index/package_run_dependencies/my_cpp_pkg
[11.741s] -- Up-to-date: /home/hayden/ROS2_demo/firstROS2_ws/install/my_cpp_pkg/share/ament_index/resource_index/parent_prefix_path/my_cpp_pkg
[11.741s] -- Up-to-date: /home/hayden/ROS2_demo/firstROS2_ws/install/my_cpp_pkg/share/my_cpp_pkg/environment/ament_prefix_path.sh
[11.741s] -- Installing: /home/hayden/ROS2_demo/firstROS2_ws/install/my_cpp_pkg/share/my_cpp_pkg/environment/ament_prefix_path.dsv
[11.741s] -- Up-to-date: /home/hayden/ROS2_demo/firstROS2_ws/install/my_cpp_pkg/share/my_cpp_pkg/environment/path.sh
[11.741s] -- Installing: /home/hayden/ROS2_demo/firstROS2_ws/install/my_cpp_pkg/share/my_cpp_pkg/environment/path.dsv
[11.742s] -- Up-to-date: /home/hayden/ROS2_demo/firstROS2_ws/install/my_cpp_pkg/share/my_cpp_pkg/local_setup.bash
[11.742s] -- Up-to-date: /home/hayden/ROS2_demo/firstROS2_ws/install/my_cpp_pkg/share/my_cpp_pkg/local_setup.sh
[11.742s] -- Up-to-date: /home/hayden/ROS2_demo/firstROS2_ws/install/my_cpp_pkg/share/my_cpp_pkg/local_setup.zsh
[11.742s] -- Installing: /home/hayden/ROS2_demo/firstROS2_ws/install/my_cpp_pkg/share/my_cpp_pkg/local_setup.dsv
[11.742s] -- Installing: /home/hayden/ROS2_demo/firstROS2_ws/install/my_cpp_pkg/share/my_cpp_pkg/package.dsv
[11.743s] -- Up-to-date: /home/hayden/ROS2_demo/firstROS2_ws/install/my_cpp_pkg/share/ament_index/resource_index/packages/my_cpp_pkg
[11.744s] -- Up-to-date: /home/hayden/ROS2_demo/firstROS2_ws/install/my_cpp_pkg/share/my_cpp_pkg/cmake/my_cpp_pkgConfig.cmake
[11.744s] -- Up-to-date: /home/hayden/ROS2_demo/firstROS2_ws/install/my_cpp_pkg/share/my_cpp_pkg/cmake/my_cpp_pkgConfig-version.cmake
[11.744s] -- Installing: /home/hayden/ROS2_demo/firstROS2_ws/install/my_cpp_pkg/share/my_cpp_pkg/package.xml
[11.748s] Invoked command in '/home/hayden/ROS2_demo/firstROS2_ws/build/my_cpp_pkg' returned '0': CMAKE_PREFIX_PATH=${CMAKE_PREFIX_PATH}:/home/hayden/ROS2_demo/firstROS2_ws/install/my_python_pkg:/opt/ros/humble /usr/bin/cmake --install /home/hayden/ROS2_demo/firstROS2_ws/build/my_cpp_pkg
