[0.024s] Invoking command in '/home/hayden/ROS2_demo/firstROS2_ws/build/my_cpp_pkg': CMAKE_PREFIX_PATH=${CMAKE_PREFIX_PATH}:/home/hayden/ROS2_demo/firstROS2_ws/install/my_python_pkg:/opt/ros/humble /usr/bin/cmake --build /home/hayden/ROS2_demo/firstROS2_ws/build/my_cpp_pkg -- -j6 -l6
[0.067s] -- Found ament_cmake: 1.3.8 (/opt/ros/humble/share/ament_cmake/cmake)
[0.321s] -- Found rclcpp: 16.0.8 (/opt/ros/humble/share/rclcpp/cmake)
[0.353s] -- Found rosidl_generator_c: 3.1.5 (/opt/ros/humble/share/rosidl_generator_c/cmake)
[0.356s] -- Found rosidl_adapter: 3.1.5 (/opt/ros/humble/share/rosidl_adapter/cmake)
[0.363s] -- Found rosidl_generator_cpp: 3.1.5 (/opt/ros/humble/share/rosidl_generator_cpp/cmake)
[0.376s] -- Using all available rosidl_typesupport_c: rosidl_typesupport_fastrtps_c;rosidl_typesupport_introspection_c
[0.392s] -- Using all available rosidl_typesupport_cpp: rosidl_typesupport_fastrtps_cpp;rosidl_typesupport_introspection_cpp
[0.455s] -- Found rmw_implementation_cmake: 6.1.1 (/opt/ros/humble/share/rmw_implementation_cmake/cmake)
[0.457s] -- Found rmw_fastrtps_cpp: 6.2.6 (/opt/ros/humble/share/rmw_fastrtps_cpp/cmake)
[0.579s] -- Using RMW implementation 'rmw_fastrtps_cpp' as default
[0.750s] -- Found example_interfaces: 0.9.3 (/opt/ros/humble/share/example_interfaces/cmake)
[0.893s] -- Found ament_lint_auto: 0.12.10 (/opt/ros/humble/share/ament_lint_auto/cmake)
[1.009s] -- Added test 'cppcheck' to perform static code analysis on C / C++ code
[1.009s] -- Configured cppcheck include dirs: 
[1.009s] -- Configured cppcheck exclude dirs and/or files: 
[1.009s] -- Added test 'lint_cmake' to check CMake code style
[1.010s] -- Added test 'uncrustify' to check C / C++ code style
[1.010s] -- Configured uncrustify additional arguments: 
[1.011s] -- Added test 'xmllint' to check XML markup files
[1.012s] -- Configuring done
[1.042s] -- Generating done
[1.045s] -- Build files have been written to: /home/hayden/ROS2_demo/firstROS2_ws/build/my_cpp_pkg
[1.109s] [35m[1mConsolidate compiler generated dependencies of target cpp_node1[0m
[1.115s] [35m[1mConsolidate compiler generated dependencies of target cpp_publisher1[0m
[1.130s] [ 16%] [32mBuilding CXX object CMakeFiles/cpp_subscriber1.dir/src/cpp_subscriber.cpp.o[0m
[1.142s] [ 50%] Built target cpp_node1
[1.145s] [ 66%] [32mBuilding CXX object CMakeFiles/cpp_publisher1.dir/src/cpp_publisher.cpp.o[0m
[9.346s] [ 83%] [32m[1mLinking CXX executable cpp_publisher1[0m
[9.604s] [ 83%] Built target cpp_publisher1
[14.029s] [100%] [32m[1mLinking CXX executable cpp_subscriber1[0m
[14.501s] [100%] Built target cpp_subscriber1
[14.524s] Invoked command in '/home/hayden/ROS2_demo/firstROS2_ws/build/my_cpp_pkg' returned '0': CMAKE_PREFIX_PATH=${CMAKE_PREFIX_PATH}:/home/hayden/ROS2_demo/firstROS2_ws/install/my_python_pkg:/opt/ros/humble /usr/bin/cmake --build /home/hayden/ROS2_demo/firstROS2_ws/build/my_cpp_pkg -- -j6 -l6
[14.643s] Invoking command in '/home/hayden/ROS2_demo/firstROS2_ws/build/my_cpp_pkg': CMAKE_PREFIX_PATH=${CMAKE_PREFIX_PATH}:/home/hayden/ROS2_demo/firstROS2_ws/install/my_python_pkg:/opt/ros/humble /usr/bin/cmake --install /home/hayden/ROS2_demo/firstROS2_ws/build/my_cpp_pkg
[14.652s] -- Install configuration: ""
[14.652s] -- Up-to-date: /home/hayden/ROS2_demo/firstROS2_ws/install/my_cpp_pkg/lib/my_cpp_pkg/cpp_node1
[14.653s] -- Installing: /home/hayden/ROS2_demo/firstROS2_ws/install/my_cpp_pkg/lib/my_cpp_pkg/cpp_publisher1
[14.655s] -- Set runtime path of "/home/hayden/ROS2_demo/firstROS2_ws/install/my_cpp_pkg/lib/my_cpp_pkg/cpp_publisher1" to ""
[14.655s] -- Installing: /home/hayden/ROS2_demo/firstROS2_ws/install/my_cpp_pkg/lib/my_cpp_pkg/cpp_subscriber1
[14.658s] -- Set runtime path of "/home/hayden/ROS2_demo/firstROS2_ws/install/my_cpp_pkg/lib/my_cpp_pkg/cpp_subscriber1" to ""
[14.659s] -- Up-to-date: /home/hayden/ROS2_demo/firstROS2_ws/install/my_cpp_pkg/share/ament_index/resource_index/package_run_dependencies/my_cpp_pkg
[14.659s] -- Up-to-date: /home/hayden/ROS2_demo/firstROS2_ws/install/my_cpp_pkg/share/ament_index/resource_index/parent_prefix_path/my_cpp_pkg
[14.659s] -- Up-to-date: /home/hayden/ROS2_demo/firstROS2_ws/install/my_cpp_pkg/share/my_cpp_pkg/environment/ament_prefix_path.sh
[14.659s] -- Installing: /home/hayden/ROS2_demo/firstROS2_ws/install/my_cpp_pkg/share/my_cpp_pkg/environment/ament_prefix_path.dsv
[14.666s] -- Up-to-date: /home/hayden/ROS2_demo/firstROS2_ws/install/my_cpp_pkg/share/my_cpp_pkg/environment/path.sh
[14.668s] -- Installing: /home/hayden/ROS2_demo/firstROS2_ws/install/my_cpp_pkg/share/my_cpp_pkg/environment/path.dsv
[14.669s] -- Up-to-date: /home/hayden/ROS2_demo/firstROS2_ws/install/my_cpp_pkg/share/my_cpp_pkg/local_setup.bash
[14.669s] -- Up-to-date: /home/hayden/ROS2_demo/firstROS2_ws/install/my_cpp_pkg/share/my_cpp_pkg/local_setup.sh
[14.669s] -- Up-to-date: /home/hayden/ROS2_demo/firstROS2_ws/install/my_cpp_pkg/share/my_cpp_pkg/local_setup.zsh
[14.669s] -- Installing: /home/hayden/ROS2_demo/firstROS2_ws/install/my_cpp_pkg/share/my_cpp_pkg/local_setup.dsv
[14.669s] -- Installing: /home/hayden/ROS2_demo/firstROS2_ws/install/my_cpp_pkg/share/my_cpp_pkg/package.dsv
[14.670s] -- Up-to-date: /home/hayden/ROS2_demo/firstROS2_ws/install/my_cpp_pkg/share/ament_index/resource_index/packages/my_cpp_pkg
[14.670s] -- Up-to-date: /home/hayden/ROS2_demo/firstROS2_ws/install/my_cpp_pkg/share/my_cpp_pkg/cmake/my_cpp_pkgConfig.cmake
[14.670s] -- Up-to-date: /home/hayden/ROS2_demo/firstROS2_ws/install/my_cpp_pkg/share/my_cpp_pkg/cmake/my_cpp_pkgConfig-version.cmake
[14.671s] -- Up-to-date: /home/hayden/ROS2_demo/firstROS2_ws/install/my_cpp_pkg/share/my_cpp_pkg/package.xml
[14.672s] Invoked command in '/home/hayden/ROS2_demo/firstROS2_ws/build/my_cpp_pkg' returned '0': CMAKE_PREFIX_PATH=${CMAKE_PREFIX_PATH}:/home/hayden/ROS2_demo/firstROS2_ws/install/my_python_pkg:/opt/ros/humble /usr/bin/cmake --install /home/hayden/ROS2_demo/firstROS2_ws/build/my_cpp_pkg
