[0.041s] Invoking command in '/home/hayden/ROS2_demo/firstROS2_ws/build/my_cpp_pkg': CMAKE_PREFIX_PATH=${CMAKE_PREFIX_PATH}:/home/hayden/ROS2_demo/firstROS2_ws/install/my_python_pkg:/opt/ros/humble /usr/bin/cmake --build /home/hayden/ROS2_demo/firstROS2_ws/build/my_cpp_pkg -- -j6 -l6
[0.177s] [35m[1mConsolidate compiler generated dependencies of target cpp_oop_client1[0m
[0.204s] [ 16%] Built target cpp_client1
[0.205s] [ 33%] Built target cpp_subscriber1
[0.209s] [ 50%] Built target cpp_node1
[0.215s] [ 66%] Built target cpp_publisher1
[0.215s] [ 83%] Built target cpp_server1
[0.229s] [ 91%] [32mBuilding CXX object CMakeFiles/cpp_oop_client1.dir/src/cpp_oop_client.cpp.o[0m
[3.921s] [100%] [32m[1mLinking CXX executable cpp_oop_client1[0m
[4.119s] [100%] Built target cpp_oop_client1
[4.138s] Invoked command in '/home/hayden/ROS2_demo/firstROS2_ws/build/my_cpp_pkg' returned '0': CMAKE_PREFIX_PATH=${CMAKE_PREFIX_PATH}:/home/hayden/ROS2_demo/firstROS2_ws/install/my_python_pkg:/opt/ros/humble /usr/bin/cmake --build /home/hayden/ROS2_demo/firstROS2_ws/build/my_cpp_pkg -- -j6 -l6
[4.309s] Invoking command in '/home/hayden/ROS2_demo/firstROS2_ws/build/my_cpp_pkg': CMAKE_PREFIX_PATH=${CMAKE_PREFIX_PATH}:/home/hayden/ROS2_demo/firstROS2_ws/install/my_python_pkg:/opt/ros/humble /usr/bin/cmake --install /home/hayden/ROS2_demo/firstROS2_ws/build/my_cpp_pkg
[4.323s] -- Install configuration: ""
[4.323s] -- Up-to-date: /home/hayden/ROS2_demo/firstROS2_ws/install/my_cpp_pkg/lib/my_cpp_pkg/cpp_node1
[4.323s] -- Up-to-date: /home/hayden/ROS2_demo/firstROS2_ws/install/my_cpp_pkg/lib/my_cpp_pkg/cpp_publisher1
[4.324s] -- Up-to-date: /home/hayden/ROS2_demo/firstROS2_ws/install/my_cpp_pkg/lib/my_cpp_pkg/cpp_subscriber1
[4.324s] -- Up-to-date: /home/hayden/ROS2_demo/firstROS2_ws/install/my_cpp_pkg/lib/my_cpp_pkg/cpp_server1
[4.325s] -- Up-to-date: /home/hayden/ROS2_demo/firstROS2_ws/install/my_cpp_pkg/lib/my_cpp_pkg/cpp_client1
[4.325s] -- Installing: /home/hayden/ROS2_demo/firstROS2_ws/install/my_cpp_pkg/lib/my_cpp_pkg/cpp_oop_client1
[4.326s] -- Set runtime path of "/home/hayden/ROS2_demo/firstROS2_ws/install/my_cpp_pkg/lib/my_cpp_pkg/cpp_oop_client1" to ""
[4.327s] -- Up-to-date: /home/hayden/ROS2_demo/firstROS2_ws/install/my_cpp_pkg/share/ament_index/resource_index/package_run_dependencies/my_cpp_pkg
[4.327s] -- Up-to-date: /home/hayden/ROS2_demo/firstROS2_ws/install/my_cpp_pkg/share/ament_index/resource_index/parent_prefix_path/my_cpp_pkg
[4.327s] -- Up-to-date: /home/hayden/ROS2_demo/firstROS2_ws/install/my_cpp_pkg/share/my_cpp_pkg/environment/ament_prefix_path.sh
[4.327s] -- Up-to-date: /home/hayden/ROS2_demo/firstROS2_ws/install/my_cpp_pkg/share/my_cpp_pkg/environment/ament_prefix_path.dsv
[4.327s] -- Up-to-date: /home/hayden/ROS2_demo/firstROS2_ws/install/my_cpp_pkg/share/my_cpp_pkg/environment/path.sh
[4.327s] -- Up-to-date: /home/hayden/ROS2_demo/firstROS2_ws/install/my_cpp_pkg/share/my_cpp_pkg/environment/path.dsv
[4.327s] -- Up-to-date: /home/hayden/ROS2_demo/firstROS2_ws/install/my_cpp_pkg/share/my_cpp_pkg/local_setup.bash
[4.327s] -- Up-to-date: /home/hayden/ROS2_demo/firstROS2_ws/install/my_cpp_pkg/share/my_cpp_pkg/local_setup.sh
[4.327s] -- Up-to-date: /home/hayden/ROS2_demo/firstROS2_ws/install/my_cpp_pkg/share/my_cpp_pkg/local_setup.zsh
[4.327s] -- Up-to-date: /home/hayden/ROS2_demo/firstROS2_ws/install/my_cpp_pkg/share/my_cpp_pkg/local_setup.dsv
[4.328s] -- Installing: /home/hayden/ROS2_demo/firstROS2_ws/install/my_cpp_pkg/share/my_cpp_pkg/package.dsv
[4.328s] -- Up-to-date: /home/hayden/ROS2_demo/firstROS2_ws/install/my_cpp_pkg/share/ament_index/resource_index/packages/my_cpp_pkg
[4.328s] -- Up-to-date: /home/hayden/ROS2_demo/firstROS2_ws/install/my_cpp_pkg/share/my_cpp_pkg/cmake/my_cpp_pkgConfig.cmake
[4.328s] -- Up-to-date: /home/hayden/ROS2_demo/firstROS2_ws/install/my_cpp_pkg/share/my_cpp_pkg/cmake/my_cpp_pkgConfig-version.cmake
[4.328s] -- Up-to-date: /home/hayden/ROS2_demo/firstROS2_ws/install/my_cpp_pkg/share/my_cpp_pkg/package.xml
[4.333s] Invoked command in '/home/hayden/ROS2_demo/firstROS2_ws/build/my_cpp_pkg' returned '0': CMAKE_PREFIX_PATH=${CMAKE_PREFIX_PATH}:/home/hayden/ROS2_demo/firstROS2_ws/install/my_python_pkg:/opt/ros/humble /usr/bin/cmake --install /home/hayden/ROS2_demo/firstROS2_ws/build/my_cpp_pkg
