/home/hayden/ROS2_demo/firstROS2_ws/install/my_python_pkg/lib/python3.10/site-packages/my_python_pkg/py_publisher.py
/home/hayden/ROS2_demo/firstROS2_ws/install/my_python_pkg/lib/python3.10/site-packages/my_python_pkg/py_subscriber.py
/home/hayden/ROS2_demo/firstROS2_ws/install/my_python_pkg/lib/python3.10/site-packages/my_python_pkg/__init__.py
/home/hayden/ROS2_demo/firstROS2_ws/install/my_python_pkg/lib/python3.10/site-packages/my_python_pkg/first_py_node.py
/home/hayden/ROS2_demo/firstROS2_ws/install/my_python_pkg/lib/python3.10/site-packages/my_python_pkg/__pycache__/py_publisher.cpython-310.pyc
/home/hayden/ROS2_demo/firstROS2_ws/install/my_python_pkg/lib/python3.10/site-packages/my_python_pkg/__pycache__/py_subscriber.cpython-310.pyc
/home/hayden/ROS2_demo/firstROS2_ws/install/my_python_pkg/lib/python3.10/site-packages/my_python_pkg/__pycache__/__init__.cpython-310.pyc
/home/hayden/ROS2_demo/firstROS2_ws/install/my_python_pkg/lib/python3.10/site-packages/my_python_pkg/__pycache__/first_py_node.cpython-310.pyc
/home/hayden/ROS2_demo/firstROS2_ws/install/my_python_pkg/share/ament_index/resource_index/packages/my_python_pkg
/home/hayden/ROS2_demo/firstROS2_ws/install/my_python_pkg/share/my_python_pkg/package.xml
/home/hayden/ROS2_demo/firstROS2_ws/install/my_python_pkg/lib/python3.10/site-packages/my_python_pkg-0.0.0-py3.10.egg-info/SOURCES.txt
/home/hayden/ROS2_demo/firstROS2_ws/install/my_python_pkg/lib/python3.10/site-packages/my_python_pkg-0.0.0-py3.10.egg-info/top_level.txt
/home/hayden/ROS2_demo/firstROS2_ws/install/my_python_pkg/lib/python3.10/site-packages/my_python_pkg-0.0.0-py3.10.egg-info/PKG-INFO
/home/hayden/ROS2_demo/firstROS2_ws/install/my_python_pkg/lib/python3.10/site-packages/my_python_pkg-0.0.0-py3.10.egg-info/entry_points.txt
/home/hayden/ROS2_demo/firstROS2_ws/install/my_python_pkg/lib/python3.10/site-packages/my_python_pkg-0.0.0-py3.10.egg-info/dependency_links.txt
/home/hayden/ROS2_demo/firstROS2_ws/install/my_python_pkg/lib/python3.10/site-packages/my_python_pkg-0.0.0-py3.10.egg-info/requires.txt
/home/hayden/ROS2_demo/firstROS2_ws/install/my_python_pkg/lib/python3.10/site-packages/my_python_pkg-0.0.0-py3.10.egg-info/zip-safe
/home/hayden/ROS2_demo/firstROS2_ws/install/my_python_pkg/lib/my_python_pkg/py_node1
/home/hayden/ROS2_demo/firstROS2_ws/install/my_python_pkg/lib/my_python_pkg/py_publisher1
/home/hayden/ROS2_demo/firstROS2_ws/install/my_python_pkg/lib/my_python_pkg/py_subscriber1
