[0.688s] Invoking command in '/home/hayden/ROS2_demo/firstROS2_ws/src/my_python_pkg': PYTHONPATH=/home/hayden/ROS2_demo/firstROS2_ws/build/my_python_pkg/prefix_override:/home/hayden/ROS2_demo/firstROS2_ws/install/my_python_pkg/lib/python3.10/site-packages:${PYTHONPATH} /usr/bin/python3 -W ignore:setup.py install is deprecated setup.py egg_info --egg-base ../../build/my_python_pkg build --build-base /home/hayden/ROS2_demo/firstROS2_ws/build/my_python_pkg/build install --record /home/hayden/ROS2_demo/firstROS2_ws/build/my_python_pkg/install.log --single-version-externally-managed install_data
[0.943s] running egg_info
[0.944s] writing ../../build/my_python_pkg/my_python_pkg.egg-info/PKG-INFO
[0.945s] writing dependency_links to ../../build/my_python_pkg/my_python_pkg.egg-info/dependency_links.txt
[0.946s] writing entry points to ../../build/my_python_pkg/my_python_pkg.egg-info/entry_points.txt
[0.949s] writing requirements to ../../build/my_python_pkg/my_python_pkg.egg-info/requires.txt
[0.949s] writing top-level names to ../../build/my_python_pkg/my_python_pkg.egg-info/top_level.txt
[0.952s] reading manifest file '../../build/my_python_pkg/my_python_pkg.egg-info/SOURCES.txt'
[0.952s] writing manifest file '../../build/my_python_pkg/my_python_pkg.egg-info/SOURCES.txt'
[0.953s] running build
[0.953s] running build_py
[0.954s] copying my_python_pkg/first_py_node.py -> /home/hayden/ROS2_demo/firstROS2_ws/build/my_python_pkg/build/lib/my_python_pkg
[0.954s] running install
[0.954s] running install_lib
[0.955s] copying /home/hayden/ROS2_demo/firstROS2_ws/build/my_python_pkg/build/lib/my_python_pkg/first_py_node.py -> /home/hayden/ROS2_demo/firstROS2_ws/install/my_python_pkg/lib/python3.10/site-packages/my_python_pkg
[0.956s] byte-compiling /home/hayden/ROS2_demo/firstROS2_ws/install/my_python_pkg/lib/python3.10/site-packages/my_python_pkg/first_py_node.py to first_py_node.cpython-310.pyc
[0.957s] running install_data
[0.958s] running install_egg_info
[0.960s] removing '/home/hayden/ROS2_demo/firstROS2_ws/install/my_python_pkg/lib/python3.10/site-packages/my_python_pkg-0.0.0-py3.10.egg-info' (and everything under it)
[0.960s] Copying ../../build/my_python_pkg/my_python_pkg.egg-info to /home/hayden/ROS2_demo/firstROS2_ws/install/my_python_pkg/lib/python3.10/site-packages/my_python_pkg-0.0.0-py3.10.egg-info
[0.961s] running install_scripts
[0.983s] Installing py_client1 script to /home/hayden/ROS2_demo/firstROS2_ws/install/my_python_pkg/lib/my_python_pkg
[0.984s] Installing py_hardware_publisher1 script to /home/hayden/ROS2_demo/firstROS2_ws/install/my_python_pkg/lib/my_python_pkg
[0.985s] Installing py_node1 script to /home/hayden/ROS2_demo/firstROS2_ws/install/my_python_pkg/lib/my_python_pkg
[0.986s] Installing py_oop_client1 script to /home/hayden/ROS2_demo/firstROS2_ws/install/my_python_pkg/lib/my_python_pkg
[0.986s] Installing py_publisher1 script to /home/hayden/ROS2_demo/firstROS2_ws/install/my_python_pkg/lib/my_python_pkg
[0.987s] Installing py_server1 script to /home/hayden/ROS2_demo/firstROS2_ws/install/my_python_pkg/lib/my_python_pkg
[0.987s] Installing py_subscriber1 script to /home/hayden/ROS2_demo/firstROS2_ws/install/my_python_pkg/lib/my_python_pkg
[0.988s] writing list of installed files to '/home/hayden/ROS2_demo/firstROS2_ws/build/my_python_pkg/install.log'
[1.022s] Invoked command in '/home/hayden/ROS2_demo/firstROS2_ws/src/my_python_pkg' returned '0': PYTHONPATH=/home/hayden/ROS2_demo/firstROS2_ws/build/my_python_pkg/prefix_override:/home/hayden/ROS2_demo/firstROS2_ws/install/my_python_pkg/lib/python3.10/site-packages:${PYTHONPATH} /usr/bin/python3 -W ignore:setup.py install is deprecated setup.py egg_info --egg-base ../../build/my_python_pkg build --build-base /home/hayden/ROS2_demo/firstROS2_ws/build/my_python_pkg/build install --record /home/hayden/ROS2_demo/firstROS2_ws/build/my_python_pkg/install.log --single-version-externally-managed install_data
