[0.005s] Invoking command in '/home/hayden/ROS2_demo/turtlebot3_ws/src/build/turtlebot3_gazebo': CMAKE_PREFIX_PATH=${CMAKE_PREFIX_PATH}:/home/hayden/ROS2_demo/firstROS2_ws/install/my_python_pkg:/opt/ros/humble /usr/bin/cmake /home/hayden/ROS2_demo/turtlebot3_ws/src/turtlebot3_gazebo -DCMAKE_INSTALL_PREFIX=/home/hayden/ROS2_demo/turtlebot3_ws/src/install/turtlebot3_gazebo
[0.056s] -- The C compiler identification is GNU 11.4.0
[0.099s] -- The CXX compiler identification is GNU 11.4.0
[0.102s] -- Detecting C compiler ABI info
[0.165s] -- Detecting C compiler ABI info - done
[0.169s] -- Check for working C compiler: /usr/bin/cc - skipped
[0.169s] -- Detecting C compile features
[0.169s] -- Detecting C compile features - done
[0.171s] -- Detecting CXX compiler ABI info
[0.225s] -- Detecting CXX compiler ABI info - done
[0.229s] -- Check for working CXX compiler: /usr/bin/c++ - skipped
[0.229s] -- Detecting CXX compile features
[0.229s] -- Detecting CXX compile features - done
[0.232s] -- Found ament_cmake: 1.3.10 (/opt/ros/humble/share/ament_cmake/cmake)
[0.329s] -- Found Python3: /usr/bin/python3 (found version "3.10.12") found components: Interpreter 
[0.379s] [33mCMake Warning (dev) at /usr/share/cmake-3.22/Modules/FindPackageHandleStandardArgs.cmake:438 (message):
[0.379s]   The package name passed to `find_package_handle_standard_args` (PkgConfig)
[0.379s]   does not match the name of the calling package (gazebo).  This can lead to
[0.379s]   problems in calling code that expects `find_package` result variables
[0.379s]   (e.g., `_FOUND`) to follow a certain pattern.
[0.379s] Call Stack (most recent call first):
[0.379s]   /usr/share/cmake-3.22/Modules/FindPkgConfig.cmake:99 (find_package_handle_standard_args)
[0.379s]   /usr/lib/x86_64-linux-gnu/cmake/gazebo/gazebo-config.cmake:72 (include)
[0.380s]   CMakeLists.txt:23 (find_package)
[0.380s] This warning is for project developers.  Use -Wno-dev to suppress it.
[0.380s] [0m
[0.380s] -- Found PkgConfig: /usr/bin/pkg-config (found version "0.29.2") 
[0.383s] -- Checking for module 'bullet>=2.82'
[0.391s] --   Found bullet, version 3.05
[0.454s] -- Found fcl: /usr/include (found suitable version "0.7.0", minimum required is "0.5.0") 
[0.483s] -- Found assimp: /usr/include (found version "5.2.0") 
[0.493s] -- Found DART: /usr/include (Required is at least version "6.6") found components: dart 
[0.624s] -- Found Boost: /usr/lib/x86_64-linux-gnu/cmake/Boost-1.74.0/BoostConfig.cmake (found suitable version "1.74.0", minimum required is "1.40.0") found components: thread system filesystem program_options regex iostreams date_time 
[0.637s] -- Found Protobuf: /usr/lib/x86_64-linux-gnu/libprotobuf.so (found version "3.12.4") 
[0.642s] -- Looking for ignition-math6 -- found version 6.15.1
[0.646s] -- Searching for dependencies of ignition-math6
[0.648s] -- Looking for OGRE...
[0.648s] -- OGRE_PREFIX_WATCH changed.
[0.651s] -- Checking for module 'OGRE'
[0.660s] --   Found OGRE, version 1.9.0
[0.682s] -- Found Ogre Ghadamon (1.9.0)
[0.687s] -- Found OGRE: optimized;/usr/lib/x86_64-linux-gnu/libOgreMain.so;debug;/usr/lib/x86_64-linux-gnu/libOgreMain.so
[0.693s] -- Looking for OGRE_Paging...
[0.695s] -- Found OGRE_Paging: optimized;/usr/lib/x86_64-linux-gnu/libOgrePaging.so;debug;/usr/lib/x86_64-linux-gnu/libOgrePaging.so
[0.695s] -- Looking for OGRE_Terrain...
[0.698s] -- Found OGRE_Terrain: optimized;/usr/lib/x86_64-linux-gnu/libOgreTerrain.so;debug;/usr/lib/x86_64-linux-gnu/libOgreTerrain.so
[0.698s] -- Looking for OGRE_Property...
[0.701s] -- Found OGRE_Property: optimized;/usr/lib/x86_64-linux-gnu/libOgreProperty.so;debug;/usr/lib/x86_64-linux-gnu/libOgreProperty.so
[0.701s] -- Looking for OGRE_RTShaderSystem...
[0.704s] -- Found OGRE_RTShaderSystem: optimized;/usr/lib/x86_64-linux-gnu/libOgreRTShaderSystem.so;debug;/usr/lib/x86_64-linux-gnu/libOgreRTShaderSystem.so
[0.704s] -- Looking for OGRE_Volume...
[0.707s] -- Found OGRE_Volume: optimized;/usr/lib/x86_64-linux-gnu/libOgreVolume.so;debug;/usr/lib/x86_64-linux-gnu/libOgreVolume.so
[0.707s] -- Looking for OGRE_Overlay...
[0.709s] -- Found OGRE_Overlay: optimized;/usr/lib/x86_64-linux-gnu/libOgreOverlay.so;debug;/usr/lib/x86_64-linux-gnu/libOgreOverlay.so
[0.767s] -- Looking for ignition-math6 -- found version 6.15.1
[0.768s] -- Looking for ignition-transport8 -- found version 8.2.1
[0.768s] -- Searching for dependencies of ignition-transport8
[0.778s] -- Found Protobuf: /usr/lib/x86_64-linux-gnu/libprotobuf.so (found suitable version "3.12.4", minimum required is "3") 
[0.787s] -- Config-file not installed for ZeroMQ -- checking for pkg-config
[0.791s] -- Checking for module 'libzmq >= 4'
[0.809s] --   Found libzmq , version 4.3.4
[0.909s] -- Found ZeroMQ: TRUE (Required is at least version "4") 
[0.917s] -- Checking for module 'uuid'
[0.951s] --   Found uuid, version 2.37.2
[1.046s] -- Found UUID: TRUE  
[1.048s] -- Looking for ignition-msgs5 -- found version 5.8.1
[1.049s] -- Searching for dependencies of ignition-msgs5
[1.084s] -- Looking for ignition-math6 -- found version 6.15.1
[1.100s] -- Checking for module 'tinyxml2'
[1.142s] --   Found tinyxml2, version 9.0.0
[1.245s] -- Looking for ignition-msgs5 -- found version 5.8.1
[1.251s] -- Looking for ignition-common3 -- found version 3.14.0
[1.251s] -- Searching for dependencies of ignition-common3
[1.252s] -- Looking for dlfcn.h - found
[1.253s] -- Looking for libdl - found
[1.256s] -- Found DL: TRUE  
[1.280s] -- Found tinyobjloader: /usr/lib/x86_64-linux-gnu/cmake/tinyobjloader/tinyobjloader-config.cmake (found version "2.0.0") 
[1.280s] -- Searching for <ignition-common3> component [graphics]
[1.284s] -- Looking for ignition-common3-graphics -- found version 3.14.0
[1.285s] -- Searching for dependencies of ignition-common3-graphics
[1.285s] -- Looking for ignition-math6 -- found version 6.15.1
[1.292s] -- Looking for ignition-fuel_tools4 -- found version 4.4.0
[1.293s] -- Searching for dependencies of ignition-fuel_tools4
[1.492s] -- Found CURL: /usr/lib/x86_64-linux-gnu/libcurl.so (found version "7.81.0")  
[1.511s] -- Checking for module 'jsoncpp'
[1.540s] --   Found jsoncpp, version 1.9.5
[1.642s] -- Found JSONCPP: TRUE  
[1.657s] -- Checking for module 'libzip'
[1.698s] --   Found libzip, version 1.7.3
[1.791s] -- Found ZIP: TRUE  
[1.792s] -- Looking for ignition-common3 -- found version 3.14.0
[1.793s] -- Looking for ignition-math6 -- found version 6.15.1
[1.794s] -- Looking for ignition-msgs5 -- found version 5.8.1
[1.810s] -- Found gazebo_ros_pkgs: 3.7.0 (/opt/ros/humble/share/gazebo_ros_pkgs/cmake)
[1.812s] -- Found geometry_msgs: 4.2.4 (/opt/ros/humble/share/geometry_msgs/cmake)
[1.828s] -- Found rosidl_generator_c: 3.1.5 (/opt/ros/humble/share/rosidl_generator_c/cmake)
[1.831s] -- Found rosidl_adapter: 3.1.5 (/opt/ros/humble/share/rosidl_adapter/cmake)
[1.835s] -- Found rosidl_generator_cpp: 3.1.5 (/opt/ros/humble/share/rosidl_generator_cpp/cmake)
[1.841s] -- Using all available rosidl_typesupport_c: rosidl_typesupport_fastrtps_c;rosidl_typesupport_introspection_c
[1.848s] -- Using all available rosidl_typesupport_cpp: rosidl_typesupport_fastrtps_cpp;rosidl_typesupport_introspection_cpp
[1.866s] -- Found nav_msgs: 4.2.4 (/opt/ros/humble/share/nav_msgs/cmake)
[1.873s] -- Found rclcpp: 16.0.10 (/opt/ros/humble/share/rclcpp/cmake)
[1.890s] -- Found rmw_implementation_cmake: 6.1.2 (/opt/ros/humble/share/rmw_implementation_cmake/cmake)
[1.891s] -- Found rmw_fastrtps_cpp: 6.2.7 (/opt/ros/humble/share/rmw_fastrtps_cpp/cmake)
[1.966s] -- Found OpenSSL: /usr/lib/x86_64-linux-gnu/libcrypto.so (found version "3.0.2")  
[1.988s] -- Found FastRTPS: /opt/ros/humble/include  
[2.022s] -- Using RMW implementation 'rmw_fastrtps_cpp' as default
[2.029s] -- Found Threads: TRUE  
[2.053s] -- Found sensor_msgs: 4.2.4 (/opt/ros/humble/share/sensor_msgs/cmake)
[2.061s] -- Found tf2: 0.25.8 (/opt/ros/humble/share/tf2/cmake)
[2.101s] -- Configuring done
[2.114s] -- Generating done
[2.115s] -- Build files have been written to: /home/hayden/ROS2_demo/turtlebot3_ws/src/build/turtlebot3_gazebo
