[0.405s] DEBUG:colcon:Command line arguments: ['/usr/bin/colcon', 'build', '--packages-select', 'my_cpp_pkg']
[0.405s] DEBUG:colcon:Parsed command line arguments: Namespace(log_base=None, log_level=None, verb_name='build', build_base='build', install_base='install', merge_install=False, symlink_install=False, test_result_base=None, continue_on_error=False, executor='parallel', parallel_workers=6, event_handlers=None, ignore_user_meta=False, metas=['./colcon.meta'], base_paths=['.'], packages_ignore=None, packages_ignore_regex=None, paths=None, packages_up_to=None, packages_up_to_regex=None, packages_above=None, packages_above_and_dependencies=None, packages_above_depth=None, packages_select_by_dep=None, packages_skip_by_dep=None, packages_skip_up_to=None, packages_select_build_failed=False, packages_skip_build_finished=False, packages_select_test_failures=False, packages_skip_test_passed=False, packages_select=['my_cpp_pkg'], packages_skip=None, packages_select_regex=None, packages_skip_regex=None, packages_start=None, packages_end=None, allow_overriding=[], cmake_args=None, cmake_target=None, cmake_target_skip_unavailable=False, cmake_clean_cache=False, cmake_clean_first=False, cmake_force_configure=False, ament_cmake_args=None, catkin_cmake_args=None, catkin_skip_building_tests=False, mixin_files=None, mixin=None, verb_parser=<colcon_mixin.mixin.mixin_argument.MixinArgumentDecorator object at 0x76a6e65b99c0>, verb_extension=<colcon_core.verb.build.BuildVerb object at 0x76a6e66ae140>, main=<bound method BuildVerb.main of <colcon_core.verb.build.BuildVerb object at 0x76a6e66ae140>>, mixin_verb=('build',))
[2.982s] Level 1:colcon.colcon_core.package_discovery:discover_packages(colcon_meta) check parameters
[2.982s] Level 1:colcon.colcon_core.package_discovery:discover_packages(recursive) check parameters
[2.982s] Level 1:colcon.colcon_core.package_discovery:discover_packages(ignore) check parameters
[2.982s] Level 1:colcon.colcon_core.package_discovery:discover_packages(path) check parameters
[2.982s] Level 1:colcon.colcon_core.package_discovery:discover_packages(colcon_meta) discover
[2.982s] Level 1:colcon.colcon_core.package_discovery:discover_packages(recursive) discover
[2.982s] INFO:colcon.colcon_core.package_discovery:Crawling recursively for packages in '/home/hayden/ROS2_demo/firstROS2_ws'
[2.982s] Level 1:colcon.colcon_core.package_identification:_identify(.) by extensions ['ignore', 'ignore_ament_install']
[2.982s] Level 1:colcon.colcon_core.package_identification:_identify(.) by extension 'ignore'
[2.982s] Level 1:colcon.colcon_core.package_identification:_identify(.) by extension 'ignore_ament_install'
[2.983s] Level 1:colcon.colcon_core.package_identification:_identify(.) by extensions ['colcon_pkg']
[2.983s] Level 1:colcon.colcon_core.package_identification:_identify(.) by extension 'colcon_pkg'
[2.983s] Level 1:colcon.colcon_core.package_identification:_identify(.) by extensions ['colcon_meta']
[2.983s] Level 1:colcon.colcon_core.package_identification:_identify(.) by extension 'colcon_meta'
[2.983s] Level 1:colcon.colcon_core.package_identification:_identify(.) by extensions ['ros']
[2.983s] Level 1:colcon.colcon_core.package_identification:_identify(.) by extension 'ros'
[3.049s] Level 1:colcon.colcon_core.package_identification:_identify(.) by extensions ['cmake', 'python']
[3.049s] Level 1:colcon.colcon_core.package_identification:_identify(.) by extension 'cmake'
[3.049s] Level 1:colcon.colcon_core.package_identification:_identify(.) by extension 'python'
[3.049s] Level 1:colcon.colcon_core.package_identification:_identify(.) by extensions ['python_setup_py']
[3.049s] Level 1:colcon.colcon_core.package_identification:_identify(.) by extension 'python_setup_py'
[3.050s] Level 1:colcon.colcon_core.package_identification:_identify(build) by extensions ['ignore', 'ignore_ament_install']
[3.050s] Level 1:colcon.colcon_core.package_identification:_identify(build) by extension 'ignore'
[3.050s] Level 1:colcon.colcon_core.package_identification:_identify(build) ignored
[3.050s] Level 1:colcon.colcon_core.package_identification:_identify(install) by extensions ['ignore', 'ignore_ament_install']
[3.050s] Level 1:colcon.colcon_core.package_identification:_identify(install) by extension 'ignore'
[3.050s] Level 1:colcon.colcon_core.package_identification:_identify(install) ignored
[3.050s] Level 1:colcon.colcon_core.package_identification:_identify(log) by extensions ['ignore', 'ignore_ament_install']
[3.050s] Level 1:colcon.colcon_core.package_identification:_identify(log) by extension 'ignore'
[3.050s] Level 1:colcon.colcon_core.package_identification:_identify(log) ignored
[3.050s] Level 1:colcon.colcon_core.package_identification:_identify(src) by extensions ['ignore', 'ignore_ament_install']
[3.050s] Level 1:colcon.colcon_core.package_identification:_identify(src) by extension 'ignore'
[3.050s] Level 1:colcon.colcon_core.package_identification:_identify(src) by extension 'ignore_ament_install'
[3.051s] Level 1:colcon.colcon_core.package_identification:_identify(src) by extensions ['colcon_pkg']
[3.051s] Level 1:colcon.colcon_core.package_identification:_identify(src) by extension 'colcon_pkg'
[3.051s] Level 1:colcon.colcon_core.package_identification:_identify(src) by extensions ['colcon_meta']
[3.051s] Level 1:colcon.colcon_core.package_identification:_identify(src) by extension 'colcon_meta'
[3.051s] Level 1:colcon.colcon_core.package_identification:_identify(src) by extensions ['ros']
[3.051s] Level 1:colcon.colcon_core.package_identification:_identify(src) by extension 'ros'
[3.051s] Level 1:colcon.colcon_core.package_identification:_identify(src) by extensions ['cmake', 'python']
[3.051s] Level 1:colcon.colcon_core.package_identification:_identify(src) by extension 'cmake'
[3.051s] Level 1:colcon.colcon_core.package_identification:_identify(src) by extension 'python'
[3.051s] Level 1:colcon.colcon_core.package_identification:_identify(src) by extensions ['python_setup_py']
[3.051s] Level 1:colcon.colcon_core.package_identification:_identify(src) by extension 'python_setup_py'
[3.051s] Level 1:colcon.colcon_core.package_identification:_identify(src/my_cpp_pkg) by extensions ['ignore', 'ignore_ament_install']
[3.051s] Level 1:colcon.colcon_core.package_identification:_identify(src/my_cpp_pkg) by extension 'ignore'
[3.051s] Level 1:colcon.colcon_core.package_identification:_identify(src/my_cpp_pkg) by extension 'ignore_ament_install'
[3.051s] Level 1:colcon.colcon_core.package_identification:_identify(src/my_cpp_pkg) by extensions ['colcon_pkg']
[3.051s] Level 1:colcon.colcon_core.package_identification:_identify(src/my_cpp_pkg) by extension 'colcon_pkg'
[3.051s] Level 1:colcon.colcon_core.package_identification:_identify(src/my_cpp_pkg) by extensions ['colcon_meta']
[3.052s] Level 1:colcon.colcon_core.package_identification:_identify(src/my_cpp_pkg) by extension 'colcon_meta'
[3.052s] Level 1:colcon.colcon_core.package_identification:_identify(src/my_cpp_pkg) by extensions ['ros']
[3.052s] Level 1:colcon.colcon_core.package_identification:_identify(src/my_cpp_pkg) by extension 'ros'
[3.094s] DEBUG:colcon.colcon_core.package_identification:Package 'src/my_cpp_pkg' with type 'ros.ament_cmake' and name 'my_cpp_pkg'
[3.094s] Level 1:colcon.colcon_core.package_identification:_identify(src/my_python_pkg) by extensions ['ignore', 'ignore_ament_install']
[3.095s] Level 1:colcon.colcon_core.package_identification:_identify(src/my_python_pkg) by extension 'ignore'
[3.095s] Level 1:colcon.colcon_core.package_identification:_identify(src/my_python_pkg) by extension 'ignore_ament_install'
[3.095s] Level 1:colcon.colcon_core.package_identification:_identify(src/my_python_pkg) by extensions ['colcon_pkg']
[3.095s] Level 1:colcon.colcon_core.package_identification:_identify(src/my_python_pkg) by extension 'colcon_pkg'
[3.095s] Level 1:colcon.colcon_core.package_identification:_identify(src/my_python_pkg) by extensions ['colcon_meta']
[3.095s] Level 1:colcon.colcon_core.package_identification:_identify(src/my_python_pkg) by extension 'colcon_meta'
[3.095s] Level 1:colcon.colcon_core.package_identification:_identify(src/my_python_pkg) by extensions ['ros']
[3.095s] Level 1:colcon.colcon_core.package_identification:_identify(src/my_python_pkg) by extension 'ros'
[3.107s] DEBUG:colcon.colcon_core.package_identification:Package 'src/my_python_pkg' with type 'ros.ament_python' and name 'my_python_pkg'
[3.107s] Level 1:colcon.colcon_core.package_discovery:discover_packages(recursive) using defaults
[3.107s] Level 1:colcon.colcon_core.package_discovery:discover_packages(ignore) discover
[3.107s] Level 1:colcon.colcon_core.package_discovery:discover_packages(ignore) using defaults
[3.107s] Level 1:colcon.colcon_core.package_discovery:discover_packages(path) discover
[3.107s] Level 1:colcon.colcon_core.package_discovery:discover_packages(path) using defaults
[3.291s] INFO:colcon.colcon_core.package_selection:Skipping not selected package 'my_python_pkg' in 'src/my_python_pkg'
[3.301s] Level 1:colcon.colcon_core.package_discovery:discover_packages(prefix_path) check parameters
[3.301s] Level 1:colcon.colcon_core.package_discovery:discover_packages(prefix_path) discover
[3.321s] DEBUG:colcon.colcon_installed_package_information.package_discovery:Found 2 installed packages in /home/hayden/ROS2_demo/firstROS2_ws/install
[3.322s] DEBUG:colcon.colcon_installed_package_information.package_discovery:Found 270 installed packages in /opt/ros/humble
[3.334s] Level 1:colcon.colcon_core.package_discovery:discover_packages(prefix_path) using defaults
[3.435s] Level 5:colcon.colcon_core.verb:set package 'my_cpp_pkg' build argument 'cmake_args' from command line to 'None'
[3.435s] Level 5:colcon.colcon_core.verb:set package 'my_cpp_pkg' build argument 'cmake_target' from command line to 'None'
[3.435s] Level 5:colcon.colcon_core.verb:set package 'my_cpp_pkg' build argument 'cmake_target_skip_unavailable' from command line to 'False'
[3.435s] Level 5:colcon.colcon_core.verb:set package 'my_cpp_pkg' build argument 'cmake_clean_cache' from command line to 'False'
[3.435s] Level 5:colcon.colcon_core.verb:set package 'my_cpp_pkg' build argument 'cmake_clean_first' from command line to 'False'
[3.435s] Level 5:colcon.colcon_core.verb:set package 'my_cpp_pkg' build argument 'cmake_force_configure' from command line to 'False'
[3.435s] Level 5:colcon.colcon_core.verb:set package 'my_cpp_pkg' build argument 'ament_cmake_args' from command line to 'None'
[3.435s] Level 5:colcon.colcon_core.verb:set package 'my_cpp_pkg' build argument 'catkin_cmake_args' from command line to 'None'
[3.435s] Level 5:colcon.colcon_core.verb:set package 'my_cpp_pkg' build argument 'catkin_skip_building_tests' from command line to 'False'
[3.435s] DEBUG:colcon.colcon_core.verb:Building package 'my_cpp_pkg' with the following arguments: {'ament_cmake_args': None, 'build_base': '/home/hayden/ROS2_demo/firstROS2_ws/build/my_cpp_pkg', 'catkin_cmake_args': None, 'catkin_skip_building_tests': False, 'cmake_args': None, 'cmake_clean_cache': False, 'cmake_clean_first': False, 'cmake_force_configure': False, 'cmake_target': None, 'cmake_target_skip_unavailable': False, 'install_base': '/home/hayden/ROS2_demo/firstROS2_ws/install/my_cpp_pkg', 'merge_install': False, 'path': '/home/hayden/ROS2_demo/firstROS2_ws/src/my_cpp_pkg', 'symlink_install': False, 'test_result_base': None}
[3.436s] INFO:colcon.colcon_core.executor:Executing jobs using 'parallel' executor
[3.437s] DEBUG:colcon.colcon_parallel_executor.executor.parallel:run_until_complete
[3.438s] INFO:colcon.colcon_ros.task.ament_cmake.build:Building ROS package in '/home/hayden/ROS2_demo/firstROS2_ws/src/my_cpp_pkg' with build type 'ament_cmake'
[3.438s] INFO:colcon.colcon_cmake.task.cmake.build:Building CMake package in '/home/hayden/ROS2_demo/firstROS2_ws/src/my_cpp_pkg'
[3.448s] INFO:colcon.colcon_core.plugin_system:Skipping extension 'colcon_core.shell.bat': Not used on non-Windows systems
[3.448s] INFO:colcon.colcon_core.shell:Skip shell extension 'powershell' for command environment: Not usable outside of PowerShell
[3.448s] DEBUG:colcon.colcon_core.shell:Skip shell extension 'dsv' for command environment
[3.509s] DEBUG:colcon.colcon_core.event_handler.log_command:Invoking command in '/home/hayden/ROS2_demo/firstROS2_ws/build/my_cpp_pkg': CMAKE_PREFIX_PATH=${CMAKE_PREFIX_PATH}:/home/hayden/ROS2_demo/firstROS2_ws/install/my_python_pkg:/opt/ros/humble /usr/bin/cmake --build /home/hayden/ROS2_demo/firstROS2_ws/build/my_cpp_pkg -- -j6 -l6
[6.953s] DEBUG:colcon.colcon_core.event_handler.log_command:Invoked command in '/home/hayden/ROS2_demo/firstROS2_ws/build/my_cpp_pkg' returned '2': CMAKE_PREFIX_PATH=${CMAKE_PREFIX_PATH}:/home/hayden/ROS2_demo/firstROS2_ws/install/my_python_pkg:/opt/ros/humble /usr/bin/cmake --build /home/hayden/ROS2_demo/firstROS2_ws/build/my_cpp_pkg -- -j6 -l6
[7.026s] Level 1:colcon.colcon_core.environment:create_environment_scripts_only(my_cpp_pkg)
[7.080s] Level 1:colcon.colcon_core.environment:checking '/home/hayden/ROS2_demo/firstROS2_ws/install/my_cpp_pkg' for CMake module files
[7.099s] Level 1:colcon.colcon_core.environment:checking '/home/hayden/ROS2_demo/firstROS2_ws/install/my_cpp_pkg' for CMake config files
[7.101s] Level 1:colcon.colcon_core.shell:create_environment_hook('my_cpp_pkg', 'cmake_prefix_path')
[7.101s] INFO:colcon.colcon_core.shell:Creating environment hook '/home/hayden/ROS2_demo/firstROS2_ws/install/my_cpp_pkg/share/my_cpp_pkg/hook/cmake_prefix_path.ps1'
[7.121s] INFO:colcon.colcon_core.shell:Creating environment descriptor '/home/hayden/ROS2_demo/firstROS2_ws/install/my_cpp_pkg/share/my_cpp_pkg/hook/cmake_prefix_path.dsv'
[7.139s] INFO:colcon.colcon_core.shell:Creating environment hook '/home/hayden/ROS2_demo/firstROS2_ws/install/my_cpp_pkg/share/my_cpp_pkg/hook/cmake_prefix_path.sh'
[7.142s] Level 1:colcon.colcon_core.environment:checking '/home/hayden/ROS2_demo/firstROS2_ws/install/my_cpp_pkg/bin'
[7.142s] Level 1:colcon.colcon_core.environment:checking '/home/hayden/ROS2_demo/firstROS2_ws/install/my_cpp_pkg/lib/pkgconfig/my_cpp_pkg.pc'
[7.142s] Level 1:colcon.colcon_core.environment:checking '/home/hayden/ROS2_demo/firstROS2_ws/install/my_cpp_pkg/lib/python3.10/site-packages'
[7.142s] Level 1:colcon.colcon_core.environment:checking '/home/hayden/ROS2_demo/firstROS2_ws/install/my_cpp_pkg/bin'
[7.143s] INFO:colcon.colcon_core.shell:Creating package script '/home/hayden/ROS2_demo/firstROS2_ws/install/my_cpp_pkg/share/my_cpp_pkg/package.ps1'
[7.145s] INFO:colcon.colcon_core.shell:Creating package descriptor '/home/hayden/ROS2_demo/firstROS2_ws/install/my_cpp_pkg/share/my_cpp_pkg/package.dsv'
[7.147s] INFO:colcon.colcon_core.shell:Creating package script '/home/hayden/ROS2_demo/firstROS2_ws/install/my_cpp_pkg/share/my_cpp_pkg/package.sh'
[7.148s] INFO:colcon.colcon_core.shell:Creating package script '/home/hayden/ROS2_demo/firstROS2_ws/install/my_cpp_pkg/share/my_cpp_pkg/package.bash'
[7.169s] INFO:colcon.colcon_core.shell:Creating package script '/home/hayden/ROS2_demo/firstROS2_ws/install/my_cpp_pkg/share/my_cpp_pkg/package.zsh'
[7.180s] Level 1:colcon.colcon_core.environment:create_file_with_runtime_dependencies(/home/hayden/ROS2_demo/firstROS2_ws/install/my_cpp_pkg/share/colcon-core/packages/my_cpp_pkg)
[7.198s] DEBUG:colcon.colcon_parallel_executor.executor.parallel:closing loop
[7.199s] DEBUG:colcon.colcon_parallel_executor.executor.parallel:loop closed
[7.199s] DEBUG:colcon.colcon_parallel_executor.executor.parallel:run_until_complete finished with '2'
[7.199s] DEBUG:colcon.colcon_core.event_reactor:joining thread
[7.272s] INFO:colcon.colcon_core.plugin_system:Skipping extension 'colcon_notification.desktop_notification.terminal_notifier': Not used on non-Darwin systems
[7.273s] INFO:colcon.colcon_core.plugin_system:Skipping extension 'colcon_notification.desktop_notification.win32': Not used on non-Windows systems
[7.273s] INFO:colcon.colcon_notification.desktop_notification:Sending desktop notification using 'notify2'
[7.328s] DEBUG:colcon.colcon_core.event_reactor:joined thread
[7.328s] INFO:colcon.colcon_core.shell:Creating prefix script '/home/hayden/ROS2_demo/firstROS2_ws/install/local_setup.ps1'
[7.331s] INFO:colcon.colcon_core.shell:Creating prefix util module '/home/hayden/ROS2_demo/firstROS2_ws/install/_local_setup_util_ps1.py'
[7.334s] INFO:colcon.colcon_core.shell:Creating prefix chain script '/home/hayden/ROS2_demo/firstROS2_ws/install/setup.ps1'
[7.348s] INFO:colcon.colcon_core.shell:Creating prefix script '/home/hayden/ROS2_demo/firstROS2_ws/install/local_setup.sh'
[7.349s] INFO:colcon.colcon_core.shell:Creating prefix util module '/home/hayden/ROS2_demo/firstROS2_ws/install/_local_setup_util_sh.py'
[7.350s] INFO:colcon.colcon_core.shell:Creating prefix chain script '/home/hayden/ROS2_demo/firstROS2_ws/install/setup.sh'
[7.352s] INFO:colcon.colcon_core.shell:Creating prefix script '/home/hayden/ROS2_demo/firstROS2_ws/install/local_setup.bash'
[7.354s] INFO:colcon.colcon_core.shell:Creating prefix chain script '/home/hayden/ROS2_demo/firstROS2_ws/install/setup.bash'
[7.356s] INFO:colcon.colcon_core.shell:Creating prefix script '/home/hayden/ROS2_demo/firstROS2_ws/install/local_setup.zsh'
[7.357s] INFO:colcon.colcon_core.shell:Creating prefix chain script '/home/hayden/ROS2_demo/firstROS2_ws/install/setup.zsh'
