[0.048s] Invoking command in '/home/hayden/ROS2_demo/sim_ws/build/my_robot_description': CMAKE_PREFIX_PATH=${CMAKE_PREFIX_PATH}:/home/hayden/ROS2_demo/firstROS2_ws/install/my_python_pkg:/opt/ros/humble /usr/bin/cmake --build /home/hayden/ROS2_demo/sim_ws/build/my_robot_description -- -j6 -l6
[0.194s] Invoked command in '/home/hayden/ROS2_demo/sim_ws/build/my_robot_description' returned '0': CMAKE_PREFIX_PATH=${CMAKE_PREFIX_PATH}:/home/hayden/ROS2_demo/firstROS2_ws/install/my_python_pkg:/opt/ros/humble /usr/bin/cmake --build /home/hayden/ROS2_demo/sim_ws/build/my_robot_description -- -j6 -l6
[0.337s] Invoking command in '/home/hayden/ROS2_demo/sim_ws/build/my_robot_description': CMAKE_PREFIX_PATH=${CMAKE_PREFIX_PATH}:/home/hayden/ROS2_demo/firstROS2_ws/install/my_python_pkg:/opt/ros/humble /usr/bin/cmake --install /home/hayden/ROS2_demo/sim_ws/build/my_robot_description
[0.351s] -- Install configuration: ""
[0.351s] -- Up-to-date: /home/hayden/ROS2_demo/sim_ws/install/my_robot_description/share/my_robot_description//urdf
[0.351s] -- Installing: /home/hayden/ROS2_demo/sim_ws/install/my_robot_description/share/my_robot_description//urdf/my_robot.urdf.xacro
[0.351s] -- Up-to-date: /home/hayden/ROS2_demo/sim_ws/install/my_robot_description/share/my_robot_description//launch
[0.352s] -- Installing: /home/hayden/ROS2_demo/sim_ws/install/my_robot_description/share/my_robot_description//launch/display.launch.xml
[0.352s] -- Up-to-date: /home/hayden/ROS2_demo/sim_ws/install/my_robot_description/share/my_robot_description//launch/display.launch.py
[0.352s] -- Up-to-date: /home/hayden/ROS2_demo/sim_ws/install/my_robot_description/share/my_robot_description//rviz
[0.352s] -- Up-to-date: /home/hayden/ROS2_demo/sim_ws/install/my_robot_description/share/my_robot_description//rviz/my_robot_config.rviz
[0.352s] -- Up-to-date: /home/hayden/ROS2_demo/sim_ws/install/my_robot_description/share/ament_index/resource_index/package_run_dependencies/my_robot_description
[0.353s] -- Up-to-date: /home/hayden/ROS2_demo/sim_ws/install/my_robot_description/share/ament_index/resource_index/parent_prefix_path/my_robot_description
[0.353s] -- Up-to-date: /home/hayden/ROS2_demo/sim_ws/install/my_robot_description/share/my_robot_description/environment/ament_prefix_path.sh
[0.353s] -- Up-to-date: /home/hayden/ROS2_demo/sim_ws/install/my_robot_description/share/my_robot_description/environment/ament_prefix_path.dsv
[0.353s] -- Up-to-date: /home/hayden/ROS2_demo/sim_ws/install/my_robot_description/share/my_robot_description/environment/path.sh
[0.353s] -- Up-to-date: /home/hayden/ROS2_demo/sim_ws/install/my_robot_description/share/my_robot_description/environment/path.dsv
[0.353s] -- Up-to-date: /home/hayden/ROS2_demo/sim_ws/install/my_robot_description/share/my_robot_description/local_setup.bash
[0.354s] -- Up-to-date: /home/hayden/ROS2_demo/sim_ws/install/my_robot_description/share/my_robot_description/local_setup.sh
[0.354s] -- Up-to-date: /home/hayden/ROS2_demo/sim_ws/install/my_robot_description/share/my_robot_description/local_setup.zsh
[0.354s] -- Up-to-date: /home/hayden/ROS2_demo/sim_ws/install/my_robot_description/share/my_robot_description/local_setup.dsv
[0.354s] -- Installing: /home/hayden/ROS2_demo/sim_ws/install/my_robot_description/share/my_robot_description/package.dsv
[0.375s] -- Up-to-date: /home/hayden/ROS2_demo/sim_ws/install/my_robot_description/share/ament_index/resource_index/packages/my_robot_description
[0.375s] -- Up-to-date: /home/hayden/ROS2_demo/sim_ws/install/my_robot_description/share/my_robot_description/cmake/my_robot_descriptionConfig.cmake
[0.376s] -- Up-to-date: /home/hayden/ROS2_demo/sim_ws/install/my_robot_description/share/my_robot_description/cmake/my_robot_descriptionConfig-version.cmake
[0.376s] -- Up-to-date: /home/hayden/ROS2_demo/sim_ws/install/my_robot_description/share/my_robot_description/package.xml
[0.379s] Invoked command in '/home/hayden/ROS2_demo/sim_ws/build/my_robot_description' returned '0': CMAKE_PREFIX_PATH=${CMAKE_PREFIX_PATH}:/home/hayden/ROS2_demo/firstROS2_ws/install/my_python_pkg:/opt/ros/humble /usr/bin/cmake --install /home/hayden/ROS2_demo/sim_ws/build/my_robot_description
