[0.016s] Invoking command in '/home/hayden/ROS2_demo/firstROS2_ws/build/my_interfaces': CMAKE_PREFIX_PATH=${CMAKE_PREFIX_PATH}:/home/hayden/ROS2_demo/firstROS2_ws/install/my_python_pkg:/opt/ros/humble /usr/bin/cmake /home/hayden/ROS2_demo/firstROS2_ws/src/my_interfaces -DCMAKE_INSTALL_PREFIX=/home/hayden/ROS2_demo/firstROS2_ws/install/my_interfaces
[0.033s] -- Found ament_cmake: 1.3.8 (/opt/ros/humble/share/ament_cmake/cmake)
[0.203s] -- Found rosidl_default_generators: 1.2.0 (/opt/ros/humble/share/rosidl_default_generators/cmake)
[0.204s] -- Using all available rosidl_typesupport_c: rosidl_typesupport_fastrtps_c;rosidl_typesupport_introspection_c
[0.207s] -- Found rosidl_adapter: 3.1.5 (/opt/ros/humble/share/rosidl_adapter/cmake)
[0.247s] -- Using all available rosidl_typesupport_cpp: rosidl_typesupport_fastrtps_cpp;rosidl_typesupport_introspection_cpp
[0.632s] -- Found ament_cmake_ros: 0.10.0 (/opt/ros/humble/share/ament_cmake_ros/cmake)
[0.919s] -- Using all available rosidl_typesupport_c: rosidl_typesupport_fastrtps_c;rosidl_typesupport_introspection_c
[1.248s] -- Using all available rosidl_typesupport_cpp: rosidl_typesupport_fastrtps_cpp;rosidl_typesupport_introspection_cpp
[1.299s] -- Found PythonInterp: /usr/bin/python3 (found suitable version "3.10.12", minimum required is "3.6") 
[1.323s] -- Found python_cmake_module: 0.10.0 (/opt/ros/humble/share/python_cmake_module/cmake)
[1.411s] -- Found PythonLibs: /usr/lib/x86_64-linux-gnu/libpython3.10.so (found suitable version "3.10.12", minimum required is "3.5") 
[1.411s] -- Using PYTHON_EXECUTABLE: /usr/bin/python3
[1.411s] -- Using PYTHON_INCLUDE_DIRS: /usr/include/python3.10
[1.411s] -- Using PYTHON_LIBRARIES: /usr/lib/x86_64-linux-gnu/libpython3.10.so
[1.435s] -- Found PythonExtra: .so  
[1.568s] -- Configuring done
[1.598s] -- Generating done
[1.606s] -- Build files have been written to: /home/hayden/ROS2_demo/firstROS2_ws/build/my_interfaces
[1.628s] Invoked command in '/home/hayden/ROS2_demo/firstROS2_ws/build/my_interfaces' returned '0': CMAKE_PREFIX_PATH=${CMAKE_PREFIX_PATH}:/home/hayden/ROS2_demo/firstROS2_ws/install/my_python_pkg:/opt/ros/humble /usr/bin/cmake /home/hayden/ROS2_demo/firstROS2_ws/src/my_interfaces -DCMAKE_INSTALL_PREFIX=/home/hayden/ROS2_demo/firstROS2_ws/install/my_interfaces
[1.628s] Invoking command in '/home/hayden/ROS2_demo/firstROS2_ws/build/my_interfaces': CMAKE_PREFIX_PATH=${CMAKE_PREFIX_PATH}:/home/hayden/ROS2_demo/firstROS2_ws/install/my_python_pkg:/opt/ros/humble /usr/bin/cmake --build /home/hayden/ROS2_demo/firstROS2_ws/build/my_interfaces -- -j6 -l6
[1.709s] [  3%] [34m[1mGenerating C code for ROS interfaces[0m
[1.736s] [  6%] [34m[1mGenerating C++ code for ROS interfaces[0m
[1.750s] [  6%] Built target ament_cmake_python_copy_my_interfaces
[2.055s] [  6%] Built target my_interfaces__cpp
[2.074s] [  9%] [34m[1mGenerating C++ introspection for ROS interfaces[0m
[2.076s] [ 12%] [34m[1mGenerating C++ type support dispatch for ROS interfaces[0m
[2.080s] [ 16%] [34m[1mGenerating C++ type support for eProsima Fast-RTPS[0m
[2.086s] [ 19%] [32mBuilding C object CMakeFiles/my_interfaces__rosidl_generator_c.dir/rosidl_generator_c/my_interfaces/msg/detail/hardware_status__functions.c.o[0m
[2.087s] running egg_info
[2.087s] creating my_interfaces.egg-info
[2.088s] writing my_interfaces.egg-info/PKG-INFO
[2.088s] writing dependency_links to my_interfaces.egg-info/dependency_links.txt
[2.088s] writing top-level names to my_interfaces.egg-info/top_level.txt
[2.088s] writing manifest file 'my_interfaces.egg-info/SOURCES.txt'
[2.091s] reading manifest file 'my_interfaces.egg-info/SOURCES.txt'
[2.091s] writing manifest file 'my_interfaces.egg-info/SOURCES.txt'
[2.138s] [ 19%] Built target ament_cmake_python_build_my_interfaces_egg
[2.285s] [ 22%] [32m[1mLinking C shared library libmy_interfaces__rosidl_generator_c.so[0m
[2.388s] [ 22%] Built target my_interfaces__rosidl_generator_c
[2.415s] [ 29%] [34m[1mGenerating C introspection for ROS interfaces[0m
[2.415s] [ 32%] [34m[1mGenerating C type support dispatch for ROS interfaces[0m
[2.416s] [ 29%] [34m[1mGenerating C type support for eProsima Fast-RTPS[0m
[2.456s] [ 35%] [32mBuilding CXX object CMakeFiles/my_interfaces__rosidl_typesupport_cpp.dir/rosidl_typesupport_cpp/my_interfaces/msg/hardware_status__type_support.cpp.o[0m
[2.458s] [ 38%] [32mBuilding CXX object CMakeFiles/my_interfaces__rosidl_typesupport_introspection_cpp.dir/rosidl_typesupport_introspection_cpp/my_interfaces/msg/detail/hardware_status__type_support.cpp.o[0m
[2.494s] [ 41%] [32mBuilding CXX object CMakeFiles/my_interfaces__rosidl_typesupport_fastrtps_cpp.dir/rosidl_typesupport_fastrtps_cpp/my_interfaces/msg/detail/dds_fastrtps/hardware_status__type_support.cpp.o[0m
[2.767s] [ 45%] [32mBuilding CXX object CMakeFiles/my_interfaces__rosidl_typesupport_c.dir/rosidl_typesupport_c/my_interfaces/msg/hardware_status__type_support.cpp.o[0m
[2.824s] [ 48%] [32m[1mLinking CXX shared library libmy_interfaces__rosidl_typesupport_c.so[0m
[2.839s] [ 51%] [32mBuilding C object CMakeFiles/my_interfaces__rosidl_typesupport_introspection_c.dir/rosidl_typesupport_introspection_c/my_interfaces/msg/detail/hardware_status__type_support.c.o[0m
[2.891s] [ 54%] [32m[1mLinking C shared library libmy_interfaces__rosidl_typesupport_introspection_c.so[0m
[2.892s] [ 58%] [32m[1mLinking CXX shared library libmy_interfaces__rosidl_typesupport_cpp.so[0m
[2.903s] [ 58%] Built target my_interfaces__rosidl_typesupport_c
[2.904s] [ 61%] [32mBuilding CXX object CMakeFiles/my_interfaces__rosidl_typesupport_fastrtps_c.dir/rosidl_typesupport_fastrtps_c/my_interfaces/msg/detail/hardware_status__type_support_c.cpp.o[0m
[2.952s] [ 61%] Built target my_interfaces__rosidl_typesupport_introspection_c
[2.961s] [ 61%] Built target my_interfaces__rosidl_typesupport_cpp
[3.116s] [ 64%] [32m[1mLinking CXX shared library libmy_interfaces__rosidl_typesupport_introspection_cpp.so[0m
[3.214s] [ 67%] [32m[1mLinking CXX shared library libmy_interfaces__rosidl_typesupport_fastrtps_cpp.so[0m
[3.240s] [ 67%] Built target my_interfaces__rosidl_typesupport_introspection_cpp
[3.391s] [ 67%] Built target my_interfaces__rosidl_typesupport_fastrtps_cpp
[3.518s] [ 70%] [32m[1mLinking CXX shared library libmy_interfaces__rosidl_typesupport_fastrtps_c.so[0m
[3.639s] [ 70%] Built target my_interfaces__rosidl_typesupport_fastrtps_c
[3.677s] [ 70%] Built target my_interfaces
[3.721s] [ 74%] [34m[1mGenerating Python code for ROS interfaces[0m
[4.072s] [ 74%] Built target my_interfaces__py
[4.118s] [ 77%] [32mBuilding C object CMakeFiles/my_interfaces__rosidl_generator_py.dir/rosidl_generator_py/my_interfaces/msg/_hardware_status_s.c.o[0m
[4.769s] [ 80%] [32m[1mLinking C shared library rosidl_generator_py/my_interfaces/libmy_interfaces__rosidl_generator_py.so[0m
[4.831s] [ 80%] Built target my_interfaces__rosidl_generator_py
[4.869s] [ 83%] [32mBuilding C object CMakeFiles/my_interfaces__rosidl_typesupport_introspection_c__pyext.dir/rosidl_generator_py/my_interfaces/_my_interfaces_s.ep.rosidl_typesupport_introspection_c.c.o[0m
[4.870s] [ 90%] [32mBuilding C object CMakeFiles/my_interfaces__rosidl_typesupport_c__pyext.dir/rosidl_generator_py/my_interfaces/_my_interfaces_s.ep.rosidl_typesupport_c.c.o[0m
[4.871s] [ 90%] [32mBuilding C object CMakeFiles/my_interfaces__rosidl_typesupport_fastrtps_c__pyext.dir/rosidl_generator_py/my_interfaces/_my_interfaces_s.ep.rosidl_typesupport_fastrtps_c.c.o[0m
[5.028s] [ 93%] [32m[1mLinking C shared library rosidl_generator_py/my_interfaces/my_interfaces_s__rosidl_typesupport_c.cpython-310-x86_64-linux-gnu.so[0m
[5.030s] [ 96%] [32m[1mLinking C shared library rosidl_generator_py/my_interfaces/my_interfaces_s__rosidl_typesupport_fastrtps_c.cpython-310-x86_64-linux-gnu.so[0m
[5.031s] [100%] [32m[1mLinking C shared library rosidl_generator_py/my_interfaces/my_interfaces_s__rosidl_typesupport_introspection_c.cpython-310-x86_64-linux-gnu.so[0m
[5.086s] [100%] Built target my_interfaces__rosidl_typesupport_fastrtps_c__pyext
[5.087s] [100%] Built target my_interfaces__rosidl_typesupport_c__pyext
[5.093s] [100%] Built target my_interfaces__rosidl_typesupport_introspection_c__pyext
[5.123s] Invoked command in '/home/hayden/ROS2_demo/firstROS2_ws/build/my_interfaces' returned '0': CMAKE_PREFIX_PATH=${CMAKE_PREFIX_PATH}:/home/hayden/ROS2_demo/firstROS2_ws/install/my_python_pkg:/opt/ros/humble /usr/bin/cmake --build /home/hayden/ROS2_demo/firstROS2_ws/build/my_interfaces -- -j6 -l6
[5.384s] Invoking command in '/home/hayden/ROS2_demo/firstROS2_ws/build/my_interfaces': CMAKE_PREFIX_PATH=${CMAKE_PREFIX_PATH}:/home/hayden/ROS2_demo/firstROS2_ws/install/my_python_pkg:/opt/ros/humble /usr/bin/cmake --install /home/hayden/ROS2_demo/firstROS2_ws/build/my_interfaces
[5.397s] -- Install configuration: ""
[5.397s] -- Installing: /home/hayden/ROS2_demo/firstROS2_ws/install/my_interfaces/share/ament_index/resource_index/rosidl_interfaces/my_interfaces
[5.398s] -- Installing: /home/hayden/ROS2_demo/firstROS2_ws/install/my_interfaces/include/my_interfaces/my_interfaces
[5.398s] -- Installing: /home/hayden/ROS2_demo/firstROS2_ws/install/my_interfaces/include/my_interfaces/my_interfaces/msg
[5.398s] -- Installing: /home/hayden/ROS2_demo/firstROS2_ws/install/my_interfaces/include/my_interfaces/my_interfaces/msg/rosidl_generator_c__visibility_control.h
[5.398s] -- Installing: /home/hayden/ROS2_demo/firstROS2_ws/install/my_interfaces/include/my_interfaces/my_interfaces/msg/hardware_status.h
[5.399s] -- Installing: /home/hayden/ROS2_demo/firstROS2_ws/install/my_interfaces/include/my_interfaces/my_interfaces/msg/detail
[5.399s] -- Installing: /home/hayden/ROS2_demo/firstROS2_ws/install/my_interfaces/include/my_interfaces/my_interfaces/msg/detail/hardware_status__functions.h
[5.399s] -- Installing: /home/hayden/ROS2_demo/firstROS2_ws/install/my_interfaces/include/my_interfaces/my_interfaces/msg/detail/hardware_status__type_support.h
[5.399s] -- Installing: /home/hayden/ROS2_demo/firstROS2_ws/install/my_interfaces/include/my_interfaces/my_interfaces/msg/detail/hardware_status__functions.c
[5.400s] -- Installing: /home/hayden/ROS2_demo/firstROS2_ws/install/my_interfaces/include/my_interfaces/my_interfaces/msg/detail/hardware_status__struct.h
[5.400s] -- Installing: /home/hayden/ROS2_demo/firstROS2_ws/install/my_interfaces/share/my_interfaces/environment/library_path.sh
[5.400s] -- Installing: /home/hayden/ROS2_demo/firstROS2_ws/install/my_interfaces/share/my_interfaces/environment/library_path.dsv
[5.400s] -- Installing: /home/hayden/ROS2_demo/firstROS2_ws/install/my_interfaces/lib/libmy_interfaces__rosidl_generator_c.so
[5.401s] -- Set runtime path of "/home/hayden/ROS2_demo/firstROS2_ws/install/my_interfaces/lib/libmy_interfaces__rosidl_generator_c.so" to ""
[5.401s] -- Up-to-date: /home/hayden/ROS2_demo/firstROS2_ws/install/my_interfaces/include/my_interfaces/my_interfaces
[5.401s] -- Up-to-date: /home/hayden/ROS2_demo/firstROS2_ws/install/my_interfaces/include/my_interfaces/my_interfaces/msg
[5.401s] -- Installing: /home/hayden/ROS2_demo/firstROS2_ws/install/my_interfaces/include/my_interfaces/my_interfaces/msg/rosidl_typesupport_fastrtps_c__visibility_control.h
[5.401s] -- Up-to-date: /home/hayden/ROS2_demo/firstROS2_ws/install/my_interfaces/include/my_interfaces/my_interfaces/msg/detail
[5.401s] -- Installing: /home/hayden/ROS2_demo/firstROS2_ws/install/my_interfaces/include/my_interfaces/my_interfaces/msg/detail/hardware_status__rosidl_typesupport_fastrtps_c.h
[5.401s] -- Installing: /home/hayden/ROS2_demo/firstROS2_ws/install/my_interfaces/lib/libmy_interfaces__rosidl_typesupport_fastrtps_c.so
[5.402s] -- Set runtime path of "/home/hayden/ROS2_demo/firstROS2_ws/install/my_interfaces/lib/libmy_interfaces__rosidl_typesupport_fastrtps_c.so" to ""
[5.402s] -- Up-to-date: /home/hayden/ROS2_demo/firstROS2_ws/install/my_interfaces/include/my_interfaces/my_interfaces
[5.402s] -- Up-to-date: /home/hayden/ROS2_demo/firstROS2_ws/install/my_interfaces/include/my_interfaces/my_interfaces/msg
[5.402s] -- Installing: /home/hayden/ROS2_demo/firstROS2_ws/install/my_interfaces/include/my_interfaces/my_interfaces/msg/rosidl_typesupport_introspection_c__visibility_control.h
[5.403s] -- Up-to-date: /home/hayden/ROS2_demo/firstROS2_ws/install/my_interfaces/include/my_interfaces/my_interfaces/msg/detail
[5.403s] -- Installing: /home/hayden/ROS2_demo/firstROS2_ws/install/my_interfaces/include/my_interfaces/my_interfaces/msg/detail/hardware_status__type_support.c
[5.403s] -- Installing: /home/hayden/ROS2_demo/firstROS2_ws/install/my_interfaces/include/my_interfaces/my_interfaces/msg/detail/hardware_status__rosidl_typesupport_introspection_c.h
[5.403s] -- Installing: /home/hayden/ROS2_demo/firstROS2_ws/install/my_interfaces/lib/libmy_interfaces__rosidl_typesupport_introspection_c.so
[5.403s] -- Set runtime path of "/home/hayden/ROS2_demo/firstROS2_ws/install/my_interfaces/lib/libmy_interfaces__rosidl_typesupport_introspection_c.so" to ""
[5.403s] -- Installing: /home/hayden/ROS2_demo/firstROS2_ws/install/my_interfaces/lib/libmy_interfaces__rosidl_typesupport_c.so
[5.403s] -- Set runtime path of "/home/hayden/ROS2_demo/firstROS2_ws/install/my_interfaces/lib/libmy_interfaces__rosidl_typesupport_c.so" to ""
[5.404s] -- Up-to-date: /home/hayden/ROS2_demo/firstROS2_ws/install/my_interfaces/include/my_interfaces/my_interfaces
[5.404s] -- Up-to-date: /home/hayden/ROS2_demo/firstROS2_ws/install/my_interfaces/include/my_interfaces/my_interfaces/msg
[5.404s] -- Installing: /home/hayden/ROS2_demo/firstROS2_ws/install/my_interfaces/include/my_interfaces/my_interfaces/msg/hardware_status.hpp
[5.404s] -- Up-to-date: /home/hayden/ROS2_demo/firstROS2_ws/install/my_interfaces/include/my_interfaces/my_interfaces/msg/detail
[5.404s] -- Installing: /home/hayden/ROS2_demo/firstROS2_ws/install/my_interfaces/include/my_interfaces/my_interfaces/msg/detail/hardware_status__traits.hpp
[5.404s] -- Installing: /home/hayden/ROS2_demo/firstROS2_ws/install/my_interfaces/include/my_interfaces/my_interfaces/msg/detail/hardware_status__builder.hpp
[5.405s] -- Installing: /home/hayden/ROS2_demo/firstROS2_ws/install/my_interfaces/include/my_interfaces/my_interfaces/msg/detail/hardware_status__struct.hpp
[5.405s] -- Up-to-date: /home/hayden/ROS2_demo/firstROS2_ws/install/my_interfaces/include/my_interfaces/my_interfaces
[5.405s] -- Up-to-date: /home/hayden/ROS2_demo/firstROS2_ws/install/my_interfaces/include/my_interfaces/my_interfaces/msg
[5.405s] -- Up-to-date: /home/hayden/ROS2_demo/firstROS2_ws/install/my_interfaces/include/my_interfaces/my_interfaces/msg/detail
[5.406s] -- Installing: /home/hayden/ROS2_demo/firstROS2_ws/install/my_interfaces/include/my_interfaces/my_interfaces/msg/detail/dds_fastrtps
[5.406s] -- Installing: /home/hayden/ROS2_demo/firstROS2_ws/install/my_interfaces/include/my_interfaces/my_interfaces/msg/detail/hardware_status__rosidl_typesupport_fastrtps_cpp.hpp
[5.406s] -- Installing: /home/hayden/ROS2_demo/firstROS2_ws/install/my_interfaces/include/my_interfaces/my_interfaces/msg/rosidl_typesupport_fastrtps_cpp__visibility_control.h
[5.406s] -- Installing: /home/hayden/ROS2_demo/firstROS2_ws/install/my_interfaces/lib/libmy_interfaces__rosidl_typesupport_fastrtps_cpp.so
[5.406s] -- Set runtime path of "/home/hayden/ROS2_demo/firstROS2_ws/install/my_interfaces/lib/libmy_interfaces__rosidl_typesupport_fastrtps_cpp.so" to ""
[5.407s] -- Up-to-date: /home/hayden/ROS2_demo/firstROS2_ws/install/my_interfaces/include/my_interfaces/my_interfaces
[5.407s] -- Up-to-date: /home/hayden/ROS2_demo/firstROS2_ws/install/my_interfaces/include/my_interfaces/my_interfaces/msg
[5.407s] -- Up-to-date: /home/hayden/ROS2_demo/firstROS2_ws/install/my_interfaces/include/my_interfaces/my_interfaces/msg/detail
[5.407s] -- Installing: /home/hayden/ROS2_demo/firstROS2_ws/install/my_interfaces/include/my_interfaces/my_interfaces/msg/detail/hardware_status__rosidl_typesupport_introspection_cpp.hpp
[5.407s] -- Installing: /home/hayden/ROS2_demo/firstROS2_ws/install/my_interfaces/include/my_interfaces/my_interfaces/msg/detail/hardware_status__type_support.cpp
[5.408s] -- Installing: /home/hayden/ROS2_demo/firstROS2_ws/install/my_interfaces/lib/libmy_interfaces__rosidl_typesupport_introspection_cpp.so
[5.408s] -- Set runtime path of "/home/hayden/ROS2_demo/firstROS2_ws/install/my_interfaces/lib/libmy_interfaces__rosidl_typesupport_introspection_cpp.so" to ""
[5.408s] -- Installing: /home/hayden/ROS2_demo/firstROS2_ws/install/my_interfaces/lib/libmy_interfaces__rosidl_typesupport_cpp.so
[5.408s] -- Set runtime path of "/home/hayden/ROS2_demo/firstROS2_ws/install/my_interfaces/lib/libmy_interfaces__rosidl_typesupport_cpp.so" to ""
[5.408s] -- Installing: /home/hayden/ROS2_demo/firstROS2_ws/install/my_interfaces/share/my_interfaces/environment/pythonpath.sh
[5.409s] -- Installing: /home/hayden/ROS2_demo/firstROS2_ws/install/my_interfaces/share/my_interfaces/environment/pythonpath.dsv
[5.410s] -- Installing: /home/hayden/ROS2_demo/firstROS2_ws/install/my_interfaces/local/lib/python3.10/dist-packages/my_interfaces-0.0.0-py3.10.egg-info
[5.410s] -- Installing: /home/hayden/ROS2_demo/firstROS2_ws/install/my_interfaces/local/lib/python3.10/dist-packages/my_interfaces-0.0.0-py3.10.egg-info/SOURCES.txt
[5.410s] -- Installing: /home/hayden/ROS2_demo/firstROS2_ws/install/my_interfaces/local/lib/python3.10/dist-packages/my_interfaces-0.0.0-py3.10.egg-info/top_level.txt
[5.410s] -- Installing: /home/hayden/ROS2_demo/firstROS2_ws/install/my_interfaces/local/lib/python3.10/dist-packages/my_interfaces-0.0.0-py3.10.egg-info/PKG-INFO
[5.411s] -- Installing: /home/hayden/ROS2_demo/firstROS2_ws/install/my_interfaces/local/lib/python3.10/dist-packages/my_interfaces-0.0.0-py3.10.egg-info/dependency_links.txt
[5.411s] -- Installing: /home/hayden/ROS2_demo/firstROS2_ws/install/my_interfaces/local/lib/python3.10/dist-packages/my_interfaces
[5.411s] -- Installing: /home/hayden/ROS2_demo/firstROS2_ws/install/my_interfaces/local/lib/python3.10/dist-packages/my_interfaces/_my_interfaces_s.ep.rosidl_typesupport_introspection_c.c
[5.411s] -- Installing: /home/hayden/ROS2_demo/firstROS2_ws/install/my_interfaces/local/lib/python3.10/dist-packages/my_interfaces/_my_interfaces_s.ep.rosidl_typesupport_fastrtps_c.c
[5.411s] -- Installing: /home/hayden/ROS2_demo/firstROS2_ws/install/my_interfaces/local/lib/python3.10/dist-packages/my_interfaces/_my_interfaces_s.ep.rosidl_typesupport_c.c
[5.411s] -- Installing: /home/hayden/ROS2_demo/firstROS2_ws/install/my_interfaces/local/lib/python3.10/dist-packages/my_interfaces/msg
[5.411s] -- Installing: /home/hayden/ROS2_demo/firstROS2_ws/install/my_interfaces/local/lib/python3.10/dist-packages/my_interfaces/msg/_hardware_status.py
[5.411s] -- Installing: /home/hayden/ROS2_demo/firstROS2_ws/install/my_interfaces/local/lib/python3.10/dist-packages/my_interfaces/msg/_hardware_status_s.c
[5.411s] -- Installing: /home/hayden/ROS2_demo/firstROS2_ws/install/my_interfaces/local/lib/python3.10/dist-packages/my_interfaces/msg/__init__.py
[5.411s] -- Installing: /home/hayden/ROS2_demo/firstROS2_ws/install/my_interfaces/local/lib/python3.10/dist-packages/my_interfaces/my_interfaces_s__rosidl_typesupport_introspection_c.cpython-310-x86_64-linux-gnu.so
[5.411s] -- Installing: /home/hayden/ROS2_demo/firstROS2_ws/install/my_interfaces/local/lib/python3.10/dist-packages/my_interfaces/__init__.py
[5.411s] -- Installing: /home/hayden/ROS2_demo/firstROS2_ws/install/my_interfaces/local/lib/python3.10/dist-packages/my_interfaces/my_interfaces_s__rosidl_typesupport_c.cpython-310-x86_64-linux-gnu.so
[5.411s] -- Installing: /home/hayden/ROS2_demo/firstROS2_ws/install/my_interfaces/local/lib/python3.10/dist-packages/my_interfaces/libmy_interfaces__rosidl_generator_py.so
[5.412s] -- Installing: /home/hayden/ROS2_demo/firstROS2_ws/install/my_interfaces/local/lib/python3.10/dist-packages/my_interfaces/my_interfaces_s__rosidl_typesupport_fastrtps_c.cpython-310-x86_64-linux-gnu.so
[5.479s] Listing '/home/hayden/ROS2_demo/firstROS2_ws/install/my_interfaces/local/lib/python3.10/dist-packages/my_interfaces'...
[5.479s] Compiling '/home/hayden/ROS2_demo/firstROS2_ws/install/my_interfaces/local/lib/python3.10/dist-packages/my_interfaces/__init__.py'...
[5.479s] Listing '/home/hayden/ROS2_demo/firstROS2_ws/install/my_interfaces/local/lib/python3.10/dist-packages/my_interfaces/msg'...
[5.479s] Compiling '/home/hayden/ROS2_demo/firstROS2_ws/install/my_interfaces/local/lib/python3.10/dist-packages/my_interfaces/msg/__init__.py'...
[5.479s] Compiling '/home/hayden/ROS2_demo/firstROS2_ws/install/my_interfaces/local/lib/python3.10/dist-packages/my_interfaces/msg/_hardware_status.py'...
[5.484s] -- Installing: /home/hayden/ROS2_demo/firstROS2_ws/install/my_interfaces/local/lib/python3.10/dist-packages/my_interfaces/my_interfaces_s__rosidl_typesupport_fastrtps_c.cpython-310-x86_64-linux-gnu.so
[5.485s] -- Set runtime path of "/home/hayden/ROS2_demo/firstROS2_ws/install/my_interfaces/local/lib/python3.10/dist-packages/my_interfaces/my_interfaces_s__rosidl_typesupport_fastrtps_c.cpython-310-x86_64-linux-gnu.so" to ""
[5.486s] -- Installing: /home/hayden/ROS2_demo/firstROS2_ws/install/my_interfaces/local/lib/python3.10/dist-packages/my_interfaces/my_interfaces_s__rosidl_typesupport_introspection_c.cpython-310-x86_64-linux-gnu.so
[5.486s] -- Set runtime path of "/home/hayden/ROS2_demo/firstROS2_ws/install/my_interfaces/local/lib/python3.10/dist-packages/my_interfaces/my_interfaces_s__rosidl_typesupport_introspection_c.cpython-310-x86_64-linux-gnu.so" to ""
[5.486s] -- Installing: /home/hayden/ROS2_demo/firstROS2_ws/install/my_interfaces/local/lib/python3.10/dist-packages/my_interfaces/my_interfaces_s__rosidl_typesupport_c.cpython-310-x86_64-linux-gnu.so
[5.487s] -- Set runtime path of "/home/hayden/ROS2_demo/firstROS2_ws/install/my_interfaces/local/lib/python3.10/dist-packages/my_interfaces/my_interfaces_s__rosidl_typesupport_c.cpython-310-x86_64-linux-gnu.so" to ""
[5.487s] -- Installing: /home/hayden/ROS2_demo/firstROS2_ws/install/my_interfaces/lib/libmy_interfaces__rosidl_generator_py.so
[5.487s] -- Set runtime path of "/home/hayden/ROS2_demo/firstROS2_ws/install/my_interfaces/lib/libmy_interfaces__rosidl_generator_py.so" to ""
[5.487s] -- Installing: /home/hayden/ROS2_demo/firstROS2_ws/install/my_interfaces/share/my_interfaces/msg/HardwareStatus.idl
[5.487s] -- Installing: /home/hayden/ROS2_demo/firstROS2_ws/install/my_interfaces/share/my_interfaces/msg/HardwareStatus.msg
[5.488s] -- Installing: /home/hayden/ROS2_demo/firstROS2_ws/install/my_interfaces/share/ament_index/resource_index/package_run_dependencies/my_interfaces
[5.488s] -- Installing: /home/hayden/ROS2_demo/firstROS2_ws/install/my_interfaces/share/ament_index/resource_index/parent_prefix_path/my_interfaces
[5.488s] -- Installing: /home/hayden/ROS2_demo/firstROS2_ws/install/my_interfaces/share/my_interfaces/environment/ament_prefix_path.sh
[5.488s] -- Installing: /home/hayden/ROS2_demo/firstROS2_ws/install/my_interfaces/share/my_interfaces/environment/ament_prefix_path.dsv
[5.489s] -- Installing: /home/hayden/ROS2_demo/firstROS2_ws/install/my_interfaces/share/my_interfaces/environment/path.sh
[5.489s] -- Installing: /home/hayden/ROS2_demo/firstROS2_ws/install/my_interfaces/share/my_interfaces/environment/path.dsv
[5.490s] -- Installing: /home/hayden/ROS2_demo/firstROS2_ws/install/my_interfaces/share/my_interfaces/local_setup.bash
[5.490s] -- Installing: /home/hayden/ROS2_demo/firstROS2_ws/install/my_interfaces/share/my_interfaces/local_setup.sh
[5.490s] -- Installing: /home/hayden/ROS2_demo/firstROS2_ws/install/my_interfaces/share/my_interfaces/local_setup.zsh
[5.490s] -- Installing: /home/hayden/ROS2_demo/firstROS2_ws/install/my_interfaces/share/my_interfaces/local_setup.dsv
[5.491s] -- Installing: /home/hayden/ROS2_demo/firstROS2_ws/install/my_interfaces/share/my_interfaces/package.dsv
[5.491s] -- Installing: /home/hayden/ROS2_demo/firstROS2_ws/install/my_interfaces/share/ament_index/resource_index/packages/my_interfaces
[5.492s] -- Installing: /home/hayden/ROS2_demo/firstROS2_ws/install/my_interfaces/share/my_interfaces/cmake/export_my_interfaces__rosidl_generator_cExport.cmake
[5.492s] -- Installing: /home/hayden/ROS2_demo/firstROS2_ws/install/my_interfaces/share/my_interfaces/cmake/export_my_interfaces__rosidl_generator_cExport-noconfig.cmake
[5.492s] -- Installing: /home/hayden/ROS2_demo/firstROS2_ws/install/my_interfaces/share/my_interfaces/cmake/export_my_interfaces__rosidl_typesupport_fastrtps_cExport.cmake
[5.492s] -- Installing: /home/hayden/ROS2_demo/firstROS2_ws/install/my_interfaces/share/my_interfaces/cmake/export_my_interfaces__rosidl_typesupport_fastrtps_cExport-noconfig.cmake
[5.493s] -- Installing: /home/hayden/ROS2_demo/firstROS2_ws/install/my_interfaces/share/my_interfaces/cmake/my_interfaces__rosidl_typesupport_introspection_cExport.cmake
[5.493s] -- Installing: /home/hayden/ROS2_demo/firstROS2_ws/install/my_interfaces/share/my_interfaces/cmake/my_interfaces__rosidl_typesupport_introspection_cExport-noconfig.cmake
[5.493s] -- Installing: /home/hayden/ROS2_demo/firstROS2_ws/install/my_interfaces/share/my_interfaces/cmake/my_interfaces__rosidl_typesupport_cExport.cmake
[5.493s] -- Installing: /home/hayden/ROS2_demo/firstROS2_ws/install/my_interfaces/share/my_interfaces/cmake/my_interfaces__rosidl_typesupport_cExport-noconfig.cmake
[5.494s] -- Installing: /home/hayden/ROS2_demo/firstROS2_ws/install/my_interfaces/share/my_interfaces/cmake/export_my_interfaces__rosidl_generator_cppExport.cmake
[5.494s] -- Installing: /home/hayden/ROS2_demo/firstROS2_ws/install/my_interfaces/share/my_interfaces/cmake/export_my_interfaces__rosidl_typesupport_fastrtps_cppExport.cmake
[5.494s] -- Installing: /home/hayden/ROS2_demo/firstROS2_ws/install/my_interfaces/share/my_interfaces/cmake/export_my_interfaces__rosidl_typesupport_fastrtps_cppExport-noconfig.cmake
[5.494s] -- Installing: /home/hayden/ROS2_demo/firstROS2_ws/install/my_interfaces/share/my_interfaces/cmake/my_interfaces__rosidl_typesupport_introspection_cppExport.cmake
[5.494s] -- Installing: /home/hayden/ROS2_demo/firstROS2_ws/install/my_interfaces/share/my_interfaces/cmake/my_interfaces__rosidl_typesupport_introspection_cppExport-noconfig.cmake
[5.494s] -- Installing: /home/hayden/ROS2_demo/firstROS2_ws/install/my_interfaces/share/my_interfaces/cmake/my_interfaces__rosidl_typesupport_cppExport.cmake
[5.494s] -- Installing: /home/hayden/ROS2_demo/firstROS2_ws/install/my_interfaces/share/my_interfaces/cmake/my_interfaces__rosidl_typesupport_cppExport-noconfig.cmake
[5.495s] -- Installing: /home/hayden/ROS2_demo/firstROS2_ws/install/my_interfaces/share/my_interfaces/cmake/export_my_interfaces__rosidl_generator_pyExport.cmake
[5.495s] -- Installing: /home/hayden/ROS2_demo/firstROS2_ws/install/my_interfaces/share/my_interfaces/cmake/export_my_interfaces__rosidl_generator_pyExport-noconfig.cmake
[5.495s] -- Installing: /home/hayden/ROS2_demo/firstROS2_ws/install/my_interfaces/share/my_interfaces/cmake/rosidl_cmake-extras.cmake
[5.495s] -- Installing: /home/hayden/ROS2_demo/firstROS2_ws/install/my_interfaces/share/my_interfaces/cmake/ament_cmake_export_include_directories-extras.cmake
[5.495s] -- Installing: /home/hayden/ROS2_demo/firstROS2_ws/install/my_interfaces/share/my_interfaces/cmake/ament_cmake_export_libraries-extras.cmake
[5.495s] -- Installing: /home/hayden/ROS2_demo/firstROS2_ws/install/my_interfaces/share/my_interfaces/cmake/ament_cmake_export_targets-extras.cmake
[5.496s] -- Installing: /home/hayden/ROS2_demo/firstROS2_ws/install/my_interfaces/share/my_interfaces/cmake/rosidl_cmake_export_typesupport_targets-extras.cmake
[5.496s] -- Installing: /home/hayden/ROS2_demo/firstROS2_ws/install/my_interfaces/share/my_interfaces/cmake/ament_cmake_export_dependencies-extras.cmake
[5.496s] -- Installing: /home/hayden/ROS2_demo/firstROS2_ws/install/my_interfaces/share/my_interfaces/cmake/rosidl_cmake_export_typesupport_libraries-extras.cmake
[5.496s] -- Installing: /home/hayden/ROS2_demo/firstROS2_ws/install/my_interfaces/share/my_interfaces/cmake/my_interfacesConfig.cmake
[5.497s] -- Installing: /home/hayden/ROS2_demo/firstROS2_ws/install/my_interfaces/share/my_interfaces/cmake/my_interfacesConfig-version.cmake
[5.497s] -- Installing: /home/hayden/ROS2_demo/firstROS2_ws/install/my_interfaces/share/my_interfaces/package.xml
[5.501s] Invoked command in '/home/hayden/ROS2_demo/firstROS2_ws/build/my_interfaces' returned '0': CMAKE_PREFIX_PATH=${CMAKE_PREFIX_PATH}:/home/hayden/ROS2_demo/firstROS2_ws/install/my_python_pkg:/opt/ros/humble /usr/bin/cmake --install /home/hayden/ROS2_demo/firstROS2_ws/build/my_interfaces
