[0.025s] Invoking command in '/home/hayden/ROS2_demo/firstROS2_ws/build/my_interfaces': CMAKE_PREFIX_PATH=${CMAKE_PREFIX_PATH}:/home/hayden/ROS2_demo/firstROS2_ws/install/my_python_pkg:/opt/ros/humble /usr/bin/cmake --build /home/hayden/ROS2_demo/firstROS2_ws/build/my_interfaces -- -j6 -l6
[0.070s] -- Found ament_cmake: 1.3.8 (/opt/ros/humble/share/ament_cmake/cmake)
[0.219s] -- Found rosidl_default_generators: 1.2.0 (/opt/ros/humble/share/rosidl_default_generators/cmake)
[0.221s] -- Using all available rosidl_typesupport_c: rosidl_typesupport_fastrtps_c;rosidl_typesupport_introspection_c
[0.225s] -- Found rosidl_adapter: 3.1.5 (/opt/ros/humble/share/rosidl_adapter/cmake)
[0.261s] -- Using all available rosidl_typesupport_cpp: rosidl_typesupport_fastrtps_cpp;rosidl_typesupport_introspection_cpp
[0.743s] -- Found ament_cmake_ros: 0.10.0 (/opt/ros/humble/share/ament_cmake_ros/cmake)
[1.024s] -- Using all available rosidl_typesupport_c: rosidl_typesupport_fastrtps_c;rosidl_typesupport_introspection_c
[1.365s] -- Using all available rosidl_typesupport_cpp: rosidl_typesupport_fastrtps_cpp;rosidl_typesupport_introspection_cpp
[1.435s] -- Found python_cmake_module: 0.10.0 (/opt/ros/humble/share/python_cmake_module/cmake)
[1.521s] -- Using PYTHON_EXECUTABLE: /usr/bin/python3
[1.521s] -- Using PYTHON_INCLUDE_DIRS: /usr/include/python3.10
[1.521s] -- Using PYTHON_LIBRARIES: /usr/lib/x86_64-linux-gnu/libpython3.10.so
[1.653s] -- Configuring done
[1.862s] -- Generating done
[1.872s] -- Build files have been written to: /home/hayden/ROS2_demo/firstROS2_ws/build/my_interfaces
[1.910s] [  2%] [34m[1mGenerating C code for ROS interfaces[0m
[1.930s] [  5%] [34m[1mGenerating C++ code for ROS interfaces[0m
[1.968s] [  5%] Built target ament_cmake_python_copy_my_interfaces
[2.266s] running egg_info
[2.266s] writing my_interfaces.egg-info/PKG-INFO
[2.267s] writing dependency_links to my_interfaces.egg-info/dependency_links.txt
[2.267s] writing top-level names to my_interfaces.egg-info/top_level.txt
[2.269s] reading manifest file 'my_interfaces.egg-info/SOURCES.txt'
[2.284s] writing manifest file 'my_interfaces.egg-info/SOURCES.txt'
[2.331s] [  5%] Built target ament_cmake_python_build_my_interfaces_egg
[2.375s] [  5%] Built target my_interfaces__cpp
[2.409s] [  7%] [34m[1mGenerating C++ type support for eProsima Fast-RTPS[0m
[2.409s] [ 10%] [34m[1mGenerating C++ introspection for ROS interfaces[0m
[2.418s] [ 12%] [34m[1mGenerating C++ type support dispatch for ROS interfaces[0m
[2.425s] [35m[1mConsolidate compiler generated dependencies of target my_interfaces__rosidl_generator_c[0m
[2.447s] [ 17%] [32mBuilding C object CMakeFiles/my_interfaces__rosidl_generator_c.dir/rosidl_generator_c/my_interfaces/srv/detail/sample_service__functions.c.o[0m
[2.447s] [ 17%] [32mBuilding C object CMakeFiles/my_interfaces__rosidl_generator_c.dir/rosidl_generator_c/my_interfaces/msg/detail/hardware_status__functions.c.o[0m
[2.924s] [35m[1mConsolidate compiler generated dependencies of target my_interfaces__rosidl_typesupport_introspection_cpp[0m
[2.925s] [35m[1mConsolidate compiler generated dependencies of target my_interfaces__rosidl_typesupport_cpp[0m
[2.925s] [35m[1mConsolidate compiler generated dependencies of target my_interfaces__rosidl_typesupport_fastrtps_cpp[0m
[2.945s] [ 20%] [32mBuilding CXX object CMakeFiles/my_interfaces__rosidl_typesupport_introspection_cpp.dir/rosidl_typesupport_introspection_cpp/my_interfaces/msg/detail/hardware_status__type_support.cpp.o[0m
[2.947s] [ 23%] [32mBuilding CXX object CMakeFiles/my_interfaces__rosidl_typesupport_fastrtps_cpp.dir/rosidl_typesupport_fastrtps_cpp/my_interfaces/msg/detail/dds_fastrtps/hardware_status__type_support.cpp.o[0m
[2.948s] [ 25%] [32mBuilding CXX object CMakeFiles/my_interfaces__rosidl_typesupport_introspection_cpp.dir/rosidl_typesupport_introspection_cpp/my_interfaces/srv/detail/sample_service__type_support.cpp.o[0m
[2.948s] [ 28%] [32mBuilding CXX object CMakeFiles/my_interfaces__rosidl_typesupport_cpp.dir/rosidl_typesupport_cpp/my_interfaces/msg/hardware_status__type_support.cpp.o[0m
[3.069s] [ 30%] [32mBuilding CXX object CMakeFiles/my_interfaces__rosidl_typesupport_fastrtps_cpp.dir/rosidl_typesupport_fastrtps_cpp/my_interfaces/srv/detail/dds_fastrtps/sample_service__type_support.cpp.o[0m
[3.074s] [ 33%] [32m[1mLinking C shared library libmy_interfaces__rosidl_generator_c.so[0m
[3.151s] [ 33%] Built target my_interfaces__rosidl_generator_c
[3.187s] [ 35%] [34m[1mGenerating C type support dispatch for ROS interfaces[0m
[3.425s] [ 38%] [32mBuilding CXX object CMakeFiles/my_interfaces__rosidl_typesupport_cpp.dir/rosidl_typesupport_cpp/my_interfaces/srv/sample_service__type_support.cpp.o[0m
[3.605s] [ 41%] [34m[1mGenerating C type support for eProsima Fast-RTPS[0m
[3.669s] [ 43%] [32m[1mLinking CXX shared library libmy_interfaces__rosidl_typesupport_introspection_cpp.so[0m
[3.674s] [ 46%] [34m[1mGenerating C introspection for ROS interfaces[0m
[3.722s] [ 48%] [32m[1mLinking CXX shared library libmy_interfaces__rosidl_typesupport_fastrtps_cpp.so[0m
[3.741s] [35m[1mConsolidate compiler generated dependencies of target my_interfaces__rosidl_typesupport_c[0m
[3.798s] [ 51%] [32mBuilding CXX object CMakeFiles/my_interfaces__rosidl_typesupport_c.dir/rosidl_typesupport_c/my_interfaces/msg/hardware_status__type_support.cpp.o[0m
[3.799s] [ 48%] Built target my_interfaces__rosidl_typesupport_introspection_cpp
[3.818s] [ 53%] [32mBuilding CXX object CMakeFiles/my_interfaces__rosidl_typesupport_c.dir/rosidl_typesupport_c/my_interfaces/srv/sample_service__type_support.cpp.o[0m
[3.839s] [ 56%] [32m[1mLinking CXX shared library libmy_interfaces__rosidl_typesupport_cpp.so[0m
[3.893s] [ 56%] Built target my_interfaces__rosidl_typesupport_fastrtps_cpp
[3.895s] [ 58%] [32m[1mLinking CXX shared library libmy_interfaces__rosidl_typesupport_c.so[0m
[3.926s] [ 58%] Built target my_interfaces__rosidl_typesupport_cpp
[3.968s] [ 58%] Built target my_interfaces__rosidl_typesupport_c
[4.111s] [35m[1mConsolidate compiler generated dependencies of target my_interfaces__rosidl_typesupport_fastrtps_c[0m
[4.128s] [35m[1mConsolidate compiler generated dependencies of target my_interfaces__rosidl_typesupport_introspection_c[0m
[4.139s] [ 61%] [32mBuilding CXX object CMakeFiles/my_interfaces__rosidl_typesupport_fastrtps_c.dir/rosidl_typesupport_fastrtps_c/my_interfaces/msg/detail/hardware_status__type_support_c.cpp.o[0m
[4.139s] [ 64%] [32mBuilding CXX object CMakeFiles/my_interfaces__rosidl_typesupport_fastrtps_c.dir/rosidl_typesupport_fastrtps_c/my_interfaces/srv/detail/sample_service__type_support_c.cpp.o[0m
[4.151s] [ 66%] [32mBuilding C object CMakeFiles/my_interfaces__rosidl_typesupport_introspection_c.dir/rosidl_typesupport_introspection_c/my_interfaces/srv/detail/sample_service__type_support.c.o[0m
[4.154s] [ 69%] [32mBuilding C object CMakeFiles/my_interfaces__rosidl_typesupport_introspection_c.dir/rosidl_typesupport_introspection_c/my_interfaces/msg/detail/hardware_status__type_support.c.o[0m
[4.217s] [ 71%] [32m[1mLinking C shared library libmy_interfaces__rosidl_typesupport_introspection_c.so[0m
[4.280s] [ 71%] Built target my_interfaces__rosidl_typesupport_introspection_c
[4.568s] [ 74%] [32m[1mLinking CXX shared library libmy_interfaces__rosidl_typesupport_fastrtps_c.so[0m
[4.679s] [ 74%] Built target my_interfaces__rosidl_typesupport_fastrtps_c
[4.760s] [ 74%] Built target my_interfaces
[4.801s] [ 76%] [34m[1mGenerating Python code for ROS interfaces[0m
[5.376s] [ 76%] Built target my_interfaces__py
[5.400s] [35m[1mConsolidate compiler generated dependencies of target my_interfaces__rosidl_generator_py[0m
[5.425s] [ 82%] [32mBuilding C object CMakeFiles/my_interfaces__rosidl_generator_py.dir/rosidl_generator_py/my_interfaces/msg/_hardware_status_s.c.o[0m
[5.425s] [ 82%] [32mBuilding C object CMakeFiles/my_interfaces__rosidl_generator_py.dir/rosidl_generator_py/my_interfaces/srv/_sample_service_s.c.o[0m
[6.161s] [ 84%] [32m[1mLinking C shared library rosidl_generator_py/my_interfaces/libmy_interfaces__rosidl_generator_py.so[0m
[6.229s] [ 84%] Built target my_interfaces__rosidl_generator_py
[6.268s] [35m[1mConsolidate compiler generated dependencies of target my_interfaces__rosidl_typesupport_introspection_c__pyext[0m
[6.268s] [35m[1mConsolidate compiler generated dependencies of target my_interfaces__rosidl_typesupport_c__pyext[0m
[6.269s] [35m[1mConsolidate compiler generated dependencies of target my_interfaces__rosidl_typesupport_fastrtps_c__pyext[0m
[6.301s] [ 87%] [32mBuilding C object CMakeFiles/my_interfaces__rosidl_typesupport_c__pyext.dir/rosidl_generator_py/my_interfaces/_my_interfaces_s.ep.rosidl_typesupport_c.c.o[0m
[6.302s] [ 92%] [32mBuilding C object CMakeFiles/my_interfaces__rosidl_typesupport_introspection_c__pyext.dir/rosidl_generator_py/my_interfaces/_my_interfaces_s.ep.rosidl_typesupport_introspection_c.c.o[0m
[6.302s] [ 92%] [32mBuilding C object CMakeFiles/my_interfaces__rosidl_typesupport_fastrtps_c__pyext.dir/rosidl_generator_py/my_interfaces/_my_interfaces_s.ep.rosidl_typesupport_fastrtps_c.c.o[0m
[6.446s] [ 94%] [32m[1mLinking C shared library rosidl_generator_py/my_interfaces/my_interfaces_s__rosidl_typesupport_c.cpython-310-x86_64-linux-gnu.so[0m
[6.456s] [ 97%] [32m[1mLinking C shared library rosidl_generator_py/my_interfaces/my_interfaces_s__rosidl_typesupport_introspection_c.cpython-310-x86_64-linux-gnu.so[0m
[6.469s] [100%] [32m[1mLinking C shared library rosidl_generator_py/my_interfaces/my_interfaces_s__rosidl_typesupport_fastrtps_c.cpython-310-x86_64-linux-gnu.so[0m
[6.510s] [100%] Built target my_interfaces__rosidl_typesupport_c__pyext
[6.514s] [100%] Built target my_interfaces__rosidl_typesupport_introspection_c__pyext
[6.535s] [100%] Built target my_interfaces__rosidl_typesupport_fastrtps_c__pyext
[6.551s] Invoked command in '/home/hayden/ROS2_demo/firstROS2_ws/build/my_interfaces' returned '0': CMAKE_PREFIX_PATH=${CMAKE_PREFIX_PATH}:/home/hayden/ROS2_demo/firstROS2_ws/install/my_python_pkg:/opt/ros/humble /usr/bin/cmake --build /home/hayden/ROS2_demo/firstROS2_ws/build/my_interfaces -- -j6 -l6
[6.901s] Invoking command in '/home/hayden/ROS2_demo/firstROS2_ws/build/my_interfaces': CMAKE_PREFIX_PATH=${CMAKE_PREFIX_PATH}:/home/hayden/ROS2_demo/firstROS2_ws/install/my_python_pkg:/opt/ros/humble /usr/bin/cmake --install /home/hayden/ROS2_demo/firstROS2_ws/build/my_interfaces
[6.915s] -- Install configuration: ""
[6.930s] -- Installing: /home/hayden/ROS2_demo/firstROS2_ws/install/my_interfaces/share/ament_index/resource_index/rosidl_interfaces/my_interfaces
[6.932s] -- Up-to-date: /home/hayden/ROS2_demo/firstROS2_ws/install/my_interfaces/include/my_interfaces/my_interfaces
[6.932s] -- Installing: /home/hayden/ROS2_demo/firstROS2_ws/install/my_interfaces/include/my_interfaces/my_interfaces/srv
[6.932s] -- Installing: /home/hayden/ROS2_demo/firstROS2_ws/install/my_interfaces/include/my_interfaces/my_interfaces/srv/sample_service.h
[6.933s] -- Installing: /home/hayden/ROS2_demo/firstROS2_ws/install/my_interfaces/include/my_interfaces/my_interfaces/srv/detail
[6.933s] -- Installing: /home/hayden/ROS2_demo/firstROS2_ws/install/my_interfaces/include/my_interfaces/my_interfaces/srv/detail/sample_service__functions.h
[6.933s] -- Installing: /home/hayden/ROS2_demo/firstROS2_ws/install/my_interfaces/include/my_interfaces/my_interfaces/srv/detail/sample_service__functions.c
[6.933s] -- Installing: /home/hayden/ROS2_demo/firstROS2_ws/install/my_interfaces/include/my_interfaces/my_interfaces/srv/detail/sample_service__type_support.h
[6.933s] -- Installing: /home/hayden/ROS2_demo/firstROS2_ws/install/my_interfaces/include/my_interfaces/my_interfaces/srv/detail/sample_service__struct.h
[6.933s] -- Up-to-date: /home/hayden/ROS2_demo/firstROS2_ws/install/my_interfaces/include/my_interfaces/my_interfaces/msg
[6.934s] -- Up-to-date: /home/hayden/ROS2_demo/firstROS2_ws/install/my_interfaces/include/my_interfaces/my_interfaces/msg/rosidl_generator_c__visibility_control.h
[6.934s] -- Installing: /home/hayden/ROS2_demo/firstROS2_ws/install/my_interfaces/include/my_interfaces/my_interfaces/msg/hardware_status.h
[6.934s] -- Up-to-date: /home/hayden/ROS2_demo/firstROS2_ws/install/my_interfaces/include/my_interfaces/my_interfaces/msg/detail
[6.934s] -- Installing: /home/hayden/ROS2_demo/firstROS2_ws/install/my_interfaces/include/my_interfaces/my_interfaces/msg/detail/hardware_status__functions.h
[6.934s] -- Installing: /home/hayden/ROS2_demo/firstROS2_ws/install/my_interfaces/include/my_interfaces/my_interfaces/msg/detail/hardware_status__type_support.h
[6.934s] -- Installing: /home/hayden/ROS2_demo/firstROS2_ws/install/my_interfaces/include/my_interfaces/my_interfaces/msg/detail/hardware_status__functions.c
[6.934s] -- Installing: /home/hayden/ROS2_demo/firstROS2_ws/install/my_interfaces/include/my_interfaces/my_interfaces/msg/detail/hardware_status__struct.h
[6.934s] -- Up-to-date: /home/hayden/ROS2_demo/firstROS2_ws/install/my_interfaces/share/my_interfaces/environment/library_path.sh
[6.934s] -- Installing: /home/hayden/ROS2_demo/firstROS2_ws/install/my_interfaces/share/my_interfaces/environment/library_path.dsv
[6.934s] -- Installing: /home/hayden/ROS2_demo/firstROS2_ws/install/my_interfaces/lib/libmy_interfaces__rosidl_generator_c.so
[6.946s] -- Set runtime path of "/home/hayden/ROS2_demo/firstROS2_ws/install/my_interfaces/lib/libmy_interfaces__rosidl_generator_c.so" to ""
[6.947s] -- Up-to-date: /home/hayden/ROS2_demo/firstROS2_ws/install/my_interfaces/include/my_interfaces/my_interfaces
[6.947s] -- Up-to-date: /home/hayden/ROS2_demo/firstROS2_ws/install/my_interfaces/include/my_interfaces/my_interfaces/srv
[6.947s] -- Up-to-date: /home/hayden/ROS2_demo/firstROS2_ws/install/my_interfaces/include/my_interfaces/my_interfaces/srv/detail
[6.947s] -- Installing: /home/hayden/ROS2_demo/firstROS2_ws/install/my_interfaces/include/my_interfaces/my_interfaces/srv/detail/sample_service__rosidl_typesupport_fastrtps_c.h
[6.948s] -- Up-to-date: /home/hayden/ROS2_demo/firstROS2_ws/install/my_interfaces/include/my_interfaces/my_interfaces/msg
[6.948s] -- Up-to-date: /home/hayden/ROS2_demo/firstROS2_ws/install/my_interfaces/include/my_interfaces/my_interfaces/msg/rosidl_typesupport_fastrtps_c__visibility_control.h
[6.949s] -- Up-to-date: /home/hayden/ROS2_demo/firstROS2_ws/install/my_interfaces/include/my_interfaces/my_interfaces/msg/detail
[6.949s] -- Installing: /home/hayden/ROS2_demo/firstROS2_ws/install/my_interfaces/include/my_interfaces/my_interfaces/msg/detail/hardware_status__rosidl_typesupport_fastrtps_c.h
[6.950s] -- Installing: /home/hayden/ROS2_demo/firstROS2_ws/install/my_interfaces/lib/libmy_interfaces__rosidl_typesupport_fastrtps_c.so
[6.950s] -- Set runtime path of "/home/hayden/ROS2_demo/firstROS2_ws/install/my_interfaces/lib/libmy_interfaces__rosidl_typesupport_fastrtps_c.so" to ""
[6.950s] -- Up-to-date: /home/hayden/ROS2_demo/firstROS2_ws/install/my_interfaces/include/my_interfaces/my_interfaces
[6.951s] -- Up-to-date: /home/hayden/ROS2_demo/firstROS2_ws/install/my_interfaces/include/my_interfaces/my_interfaces/srv
[6.957s] -- Up-to-date: /home/hayden/ROS2_demo/firstROS2_ws/install/my_interfaces/include/my_interfaces/my_interfaces/srv/detail
[6.957s] -- Installing: /home/hayden/ROS2_demo/firstROS2_ws/install/my_interfaces/include/my_interfaces/my_interfaces/srv/detail/sample_service__type_support.c
[6.957s] -- Installing: /home/hayden/ROS2_demo/firstROS2_ws/install/my_interfaces/include/my_interfaces/my_interfaces/srv/detail/sample_service__rosidl_typesupport_introspection_c.h
[6.958s] -- Up-to-date: /home/hayden/ROS2_demo/firstROS2_ws/install/my_interfaces/include/my_interfaces/my_interfaces/msg
[6.958s] -- Up-to-date: /home/hayden/ROS2_demo/firstROS2_ws/install/my_interfaces/include/my_interfaces/my_interfaces/msg/rosidl_typesupport_introspection_c__visibility_control.h
[6.958s] -- Up-to-date: /home/hayden/ROS2_demo/firstROS2_ws/install/my_interfaces/include/my_interfaces/my_interfaces/msg/detail
[6.961s] -- Installing: /home/hayden/ROS2_demo/firstROS2_ws/install/my_interfaces/include/my_interfaces/my_interfaces/msg/detail/hardware_status__type_support.c
[6.962s] -- Installing: /home/hayden/ROS2_demo/firstROS2_ws/install/my_interfaces/include/my_interfaces/my_interfaces/msg/detail/hardware_status__rosidl_typesupport_introspection_c.h
[6.962s] -- Installing: /home/hayden/ROS2_demo/firstROS2_ws/install/my_interfaces/lib/libmy_interfaces__rosidl_typesupport_introspection_c.so
[6.963s] -- Set runtime path of "/home/hayden/ROS2_demo/firstROS2_ws/install/my_interfaces/lib/libmy_interfaces__rosidl_typesupport_introspection_c.so" to ""
[6.963s] -- Installing: /home/hayden/ROS2_demo/firstROS2_ws/install/my_interfaces/lib/libmy_interfaces__rosidl_typesupport_c.so
[6.964s] -- Set runtime path of "/home/hayden/ROS2_demo/firstROS2_ws/install/my_interfaces/lib/libmy_interfaces__rosidl_typesupport_c.so" to ""
[6.964s] -- Up-to-date: /home/hayden/ROS2_demo/firstROS2_ws/install/my_interfaces/include/my_interfaces/my_interfaces
[6.964s] -- Up-to-date: /home/hayden/ROS2_demo/firstROS2_ws/install/my_interfaces/include/my_interfaces/my_interfaces/srv
[6.964s] -- Installing: /home/hayden/ROS2_demo/firstROS2_ws/install/my_interfaces/include/my_interfaces/my_interfaces/srv/sample_service.hpp
[6.964s] -- Up-to-date: /home/hayden/ROS2_demo/firstROS2_ws/install/my_interfaces/include/my_interfaces/my_interfaces/srv/detail
[6.965s] -- Installing: /home/hayden/ROS2_demo/firstROS2_ws/install/my_interfaces/include/my_interfaces/my_interfaces/srv/detail/sample_service__builder.hpp
[6.965s] -- Installing: /home/hayden/ROS2_demo/firstROS2_ws/install/my_interfaces/include/my_interfaces/my_interfaces/srv/detail/sample_service__struct.hpp
[6.965s] -- Installing: /home/hayden/ROS2_demo/firstROS2_ws/install/my_interfaces/include/my_interfaces/my_interfaces/srv/detail/sample_service__traits.hpp
[6.965s] -- Up-to-date: /home/hayden/ROS2_demo/firstROS2_ws/install/my_interfaces/include/my_interfaces/my_interfaces/msg
[6.966s] -- Installing: /home/hayden/ROS2_demo/firstROS2_ws/install/my_interfaces/include/my_interfaces/my_interfaces/msg/hardware_status.hpp
[6.966s] -- Up-to-date: /home/hayden/ROS2_demo/firstROS2_ws/install/my_interfaces/include/my_interfaces/my_interfaces/msg/detail
[6.966s] -- Installing: /home/hayden/ROS2_demo/firstROS2_ws/install/my_interfaces/include/my_interfaces/my_interfaces/msg/detail/hardware_status__traits.hpp
[6.966s] -- Installing: /home/hayden/ROS2_demo/firstROS2_ws/install/my_interfaces/include/my_interfaces/my_interfaces/msg/detail/hardware_status__builder.hpp
[6.966s] -- Installing: /home/hayden/ROS2_demo/firstROS2_ws/install/my_interfaces/include/my_interfaces/my_interfaces/msg/detail/hardware_status__struct.hpp
[6.967s] -- Up-to-date: /home/hayden/ROS2_demo/firstROS2_ws/install/my_interfaces/include/my_interfaces/my_interfaces
[6.967s] -- Up-to-date: /home/hayden/ROS2_demo/firstROS2_ws/install/my_interfaces/include/my_interfaces/my_interfaces/srv
[6.967s] -- Up-to-date: /home/hayden/ROS2_demo/firstROS2_ws/install/my_interfaces/include/my_interfaces/my_interfaces/srv/detail
[6.968s] -- Installing: /home/hayden/ROS2_demo/firstROS2_ws/install/my_interfaces/include/my_interfaces/my_interfaces/srv/detail/dds_fastrtps
[6.968s] -- Installing: /home/hayden/ROS2_demo/firstROS2_ws/install/my_interfaces/include/my_interfaces/my_interfaces/srv/detail/sample_service__rosidl_typesupport_fastrtps_cpp.hpp
[6.968s] -- Up-to-date: /home/hayden/ROS2_demo/firstROS2_ws/install/my_interfaces/include/my_interfaces/my_interfaces/msg
[6.968s] -- Up-to-date: /home/hayden/ROS2_demo/firstROS2_ws/install/my_interfaces/include/my_interfaces/my_interfaces/msg/detail
[6.968s] -- Up-to-date: /home/hayden/ROS2_demo/firstROS2_ws/install/my_interfaces/include/my_interfaces/my_interfaces/msg/detail/dds_fastrtps
[6.968s] -- Installing: /home/hayden/ROS2_demo/firstROS2_ws/install/my_interfaces/include/my_interfaces/my_interfaces/msg/detail/hardware_status__rosidl_typesupport_fastrtps_cpp.hpp
[6.968s] -- Up-to-date: /home/hayden/ROS2_demo/firstROS2_ws/install/my_interfaces/include/my_interfaces/my_interfaces/msg/rosidl_typesupport_fastrtps_cpp__visibility_control.h
[6.968s] -- Installing: /home/hayden/ROS2_demo/firstROS2_ws/install/my_interfaces/lib/libmy_interfaces__rosidl_typesupport_fastrtps_cpp.so
[6.969s] -- Set runtime path of "/home/hayden/ROS2_demo/firstROS2_ws/install/my_interfaces/lib/libmy_interfaces__rosidl_typesupport_fastrtps_cpp.so" to ""
[6.969s] -- Up-to-date: /home/hayden/ROS2_demo/firstROS2_ws/install/my_interfaces/include/my_interfaces/my_interfaces
[6.969s] -- Up-to-date: /home/hayden/ROS2_demo/firstROS2_ws/install/my_interfaces/include/my_interfaces/my_interfaces/srv
[6.969s] -- Up-to-date: /home/hayden/ROS2_demo/firstROS2_ws/install/my_interfaces/include/my_interfaces/my_interfaces/srv/detail
[6.969s] -- Installing: /home/hayden/ROS2_demo/firstROS2_ws/install/my_interfaces/include/my_interfaces/my_interfaces/srv/detail/sample_service__rosidl_typesupport_introspection_cpp.hpp
[6.969s] -- Installing: /home/hayden/ROS2_demo/firstROS2_ws/install/my_interfaces/include/my_interfaces/my_interfaces/srv/detail/sample_service__type_support.cpp
[6.969s] -- Up-to-date: /home/hayden/ROS2_demo/firstROS2_ws/install/my_interfaces/include/my_interfaces/my_interfaces/msg
[6.969s] -- Up-to-date: /home/hayden/ROS2_demo/firstROS2_ws/install/my_interfaces/include/my_interfaces/my_interfaces/msg/detail
[6.970s] -- Installing: /home/hayden/ROS2_demo/firstROS2_ws/install/my_interfaces/include/my_interfaces/my_interfaces/msg/detail/hardware_status__rosidl_typesupport_introspection_cpp.hpp
[6.970s] -- Installing: /home/hayden/ROS2_demo/firstROS2_ws/install/my_interfaces/include/my_interfaces/my_interfaces/msg/detail/hardware_status__type_support.cpp
[6.970s] -- Installing: /home/hayden/ROS2_demo/firstROS2_ws/install/my_interfaces/lib/libmy_interfaces__rosidl_typesupport_introspection_cpp.so
[6.970s] -- Set runtime path of "/home/hayden/ROS2_demo/firstROS2_ws/install/my_interfaces/lib/libmy_interfaces__rosidl_typesupport_introspection_cpp.so" to ""
[6.970s] -- Installing: /home/hayden/ROS2_demo/firstROS2_ws/install/my_interfaces/lib/libmy_interfaces__rosidl_typesupport_cpp.so
[6.970s] -- Set runtime path of "/home/hayden/ROS2_demo/firstROS2_ws/install/my_interfaces/lib/libmy_interfaces__rosidl_typesupport_cpp.so" to ""
[6.974s] -- Up-to-date: /home/hayden/ROS2_demo/firstROS2_ws/install/my_interfaces/share/my_interfaces/environment/pythonpath.sh
[6.974s] -- Installing: /home/hayden/ROS2_demo/firstROS2_ws/install/my_interfaces/share/my_interfaces/environment/pythonpath.dsv
[6.974s] -- Up-to-date: /home/hayden/ROS2_demo/firstROS2_ws/install/my_interfaces/local/lib/python3.10/dist-packages/my_interfaces-0.0.0-py3.10.egg-info
[6.975s] -- Installing: /home/hayden/ROS2_demo/firstROS2_ws/install/my_interfaces/local/lib/python3.10/dist-packages/my_interfaces-0.0.0-py3.10.egg-info/SOURCES.txt
[6.975s] -- Installing: /home/hayden/ROS2_demo/firstROS2_ws/install/my_interfaces/local/lib/python3.10/dist-packages/my_interfaces-0.0.0-py3.10.egg-info/top_level.txt
[6.975s] -- Installing: /home/hayden/ROS2_demo/firstROS2_ws/install/my_interfaces/local/lib/python3.10/dist-packages/my_interfaces-0.0.0-py3.10.egg-info/PKG-INFO
[6.976s] -- Installing: /home/hayden/ROS2_demo/firstROS2_ws/install/my_interfaces/local/lib/python3.10/dist-packages/my_interfaces-0.0.0-py3.10.egg-info/dependency_links.txt
[6.977s] -- Up-to-date: /home/hayden/ROS2_demo/firstROS2_ws/install/my_interfaces/local/lib/python3.10/dist-packages/my_interfaces
[6.977s] -- Installing: /home/hayden/ROS2_demo/firstROS2_ws/install/my_interfaces/local/lib/python3.10/dist-packages/my_interfaces/_my_interfaces_s.ep.rosidl_typesupport_introspection_c.c
[6.977s] -- Installing: /home/hayden/ROS2_demo/firstROS2_ws/install/my_interfaces/local/lib/python3.10/dist-packages/my_interfaces/_my_interfaces_s.ep.rosidl_typesupport_fastrtps_c.c
[6.977s] -- Installing: /home/hayden/ROS2_demo/firstROS2_ws/install/my_interfaces/local/lib/python3.10/dist-packages/my_interfaces/srv
[6.978s] -- Installing: /home/hayden/ROS2_demo/firstROS2_ws/install/my_interfaces/local/lib/python3.10/dist-packages/my_interfaces/srv/_sample_service.py
[6.978s] -- Installing: /home/hayden/ROS2_demo/firstROS2_ws/install/my_interfaces/local/lib/python3.10/dist-packages/my_interfaces/srv/__init__.py
[6.978s] -- Installing: /home/hayden/ROS2_demo/firstROS2_ws/install/my_interfaces/local/lib/python3.10/dist-packages/my_interfaces/srv/_sample_service_s.c
[6.979s] -- Installing: /home/hayden/ROS2_demo/firstROS2_ws/install/my_interfaces/local/lib/python3.10/dist-packages/my_interfaces/_my_interfaces_s.ep.rosidl_typesupport_c.c
[6.984s] -- Up-to-date: /home/hayden/ROS2_demo/firstROS2_ws/install/my_interfaces/local/lib/python3.10/dist-packages/my_interfaces/msg
[6.984s] -- Installing: /home/hayden/ROS2_demo/firstROS2_ws/install/my_interfaces/local/lib/python3.10/dist-packages/my_interfaces/msg/_hardware_status.py
[6.985s] -- Installing: /home/hayden/ROS2_demo/firstROS2_ws/install/my_interfaces/local/lib/python3.10/dist-packages/my_interfaces/msg/_hardware_status_s.c
[6.985s] -- Installing: /home/hayden/ROS2_demo/firstROS2_ws/install/my_interfaces/local/lib/python3.10/dist-packages/my_interfaces/msg/__init__.py
[6.986s] -- Installing: /home/hayden/ROS2_demo/firstROS2_ws/install/my_interfaces/local/lib/python3.10/dist-packages/my_interfaces/my_interfaces_s__rosidl_typesupport_introspection_c.cpython-310-x86_64-linux-gnu.so
[6.986s] -- Installing: /home/hayden/ROS2_demo/firstROS2_ws/install/my_interfaces/local/lib/python3.10/dist-packages/my_interfaces/__init__.py
[6.986s] -- Installing: /home/hayden/ROS2_demo/firstROS2_ws/install/my_interfaces/local/lib/python3.10/dist-packages/my_interfaces/my_interfaces_s__rosidl_typesupport_c.cpython-310-x86_64-linux-gnu.so
[6.986s] -- Installing: /home/hayden/ROS2_demo/firstROS2_ws/install/my_interfaces/local/lib/python3.10/dist-packages/my_interfaces/libmy_interfaces__rosidl_generator_py.so
[6.986s] -- Installing: /home/hayden/ROS2_demo/firstROS2_ws/install/my_interfaces/local/lib/python3.10/dist-packages/my_interfaces/my_interfaces_s__rosidl_typesupport_fastrtps_c.cpython-310-x86_64-linux-gnu.so
[7.054s] Listing '/home/hayden/ROS2_demo/firstROS2_ws/install/my_interfaces/local/lib/python3.10/dist-packages/my_interfaces'...
[7.054s] Compiling '/home/hayden/ROS2_demo/firstROS2_ws/install/my_interfaces/local/lib/python3.10/dist-packages/my_interfaces/__init__.py'...
[7.054s] Listing '/home/hayden/ROS2_demo/firstROS2_ws/install/my_interfaces/local/lib/python3.10/dist-packages/my_interfaces/msg'...
[7.054s] Compiling '/home/hayden/ROS2_demo/firstROS2_ws/install/my_interfaces/local/lib/python3.10/dist-packages/my_interfaces/msg/__init__.py'...
[7.054s] Compiling '/home/hayden/ROS2_demo/firstROS2_ws/install/my_interfaces/local/lib/python3.10/dist-packages/my_interfaces/msg/_hardware_status.py'...
[7.054s] Listing '/home/hayden/ROS2_demo/firstROS2_ws/install/my_interfaces/local/lib/python3.10/dist-packages/my_interfaces/srv'...
[7.054s] Compiling '/home/hayden/ROS2_demo/firstROS2_ws/install/my_interfaces/local/lib/python3.10/dist-packages/my_interfaces/srv/__init__.py'...
[7.054s] Compiling '/home/hayden/ROS2_demo/firstROS2_ws/install/my_interfaces/local/lib/python3.10/dist-packages/my_interfaces/srv/_sample_service.py'...
[7.059s] -- Installing: /home/hayden/ROS2_demo/firstROS2_ws/install/my_interfaces/local/lib/python3.10/dist-packages/my_interfaces/my_interfaces_s__rosidl_typesupport_fastrtps_c.cpython-310-x86_64-linux-gnu.so
[7.060s] -- Set runtime path of "/home/hayden/ROS2_demo/firstROS2_ws/install/my_interfaces/local/lib/python3.10/dist-packages/my_interfaces/my_interfaces_s__rosidl_typesupport_fastrtps_c.cpython-310-x86_64-linux-gnu.so" to ""
[7.060s] -- Installing: /home/hayden/ROS2_demo/firstROS2_ws/install/my_interfaces/local/lib/python3.10/dist-packages/my_interfaces/my_interfaces_s__rosidl_typesupport_introspection_c.cpython-310-x86_64-linux-gnu.so
[7.060s] -- Set runtime path of "/home/hayden/ROS2_demo/firstROS2_ws/install/my_interfaces/local/lib/python3.10/dist-packages/my_interfaces/my_interfaces_s__rosidl_typesupport_introspection_c.cpython-310-x86_64-linux-gnu.so" to ""
[7.061s] -- Installing: /home/hayden/ROS2_demo/firstROS2_ws/install/my_interfaces/local/lib/python3.10/dist-packages/my_interfaces/my_interfaces_s__rosidl_typesupport_c.cpython-310-x86_64-linux-gnu.so
[7.061s] -- Set runtime path of "/home/hayden/ROS2_demo/firstROS2_ws/install/my_interfaces/local/lib/python3.10/dist-packages/my_interfaces/my_interfaces_s__rosidl_typesupport_c.cpython-310-x86_64-linux-gnu.so" to ""
[7.061s] -- Installing: /home/hayden/ROS2_demo/firstROS2_ws/install/my_interfaces/lib/libmy_interfaces__rosidl_generator_py.so
[7.062s] -- Set runtime path of "/home/hayden/ROS2_demo/firstROS2_ws/install/my_interfaces/lib/libmy_interfaces__rosidl_generator_py.so" to ""
[7.063s] -- Up-to-date: /home/hayden/ROS2_demo/firstROS2_ws/install/my_interfaces/share/my_interfaces/msg/HardwareStatus.idl
[7.063s] -- Installing: /home/hayden/ROS2_demo/firstROS2_ws/install/my_interfaces/share/my_interfaces/srv/SampleService.idl
[7.063s] -- Up-to-date: /home/hayden/ROS2_demo/firstROS2_ws/install/my_interfaces/share/my_interfaces/msg/HardwareStatus.msg
[7.063s] -- Installing: /home/hayden/ROS2_demo/firstROS2_ws/install/my_interfaces/share/my_interfaces/srv/SampleService.srv
[7.064s] -- Installing: /home/hayden/ROS2_demo/firstROS2_ws/install/my_interfaces/share/my_interfaces/srv/SampleService_Request.msg
[7.064s] -- Installing: /home/hayden/ROS2_demo/firstROS2_ws/install/my_interfaces/share/my_interfaces/srv/SampleService_Response.msg
[7.064s] -- Up-to-date: /home/hayden/ROS2_demo/firstROS2_ws/install/my_interfaces/share/ament_index/resource_index/package_run_dependencies/my_interfaces
[7.065s] -- Installing: /home/hayden/ROS2_demo/firstROS2_ws/install/my_interfaces/share/ament_index/resource_index/parent_prefix_path/my_interfaces
[7.065s] -- Up-to-date: /home/hayden/ROS2_demo/firstROS2_ws/install/my_interfaces/share/my_interfaces/environment/ament_prefix_path.sh
[7.065s] -- Installing: /home/hayden/ROS2_demo/firstROS2_ws/install/my_interfaces/share/my_interfaces/environment/ament_prefix_path.dsv
[7.065s] -- Up-to-date: /home/hayden/ROS2_demo/firstROS2_ws/install/my_interfaces/share/my_interfaces/environment/path.sh
[7.066s] -- Installing: /home/hayden/ROS2_demo/firstROS2_ws/install/my_interfaces/share/my_interfaces/environment/path.dsv
[7.066s] -- Up-to-date: /home/hayden/ROS2_demo/firstROS2_ws/install/my_interfaces/share/my_interfaces/local_setup.bash
[7.066s] -- Up-to-date: /home/hayden/ROS2_demo/firstROS2_ws/install/my_interfaces/share/my_interfaces/local_setup.sh
[7.066s] -- Up-to-date: /home/hayden/ROS2_demo/firstROS2_ws/install/my_interfaces/share/my_interfaces/local_setup.zsh
[7.066s] -- Installing: /home/hayden/ROS2_demo/firstROS2_ws/install/my_interfaces/share/my_interfaces/local_setup.dsv
[7.066s] -- Installing: /home/hayden/ROS2_demo/firstROS2_ws/install/my_interfaces/share/my_interfaces/package.dsv
[7.067s] -- Up-to-date: /home/hayden/ROS2_demo/firstROS2_ws/install/my_interfaces/share/ament_index/resource_index/packages/my_interfaces
[7.067s] -- Up-to-date: /home/hayden/ROS2_demo/firstROS2_ws/install/my_interfaces/share/my_interfaces/cmake/export_my_interfaces__rosidl_generator_cExport.cmake
[7.067s] -- Up-to-date: /home/hayden/ROS2_demo/firstROS2_ws/install/my_interfaces/share/my_interfaces/cmake/export_my_interfaces__rosidl_generator_cExport-noconfig.cmake
[7.068s] -- Up-to-date: /home/hayden/ROS2_demo/firstROS2_ws/install/my_interfaces/share/my_interfaces/cmake/export_my_interfaces__rosidl_typesupport_fastrtps_cExport.cmake
[7.068s] -- Up-to-date: /home/hayden/ROS2_demo/firstROS2_ws/install/my_interfaces/share/my_interfaces/cmake/export_my_interfaces__rosidl_typesupport_fastrtps_cExport-noconfig.cmake
[7.068s] -- Up-to-date: /home/hayden/ROS2_demo/firstROS2_ws/install/my_interfaces/share/my_interfaces/cmake/my_interfaces__rosidl_typesupport_introspection_cExport.cmake
[7.068s] -- Up-to-date: /home/hayden/ROS2_demo/firstROS2_ws/install/my_interfaces/share/my_interfaces/cmake/my_interfaces__rosidl_typesupport_introspection_cExport-noconfig.cmake
[7.069s] -- Up-to-date: /home/hayden/ROS2_demo/firstROS2_ws/install/my_interfaces/share/my_interfaces/cmake/my_interfaces__rosidl_typesupport_cExport.cmake
[7.069s] -- Up-to-date: /home/hayden/ROS2_demo/firstROS2_ws/install/my_interfaces/share/my_interfaces/cmake/my_interfaces__rosidl_typesupport_cExport-noconfig.cmake
[7.069s] -- Up-to-date: /home/hayden/ROS2_demo/firstROS2_ws/install/my_interfaces/share/my_interfaces/cmake/export_my_interfaces__rosidl_generator_cppExport.cmake
[7.070s] -- Up-to-date: /home/hayden/ROS2_demo/firstROS2_ws/install/my_interfaces/share/my_interfaces/cmake/export_my_interfaces__rosidl_typesupport_fastrtps_cppExport.cmake
[7.070s] -- Up-to-date: /home/hayden/ROS2_demo/firstROS2_ws/install/my_interfaces/share/my_interfaces/cmake/export_my_interfaces__rosidl_typesupport_fastrtps_cppExport-noconfig.cmake
[7.070s] -- Up-to-date: /home/hayden/ROS2_demo/firstROS2_ws/install/my_interfaces/share/my_interfaces/cmake/my_interfaces__rosidl_typesupport_introspection_cppExport.cmake
[7.071s] -- Up-to-date: /home/hayden/ROS2_demo/firstROS2_ws/install/my_interfaces/share/my_interfaces/cmake/my_interfaces__rosidl_typesupport_introspection_cppExport-noconfig.cmake
[7.071s] -- Up-to-date: /home/hayden/ROS2_demo/firstROS2_ws/install/my_interfaces/share/my_interfaces/cmake/my_interfaces__rosidl_typesupport_cppExport.cmake
[7.071s] -- Up-to-date: /home/hayden/ROS2_demo/firstROS2_ws/install/my_interfaces/share/my_interfaces/cmake/my_interfaces__rosidl_typesupport_cppExport-noconfig.cmake
[7.071s] -- Up-to-date: /home/hayden/ROS2_demo/firstROS2_ws/install/my_interfaces/share/my_interfaces/cmake/export_my_interfaces__rosidl_generator_pyExport.cmake
[7.071s] -- Up-to-date: /home/hayden/ROS2_demo/firstROS2_ws/install/my_interfaces/share/my_interfaces/cmake/export_my_interfaces__rosidl_generator_pyExport-noconfig.cmake
[7.072s] -- Installing: /home/hayden/ROS2_demo/firstROS2_ws/install/my_interfaces/share/my_interfaces/cmake/rosidl_cmake-extras.cmake
[7.072s] -- Up-to-date: /home/hayden/ROS2_demo/firstROS2_ws/install/my_interfaces/share/my_interfaces/cmake/ament_cmake_export_include_directories-extras.cmake
[7.072s] -- Up-to-date: /home/hayden/ROS2_demo/firstROS2_ws/install/my_interfaces/share/my_interfaces/cmake/ament_cmake_export_libraries-extras.cmake
[7.072s] -- Up-to-date: /home/hayden/ROS2_demo/firstROS2_ws/install/my_interfaces/share/my_interfaces/cmake/ament_cmake_export_targets-extras.cmake
[7.073s] -- Up-to-date: /home/hayden/ROS2_demo/firstROS2_ws/install/my_interfaces/share/my_interfaces/cmake/rosidl_cmake_export_typesupport_targets-extras.cmake
[7.073s] -- Up-to-date: /home/hayden/ROS2_demo/firstROS2_ws/install/my_interfaces/share/my_interfaces/cmake/ament_cmake_export_dependencies-extras.cmake
[7.073s] -- Up-to-date: /home/hayden/ROS2_demo/firstROS2_ws/install/my_interfaces/share/my_interfaces/cmake/rosidl_cmake_export_typesupport_libraries-extras.cmake
[7.074s] -- Up-to-date: /home/hayden/ROS2_demo/firstROS2_ws/install/my_interfaces/share/my_interfaces/cmake/my_interfacesConfig.cmake
[7.074s] -- Up-to-date: /home/hayden/ROS2_demo/firstROS2_ws/install/my_interfaces/share/my_interfaces/cmake/my_interfacesConfig-version.cmake
[7.074s] -- Up-to-date: /home/hayden/ROS2_demo/firstROS2_ws/install/my_interfaces/share/my_interfaces/package.xml
[7.075s] Invoked command in '/home/hayden/ROS2_demo/firstROS2_ws/build/my_interfaces' returned '0': CMAKE_PREFIX_PATH=${CMAKE_PREFIX_PATH}:/home/hayden/ROS2_demo/firstROS2_ws/install/my_python_pkg:/opt/ros/humble /usr/bin/cmake --install /home/hayden/ROS2_demo/firstROS2_ws/build/my_interfaces
