[0.296s] DEBUG:colcon:Command line arguments: ['/usr/bin/colcon', 'list', '-p', '--base-paths', '/home/hayden/ROS2_demo/sim_ws']
[0.297s] DEBUG:colcon:Parsed command line arguments: Namespace(log_base=None, log_level=None, verb_name='list', build_base='build', ignore_user_meta=False, metas=['./colcon.meta'], base_paths=['/home/hayden/ROS2_demo/sim_ws'], packages_ignore=None, packages_ignore_regex=None, paths=None, packages_up_to=None, packages_up_to_regex=None, packages_above=None, packages_above_and_dependencies=None, packages_above_depth=None, packages_select_by_dep=None, packages_skip_by_dep=None, packages_skip_up_to=None, packages_select_build_failed=False, packages_skip_build_finished=False, packages_select_test_failures=False, packages_skip_test_passed=False, packages_select=None, packages_skip=None, packages_select_regex=None, packages_skip_regex=None, packages_start=None, packages_end=None, allow_overriding=[], topological_order=False, names_only=False, paths_only=True, topological_graph=False, topological_graph_dot=False, topological_graph_density=False, topological_graph_legend=False, topological_graph_dot_cluster=False, topological_graph_dot_include_skipped=False, mixin_files=None, mixin=None, verb_parser=<colcon_mixin.mixin.mixin_argument.MixinArgumentDecorator object at 0x7e7ea60f75e0>, verb_extension=<colcon_package_information.verb.list.ListVerb object at 0x7e7ea60f6350>, main=<bound method ListVerb.main of <colcon_package_information.verb.list.ListVerb object at 0x7e7ea60f6350>>, mixin_verb=('list',))
[0.997s] Level 1:colcon.colcon_core.package_discovery:discover_packages(colcon_meta) check parameters
[0.997s] Level 1:colcon.colcon_core.package_discovery:discover_packages(recursive) check parameters
[0.997s] Level 1:colcon.colcon_core.package_discovery:discover_packages(ignore) check parameters
[0.997s] Level 1:colcon.colcon_core.package_discovery:discover_packages(path) check parameters
[0.998s] Level 1:colcon.colcon_core.package_discovery:discover_packages(recursive) discover
[0.998s] INFO:colcon.colcon_core.package_discovery:Crawling recursively for packages in '/home/hayden/ROS2_demo/sim_ws'
[0.999s] Level 1:colcon.colcon_core.package_identification:_identify(/home/hayden/ROS2_demo/sim_ws) by extensions ['ignore', 'ignore_ament_install']
[1.003s] Level 1:colcon.colcon_core.package_identification:_identify(/home/hayden/ROS2_demo/sim_ws) by extension 'ignore'
[1.003s] Level 1:colcon.colcon_core.package_identification:_identify(/home/hayden/ROS2_demo/sim_ws) by extension 'ignore_ament_install'
[1.004s] Level 1:colcon.colcon_core.package_identification:_identify(/home/hayden/ROS2_demo/sim_ws) by extensions ['colcon_pkg']
[1.004s] Level 1:colcon.colcon_core.package_identification:_identify(/home/hayden/ROS2_demo/sim_ws) by extension 'colcon_pkg'
[1.007s] Level 1:colcon.colcon_core.package_identification:_identify(/home/hayden/ROS2_demo/sim_ws) by extensions ['colcon_meta']
[1.008s] Level 1:colcon.colcon_core.package_identification:_identify(/home/hayden/ROS2_demo/sim_ws) by extension 'colcon_meta'
[1.014s] Level 1:colcon.colcon_core.package_identification:_identify(/home/hayden/ROS2_demo/sim_ws) by extensions ['ros']
[1.014s] Level 1:colcon.colcon_core.package_identification:_identify(/home/hayden/ROS2_demo/sim_ws) by extension 'ros'
[1.080s] Level 1:colcon.colcon_core.package_identification:_identify(/home/hayden/ROS2_demo/sim_ws) by extensions ['cmake', 'python']
[1.080s] Level 1:colcon.colcon_core.package_identification:_identify(/home/hayden/ROS2_demo/sim_ws) by extension 'cmake'
[1.081s] Level 1:colcon.colcon_core.package_identification:_identify(/home/hayden/ROS2_demo/sim_ws) by extension 'python'
[1.081s] Level 1:colcon.colcon_core.package_identification:_identify(/home/hayden/ROS2_demo/sim_ws) by extensions ['python_setup_py']
[1.081s] Level 1:colcon.colcon_core.package_identification:_identify(/home/hayden/ROS2_demo/sim_ws) by extension 'python_setup_py'
[1.082s] Level 1:colcon.colcon_core.package_identification:_identify(/home/hayden/ROS2_demo/sim_ws/build) by extensions ['ignore', 'ignore_ament_install']
[1.083s] Level 1:colcon.colcon_core.package_identification:_identify(/home/hayden/ROS2_demo/sim_ws/build) by extension 'ignore'
[1.083s] Level 1:colcon.colcon_core.package_identification:_identify(/home/hayden/ROS2_demo/sim_ws/build) ignored
[1.084s] Level 1:colcon.colcon_core.package_identification:_identify(/home/hayden/ROS2_demo/sim_ws/install) by extensions ['ignore', 'ignore_ament_install']
[1.084s] Level 1:colcon.colcon_core.package_identification:_identify(/home/hayden/ROS2_demo/sim_ws/install) by extension 'ignore'
[1.084s] Level 1:colcon.colcon_core.package_identification:_identify(/home/hayden/ROS2_demo/sim_ws/install) ignored
[1.084s] Level 1:colcon.colcon_core.package_identification:_identify(/home/hayden/ROS2_demo/sim_ws/log) by extensions ['ignore', 'ignore_ament_install']
[1.085s] Level 1:colcon.colcon_core.package_identification:_identify(/home/hayden/ROS2_demo/sim_ws/log) by extension 'ignore'
[1.085s] Level 1:colcon.colcon_core.package_identification:_identify(/home/hayden/ROS2_demo/sim_ws/log) ignored
[1.085s] Level 1:colcon.colcon_core.package_identification:_identify(/home/hayden/ROS2_demo/sim_ws/src) by extensions ['ignore', 'ignore_ament_install']
[1.085s] Level 1:colcon.colcon_core.package_identification:_identify(/home/hayden/ROS2_demo/sim_ws/src) by extension 'ignore'
[1.085s] Level 1:colcon.colcon_core.package_identification:_identify(/home/hayden/ROS2_demo/sim_ws/src) by extension 'ignore_ament_install'
[1.085s] Level 1:colcon.colcon_core.package_identification:_identify(/home/hayden/ROS2_demo/sim_ws/src) by extensions ['colcon_pkg']
[1.085s] Level 1:colcon.colcon_core.package_identification:_identify(/home/hayden/ROS2_demo/sim_ws/src) by extension 'colcon_pkg'
[1.086s] Level 1:colcon.colcon_core.package_identification:_identify(/home/hayden/ROS2_demo/sim_ws/src) by extensions ['colcon_meta']
[1.086s] Level 1:colcon.colcon_core.package_identification:_identify(/home/hayden/ROS2_demo/sim_ws/src) by extension 'colcon_meta'
[1.086s] Level 1:colcon.colcon_core.package_identification:_identify(/home/hayden/ROS2_demo/sim_ws/src) by extensions ['ros']
[1.086s] Level 1:colcon.colcon_core.package_identification:_identify(/home/hayden/ROS2_demo/sim_ws/src) by extension 'ros'
[1.086s] Level 1:colcon.colcon_core.package_identification:_identify(/home/hayden/ROS2_demo/sim_ws/src) by extensions ['cmake', 'python']
[1.086s] Level 1:colcon.colcon_core.package_identification:_identify(/home/hayden/ROS2_demo/sim_ws/src) by extension 'cmake'
[1.086s] Level 1:colcon.colcon_core.package_identification:_identify(/home/hayden/ROS2_demo/sim_ws/src) by extension 'python'
[1.087s] Level 1:colcon.colcon_core.package_identification:_identify(/home/hayden/ROS2_demo/sim_ws/src) by extensions ['python_setup_py']
[1.087s] Level 1:colcon.colcon_core.package_identification:_identify(/home/hayden/ROS2_demo/sim_ws/src) by extension 'python_setup_py'
[1.087s] Level 1:colcon.colcon_core.package_identification:_identify(/home/hayden/ROS2_demo/sim_ws/src/my_robot_description) by extensions ['ignore', 'ignore_ament_install']
[1.088s] Level 1:colcon.colcon_core.package_identification:_identify(/home/hayden/ROS2_demo/sim_ws/src/my_robot_description) by extension 'ignore'
[1.089s] Level 1:colcon.colcon_core.package_identification:_identify(/home/hayden/ROS2_demo/sim_ws/src/my_robot_description) by extension 'ignore_ament_install'
[1.089s] Level 1:colcon.colcon_core.package_identification:_identify(/home/hayden/ROS2_demo/sim_ws/src/my_robot_description) by extensions ['colcon_pkg']
[1.089s] Level 1:colcon.colcon_core.package_identification:_identify(/home/hayden/ROS2_demo/sim_ws/src/my_robot_description) by extension 'colcon_pkg'
[1.090s] Level 1:colcon.colcon_core.package_identification:_identify(/home/hayden/ROS2_demo/sim_ws/src/my_robot_description) by extensions ['colcon_meta']
[1.090s] Level 1:colcon.colcon_core.package_identification:_identify(/home/hayden/ROS2_demo/sim_ws/src/my_robot_description) by extension 'colcon_meta'
[1.091s] Level 1:colcon.colcon_core.package_identification:_identify(/home/hayden/ROS2_demo/sim_ws/src/my_robot_description) by extensions ['ros']
[1.091s] Level 1:colcon.colcon_core.package_identification:_identify(/home/hayden/ROS2_demo/sim_ws/src/my_robot_description) by extension 'ros'
[1.100s] DEBUG:colcon.colcon_core.package_identification:Package '/home/hayden/ROS2_demo/sim_ws/src/my_robot_description' with type 'ros.ament_cmake' and name 'my_robot_description'
[1.104s] Level 1:colcon.colcon_core.package_discovery:discover_packages(recursive) using defaults
