[0.027s] Invoking command in '/home/hayden/ROS2_demo/sim_ws/build/my_robot_description': CMAKE_PREFIX_PATH=${CMAKE_PREFIX_PATH}:/home/hayden/ROS2_demo/firstROS2_ws/install/my_python_pkg:/opt/ros/humble /usr/bin/cmake --build /home/hayden/ROS2_demo/sim_ws/build/my_robot_description -- -j2 -l2
[0.378s] -- Found ament_cmake: 1.3.9 (/opt/ros/humble/share/ament_cmake/cmake)
[0.930s] -- Configuring done
[0.990s] -- Generating done
[0.991s] -- Build files have been written to: /home/hayden/ROS2_demo/sim_ws/build/my_robot_description
[1.015s] Invoked command in '/home/hayden/ROS2_demo/sim_ws/build/my_robot_description' returned '0': CMAKE_PREFIX_PATH=${CMAKE_PREFIX_PATH}:/home/hayden/ROS2_demo/firstROS2_ws/install/my_python_pkg:/opt/ros/humble /usr/bin/cmake --build /home/hayden/ROS2_demo/sim_ws/build/my_robot_description -- -j2 -l2
[1.053s] Invoking command in '/home/hayden/ROS2_demo/sim_ws/build/my_robot_description': CMAKE_PREFIX_PATH=${CMAKE_PREFIX_PATH}:/home/hayden/ROS2_demo/firstROS2_ws/install/my_python_pkg:/opt/ros/humble /usr/bin/cmake --install /home/hayden/ROS2_demo/sim_ws/build/my_robot_description
[1.061s] -- Install configuration: ""
[1.061s] -- Up-to-date: /home/hayden/ROS2_demo/sim_ws/install/my_robot_description/share/my_robot_description//urdf
[1.062s] -- Up-to-date: /home/hayden/ROS2_demo/sim_ws/install/my_robot_description/share/my_robot_description//urdf/mobile_base.xacro
[1.062s] -- Up-to-date: /home/hayden/ROS2_demo/sim_ws/install/my_robot_description/share/my_robot_description//urdf/common_properties.xacro
[1.062s] -- Up-to-date: /home/hayden/ROS2_demo/sim_ws/install/my_robot_description/share/my_robot_description//urdf/my_robot.urdf.xacro
[1.062s] -- Up-to-date: /home/hayden/ROS2_demo/sim_ws/install/my_robot_description/share/my_robot_description//launch
[1.062s] -- Up-to-date: /home/hayden/ROS2_demo/sim_ws/install/my_robot_description/share/my_robot_description//launch/display.launch.py
[1.063s] -- Up-to-date: /home/hayden/ROS2_demo/sim_ws/install/my_robot_description/share/my_robot_description//launch/display.launch.xml
[1.063s] -- Up-to-date: /home/hayden/ROS2_demo/sim_ws/install/my_robot_description/share/my_robot_description//rviz
[1.063s] -- Up-to-date: /home/hayden/ROS2_demo/sim_ws/install/my_robot_description/share/my_robot_description//rviz/my_robot_config.rviz
[1.064s] -- Up-to-date: /home/hayden/ROS2_demo/sim_ws/install/my_robot_description/share/ament_index/resource_index/package_run_dependencies/my_robot_description
[1.065s] -- Installing: /home/hayden/ROS2_demo/sim_ws/install/my_robot_description/share/ament_index/resource_index/parent_prefix_path/my_robot_description
[1.065s] -- Installing: /home/hayden/ROS2_demo/sim_ws/install/my_robot_description/share/my_robot_description/environment/ament_prefix_path.sh
[1.066s] -- Installing: /home/hayden/ROS2_demo/sim_ws/install/my_robot_description/share/my_robot_description/environment/ament_prefix_path.dsv
[1.066s] -- Installing: /home/hayden/ROS2_demo/sim_ws/install/my_robot_description/share/my_robot_description/environment/path.sh
[1.066s] -- Installing: /home/hayden/ROS2_demo/sim_ws/install/my_robot_description/share/my_robot_description/environment/path.dsv
[1.066s] -- Up-to-date: /home/hayden/ROS2_demo/sim_ws/install/my_robot_description/share/my_robot_description/local_setup.bash
[1.066s] -- Up-to-date: /home/hayden/ROS2_demo/sim_ws/install/my_robot_description/share/my_robot_description/local_setup.sh
[1.066s] -- Up-to-date: /home/hayden/ROS2_demo/sim_ws/install/my_robot_description/share/my_robot_description/local_setup.zsh
[1.067s] -- Installing: /home/hayden/ROS2_demo/sim_ws/install/my_robot_description/share/my_robot_description/local_setup.dsv
[1.067s] -- Installing: /home/hayden/ROS2_demo/sim_ws/install/my_robot_description/share/my_robot_description/package.dsv
[1.067s] -- Up-to-date: /home/hayden/ROS2_demo/sim_ws/install/my_robot_description/share/ament_index/resource_index/packages/my_robot_description
[1.068s] -- Up-to-date: /home/hayden/ROS2_demo/sim_ws/install/my_robot_description/share/my_robot_description/cmake/my_robot_descriptionConfig.cmake
[1.068s] -- Up-to-date: /home/hayden/ROS2_demo/sim_ws/install/my_robot_description/share/my_robot_description/cmake/my_robot_descriptionConfig-version.cmake
[1.068s] -- Up-to-date: /home/hayden/ROS2_demo/sim_ws/install/my_robot_description/share/my_robot_description/package.xml
[1.070s] Invoked command in '/home/hayden/ROS2_demo/sim_ws/build/my_robot_description' returned '0': CMAKE_PREFIX_PATH=${CMAKE_PREFIX_PATH}:/home/hayden/ROS2_demo/firstROS2_ws/install/my_python_pkg:/opt/ros/humble /usr/bin/cmake --install /home/hayden/ROS2_demo/sim_ws/build/my_robot_description
