[0.036s] Invoking command in '/home/hayden/ROS2_demo/firstROS2_ws/build/my_robot_bringup': CMAKE_PREFIX_PATH=/home/hayden/ROS2_demo/firstROS2_ws/install/my_cpp_pkg:/home/hayden/ROS2_demo/firstROS2_ws/install/my_interfaces:/home/hayden/ROS2_demo/firstROS2_ws/install/my_python_pkg:/opt/ros/humble /usr/bin/cmake /home/hayden/ROS2_demo/firstROS2_ws/src/my_robot_bringup -DCMAKE_INSTALL_PREFIX=/home/hayden/ROS2_demo/firstROS2_ws/install/my_robot_bringup
[0.286s] -- The C compiler identification is GNU 11.4.0
[0.413s] -- The CXX compiler identification is GNU 11.4.0
[0.437s] -- Detecting C compiler ABI info
[0.594s] -- Detecting C compiler ABI info - done
[0.602s] -- Check for working C compiler: /usr/bin/cc - skipped
[0.603s] -- Detecting C compile features
[0.611s] -- Detecting C compile features - done
[0.637s] -- Detecting CXX compiler ABI info
[0.808s] -- Detecting CXX compiler ABI info - done
[0.816s] -- Check for working CXX compiler: /usr/bin/c++ - skipped
[0.817s] -- Detecting CXX compile features
[0.817s] -- Detecting CXX compile features - done
[0.844s] -- Found ament_cmake: 1.3.8 (/opt/ros/humble/share/ament_cmake/cmake)
[1.021s] -- Found Python3: /usr/bin/python3 (found version "3.10.12") found components: Interpreter 
[1.205s] -- Configuring done
[1.208s] -- Generating done
[1.209s] -- Build files have been written to: /home/hayden/ROS2_demo/firstROS2_ws/build/my_robot_bringup
[1.216s] Invoked command in '/home/hayden/ROS2_demo/firstROS2_ws/build/my_robot_bringup' returned '0': CMAKE_PREFIX_PATH=/home/hayden/ROS2_demo/firstROS2_ws/install/my_cpp_pkg:/home/hayden/ROS2_demo/firstROS2_ws/install/my_interfaces:/home/hayden/ROS2_demo/firstROS2_ws/install/my_python_pkg:/opt/ros/humble /usr/bin/cmake /home/hayden/ROS2_demo/firstROS2_ws/src/my_robot_bringup -DCMAKE_INSTALL_PREFIX=/home/hayden/ROS2_demo/firstROS2_ws/install/my_robot_bringup
[1.216s] Invoking command in '/home/hayden/ROS2_demo/firstROS2_ws/build/my_robot_bringup': CMAKE_PREFIX_PATH=/home/hayden/ROS2_demo/firstROS2_ws/install/my_cpp_pkg:/home/hayden/ROS2_demo/firstROS2_ws/install/my_interfaces:/home/hayden/ROS2_demo/firstROS2_ws/install/my_python_pkg:/opt/ros/humble /usr/bin/cmake --build /home/hayden/ROS2_demo/firstROS2_ws/build/my_robot_bringup -- -j6 -l6
[1.275s] Invoked command in '/home/hayden/ROS2_demo/firstROS2_ws/build/my_robot_bringup' returned '0': CMAKE_PREFIX_PATH=/home/hayden/ROS2_demo/firstROS2_ws/install/my_cpp_pkg:/home/hayden/ROS2_demo/firstROS2_ws/install/my_interfaces:/home/hayden/ROS2_demo/firstROS2_ws/install/my_python_pkg:/opt/ros/humble /usr/bin/cmake --build /home/hayden/ROS2_demo/firstROS2_ws/build/my_robot_bringup -- -j6 -l6
[1.364s] Invoking command in '/home/hayden/ROS2_demo/firstROS2_ws/build/my_robot_bringup': CMAKE_PREFIX_PATH=/home/hayden/ROS2_demo/firstROS2_ws/install/my_cpp_pkg:/home/hayden/ROS2_demo/firstROS2_ws/install/my_interfaces:/home/hayden/ROS2_demo/firstROS2_ws/install/my_python_pkg:/opt/ros/humble /usr/bin/cmake --install /home/hayden/ROS2_demo/firstROS2_ws/build/my_robot_bringup
[1.378s] -- Install configuration: ""
[1.378s] -- Installing: /home/hayden/ROS2_demo/firstROS2_ws/install/my_robot_bringup/share/my_robot_bringup/launch
[1.378s] -- Installing: /home/hayden/ROS2_demo/firstROS2_ws/install/my_robot_bringup/share/my_robot_bringup/launch/test_app.launch.py
[1.379s] -- Installing: /home/hayden/ROS2_demo/firstROS2_ws/install/my_robot_bringup/share/ament_index/resource_index/package_run_dependencies/my_robot_bringup
[1.379s] -- Installing: /home/hayden/ROS2_demo/firstROS2_ws/install/my_robot_bringup/share/ament_index/resource_index/parent_prefix_path/my_robot_bringup
[1.379s] -- Installing: /home/hayden/ROS2_demo/firstROS2_ws/install/my_robot_bringup/share/my_robot_bringup/environment/ament_prefix_path.sh
[1.379s] -- Installing: /home/hayden/ROS2_demo/firstROS2_ws/install/my_robot_bringup/share/my_robot_bringup/environment/ament_prefix_path.dsv
[1.379s] -- Installing: /home/hayden/ROS2_demo/firstROS2_ws/install/my_robot_bringup/share/my_robot_bringup/environment/path.sh
[1.379s] -- Installing: /home/hayden/ROS2_demo/firstROS2_ws/install/my_robot_bringup/share/my_robot_bringup/environment/path.dsv
[1.380s] -- Installing: /home/hayden/ROS2_demo/firstROS2_ws/install/my_robot_bringup/share/my_robot_bringup/local_setup.bash
[1.380s] -- Installing: /home/hayden/ROS2_demo/firstROS2_ws/install/my_robot_bringup/share/my_robot_bringup/local_setup.sh
[1.380s] -- Installing: /home/hayden/ROS2_demo/firstROS2_ws/install/my_robot_bringup/share/my_robot_bringup/local_setup.zsh
[1.380s] -- Installing: /home/hayden/ROS2_demo/firstROS2_ws/install/my_robot_bringup/share/my_robot_bringup/local_setup.dsv
[1.380s] -- Installing: /home/hayden/ROS2_demo/firstROS2_ws/install/my_robot_bringup/share/my_robot_bringup/package.dsv
[1.380s] -- Installing: /home/hayden/ROS2_demo/firstROS2_ws/install/my_robot_bringup/share/ament_index/resource_index/packages/my_robot_bringup
[1.380s] -- Installing: /home/hayden/ROS2_demo/firstROS2_ws/install/my_robot_bringup/share/my_robot_bringup/cmake/my_robot_bringupConfig.cmake
[1.380s] -- Installing: /home/hayden/ROS2_demo/firstROS2_ws/install/my_robot_bringup/share/my_robot_bringup/cmake/my_robot_bringupConfig-version.cmake
[1.380s] -- Installing: /home/hayden/ROS2_demo/firstROS2_ws/install/my_robot_bringup/share/my_robot_bringup/package.xml
[1.390s] Invoked command in '/home/hayden/ROS2_demo/firstROS2_ws/build/my_robot_bringup' returned '0': CMAKE_PREFIX_PATH=/home/hayden/ROS2_demo/firstROS2_ws/install/my_cpp_pkg:/home/hayden/ROS2_demo/firstROS2_ws/install/my_interfaces:/home/hayden/ROS2_demo/firstROS2_ws/install/my_python_pkg:/opt/ros/humble /usr/bin/cmake --install /home/hayden/ROS2_demo/firstROS2_ws/build/my_robot_bringup
