[0.098s] Invoking command in '/home/hayden/ROS2_demo/sim_ws/build/my_robot_description': CMAKE_PREFIX_PATH=${CMAKE_PREFIX_PATH}:/home/hayden/ROS2_demo/firstROS2_ws/install/my_python_pkg:/opt/ros/humble /usr/bin/cmake --build /home/hayden/ROS2_demo/sim_ws/build/my_robot_description -- -j6 -l6
[0.953s] Invoked command in '/home/hayden/ROS2_demo/sim_ws/build/my_robot_description' returned '0': CMAKE_PREFIX_PATH=${CMAKE_PREFIX_PATH}:/home/hayden/ROS2_demo/firstROS2_ws/install/my_python_pkg:/opt/ros/humble /usr/bin/cmake --build /home/hayden/ROS2_demo/sim_ws/build/my_robot_description -- -j6 -l6
[1.050s] Invoking command in '/home/hayden/ROS2_demo/sim_ws/build/my_robot_description': CMAKE_PREFIX_PATH=${CMAKE_PREFIX_PATH}:/home/hayden/ROS2_demo/firstROS2_ws/install/my_python_pkg:/opt/ros/humble /usr/bin/cmake --install /home/hayden/ROS2_demo/sim_ws/build/my_robot_description
[1.067s] -- Install configuration: ""
[1.068s] -- Up-to-date: /home/hayden/ROS2_demo/sim_ws/install/my_robot_description/share/my_robot_description//urdf
[1.068s] -- Up-to-date: /home/hayden/ROS2_demo/sim_ws/install/my_robot_description/share/my_robot_description//urdf/my_robot.urdf.xacro
[1.068s] -- Installing: /home/hayden/ROS2_demo/sim_ws/install/my_robot_description/share/my_robot_description//urdf/mobile_base.xacro
[1.069s] -- Installing: /home/hayden/ROS2_demo/sim_ws/install/my_robot_description/share/my_robot_description//urdf/common_properties.xacro
[1.070s] -- Up-to-date: /home/hayden/ROS2_demo/sim_ws/install/my_robot_description/share/my_robot_description//launch
[1.070s] -- Up-to-date: /home/hayden/ROS2_demo/sim_ws/install/my_robot_description/share/my_robot_description//launch/display.launch.xml
[1.071s] -- Up-to-date: /home/hayden/ROS2_demo/sim_ws/install/my_robot_description/share/my_robot_description//launch/display.launch.py
[1.071s] -- Up-to-date: /home/hayden/ROS2_demo/sim_ws/install/my_robot_description/share/my_robot_description//rviz
[1.071s] -- Up-to-date: /home/hayden/ROS2_demo/sim_ws/install/my_robot_description/share/my_robot_description//rviz/my_robot_config.rviz
[1.071s] -- Up-to-date: /home/hayden/ROS2_demo/sim_ws/install/my_robot_description/share/ament_index/resource_index/package_run_dependencies/my_robot_description
[1.071s] -- Up-to-date: /home/hayden/ROS2_demo/sim_ws/install/my_robot_description/share/ament_index/resource_index/parent_prefix_path/my_robot_description
[1.071s] -- Up-to-date: /home/hayden/ROS2_demo/sim_ws/install/my_robot_description/share/my_robot_description/environment/ament_prefix_path.sh
[1.071s] -- Up-to-date: /home/hayden/ROS2_demo/sim_ws/install/my_robot_description/share/my_robot_description/environment/ament_prefix_path.dsv
[1.071s] -- Up-to-date: /home/hayden/ROS2_demo/sim_ws/install/my_robot_description/share/my_robot_description/environment/path.sh
[1.071s] -- Up-to-date: /home/hayden/ROS2_demo/sim_ws/install/my_robot_description/share/my_robot_description/environment/path.dsv
[1.071s] -- Up-to-date: /home/hayden/ROS2_demo/sim_ws/install/my_robot_description/share/my_robot_description/local_setup.bash
[1.071s] -- Up-to-date: /home/hayden/ROS2_demo/sim_ws/install/my_robot_description/share/my_robot_description/local_setup.sh
[1.071s] -- Up-to-date: /home/hayden/ROS2_demo/sim_ws/install/my_robot_description/share/my_robot_description/local_setup.zsh
[1.071s] -- Up-to-date: /home/hayden/ROS2_demo/sim_ws/install/my_robot_description/share/my_robot_description/local_setup.dsv
[1.072s] -- Installing: /home/hayden/ROS2_demo/sim_ws/install/my_robot_description/share/my_robot_description/package.dsv
[1.081s] -- Up-to-date: /home/hayden/ROS2_demo/sim_ws/install/my_robot_description/share/ament_index/resource_index/packages/my_robot_description
[1.081s] -- Up-to-date: /home/hayden/ROS2_demo/sim_ws/install/my_robot_description/share/my_robot_description/cmake/my_robot_descriptionConfig.cmake
[1.081s] -- Up-to-date: /home/hayden/ROS2_demo/sim_ws/install/my_robot_description/share/my_robot_description/cmake/my_robot_descriptionConfig-version.cmake
[1.081s] -- Up-to-date: /home/hayden/ROS2_demo/sim_ws/install/my_robot_description/share/my_robot_description/package.xml
[1.084s] Invoked command in '/home/hayden/ROS2_demo/sim_ws/build/my_robot_description' returned '0': CMAKE_PREFIX_PATH=${CMAKE_PREFIX_PATH}:/home/hayden/ROS2_demo/firstROS2_ws/install/my_python_pkg:/opt/ros/humble /usr/bin/cmake --install /home/hayden/ROS2_demo/sim_ws/build/my_robot_description
