[0.090s] Invoking command in '/home/hayden/ROS2_demo/sim_ws/build/my_robot_description': CMAKE_PREFIX_PATH=${CMAKE_PREFIX_PATH}:/home/hayden/ROS2_demo/firstROS2_ws/install/my_python_pkg:/opt/ros/humble /usr/bin/cmake /home/hayden/ROS2_demo/sim_ws/src/my_robot_description -DCMAKE_INSTALL_PREFIX=/home/hayden/ROS2_demo/sim_ws/install/my_robot_description
[0.502s] -- Found ament_cmake: 1.3.9 (/opt/ros/humble/share/ament_cmake/cmake)
[0.841s] -- Override CMake install command with custom implementation using symlinks instead of copying resources
[1.057s] -- Configuring done
[1.125s] -- Generating done
[1.127s] -- Build files have been written to: /home/hayden/ROS2_demo/sim_ws/build/my_robot_description
[1.150s] Invoked command in '/home/hayden/ROS2_demo/sim_ws/build/my_robot_description' returned '0': CMAKE_PREFIX_PATH=${CMAKE_PREFIX_PATH}:/home/hayden/ROS2_demo/firstROS2_ws/install/my_python_pkg:/opt/ros/humble /usr/bin/cmake /home/hayden/ROS2_demo/sim_ws/src/my_robot_description -DCMAKE_INSTALL_PREFIX=/home/hayden/ROS2_demo/sim_ws/install/my_robot_description
[1.150s] Invoking command in '/home/hayden/ROS2_demo/sim_ws/build/my_robot_description': CMAKE_PREFIX_PATH=${CMAKE_PREFIX_PATH}:/home/hayden/ROS2_demo/firstROS2_ws/install/my_python_pkg:/opt/ros/humble /usr/bin/cmake --build /home/hayden/ROS2_demo/sim_ws/build/my_robot_description -- -j2 -l2
[1.231s] Invoked command in '/home/hayden/ROS2_demo/sim_ws/build/my_robot_description' returned '0': CMAKE_PREFIX_PATH=${CMAKE_PREFIX_PATH}:/home/hayden/ROS2_demo/firstROS2_ws/install/my_python_pkg:/opt/ros/humble /usr/bin/cmake --build /home/hayden/ROS2_demo/sim_ws/build/my_robot_description -- -j2 -l2
[1.269s] Invoking command in '/home/hayden/ROS2_demo/sim_ws/build/my_robot_description': CMAKE_PREFIX_PATH=${CMAKE_PREFIX_PATH}:/home/hayden/ROS2_demo/firstROS2_ws/install/my_python_pkg:/opt/ros/humble /usr/bin/cmake --install /home/hayden/ROS2_demo/sim_ws/build/my_robot_description
[1.278s] -- Install configuration: ""
[1.279s] -- Execute custom install script
[1.280s] -- Up-to-date symlink: /home/hayden/ROS2_demo/sim_ws/install/my_robot_description/share/my_robot_description//urdf/common_properties.xacro
[1.282s] -- Up-to-date symlink: /home/hayden/ROS2_demo/sim_ws/install/my_robot_description/share/my_robot_description//urdf/mobile_base.xacro
[1.282s] -- Up-to-date symlink: /home/hayden/ROS2_demo/sim_ws/install/my_robot_description/share/my_robot_description//urdf/mobile_base_gazebo.xacro
[1.283s] -- Up-to-date symlink: /home/hayden/ROS2_demo/sim_ws/install/my_robot_description/share/my_robot_description//urdf/my_robot.urdf.xacro
[1.283s] -- Up-to-date symlink: /home/hayden/ROS2_demo/sim_ws/install/my_robot_description/share/my_robot_description//launch/display.launch.py
[1.284s] -- Up-to-date symlink: /home/hayden/ROS2_demo/sim_ws/install/my_robot_description/share/my_robot_description//launch/display.launch.xml
[1.284s] -- Up-to-date symlink: /home/hayden/ROS2_demo/sim_ws/install/my_robot_description/share/my_robot_description//rviz/my_robot_config.rviz
[1.285s] -- Up-to-date symlink: /home/hayden/ROS2_demo/sim_ws/install/my_robot_description/share/ament_index/resource_index/package_run_dependencies/my_robot_description
[1.285s] -- Up-to-date symlink: /home/hayden/ROS2_demo/sim_ws/install/my_robot_description/share/ament_index/resource_index/parent_prefix_path/my_robot_description
[1.286s] -- Up-to-date symlink: /home/hayden/ROS2_demo/sim_ws/install/my_robot_description/share/my_robot_description/environment/ament_prefix_path.sh
[1.286s] -- Up-to-date symlink: /home/hayden/ROS2_demo/sim_ws/install/my_robot_description/share/my_robot_description/environment/ament_prefix_path.dsv
[1.287s] -- Up-to-date symlink: /home/hayden/ROS2_demo/sim_ws/install/my_robot_description/share/my_robot_description/environment/path.sh
[1.287s] -- Up-to-date symlink: /home/hayden/ROS2_demo/sim_ws/install/my_robot_description/share/my_robot_description/environment/path.dsv
[1.288s] -- Up-to-date symlink: /home/hayden/ROS2_demo/sim_ws/install/my_robot_description/share/my_robot_description/local_setup.bash
[1.288s] -- Up-to-date symlink: /home/hayden/ROS2_demo/sim_ws/install/my_robot_description/share/my_robot_description/local_setup.sh
[1.289s] -- Up-to-date symlink: /home/hayden/ROS2_demo/sim_ws/install/my_robot_description/share/my_robot_description/local_setup.zsh
[1.290s] -- Up-to-date symlink: /home/hayden/ROS2_demo/sim_ws/install/my_robot_description/share/my_robot_description/local_setup.dsv
[1.290s] -- Symlinking: /home/hayden/ROS2_demo/sim_ws/install/my_robot_description/share/my_robot_description/package.dsv
[1.293s] -- Up-to-date symlink: /home/hayden/ROS2_demo/sim_ws/install/my_robot_description/share/ament_index/resource_index/packages/my_robot_description
[1.294s] -- Up-to-date symlink: /home/hayden/ROS2_demo/sim_ws/install/my_robot_description/share/my_robot_description/cmake/my_robot_descriptionConfig.cmake
[1.294s] -- Up-to-date symlink: /home/hayden/ROS2_demo/sim_ws/install/my_robot_description/share/my_robot_description/cmake/my_robot_descriptionConfig-version.cmake
[1.294s] -- Up-to-date symlink: /home/hayden/ROS2_demo/sim_ws/install/my_robot_description/share/my_robot_description/package.xml
[1.296s] Invoked command in '/home/hayden/ROS2_demo/sim_ws/build/my_robot_description' returned '0': CMAKE_PREFIX_PATH=${CMAKE_PREFIX_PATH}:/home/hayden/ROS2_demo/firstROS2_ws/install/my_python_pkg:/opt/ros/humble /usr/bin/cmake --install /home/hayden/ROS2_demo/sim_ws/build/my_robot_description
