[3.816s] DEBUG:colcon:Command line arguments: ['/usr/bin/colcon', 'build']
[3.816s] DEBUG:colcon:Parsed command line arguments: Namespace(log_base=None, log_level=None, verb_name='build', build_base='build', install_base='install', merge_install=False, symlink_install=False, test_result_base=None, continue_on_error=False, executor='parallel', parallel_workers=6, event_handlers=None, ignore_user_meta=False, metas=['./colcon.meta'], base_paths=['.'], packages_ignore=None, packages_ignore_regex=None, paths=None, packages_up_to=None, packages_up_to_regex=None, packages_above=None, packages_above_and_dependencies=None, packages_above_depth=None, packages_select_by_dep=None, packages_skip_by_dep=None, packages_skip_up_to=None, packages_select_build_failed=False, packages_skip_build_finished=False, packages_select_test_failures=False, packages_skip_test_passed=False, packages_select=None, packages_skip=None, packages_select_regex=None, packages_skip_regex=None, packages_start=None, packages_end=None, allow_overriding=[], cmake_args=None, cmake_target=None, cmake_target_skip_unavailable=False, cmake_clean_cache=False, cmake_clean_first=False, cmake_force_configure=False, ament_cmake_args=None, catkin_cmake_args=None, catkin_skip_building_tests=False, mixin_files=None, mixin=None, verb_parser=<colcon_mixin.mixin.mixin_argument.MixinArgumentDecorator object at 0x7b6371bb9750>, verb_extension=<colcon_core.verb.build.BuildVerb object at 0x7b6371ca9e40>, main=<bound method BuildVerb.main of <colcon_core.verb.build.BuildVerb object at 0x7b6371ca9e40>>, mixin_verb=('build',))
[8.577s] Level 1:colcon.colcon_core.package_discovery:discover_packages(colcon_meta) check parameters
[8.577s] Level 1:colcon.colcon_core.package_discovery:discover_packages(recursive) check parameters
[8.577s] Level 1:colcon.colcon_core.package_discovery:discover_packages(ignore) check parameters
[8.577s] Level 1:colcon.colcon_core.package_discovery:discover_packages(path) check parameters
[8.577s] Level 1:colcon.colcon_core.package_discovery:discover_packages(colcon_meta) discover
[8.577s] Level 1:colcon.colcon_core.package_discovery:discover_packages(recursive) discover
[8.577s] INFO:colcon.colcon_core.package_discovery:Crawling recursively for packages in '/home/hayden/ROS2_demo/firstROS2_ws'
[8.577s] Level 1:colcon.colcon_core.package_identification:_identify(.) by extensions ['ignore', 'ignore_ament_install']
[8.577s] Level 1:colcon.colcon_core.package_identification:_identify(.) by extension 'ignore'
[8.577s] Level 1:colcon.colcon_core.package_identification:_identify(.) by extension 'ignore_ament_install'
[8.577s] Level 1:colcon.colcon_core.package_identification:_identify(.) by extensions ['colcon_pkg']
[8.577s] Level 1:colcon.colcon_core.package_identification:_identify(.) by extension 'colcon_pkg'
[8.577s] Level 1:colcon.colcon_core.package_identification:_identify(.) by extensions ['colcon_meta']
[8.577s] Level 1:colcon.colcon_core.package_identification:_identify(.) by extension 'colcon_meta'
[8.577s] Level 1:colcon.colcon_core.package_identification:_identify(.) by extensions ['ros']
[8.577s] Level 1:colcon.colcon_core.package_identification:_identify(.) by extension 'ros'
[8.629s] Level 1:colcon.colcon_core.package_identification:_identify(.) by extensions ['cmake', 'python']
[8.629s] Level 1:colcon.colcon_core.package_identification:_identify(.) by extension 'cmake'
[8.629s] Level 1:colcon.colcon_core.package_identification:_identify(.) by extension 'python'
[8.629s] Level 1:colcon.colcon_core.package_identification:_identify(.) by extensions ['python_setup_py']
[8.629s] Level 1:colcon.colcon_core.package_identification:_identify(.) by extension 'python_setup_py'
[8.629s] Level 1:colcon.colcon_core.package_identification:_identify(build) by extensions ['ignore', 'ignore_ament_install']
[8.629s] Level 1:colcon.colcon_core.package_identification:_identify(build) by extension 'ignore'
[8.629s] Level 1:colcon.colcon_core.package_identification:_identify(build) ignored
[8.629s] Level 1:colcon.colcon_core.package_identification:_identify(install) by extensions ['ignore', 'ignore_ament_install']
[8.629s] Level 1:colcon.colcon_core.package_identification:_identify(install) by extension 'ignore'
[8.629s] Level 1:colcon.colcon_core.package_identification:_identify(install) ignored
[8.630s] Level 1:colcon.colcon_core.package_identification:_identify(log) by extensions ['ignore', 'ignore_ament_install']
[8.630s] Level 1:colcon.colcon_core.package_identification:_identify(log) by extension 'ignore'
[8.630s] Level 1:colcon.colcon_core.package_identification:_identify(log) ignored
[8.630s] Level 1:colcon.colcon_core.package_identification:_identify(src) by extensions ['ignore', 'ignore_ament_install']
[8.630s] Level 1:colcon.colcon_core.package_identification:_identify(src) by extension 'ignore'
[8.630s] Level 1:colcon.colcon_core.package_identification:_identify(src) by extension 'ignore_ament_install'
[8.630s] Level 1:colcon.colcon_core.package_identification:_identify(src) by extensions ['colcon_pkg']
[8.630s] Level 1:colcon.colcon_core.package_identification:_identify(src) by extension 'colcon_pkg'
[8.630s] Level 1:colcon.colcon_core.package_identification:_identify(src) by extensions ['colcon_meta']
[8.630s] Level 1:colcon.colcon_core.package_identification:_identify(src) by extension 'colcon_meta'
[8.630s] Level 1:colcon.colcon_core.package_identification:_identify(src) by extensions ['ros']
[8.630s] Level 1:colcon.colcon_core.package_identification:_identify(src) by extension 'ros'
[8.630s] Level 1:colcon.colcon_core.package_identification:_identify(src) by extensions ['cmake', 'python']
[8.630s] Level 1:colcon.colcon_core.package_identification:_identify(src) by extension 'cmake'
[8.630s] Level 1:colcon.colcon_core.package_identification:_identify(src) by extension 'python'
[8.630s] Level 1:colcon.colcon_core.package_identification:_identify(src) by extensions ['python_setup_py']
[8.631s] Level 1:colcon.colcon_core.package_identification:_identify(src) by extension 'python_setup_py'
[8.631s] Level 1:colcon.colcon_core.package_discovery:discover_packages(recursive) using defaults
[8.631s] Level 1:colcon.colcon_core.package_discovery:discover_packages(ignore) discover
[8.631s] Level 1:colcon.colcon_core.package_discovery:discover_packages(ignore) using defaults
[8.631s] Level 1:colcon.colcon_core.package_discovery:discover_packages(path) discover
[8.631s] Level 1:colcon.colcon_core.package_discovery:discover_packages(path) using defaults
[8.954s] Level 1:colcon.colcon_core.package_discovery:discover_packages(prefix_path) check parameters
[8.954s] Level 1:colcon.colcon_core.package_discovery:discover_packages(prefix_path) discover
[8.964s] DEBUG:colcon.colcon_installed_package_information.package_discovery:Found 270 installed packages in /opt/ros/humble
[8.976s] Level 1:colcon.colcon_core.package_discovery:discover_packages(prefix_path) using defaults
[9.031s] INFO:colcon.colcon_core.executor:Executing jobs using 'parallel' executor
[9.032s] DEBUG:colcon.colcon_parallel_executor.executor.parallel:run_until_complete
[9.032s] DEBUG:colcon.colcon_parallel_executor.executor.parallel:closing loop
[9.032s] DEBUG:colcon.colcon_parallel_executor.executor.parallel:loop closed
[9.032s] DEBUG:colcon.colcon_parallel_executor.executor.parallel:run_until_complete finished with '0'
[9.033s] DEBUG:colcon.colcon_core.event_reactor:joining thread
[9.091s] INFO:colcon.colcon_core.plugin_system:Skipping extension 'colcon_notification.desktop_notification.terminal_notifier': Not used on non-Darwin systems
[9.091s] INFO:colcon.colcon_core.plugin_system:Skipping extension 'colcon_notification.desktop_notification.win32': Not used on non-Windows systems
[9.091s] INFO:colcon.colcon_notification.desktop_notification:Sending desktop notification using 'notify2'
[9.124s] DEBUG:colcon.colcon_core.event_reactor:joined thread
[9.247s] INFO:colcon.colcon_core.plugin_system:Skipping extension 'colcon_core.shell.bat': Not used on non-Windows systems
[9.248s] INFO:colcon.colcon_core.shell:Creating prefix script '/home/hayden/ROS2_demo/firstROS2_ws/install/local_setup.ps1'
[9.266s] INFO:colcon.colcon_core.shell:Creating prefix util module '/home/hayden/ROS2_demo/firstROS2_ws/install/_local_setup_util_ps1.py'
[9.283s] INFO:colcon.colcon_core.shell:Creating prefix chain script '/home/hayden/ROS2_demo/firstROS2_ws/install/setup.ps1'
[9.285s] INFO:colcon.colcon_core.shell:Creating prefix script '/home/hayden/ROS2_demo/firstROS2_ws/install/local_setup.sh'
[9.287s] INFO:colcon.colcon_core.shell:Creating prefix util module '/home/hayden/ROS2_demo/firstROS2_ws/install/_local_setup_util_sh.py'
[9.288s] INFO:colcon.colcon_core.shell:Creating prefix chain script '/home/hayden/ROS2_demo/firstROS2_ws/install/setup.sh'
[9.292s] INFO:colcon.colcon_core.shell:Creating prefix script '/home/hayden/ROS2_demo/firstROS2_ws/install/local_setup.bash'
[9.314s] INFO:colcon.colcon_core.shell:Creating prefix chain script '/home/hayden/ROS2_demo/firstROS2_ws/install/setup.bash'
[9.316s] INFO:colcon.colcon_core.shell:Creating prefix script '/home/hayden/ROS2_demo/firstROS2_ws/install/local_setup.zsh'
[9.326s] INFO:colcon.colcon_core.shell:Creating prefix chain script '/home/hayden/ROS2_demo/firstROS2_ws/install/setup.zsh'
