[0.019s] Invoking command in '/home/hayden/ROS2_demo/turtlebot3_ws/src/build/turtlebot3_simulations': AMENT_PREFIX_PATH=/home/hayden/ROS2_demo/turtlebot3_ws/src/install/turtlebot3_gazebo:/home/hayden/ROS2_demo/turtlebot3_ws/src/install/turtlebot3_fake_node:${AMENT_PREFIX_PATH} CMAKE_PREFIX_PATH=/home/hayden/ROS2_demo/turtlebot3_ws/src/install/turtlebot3_gazebo:/home/hayden/ROS2_demo/turtlebot3_ws/src/install/turtlebot3_fake_node:/home/hayden/ROS2_demo/sim_ws/install/my_robot_bringup:/home/hayden/ROS2_demo/sim_ws/install/my_robot_description:/home/hayden/ROS2_demo/firstROS2_ws/install/my_robot_bringup:/home/hayden/ROS2_demo/firstROS2_ws/install/my_cpp_pkg:/home/hayden/ROS2_demo/firstROS2_ws/install/my_interfaces:/home/hayden/ROS2_demo/firstROS2_ws/install/my_python_pkg:/opt/ros/humble /usr/bin/cmake /home/hayden/ROS2_demo/turtlebot3_ws/src/turtlebot3_simulations -DCMAKE_INSTALL_PREFIX=/home/hayden/ROS2_demo/turtlebot3_ws/src/install/turtlebot3_simulations
[0.103s] -- The C compiler identification is GNU 11.4.0
[0.178s] -- The CXX compiler identification is GNU 11.4.0
[0.186s] -- Detecting C compiler ABI info
[0.284s] -- Detecting C compiler ABI info - done
[0.291s] -- Check for working C compiler: /usr/bin/cc - skipped
[0.291s] -- Detecting C compile features
[0.291s] -- Detecting C compile features - done
[0.292s] -- Detecting CXX compiler ABI info
[0.377s] -- Detecting CXX compiler ABI info - done
[0.393s] -- Check for working CXX compiler: /usr/bin/c++ - skipped
[0.394s] -- Detecting CXX compile features
[0.395s] -- Detecting CXX compile features - done
[0.400s] -- Found ament_cmake: 1.3.10 (/opt/ros/humble/share/ament_cmake/cmake)
[0.507s] -- Found Python3: /usr/bin/python3 (found version "3.10.12") found components: Interpreter 
[0.593s] -- Configuring done
[0.595s] -- Generating done
[0.595s] -- Build files have been written to: /home/hayden/ROS2_demo/turtlebot3_ws/src/build/turtlebot3_simulations
[0.599s] Invoked command in '/home/hayden/ROS2_demo/turtlebot3_ws/src/build/turtlebot3_simulations' returned '0': AMENT_PREFIX_PATH=/home/hayden/ROS2_demo/turtlebot3_ws/src/install/turtlebot3_gazebo:/home/hayden/ROS2_demo/turtlebot3_ws/src/install/turtlebot3_fake_node:${AMENT_PREFIX_PATH} CMAKE_PREFIX_PATH=/home/hayden/ROS2_demo/turtlebot3_ws/src/install/turtlebot3_gazebo:/home/hayden/ROS2_demo/turtlebot3_ws/src/install/turtlebot3_fake_node:/home/hayden/ROS2_demo/sim_ws/install/my_robot_bringup:/home/hayden/ROS2_demo/sim_ws/install/my_robot_description:/home/hayden/ROS2_demo/firstROS2_ws/install/my_robot_bringup:/home/hayden/ROS2_demo/firstROS2_ws/install/my_cpp_pkg:/home/hayden/ROS2_demo/firstROS2_ws/install/my_interfaces:/home/hayden/ROS2_demo/firstROS2_ws/install/my_python_pkg:/opt/ros/humble /usr/bin/cmake /home/hayden/ROS2_demo/turtlebot3_ws/src/turtlebot3_simulations -DCMAKE_INSTALL_PREFIX=/home/hayden/ROS2_demo/turtlebot3_ws/src/install/turtlebot3_simulations
[0.600s] Invoking command in '/home/hayden/ROS2_demo/turtlebot3_ws/src/build/turtlebot3_simulations': AMENT_PREFIX_PATH=/home/hayden/ROS2_demo/turtlebot3_ws/src/install/turtlebot3_gazebo:/home/hayden/ROS2_demo/turtlebot3_ws/src/install/turtlebot3_fake_node:${AMENT_PREFIX_PATH} CMAKE_PREFIX_PATH=/home/hayden/ROS2_demo/turtlebot3_ws/src/install/turtlebot3_gazebo:/home/hayden/ROS2_demo/turtlebot3_ws/src/install/turtlebot3_fake_node:/home/hayden/ROS2_demo/sim_ws/install/my_robot_bringup:/home/hayden/ROS2_demo/sim_ws/install/my_robot_description:/home/hayden/ROS2_demo/firstROS2_ws/install/my_robot_bringup:/home/hayden/ROS2_demo/firstROS2_ws/install/my_cpp_pkg:/home/hayden/ROS2_demo/firstROS2_ws/install/my_interfaces:/home/hayden/ROS2_demo/firstROS2_ws/install/my_python_pkg:/opt/ros/humble /usr/bin/cmake --build /home/hayden/ROS2_demo/turtlebot3_ws/src/build/turtlebot3_simulations -- -j28 -l28
[0.656s] Invoked command in '/home/hayden/ROS2_demo/turtlebot3_ws/src/build/turtlebot3_simulations' returned '0': AMENT_PREFIX_PATH=/home/hayden/ROS2_demo/turtlebot3_ws/src/install/turtlebot3_gazebo:/home/hayden/ROS2_demo/turtlebot3_ws/src/install/turtlebot3_fake_node:${AMENT_PREFIX_PATH} CMAKE_PREFIX_PATH=/home/hayden/ROS2_demo/turtlebot3_ws/src/install/turtlebot3_gazebo:/home/hayden/ROS2_demo/turtlebot3_ws/src/install/turtlebot3_fake_node:/home/hayden/ROS2_demo/sim_ws/install/my_robot_bringup:/home/hayden/ROS2_demo/sim_ws/install/my_robot_description:/home/hayden/ROS2_demo/firstROS2_ws/install/my_robot_bringup:/home/hayden/ROS2_demo/firstROS2_ws/install/my_cpp_pkg:/home/hayden/ROS2_demo/firstROS2_ws/install/my_interfaces:/home/hayden/ROS2_demo/firstROS2_ws/install/my_python_pkg:/opt/ros/humble /usr/bin/cmake --build /home/hayden/ROS2_demo/turtlebot3_ws/src/build/turtlebot3_simulations -- -j28 -l28
[0.707s] Invoking command in '/home/hayden/ROS2_demo/turtlebot3_ws/src/build/turtlebot3_simulations': AMENT_PREFIX_PATH=/home/hayden/ROS2_demo/turtlebot3_ws/src/install/turtlebot3_gazebo:/home/hayden/ROS2_demo/turtlebot3_ws/src/install/turtlebot3_fake_node:${AMENT_PREFIX_PATH} CMAKE_PREFIX_PATH=/home/hayden/ROS2_demo/turtlebot3_ws/src/install/turtlebot3_gazebo:/home/hayden/ROS2_demo/turtlebot3_ws/src/install/turtlebot3_fake_node:/home/hayden/ROS2_demo/sim_ws/install/my_robot_bringup:/home/hayden/ROS2_demo/sim_ws/install/my_robot_description:/home/hayden/ROS2_demo/firstROS2_ws/install/my_robot_bringup:/home/hayden/ROS2_demo/firstROS2_ws/install/my_cpp_pkg:/home/hayden/ROS2_demo/firstROS2_ws/install/my_interfaces:/home/hayden/ROS2_demo/firstROS2_ws/install/my_python_pkg:/opt/ros/humble /usr/bin/cmake --install /home/hayden/ROS2_demo/turtlebot3_ws/src/build/turtlebot3_simulations
[0.725s] -- Install configuration: ""
[0.726s] -- Installing: /home/hayden/ROS2_demo/turtlebot3_ws/src/install/turtlebot3_simulations/share/ament_index/resource_index/package_run_dependencies/turtlebot3_simulations
[0.726s] -- Installing: /home/hayden/ROS2_demo/turtlebot3_ws/src/install/turtlebot3_simulations/share/ament_index/resource_index/parent_prefix_path/turtlebot3_simulations
[0.726s] -- Installing: /home/hayden/ROS2_demo/turtlebot3_ws/src/install/turtlebot3_simulations/share/turtlebot3_simulations/environment/ament_prefix_path.sh
[0.726s] -- Installing: /home/hayden/ROS2_demo/turtlebot3_ws/src/install/turtlebot3_simulations/share/turtlebot3_simulations/environment/ament_prefix_path.dsv
[0.727s] -- Installing: /home/hayden/ROS2_demo/turtlebot3_ws/src/install/turtlebot3_simulations/share/turtlebot3_simulations/environment/path.sh
[0.727s] -- Installing: /home/hayden/ROS2_demo/turtlebot3_ws/src/install/turtlebot3_simulations/share/turtlebot3_simulations/environment/path.dsv
[0.727s] -- Installing: /home/hayden/ROS2_demo/turtlebot3_ws/src/install/turtlebot3_simulations/share/turtlebot3_simulations/local_setup.bash
[0.727s] -- Installing: /home/hayden/ROS2_demo/turtlebot3_ws/src/install/turtlebot3_simulations/share/turtlebot3_simulations/local_setup.sh
[0.727s] -- Installing: /home/hayden/ROS2_demo/turtlebot3_ws/src/install/turtlebot3_simulations/share/turtlebot3_simulations/local_setup.zsh
[0.727s] -- Installing: /home/hayden/ROS2_demo/turtlebot3_ws/src/install/turtlebot3_simulations/share/turtlebot3_simulations/local_setup.dsv
[0.727s] -- Installing: /home/hayden/ROS2_demo/turtlebot3_ws/src/install/turtlebot3_simulations/share/turtlebot3_simulations/package.dsv
[0.727s] -- Installing: /home/hayden/ROS2_demo/turtlebot3_ws/src/install/turtlebot3_simulations/share/ament_index/resource_index/packages/turtlebot3_simulations
[0.728s] -- Installing: /home/hayden/ROS2_demo/turtlebot3_ws/src/install/turtlebot3_simulations/share/turtlebot3_simulations/cmake/turtlebot3_simulationsConfig.cmake
[0.728s] -- Installing: /home/hayden/ROS2_demo/turtlebot3_ws/src/install/turtlebot3_simulations/share/turtlebot3_simulations/cmake/turtlebot3_simulationsConfig-version.cmake
[0.728s] -- Installing: /home/hayden/ROS2_demo/turtlebot3_ws/src/install/turtlebot3_simulations/share/turtlebot3_simulations/package.xml
[0.730s] Invoked command in '/home/hayden/ROS2_demo/turtlebot3_ws/src/build/turtlebot3_simulations' returned '0': AMENT_PREFIX_PATH=/home/hayden/ROS2_demo/turtlebot3_ws/src/install/turtlebot3_gazebo:/home/hayden/ROS2_demo/turtlebot3_ws/src/install/turtlebot3_fake_node:${AMENT_PREFIX_PATH} CMAKE_PREFIX_PATH=/home/hayden/ROS2_demo/turtlebot3_ws/src/install/turtlebot3_gazebo:/home/hayden/ROS2_demo/turtlebot3_ws/src/install/turtlebot3_fake_node:/home/hayden/ROS2_demo/sim_ws/install/my_robot_bringup:/home/hayden/ROS2_demo/sim_ws/install/my_robot_description:/home/hayden/ROS2_demo/firstROS2_ws/install/my_robot_bringup:/home/hayden/ROS2_demo/firstROS2_ws/install/my_cpp_pkg:/home/hayden/ROS2_demo/firstROS2_ws/install/my_interfaces:/home/hayden/ROS2_demo/firstROS2_ws/install/my_python_pkg:/opt/ros/humble /usr/bin/cmake --install /home/hayden/ROS2_demo/turtlebot3_ws/src/build/turtlebot3_simulations
