[0.061s] Invoking command in '/home/hayden/ROS2_demo/firstROS2_ws/build/my_interfaces': CMAKE_PREFIX_PATH=${CMAKE_PREFIX_PATH}:/home/hayden/ROS2_demo/firstROS2_ws/install/my_python_pkg:/opt/ros/humble /usr/bin/cmake --build /home/hayden/ROS2_demo/firstROS2_ws/build/my_interfaces -- -j6 -l6
[0.228s] [33mCMake Warning (dev) at CMakeLists.txt:13:
[0.228s]   Syntax Warning in cmake code at column 27
[0.228s] 
[0.228s]   Argument not separated from preceding token by whitespace.
[0.228s] This warning is for project developers.  Use -Wno-dev to suppress it.
[0.228s] [0m
[0.228s] [33mCMake Warning (dev) at CMakeLists.txt:14:
[0.228s]   Syntax Warning in cmake code at column 26
[0.228s] 
[0.228s]   Argument not separated from preceding token by whitespace.
[0.229s] This warning is for project developers.  Use -Wno-dev to suppress it.
[0.229s] [0m
[0.258s] -- Found ament_cmake: 1.3.8 (/opt/ros/humble/share/ament_cmake/cmake)
[0.422s] -- Found rosidl_default_generators: 1.2.0 (/opt/ros/humble/share/rosidl_default_generators/cmake)
[0.425s] -- Using all available rosidl_typesupport_c: rosidl_typesupport_fastrtps_c;rosidl_typesupport_introspection_c
[0.428s] -- Found rosidl_adapter: 3.1.5 (/opt/ros/humble/share/rosidl_adapter/cmake)
[0.482s] -- Using all available rosidl_typesupport_cpp: rosidl_typesupport_fastrtps_cpp;rosidl_typesupport_introspection_cpp
[0.548s] [31mCMake Error at /opt/ros/humble/share/rosidl_cmake/cmake/rosidl_generate_interfaces.cmake:93 (message):
[0.548s]   rosidl_generate_interfaces() the passed file ',' doesn't exist relative to
[0.548s]   the CMAKE_CURRENT_SOURCE_DIR
[0.548s]   '/home/hayden/ROS2_demo/firstROS2_ws/src/my_interfaces'
[0.548s] Call Stack (most recent call first):
[0.548s]   CMakeLists.txt:12 (rosidl_generate_interfaces)
[0.548s] 
[0.548s] [0m
[0.550s] -- Configuring incomplete, errors occurred!
[0.550s] See also "/home/hayden/ROS2_demo/firstROS2_ws/build/my_interfaces/CMakeFiles/CMakeOutput.log".
[0.556s] gmake: *** [Makefile:747: cmake_check_build_system] Error 1
[0.561s] Invoked command in '/home/hayden/ROS2_demo/firstROS2_ws/build/my_interfaces' returned '2': CMAKE_PREFIX_PATH=${CMAKE_PREFIX_PATH}:/home/hayden/ROS2_demo/firstROS2_ws/install/my_python_pkg:/opt/ros/humble /usr/bin/cmake --build /home/hayden/ROS2_demo/firstROS2_ws/build/my_interfaces -- -j6 -l6
